You are running Q-Chem version: 5.4.0

#
# job setting
#
local host:  exp-1-46
current dir: /expanse/lustre/scratch/theleonzhang/temp_project/Hydrogenated_Rotation_Test
input file:  Methylthiophene_Phi_20_Theta_320_Methylthiophene_Hydrogenated.qcin
output file: 
nprocs     : 0
nthreads   : 1
#
# qchem installation setting
#
QC:          /cm/shared/apps/spack/cpu/opt/spack/linux-centos8-zen2/gcc-10.2.0/qchem-5.4-akfmr7b3t57bfs6qan3padb2wnb2i7cl
QCAUX:       /cm/shared/apps/spack/cpu/opt/spack/linux-centos8-zen2/gcc-10.2.0/qchem-5.4-akfmr7b3t57bfs6qan3padb2wnb2i7cl/qcaux
QCPROG:      /cm/shared/apps/spack/cpu/opt/spack/linux-centos8-zen2/gcc-10.2.0/qchem-5.4-akfmr7b3t57bfs6qan3padb2wnb2i7cl/exe/qcprog.exe_s
QCPROG_S:    /cm/shared/apps/spack/cpu/opt/spack/linux-centos8-zen2/gcc-10.2.0/qchem-5.4-akfmr7b3t57bfs6qan3padb2wnb2i7cl/exe/qcprog.exe_s
PARALLEL:    -DSERIAL
QCMPI:       mpich
#
# qchem directory setting
#
qcrun:       qchem4074940
QCSCRATCH:   .
QCLOCALSCR:  
QCTMPDIR:    .
QCFILEPREF:  ./qchem4074940
QCSAVEDIR:   
workdirs:    ./qchem4074940
workdir0:    ./qchem4074940
partmpdirs =  
#
# parallel setting
#
QCRSH:           ssh
QCMPI:           mpich
QCMPIRUN:        /cm/shared/apps/spack/cpu/opt/spack/linux-centos8-zen2/gcc-10.2.0/qchem-5.4-akfmr7b3t57bfs6qan3padb2wnb2i7cl/bin/mpi/mpirun_qchem
QCMACHINEFILE:   ./qchem4074940/hostfile

#
# env setting
#
exported envs:   QC QCAUX QCSCRATCH QCRUNNAME QCFILEPREF QCPROG QCPROG_S GUIFILE

Running Job 1 of 1 Methylthiophene_Phi_20_Theta_320_Methylthiophene_Hydrogenated.qcin
qchem Methylthiophene_Phi_20_Theta_320_Methylthiophene_Hydrogenated.qcin_4074940.0 ./qchem4074940/ 0
/cm/shared/apps/spack/cpu/opt/spack/linux-centos8-zen2/gcc-10.2.0/qchem-5.4-akfmr7b3t57bfs6qan3padb2wnb2i7cl/exe/qcprog.exe_s Methylthiophene_Phi_20_Theta_320_Methylthiophene_Hydrogenated.qcin_4074940.0 ./qchem4074940/
                  Welcome to Q-Chem
     A Quantum Leap Into The Future Of Chemistry


 Q-Chem 5.4, Q-Chem, Inc., Pleasanton, CA (2021)

 License issued to: University of California, San Diego (site)

 E. Epifanovsky,  A. T. B. Gilbert,  Xintian Feng,  Joonho Lee,  Yuezhi Mao,  
 N. Mardirossian,  P. Pokhilko,  A. White,  M. Wormit,  M. P. Coons,  
 A. L. Dempwolff,  Zhengting Gan,  D. Hait,  P. R. Horn,  L. D. Jacobson,  
 I. Kaliman,  J. Kussmann,  A. W. Lange,  Ka Un Lao,  D. S. Levine,  Jie Liu,  
 S. C. McKenzie,  A. F. Morrison,  K. Nanda,  F. Plasser,  D. R. Rehn,  
 M. L. Vidal,  Zhi-Qiang You,  Ying Zhu,  B. Alam,  B. Albrecht,  
 A. Aldossary,  E. Alguire,  J. H. Andersen,  D. Barton,  K. Begam,  A. Behn,  
 Y. A. Bernard,  E. J. Berquist,  H. Burton,  A. Carreras,  K. Carter-Fenk,  
 R. Chakraborty,  A. D. Chien,  K. D. Closser,  V. Cofer-Shabica,  
 S. Dasgupta,  Jia Deng,  M. de Wergifosse,  M. Diedenhofen,  Hainam Do,  
 S. Ehlert,  Po-Tung Fang,  S. Fatehi,  Qingguo Feng,  J. Gayvert,  
 Qinghui Ge,  G. Gidofalvi,  M. Goldey,  J. Gomes,  C. Gonzalez-Espinoza,  
 S. Gulania,  A. Gunina,  M. W. D. Hanson-Heine,  P. H. P. Harbach,  
 A. W. Hauser,  M. F. Herbst,  M. Hernandez Vera,  M. Hodecker,  
 Z. C. Holden,  S. Houck,  Xunkun Huang,  Kerwin Hui,  B. C. Huynh,  
 M. Ivanov,  Hyunjun Ji,  Hanjie Jiang,  B. Kaduk,  S. Kaehler,  
 K. Khistyaev,  Jaehoon Kim,  P. Klunzinger,  Z. Koczor-Benda,  
 Joong Hoon Koh,  D. Kosenkov,  L. Koulias,  T. Kowalczyk,  C. M. Krauter,  
 K. Kue,  A. Kunitsa,  T. Kus,  A. Landau,  K. V. Lawler,  D. Lefrancois,  
 S. Lehtola,  Rain Li,  Yi-Pei Li,  Jiashu Liang,  M. Liebenthal,  
 Hung-Hsuan Lin,  You-Sheng Lin,  Fenglai Liu,  Kuan-Yu Liu,  
 M. Loipersberger,  A. Luenser,  A. Manjanath,  P. Manohar,  E. Mansoor,  
 S. F. Manzer,  Shan-Ping Mao,  A. V. Marenich,  T. Markovich,  S. Mason,  
 S. A. Maurer,  P. F. McLaughlin,  M. F. S. J. Menger,  J.-M. Mewes,  
 S. A. Mewes,  P. Morgante,  J. W. Mullinax,  T. S. Nguyen-Beck,  
 K. J. Oosterbaan,  G. Paran,  Alexander C. Paul,  Suranjan K. Paul,  
 F. Pavosevic,  Zheng Pei,  S. Prager,  E. I. Proynov,  E. Ramos,  B. Rana,  
 A. E. Rask,  A. Rettig,  R. M. Richard,  F. Rob,  E. Rossomme,  T. Scheele,  
 M. Scheurer,  M. Schneider,  N. Sergueev,  S. M. Sharada,  W. Skomorowski,  
 D. W. Small,  C. J. Stein,  Yu-Chuan Su,  E. J. Sundstrom,  Zhen Tao,  
 J. Thirman,  T. Tsuchimochi,  N. M. Tubman,  S. P. Veccham,  O. Vydrov,  
 J. Wenzel,  J. Witte,  A. Yamada,  Kun Yao,  S. Yeganeh,  S. R. Yost,  
 A. Zech,  Igor Ying Zhang,  Xing Zhang,  Yu Zhang,  D. Zuev,  
 A. Aspuru-Guzik,  A. T. Bell,  N. A. Besley,  K. B. Bravaya,  B. R. Brooks,  
 D. Casanova,  Jeng-Da Chai,  S. Coriani,  C. J. Cramer,  
 A. E. DePrince, III,  R. A. DiStasio Jr.,  A. Dreuw,  B. D. Dunietz,  
 T. R. Furlani,  W. A. Goddard III,  S. Grimme,  S. Hammes-Schiffer,  
 T. Head-Gordon,  W. J. Hehre,  Chao-Ping Hsu,  T.-C. Jagau,  Yousung Jung,  
 A. Klamt,  Jing Kong,  D. S. Lambrecht,  WanZhen Liang,  N. J. Mayhall,  
 C. W. McCurdy,  J. B. Neaton,  C. Ochsenfeld,  J. A. Parkhill,  R. Peverati,  
 V. A. Rassolov,  Yihan Shao,  L. V. Slipchenko,  T. Stauch,  R. P. Steele,  
 J. E. Subotnik,  A. J. W. Thom,  A. Tkatchenko,  D. G. Truhlar,  
 T. Van Voorhis,  T. A. Wesolowski,  K. B. Whaley,  H. L. Woodcock III,  
 P. M. Zimmerman,  S. Faraji,  P. M. W. Gill,  M. Head-Gordon,  
 J. M. Herbert,  A. I. Krylov

 Contributors to earlier versions of Q-Chem not listed above: 
 R. D. Adamson,  B. Austin,  R. Baer,  J. Baker,  G. J. O. Beran,  
 K. Brandhorst,  S. T. Brown,  E. F. C. Byrd,  A. K. Chakraborty,  
 G. K. L. Chan,  Chun-Min Chang,  Yunqing Chen,  C.-L. Cheng,  
 Siu Hung Chien,  D. M. Chipman,  D. L. Crittenden,  H. Dachsel,  
 R. J. Doerksen,  A. D. Dutoi,  R. G. Edgar,  J. Fosso-Tande,  
 L. Fusti-Molnar,  D. Ghosh,  A. Ghysels,  A. Golubeva-Zadorozhnaya,  
 J. Gonthier,  M. S. Gordon,  S. R. Gwaltney,  G. Hawkins,  J. E. Herr,  
 A. Heyden,  S. Hirata,  E. G. Hohenstein,  G. Kedziora,  F. J. Keil,  
 C. Kelley,  Jihan Kim,  R. A. King,  R. Z. Khaliullin,  P. P. Korambath,  
 W. Kurlancheek,  A. Laurent,  A. M. Lee,  M. S. Lee,  S. V. Levchenko,  
 Ching Yeh Lin,  D. Liotard,  E. Livshits,  R. C. Lochan,  I. Lotan,  
 L. A. Martinez-Martinez,  P. E. Maslen,  N. Nair,  D. P. O'Neill,  
 D. Neuhauser,  E. Neuscamman,  C. M. Oana,  R. Olivares-Amaya,  R. Olson,  
 T. M. Perrine,  B. Peters,  P. A. Pieniazek,  A. Prociuk,  Y. M. Rhee,  
 J. Ritchie,  M. A. Rohrdanz,  E. Rosta,  N. J. Russ,  H. F. Schaefer III,  
 M. W. Schmidt,  N. E. Schultz,  S. Sharma,  N. Shenvi,  C. D. Sherrill,  
 A. C. Simmonett,  A. Sodt,  T. Stein,  D. Stuck,  K. S. Thanthiriwatte,  
 V. Vanovschi,  L. Vogt,  Tao Wang,  A. Warshel,  M. A. Watson,  
 C. F. Williams,  Q. Wu,  X. Xu,  Jun Yang,  W. Zhang,  Yan Zhao

 Please cite Q-Chem as follows:
 Y. Shao et al., Mol. Phys. 113, 184-215 (2015)
 DOI: 10.1080/00268976.2014.952696

 Q-Chem 5.4.0 for Intel X86 EM64T Linux

 Parts of Q-Chem use Armadillo 9.800.1 (Horizon Scraper).
 http://arma.sourceforge.net/

 Q-Chem begins on Sun Jul 10 05:15:02 2022  

 Host: 
0

     Scratch files written to ./qchem4074940//
 May1621 |scratch|qcdevops|jenkins|workspace|build_RNUM    
 Processing $rem in /cm/shared/apps/spack/cpu/opt/spack/linux-centos8-zen2/gcc-10.2.0/qchem-5.4-akfmr7b3t57bfs6qan3padb2wnb2i7cl/config/preferences:
 Processing $rem in /home/theleonzhang/.qchemrc:
 Symmetry turned off for PCM/SM12/SMD calculation
 Core orbitals will be frozen

 Checking the input file for inconsistencies... 	...done.

--------------------------------------------------------------
User input:
--------------------------------------------------------------
$molecule
0 1
C	0.497696	-3.866725	0.594240
C	-0.393981	-3.703963	-0.469057
C	-0.685571	-2.357056	-0.817136
H	-0.837848	-4.561092	-0.997777
C	0.000000	-1.440664	0.000000
S	0.992782	-2.286957	1.183137
C	-1.620802	-1.978743	-1.932056
H	-2.035506	-2.878678	-2.426166
H	-1.109943	-1.376015	-2.711806
H	-2.477350	-1.375728	-1.564678
C	0.000000	0.000000	0.000000
C	0.295399	0.811508	1.099446
C	0.768742	2.111949	0.776721
H	0.169256	0.464952	2.136088
C	0.844232	2.319291	-0.612546
S	0.322342	0.885558	-1.486809
C	1.140796	3.134091	1.814609
H	0.995218	2.734123	2.836676
H	0.526006	4.054142	1.726239
H	2.203157	3.443680	1.726228
H	1.168902	3.211257	-1.161575
H	1.406441	-4.392713	0.281143
H	0.031265	-4.392347	1.434879
H	-0.827402	-1.440391	0.694122
$end

$rem
JOBTYPE		SP
EXCHANGE	HF
CORRELATION	pRIMP2
BASIS		cc-pvtz
METHOD		rimp2
AUX_BASIS	rimp2-cc-pvtz
SOLVENT_METHOD	PCM
PURECART	11111
SYMMETRY	false
MEM_TOTAL	110000
SCF_CONVERGENCE = 6
THRESH=10
$end



$solvent
dielectric 4.90
$end
--------------------------------------------------------------
 ----------------------------------------------------------------
             Standard Nuclear Orientation (Angstroms)
    I     Atom           X                Y                Z
 ----------------------------------------------------------------
    1      C       0.4976960000    -3.8667250000     0.5942400000
    2      C      -0.3939810000    -3.7039630000    -0.4690570000
    3      C      -0.6855710000    -2.3570560000    -0.8171360000
    4      H      -0.8378480000    -4.5610920000    -0.9977770000
    5      C       0.0000000000    -1.4406640000     0.0000000000
    6      S       0.9927820000    -2.2869570000     1.1831370000
    7      C      -1.6208020000    -1.9787430000    -1.9320560000
    8      H      -2.0355060000    -2.8786780000    -2.4261660000
    9      H      -1.1099430000    -1.3760150000    -2.7118060000
   10      H      -2.4773500000    -1.3757280000    -1.5646780000
   11      C       0.0000000000     0.0000000000     0.0000000000
   12      C       0.2953990000     0.8115080000     1.0994460000
   13      C       0.7687420000     2.1119490000     0.7767210000
   14      H       0.1692560000     0.4649520000     2.1360880000
   15      C       0.8442320000     2.3192910000    -0.6125460000
   16      S       0.3223420000     0.8855580000    -1.4868090000
   17      C       1.1407960000     3.1340910000     1.8146090000
   18      H       0.9952180000     2.7341230000     2.8366760000
   19      H       0.5260060000     4.0541420000     1.7262390000
   20      H       2.2031570000     3.4436800000     1.7262280000
   21      H       1.1689020000     3.2112570000    -1.1615750000
   22      H       1.4064410000    -4.3927130000     0.2811430000
   23      H       0.0312650000    -4.3923470000     1.4348790000
   24      H      -0.8274020000    -1.4403910000     0.6941220000
 ----------------------------------------------------------------
 Nuclear Repulsion Energy =         876.35644934 hartrees
 There are       52 alpha and       52 beta electrons

 Q-Chem warning in module forms1/BasisType.C, line 2236:

 You are not using the predefined 5D/6D in this basis set.

 Requested basis set is cc-pVTZ
 There are 196 shells and 536 basis functions

 Total QAlloc Memory Limit 110000 MB
 Mega-Array Size       188 MB
 MEM_STATIC part       192 MB
 Discretize the solute cavity surface with Lebedev spheres
	Using 110 Lebedev grid points for each H atom
	Using 194 Lebedev grid points for other atoms
	Atomic van der Waals radii will be scaled by 1.20
 Remove points where switching function is < 1.0e-08
 Keep 1603 surface tesserae and discard 2045 interior tesserae
 Molecular Surface Area = 233.721 Angst**2
 Requested basis set is rimp2-cc-pVTZ
 There are 414 shells and 1414 basis functions
 A cutoff of  1.0D-10 yielded  13875 shell pairs
 There are    100513 function pairs (    128892 Cartesian)
 Smallest overlap matrix eigenvalue = 6.37E-05

 Scale SEOQF with 1.000000e-01/1.000000e-01/1.000000e-01

 Standard Electronic Orientation quadrupole field applied
 Nucleus-field energy     =     0.0000000270 hartrees
 Guess from superposition of atomic densities
 Warning:  Energy on first SCF cycle will be non-variational
 SAD guess density has 104.000000 electrons

 -----------------------------------------------------------------------
  General SCF calculation program by
  Eric Jon Sundstrom, Paul Horn, Yuezhi Mao, Dmitri Zuev, Alec White,
  David Stuck, Shaama M.S., Shane Yost, Joonho Lee, David Small,
  Daniel Levine, Susi Lehtola, Hugh Burton, Evgeny Epifanovsky,
  Bang C. Huynh
 -----------------------------------------------------------------------
 Hartree-Fock
 A restricted SCF calculation will be
 performed using DIIS
 SCF converges when DIIS error is below 1.0e-06
 ---------------------------------------
  Cycle       Energy         DIIS error
 ---------------------------------------
    1   -1186.0338955004      2.39e-02  
    2   -1180.6090550048      1.56e-03  
    3   -1180.7333307289      6.11e-04  
    4   -1180.7475887825      3.40e-04  
    5   -1180.7528412060      5.86e-05  
    6   -1180.7530837946      2.43e-05  
    7   -1180.7531412779      8.77e-06  
    8   -1180.7531543718      4.27e-06  
    9   -1180.7531574210      1.50e-06  
   10   -1180.7531579047      5.22e-07  Convergence criterion met
 ---------------------------------------
 SCF time:   CPU 562.53s  wall 565.00s 

************** Final PCM Free Energy Summary **************
 G_electrostatic  =      -0.00856710 hartree =      -5.37593618 kcal/mol
 G_cavitation     =       0.00000000 hartree =       0.00000000 kcal/mol
 G_dispersion     =       0.00000000 hartree =       0.00000000 kcal/mol
 G_repulsion      =       0.00000000 hartree =       0.00000000 kcal/mol
 --------------------------------------------------
 Non-electrostatic Free Energy =       0.00000000 hartree =       0.00000000 kcal/mol
 Total                         =      -0.00856710 hartree =      -5.37593618 kcal/mol
 --------------------------------------------------
 SCF Energy (H0 + V/2)                       =   -1180.75315790 
 Solute Internal Energy (H0)                 =   -1180.74459081 
 Total Free Energy (H0 + V/2 + non-elec)     =   -1180.75315790 hartree
                                             = -740933.78949836 kcal/mol
***********************************************************

 SCF   energy in the final basis set =    -1180.7531579047
 Total energy in the final basis set =    -1180.7531579047


 --------------------------------------------------------------
  Generalized many-body perturbation theory program
  by Joonho Lee, Fazle Rob, Xintian Feng, Evgeny Epifanovsky

 No regularization used 
 (reg. param. = 0.0000e+00)
  (P|Q)^-1/2 Time:  CPU 2.32 s  wall 2.33 s

 In RI-MP2 calculation: 
 # of frozen core orbitals: 20

 Components of the RIMP2 correlation energy:
        aaaa    correlation energy =        -0.2517580978 a.u.
        abab    correlation energy =        -1.5041456749 a.u.
        bbbb    correlation energy =        -0.2517580978 a.u.
        non-Brillouin singles      =        -0.0000000000 a.u.
        total same-spin energy     =        -0.5035161957 a.u.
        total opposite-spin energy =        -1.5041456749 a.u.

 Total  RIMP2   correlation energy =        -2.0076618706 a.u.
        RIMP2         total energy =     -1182.7608197753 a.u.

 RI-MP2 Energy Time:  CPU 116.34 s  wall 116.83 s
 
 --------------------------------------------------------------
 
                    Orbital Energies (a.u.)
 --------------------------------------------------------------
 
 Alpha MOs
 -- Occupied --
-91.9807 -91.9436 -11.2835 -11.2636 -11.2607 -11.2567 -11.2512 -11.2417
-11.2388 -11.2328 -11.2285 -11.2207  -8.9808  -8.9482  -6.6617  -6.6611
 -6.6605  -6.6296  -6.6285  -6.6272  -1.2001  -1.1532  -1.0591  -1.0271
 -1.0072  -0.9571  -0.9144  -0.9012  -0.8150  -0.7688  -0.7255  -0.7002
 -0.6608  -0.6436  -0.6108  -0.5879  -0.5818  -0.5743  -0.5674  -0.5529
 -0.5414  -0.5341  -0.5145  -0.5083  -0.4887  -0.4799  -0.4587  -0.4485
 -0.3562  -0.3427  -0.3215  -0.2681
 -- Virtual --
  0.0923   0.1323   0.1433   0.1477   0.1580   0.1697   0.1769   0.1834
  0.1939   0.1992   0.2052   0.2072   0.2266   0.2326   0.2387   0.2417
  0.2560   0.2631   0.2778   0.2954   0.3278   0.3354   0.3479   0.3579
  0.3648   0.3761   0.3833   0.3919   0.3925   0.4110   0.4136   0.4231
  0.4339   0.4545   0.4586   0.4642   0.4669   0.4729   0.4814   0.4975
  0.5058   0.5094   0.5241   0.5293   0.5350   0.5426   0.5479   0.5515
  0.5600   0.5712   0.5826   0.5976   0.6055   0.6110   0.6139   0.6161
  0.6222   0.6267   0.6350   0.6380   0.6403   0.6440   0.6467   0.6545
  0.6635   0.6762   0.6826   0.6917   0.6953   0.7007   0.7198   0.7249
  0.7304   0.7511   0.7548   0.7818   0.7886   0.8033   0.8084   0.8171
  0.8287   0.8423   0.8534   0.8605   0.8816   0.8898   0.8972   0.9181
  0.9235   0.9367   0.9529   0.9642   0.9776   0.9898   1.0011   1.0127
  1.0257   1.0262   1.0386   1.0483   1.0536   1.0670   1.0673   1.0870
  1.0914   1.1004   1.1036   1.1155   1.1384   1.1512   1.1587   1.1643
  1.1711   1.1864   1.1980   1.2084   1.2172   1.2229   1.2311   1.2397
  1.2561   1.2706   1.2749   1.2805   1.2858   1.2896   1.2976   1.3146
  1.3174   1.3300   1.3385   1.3544   1.3842   1.3977   1.3996   1.4166
  1.4199   1.4293   1.4415   1.4652   1.4678   1.4720   1.4798   1.5011
  1.5028   1.5110   1.5136   1.5276   1.5323   1.5374   1.5538   1.5598
  1.5664   1.5806   1.5887   1.5967   1.6105   1.6204   1.6268   1.6354
  1.6550   1.6597   1.6702   1.6860   1.7009   1.7210   1.7235   1.7364
  1.7445   1.7600   1.7709   1.7859   1.8107   1.8156   1.8296   1.8560
  1.8727   1.9183   1.9328   1.9471   1.9605   1.9749   1.9795   2.0104
  2.0148   2.0236   2.0386   2.0576   2.0762   2.1033   2.1482   2.1631
  2.1832   2.1990   2.2116   2.2186   2.2418   2.2489   2.2638   2.2671
  2.2994   2.3094   2.3219   2.3622   2.4088   2.4225   2.4522   2.4725
  2.4945   2.5119   2.5366   2.5602   2.5671   2.5808   2.6009   2.6194
  2.6284   2.6371   2.6600   2.6686   2.6771   2.6844   2.6951   2.7228
  2.7427   2.7476   2.7689   2.7742   2.7750   2.7845   2.7934   2.8165
  2.8369   2.8403   2.8523   2.8813   2.8964   2.9056   2.9179   2.9326
  2.9440   2.9513   2.9743   2.9896   3.0023   3.0161   3.0278   3.0401
  3.0509   3.0746   3.0832   3.0915   3.1126   3.1162   3.1240   3.1372
  3.1496   3.1613   3.1676   3.1715   3.1745   3.1873   3.2062   3.2132
  3.2256   3.2430   3.2502   3.2579   3.2730   3.2782   3.2855   3.2977
  3.3094   3.3226   3.3265   3.3330   3.3368   3.3486   3.3580   3.3636
  3.3761   3.3831   3.3954   3.4073   3.4087   3.4128   3.4236   3.4294
  3.4430   3.4448   3.4586   3.4706   3.4749   3.4944   3.5008   3.5093
  3.5136   3.5227   3.5270   3.5438   3.5495   3.5603   3.5679   3.5781
  3.5922   3.6042   3.6155   3.6218   3.6296   3.6399   3.6511   3.6682
  3.6725   3.6764   3.6898   3.7015   3.7213   3.7236   3.7337   3.7392
  3.7444   3.7571   3.7616   3.7805   3.7873   3.7938   3.8043   3.8097
  3.8301   3.8387   3.8508   3.8599   3.8745   3.8844   3.9109   3.9193
  3.9368   3.9410   3.9468   3.9714   3.9726   3.9836   4.0023   4.0111
  4.0229   4.0384   4.0505   4.0550   4.0702   4.0857   4.0956   4.1085
  4.1254   4.1364   4.1389   4.1474   4.1636   4.1655   4.1894   4.2007
  4.2152   4.2208   4.2301   4.2373   4.2459   4.2737   4.2770   4.2807
  4.2872   4.2941   4.3116   4.3303   4.3430   4.3508   4.3584   4.3662
  4.3751   4.3927   4.3945   4.4024   4.4120   4.4216   4.4223   4.4503
  4.4614   4.4661   4.4806   4.4822   4.5074   4.5250   4.5435   4.5768
  4.5812   4.5940   4.6103   4.6227   4.6246   4.6474   4.6636   4.6857
  4.6992   4.7217   4.7345   4.7457   4.7798   4.8082   4.8320   4.8473
  4.8584   4.8642   4.8841   4.9058   4.9142   4.9560   4.9631   4.9836
  5.0131   5.0484   5.0603   5.1012   5.1124   5.1262   5.1487   5.1581
  5.1916   5.2205   5.2381   5.2675   5.2736   5.2914   5.3080   5.3152
  5.3372   5.3677   5.3785   5.3892   5.4087   5.4231   5.4405   5.4561
  5.4726   5.5066   5.5207   5.5405   5.5553   5.5583   5.5708   5.5824
  5.6236   5.6318   5.6543   5.6633   5.6782   5.7016   5.7104   5.7371
  5.7575   5.7870   5.8346   5.9782   6.0261   6.0841   6.1260   6.1387
  6.2126   6.2231   6.2284   6.2410   6.2482   6.2826   6.3053   6.3140
  6.3772   6.4857   9.5971  10.6839  12.0954  12.9603  13.1853  13.9118
 14.1272  14.2440  14.3109  14.6582
 --------------------------------------------------------------
 
          Ground-State Mulliken Net Atomic Charges

     Atom                 Charge (a.u.)
  ----------------------------------------
      1 C                    -0.079060
      2 C                    -0.321541
      3 C                    -0.046729
      4 H                     0.177231
      5 C                     0.112355
      6 S                    -0.174899
      7 C                    -0.284447
      8 H                     0.116184
      9 H                     0.109532
     10 H                     0.108228
     11 C                    -0.030005
     12 C                    -0.319807
     13 C                     0.051246
     14 H                     0.185020
     15 C                    -0.257161
     16 S                     0.009200
     17 C                    -0.272253
     18 H                     0.102710
     19 H                     0.107793
     20 H                     0.109097
     21 H                     0.194855
     22 H                     0.112739
     23 H                     0.110131
     24 H                     0.179580
  ----------------------------------------
  Sum of atomic charges =     0.000000

 -----------------------------------------------------------------
                    Cartesian Multipole Moments
 -----------------------------------------------------------------
    Charge (ESU x 10^10)
                -0.0000
    Dipole Moment (Debye)
         X      -1.6353      Y       0.1007      Z       0.2312
       Tot       1.6546
    Quadrupole Moments (Debye-Ang)
        XX     -90.6952     XY       6.8203     YY     -74.6606
        XZ       0.5884     YZ       2.9342     ZZ     -85.5539
    Octopole Moments (Debye-Ang^2)
       XXX     -72.3721    XXY      51.9913    XYY     -13.3622
       YYY     127.3266    XXZ      -3.6694    XYZ      -3.2914
       YYZ      -0.7209    XZZ     -24.6274    YZZ      54.9779
       ZZZ       2.7136
    Hexadecapole Moments (Debye-Ang^3)
      XXXX    -497.8092   XXXY    -152.8461   XXYY    -568.4174
      XYYY    -124.7690   YYYY   -2689.9327   XXXZ    -172.6600
      XXYZ     -18.1498   XYYZ     -46.2370   YYYZ    -102.1605
      XXZZ    -227.7671   XYZZ     -29.5720   YYZZ    -616.2286
      XZZZ    -169.7455   YZZZ     -76.7777   ZZZZ    -872.1706
 -----------------------------------------------------------------
 Total job time:  683.98s(wall), 679.93s(cpu) 
 Sun Jul 10 05:26:26 2022

        *************************************************************
        *                                                           *
        *  Thank you very much for using Q-Chem.  Have a nice day.  *
        *                                                           *
        *************************************************************


remove work dirs ./qchem4074940.0 -- ./qchem4074940.-1
rm -rf ./qchem4074940
You are running Q-Chem version: 5.4.0

#
# job setting
#
local host:  exp-3-09
current dir: /expanse/lustre/scratch/theleonzhang/temp_project/Hydrogenated_Rotation_Test
input file:  Methylthiophene_Phi_20_Theta_320_Methylthiophene_Hydrogenated.qcin
output file: 
nprocs     : 0
nthreads   : 1
#
# qchem installation setting
#
QC:          /cm/shared/apps/spack/cpu/opt/spack/linux-centos8-zen2/gcc-10.2.0/qchem-5.4-akfmr7b3t57bfs6qan3padb2wnb2i7cl
QCAUX:       /cm/shared/apps/spack/cpu/opt/spack/linux-centos8-zen2/gcc-10.2.0/qchem-5.4-akfmr7b3t57bfs6qan3padb2wnb2i7cl/qcaux
QCPROG:      /cm/shared/apps/spack/cpu/opt/spack/linux-centos8-zen2/gcc-10.2.0/qchem-5.4-akfmr7b3t57bfs6qan3padb2wnb2i7cl/exe/qcprog.exe_s
QCPROG_S:    /cm/shared/apps/spack/cpu/opt/spack/linux-centos8-zen2/gcc-10.2.0/qchem-5.4-akfmr7b3t57bfs6qan3padb2wnb2i7cl/exe/qcprog.exe_s
PARALLEL:    -DSERIAL
QCMPI:       mpich
#
# qchem directory setting
#
qcrun:       qchem975368
QCSCRATCH:   .
QCLOCALSCR:  
QCTMPDIR:    .
QCFILEPREF:  ./qchem975368
QCSAVEDIR:   
workdirs:    ./qchem975368
workdir0:    ./qchem975368
partmpdirs =  
#
# parallel setting
#
QCRSH:           ssh
QCMPI:           mpich
QCMPIRUN:        /cm/shared/apps/spack/cpu/opt/spack/linux-centos8-zen2/gcc-10.2.0/qchem-5.4-akfmr7b3t57bfs6qan3padb2wnb2i7cl/bin/mpi/mpirun_qchem
QCMACHINEFILE:   ./qchem975368/hostfile

#
# env setting
#
exported envs:   QC QCAUX QCSCRATCH QCRUNNAME QCFILEPREF QCPROG QCPROG_S GUIFILE

Running Job 1 of 1 Methylthiophene_Phi_20_Theta_320_Methylthiophene_Hydrogenated.qcin
qchem Methylthiophene_Phi_20_Theta_320_Methylthiophene_Hydrogenated.qcin_975368.0 ./qchem975368/ 0
/cm/shared/apps/spack/cpu/opt/spack/linux-centos8-zen2/gcc-10.2.0/qchem-5.4-akfmr7b3t57bfs6qan3padb2wnb2i7cl/exe/qcprog.exe_s Methylthiophene_Phi_20_Theta_320_Methylthiophene_Hydrogenated.qcin_975368.0 ./qchem975368/
                  Welcome to Q-Chem
     A Quantum Leap Into The Future Of Chemistry


 Q-Chem 5.4, Q-Chem, Inc., Pleasanton, CA (2021)

 License issued to: University of California, San Diego (site)

 E. Epifanovsky,  A. T. B. Gilbert,  Xintian Feng,  Joonho Lee,  Yuezhi Mao,  
 N. Mardirossian,  P. Pokhilko,  A. White,  M. Wormit,  M. P. Coons,  
 A. L. Dempwolff,  Zhengting Gan,  D. Hait,  P. R. Horn,  L. D. Jacobson,  
 I. Kaliman,  J. Kussmann,  A. W. Lange,  Ka Un Lao,  D. S. Levine,  Jie Liu,  
 S. C. McKenzie,  A. F. Morrison,  K. Nanda,  F. Plasser,  D. R. Rehn,  
 M. L. Vidal,  Zhi-Qiang You,  Ying Zhu,  B. Alam,  B. Albrecht,  
 A. Aldossary,  E. Alguire,  J. H. Andersen,  D. Barton,  K. Begam,  A. Behn,  
 Y. A. Bernard,  E. J. Berquist,  H. Burton,  A. Carreras,  K. Carter-Fenk,  
 R. Chakraborty,  A. D. Chien,  K. D. Closser,  V. Cofer-Shabica,  
 S. Dasgupta,  Jia Deng,  M. de Wergifosse,  M. Diedenhofen,  Hainam Do,  
 S. Ehlert,  Po-Tung Fang,  S. Fatehi,  Qingguo Feng,  J. Gayvert,  
 Qinghui Ge,  G. Gidofalvi,  M. Goldey,  J. Gomes,  C. Gonzalez-Espinoza,  
 S. Gulania,  A. Gunina,  M. W. D. Hanson-Heine,  P. H. P. Harbach,  
 A. W. Hauser,  M. F. Herbst,  M. Hernandez Vera,  M. Hodecker,  
 Z. C. Holden,  S. Houck,  Xunkun Huang,  Kerwin Hui,  B. C. Huynh,  
 M. Ivanov,  Hyunjun Ji,  Hanjie Jiang,  B. Kaduk,  S. Kaehler,  
 K. Khistyaev,  Jaehoon Kim,  P. Klunzinger,  Z. Koczor-Benda,  
 Joong Hoon Koh,  D. Kosenkov,  L. Koulias,  T. Kowalczyk,  C. M. Krauter,  
 K. Kue,  A. Kunitsa,  T. Kus,  A. Landau,  K. V. Lawler,  D. Lefrancois,  
 S. Lehtola,  Rain Li,  Yi-Pei Li,  Jiashu Liang,  M. Liebenthal,  
 Hung-Hsuan Lin,  You-Sheng Lin,  Fenglai Liu,  Kuan-Yu Liu,  
 M. Loipersberger,  A. Luenser,  A. Manjanath,  P. Manohar,  E. Mansoor,  
 S. F. Manzer,  Shan-Ping Mao,  A. V. Marenich,  T. Markovich,  S. Mason,  
 S. A. Maurer,  P. F. McLaughlin,  M. F. S. J. Menger,  J.-M. Mewes,  
 S. A. Mewes,  P. Morgante,  J. W. Mullinax,  T. S. Nguyen-Beck,  
 K. J. Oosterbaan,  G. Paran,  Alexander C. Paul,  Suranjan K. Paul,  
 F. Pavosevic,  Zheng Pei,  S. Prager,  E. I. Proynov,  E. Ramos,  B. Rana,  
 A. E. Rask,  A. Rettig,  R. M. Richard,  F. Rob,  E. Rossomme,  T. Scheele,  
 M. Scheurer,  M. Schneider,  N. Sergueev,  S. M. Sharada,  W. Skomorowski,  
 D. W. Small,  C. J. Stein,  Yu-Chuan Su,  E. J. Sundstrom,  Zhen Tao,  
 J. Thirman,  T. Tsuchimochi,  N. M. Tubman,  S. P. Veccham,  O. Vydrov,  
 J. Wenzel,  J. Witte,  A. Yamada,  Kun Yao,  S. Yeganeh,  S. R. Yost,  
 A. Zech,  Igor Ying Zhang,  Xing Zhang,  Yu Zhang,  D. Zuev,  
 A. Aspuru-Guzik,  A. T. Bell,  N. A. Besley,  K. B. Bravaya,  B. R. Brooks,  
 D. Casanova,  Jeng-Da Chai,  S. Coriani,  C. J. Cramer,  
 A. E. DePrince, III,  R. A. DiStasio Jr.,  A. Dreuw,  B. D. Dunietz,  
 T. R. Furlani,  W. A. Goddard III,  S. Grimme,  S. Hammes-Schiffer,  
 T. Head-Gordon,  W. J. Hehre,  Chao-Ping Hsu,  T.-C. Jagau,  Yousung Jung,  
 A. Klamt,  Jing Kong,  D. S. Lambrecht,  WanZhen Liang,  N. J. Mayhall,  
 C. W. McCurdy,  J. B. Neaton,  C. Ochsenfeld,  J. A. Parkhill,  R. Peverati,  
 V. A. Rassolov,  Yihan Shao,  L. V. Slipchenko,  T. Stauch,  R. P. Steele,  
 J. E. Subotnik,  A. J. W. Thom,  A. Tkatchenko,  D. G. Truhlar,  
 T. Van Voorhis,  T. A. Wesolowski,  K. B. Whaley,  H. L. Woodcock III,  
 P. M. Zimmerman,  S. Faraji,  P. M. W. Gill,  M. Head-Gordon,  
 J. M. Herbert,  A. I. Krylov

 Contributors to earlier versions of Q-Chem not listed above: 
 R. D. Adamson,  B. Austin,  R. Baer,  J. Baker,  G. J. O. Beran,  
 K. Brandhorst,  S. T. Brown,  E. F. C. Byrd,  A. K. Chakraborty,  
 G. K. L. Chan,  Chun-Min Chang,  Yunqing Chen,  C.-L. Cheng,  
 Siu Hung Chien,  D. M. Chipman,  D. L. Crittenden,  H. Dachsel,  
 R. J. Doerksen,  A. D. Dutoi,  R. G. Edgar,  J. Fosso-Tande,  
 L. Fusti-Molnar,  D. Ghosh,  A. Ghysels,  A. Golubeva-Zadorozhnaya,  
 J. Gonthier,  M. S. Gordon,  S. R. Gwaltney,  G. Hawkins,  J. E. Herr,  
 A. Heyden,  S. Hirata,  E. G. Hohenstein,  G. Kedziora,  F. J. Keil,  
 C. Kelley,  Jihan Kim,  R. A. King,  R. Z. Khaliullin,  P. P. Korambath,  
 W. Kurlancheek,  A. Laurent,  A. M. Lee,  M. S. Lee,  S. V. Levchenko,  
 Ching Yeh Lin,  D. Liotard,  E. Livshits,  R. C. Lochan,  I. Lotan,  
 L. A. Martinez-Martinez,  P. E. Maslen,  N. Nair,  D. P. O'Neill,  
 D. Neuhauser,  E. Neuscamman,  C. M. Oana,  R. Olivares-Amaya,  R. Olson,  
 T. M. Perrine,  B. Peters,  P. A. Pieniazek,  A. Prociuk,  Y. M. Rhee,  
 J. Ritchie,  M. A. Rohrdanz,  E. Rosta,  N. J. Russ,  H. F. Schaefer III,  
 M. W. Schmidt,  N. E. Schultz,  S. Sharma,  N. Shenvi,  C. D. Sherrill,  
 A. C. Simmonett,  A. Sodt,  T. Stein,  D. Stuck,  K. S. Thanthiriwatte,  
 V. Vanovschi,  L. Vogt,  Tao Wang,  A. Warshel,  M. A. Watson,  
 C. F. Williams,  Q. Wu,  X. Xu,  Jun Yang,  W. Zhang,  Yan Zhao

 Please cite Q-Chem as follows:
 Y. Shao et al., Mol. Phys. 113, 184-215 (2015)
 DOI: 10.1080/00268976.2014.952696

 Q-Chem 5.4.0 for Intel X86 EM64T Linux

 Parts of Q-Chem use Armadillo 9.800.1 (Horizon Scraper).
 http://arma.sourceforge.net/

 Q-Chem begins on Sun Jul 10 05:36:09 2022  

 Host: 
0

     Scratch files written to ./qchem975368//
 May1621 |scratch|qcdevops|jenkins|workspace|build_RNUM    
 Processing $rem in /cm/shared/apps/spack/cpu/opt/spack/linux-centos8-zen2/gcc-10.2.0/qchem-5.4-akfmr7b3t57bfs6qan3padb2wnb2i7cl/config/preferences:
 Processing $rem in /home/theleonzhang/.qchemrc:
 Symmetry turned off for PCM/SM12/SMD calculation
 Core orbitals will be frozen

 Checking the input file for inconsistencies... 	...done.

--------------------------------------------------------------
User input:
--------------------------------------------------------------
$molecule
0 1
C	0.497696	-3.866725	0.594240
C	-0.393981	-3.703963	-0.469057
C	-0.685571	-2.357056	-0.817136
H	-0.837848	-4.561092	-0.997777
C	0.000000	-1.440664	0.000000
S	0.992782	-2.286957	1.183137
C	-1.620802	-1.978743	-1.932056
H	-2.035506	-2.878678	-2.426166
H	-1.109943	-1.376015	-2.711806
H	-2.477350	-1.375728	-1.564678
C	0.000000	0.000000	0.000000
C	0.295399	0.811508	1.099446
C	0.768742	2.111949	0.776721
H	0.169256	0.464952	2.136088
C	0.844232	2.319291	-0.612546
S	0.322342	0.885558	-1.486809
C	1.140796	3.134091	1.814609
H	0.995218	2.734123	2.836676
H	0.526006	4.054142	1.726239
H	2.203157	3.443680	1.726228
H	1.168902	3.211257	-1.161575
H	1.406441	-4.392713	0.281143
H	0.031265	-4.392347	1.434879
H	-0.827402	-1.440391	0.694122
$end

$rem
JOBTYPE		SP
EXCHANGE	HF
CORRELATION	pRIMP2
BASIS		cc-pvtz
METHOD		rimp2
AUX_BASIS	rimp2-cc-pvtz
SOLVENT_METHOD	PCM
PURECART	11111
SYMMETRY	false
MEM_TOTAL	110000
SCF_CONVERGENCE = 6
THRESH=10
$end



$solvent
dielectric 4.90
$end
--------------------------------------------------------------
 ----------------------------------------------------------------
             Standard Nuclear Orientation (Angstroms)
    I     Atom           X                Y                Z
 ----------------------------------------------------------------
    1      C       0.4976960000    -3.8667250000     0.5942400000
    2      C      -0.3939810000    -3.7039630000    -0.4690570000
    3      C      -0.6855710000    -2.3570560000    -0.8171360000
    4      H      -0.8378480000    -4.5610920000    -0.9977770000
    5      C       0.0000000000    -1.4406640000     0.0000000000
    6      S       0.9927820000    -2.2869570000     1.1831370000
    7      C      -1.6208020000    -1.9787430000    -1.9320560000
    8      H      -2.0355060000    -2.8786780000    -2.4261660000
    9      H      -1.1099430000    -1.3760150000    -2.7118060000
   10      H      -2.4773500000    -1.3757280000    -1.5646780000
   11      C       0.0000000000     0.0000000000     0.0000000000
   12      C       0.2953990000     0.8115080000     1.0994460000
   13      C       0.7687420000     2.1119490000     0.7767210000
   14      H       0.1692560000     0.4649520000     2.1360880000
   15      C       0.8442320000     2.3192910000    -0.6125460000
   16      S       0.3223420000     0.8855580000    -1.4868090000
   17      C       1.1407960000     3.1340910000     1.8146090000
   18      H       0.9952180000     2.7341230000     2.8366760000
   19      H       0.5260060000     4.0541420000     1.7262390000
   20      H       2.2031570000     3.4436800000     1.7262280000
   21      H       1.1689020000     3.2112570000    -1.1615750000
   22      H       1.4064410000    -4.3927130000     0.2811430000
   23      H       0.0312650000    -4.3923470000     1.4348790000
   24      H      -0.8274020000    -1.4403910000     0.6941220000
 ----------------------------------------------------------------
 Nuclear Repulsion Energy =         876.35644934 hartrees
 There are       52 alpha and       52 beta electrons

 Q-Chem warning in module forms1/BasisType.C, line 2236:

 You are not using the predefined 5D/6D in this basis set.

 Requested basis set is cc-pVTZ
 There are 196 shells and 536 basis functions

 Total QAlloc Memory Limit 110000 MB
 Mega-Array Size       188 MB
 MEM_STATIC part       192 MB
 Discretize the solute cavity surface with Lebedev spheres
	Using 110 Lebedev grid points for each H atom
	Using 194 Lebedev grid points for other atoms
	Atomic van der Waals radii will be scaled by 1.20
 Remove points where switching function is < 1.0e-08
 Keep 1603 surface tesserae and discard 2045 interior tesserae
 Molecular Surface Area = 233.721 Angst**2
 Requested basis set is rimp2-cc-pVTZ
 There are 414 shells and 1414 basis functions
 A cutoff of  1.0D-10 yielded  13875 shell pairs
 There are    100513 function pairs (    128892 Cartesian)
 Smallest overlap matrix eigenvalue = 6.37E-05

 Scale SEOQF with 1.000000e-01/1.000000e-01/1.000000e-01

 Standard Electronic Orientation quadrupole field applied
 Nucleus-field energy     =     0.0000000270 hartrees
 Guess from superposition of atomic densities
 Warning:  Energy on first SCF cycle will be non-variational
 SAD guess density has 104.000000 electrons

 -----------------------------------------------------------------------
  General SCF calculation program by
  Eric Jon Sundstrom, Paul Horn, Yuezhi Mao, Dmitri Zuev, Alec White,
  David Stuck, Shaama M.S., Shane Yost, Joonho Lee, David Small,
  Daniel Levine, Susi Lehtola, Hugh Burton, Evgeny Epifanovsky,
  Bang C. Huynh
 -----------------------------------------------------------------------
 Hartree-Fock
 A restricted SCF calculation will be
 performed using DIIS
 SCF converges when DIIS error is below 1.0e-06
 ---------------------------------------
  Cycle       Energy         DIIS error
 ---------------------------------------
    1   -1186.0338955004      2.39e-02  
    2   -1180.6090550048      1.56e-03  
    3   -1180.7333307289      6.11e-04  
    4   -1180.7475887825      3.40e-04  
    5   -1180.7528412060      5.86e-05  
    6   -1180.7530837946      2.43e-05  
    7   -1180.7531412779      8.77e-06  
    8   -1180.7531543718      4.27e-06  
    9   -1180.7531574210      1.50e-06  
   10   -1180.7531579047      5.22e-07  Convergence criterion met
 ---------------------------------------
 SCF time:   CPU 557.43s  wall 560.00s 

************** Final PCM Free Energy Summary **************
 G_electrostatic  =      -0.00856710 hartree =      -5.37593618 kcal/mol
 G_cavitation     =       0.00000000 hartree =       0.00000000 kcal/mol
 G_dispersion     =       0.00000000 hartree =       0.00000000 kcal/mol
 G_repulsion      =       0.00000000 hartree =       0.00000000 kcal/mol
 --------------------------------------------------
 Non-electrostatic Free Energy =       0.00000000 hartree =       0.00000000 kcal/mol
 Total                         =      -0.00856710 hartree =      -5.37593618 kcal/mol
 --------------------------------------------------
 SCF Energy (H0 + V/2)                       =   -1180.75315790 
 Solute Internal Energy (H0)                 =   -1180.74459081 
 Total Free Energy (H0 + V/2 + non-elec)     =   -1180.75315790 hartree
                                             = -740933.78949836 kcal/mol
***********************************************************

 SCF   energy in the final basis set =    -1180.7531579047
 Total energy in the final basis set =    -1180.7531579047


 --------------------------------------------------------------
  Generalized many-body perturbation theory program
  by Joonho Lee, Fazle Rob, Xintian Feng, Evgeny Epifanovsky

 No regularization used 
 (reg. param. = 0.0000e+00)
  (P|Q)^-1/2 Time:  CPU 1.90 s  wall 1.91 s

 In RI-MP2 calculation: 
 # of frozen core orbitals: 20

 Components of the RIMP2 correlation energy:
        aaaa    correlation energy =        -0.2517580978 a.u.
        abab    correlation energy =        -1.5041456749 a.u.
        bbbb    correlation energy =        -0.2517580978 a.u.
        non-Brillouin singles      =        -0.0000000000 a.u.
        total same-spin energy     =        -0.5035161957 a.u.
        total opposite-spin energy =        -1.5041456749 a.u.

 Total  RIMP2   correlation energy =        -2.0076618706 a.u.
        RIMP2         total energy =     -1182.7608197753 a.u.

 RI-MP2 Energy Time:  CPU 79.26 s  wall 79.52 s
 
 --------------------------------------------------------------
 
                    Orbital Energies (a.u.)
 --------------------------------------------------------------
 
 Alpha MOs
 -- Occupied --
-91.9807 -91.9436 -11.2835 -11.2636 -11.2607 -11.2567 -11.2512 -11.2417
-11.2388 -11.2328 -11.2285 -11.2207  -8.9808  -8.9482  -6.6617  -6.6611
 -6.6605  -6.6296  -6.6285  -6.6272  -1.2001  -1.1532  -1.0591  -1.0271
 -1.0072  -0.9571  -0.9144  -0.9012  -0.8150  -0.7688  -0.7255  -0.7002
 -0.6608  -0.6436  -0.6108  -0.5879  -0.5818  -0.5743  -0.5674  -0.5529
 -0.5414  -0.5341  -0.5145  -0.5083  -0.4887  -0.4799  -0.4587  -0.4485
 -0.3562  -0.3427  -0.3215  -0.2681
 -- Virtual --
  0.0923   0.1323   0.1433   0.1477   0.1580   0.1697   0.1769   0.1834
  0.1939   0.1992   0.2052   0.2072   0.2266   0.2326   0.2387   0.2417
  0.2560   0.2631   0.2778   0.2954   0.3278   0.3354   0.3479   0.3579
  0.3648   0.3761   0.3833   0.3919   0.3925   0.4110   0.4136   0.4231
  0.4339   0.4545   0.4586   0.4642   0.4669   0.4729   0.4814   0.4975
  0.5058   0.5094   0.5241   0.5293   0.5350   0.5426   0.5479   0.5515
  0.5600   0.5712   0.5826   0.5976   0.6055   0.6110   0.6139   0.6161
  0.6222   0.6267   0.6350   0.6380   0.6403   0.6440   0.6467   0.6545
  0.6635   0.6762   0.6826   0.6917   0.6953   0.7007   0.7198   0.7249
  0.7304   0.7511   0.7548   0.7818   0.7886   0.8033   0.8084   0.8171
  0.8287   0.8423   0.8534   0.8605   0.8816   0.8898   0.8972   0.9181
  0.9235   0.9367   0.9529   0.9642   0.9776   0.9898   1.0011   1.0127
  1.0257   1.0262   1.0386   1.0483   1.0536   1.0670   1.0673   1.0870
  1.0914   1.1004   1.1036   1.1155   1.1384   1.1512   1.1587   1.1643
  1.1711   1.1864   1.1980   1.2084   1.2172   1.2229   1.2311   1.2397
  1.2561   1.2706   1.2749   1.2805   1.2858   1.2896   1.2976   1.3146
  1.3174   1.3300   1.3385   1.3544   1.3842   1.3977   1.3996   1.4166
  1.4199   1.4293   1.4415   1.4652   1.4678   1.4720   1.4798   1.5011
  1.5028   1.5110   1.5136   1.5276   1.5323   1.5374   1.5538   1.5598
  1.5664   1.5806   1.5887   1.5967   1.6105   1.6204   1.6268   1.6354
  1.6550   1.6597   1.6702   1.6860   1.7009   1.7210   1.7235   1.7364
  1.7445   1.7600   1.7709   1.7859   1.8107   1.8156   1.8296   1.8560
  1.8727   1.9183   1.9328   1.9471   1.9605   1.9749   1.9795   2.0104
  2.0148   2.0236   2.0386   2.0576   2.0762   2.1033   2.1482   2.1631
  2.1832   2.1990   2.2116   2.2186   2.2418   2.2489   2.2638   2.2671
  2.2994   2.3094   2.3219   2.3622   2.4088   2.4225   2.4522   2.4725
  2.4945   2.5119   2.5366   2.5602   2.5671   2.5808   2.6009   2.6194
  2.6284   2.6371   2.6600   2.6686   2.6771   2.6844   2.6951   2.7228
  2.7427   2.7476   2.7689   2.7742   2.7750   2.7845   2.7934   2.8165
  2.8369   2.8403   2.8523   2.8813   2.8964   2.9056   2.9179   2.9326
  2.9440   2.9513   2.9743   2.9896   3.0023   3.0161   3.0278   3.0401
  3.0509   3.0746   3.0832   3.0915   3.1126   3.1162   3.1240   3.1372
  3.1496   3.1613   3.1676   3.1715   3.1745   3.1873   3.2062   3.2132
  3.2256   3.2430   3.2502   3.2579   3.2730   3.2782   3.2855   3.2977
  3.3094   3.3226   3.3265   3.3330   3.3368   3.3486   3.3580   3.3636
  3.3761   3.3831   3.3954   3.4073   3.4087   3.4128   3.4236   3.4294
  3.4430   3.4448   3.4586   3.4706   3.4749   3.4944   3.5008   3.5093
  3.5136   3.5227   3.5270   3.5438   3.5495   3.5603   3.5679   3.5781
  3.5922   3.6042   3.6155   3.6218   3.6296   3.6399   3.6511   3.6682
  3.6725   3.6764   3.6898   3.7015   3.7213   3.7236   3.7337   3.7392
  3.7444   3.7571   3.7616   3.7805   3.7873   3.7938   3.8043   3.8097
  3.8301   3.8387   3.8508   3.8599   3.8745   3.8844   3.9109   3.9193
  3.9368   3.9410   3.9468   3.9714   3.9726   3.9836   4.0023   4.0111
  4.0229   4.0384   4.0505   4.0550   4.0702   4.0857   4.0956   4.1085
  4.1254   4.1364   4.1389   4.1474   4.1636   4.1655   4.1894   4.2007
  4.2152   4.2208   4.2301   4.2373   4.2459   4.2737   4.2770   4.2807
  4.2872   4.2941   4.3116   4.3303   4.3430   4.3508   4.3584   4.3662
  4.3751   4.3927   4.3945   4.4024   4.4120   4.4216   4.4223   4.4503
  4.4614   4.4661   4.4806   4.4822   4.5074   4.5250   4.5435   4.5768
  4.5812   4.5940   4.6103   4.6227   4.6246   4.6474   4.6636   4.6857
  4.6992   4.7217   4.7345   4.7457   4.7798   4.8082   4.8320   4.8473
  4.8584   4.8642   4.8841   4.9058   4.9142   4.9560   4.9631   4.9836
  5.0131   5.0484   5.0603   5.1012   5.1124   5.1262   5.1487   5.1581
  5.1916   5.2205   5.2381   5.2675   5.2736   5.2914   5.3080   5.3152
  5.3372   5.3677   5.3785   5.3892   5.4087   5.4231   5.4405   5.4561
  5.4726   5.5066   5.5207   5.5405   5.5553   5.5583   5.5708   5.5824
  5.6236   5.6318   5.6543   5.6633   5.6782   5.7016   5.7104   5.7371
  5.7575   5.7870   5.8346   5.9782   6.0261   6.0841   6.1260   6.1387
  6.2126   6.2231   6.2284   6.2410   6.2482   6.2826   6.3053   6.3140
  6.3772   6.4857   9.5971  10.6839  12.0954  12.9603  13.1853  13.9118
 14.1272  14.2440  14.3109  14.6582
 --------------------------------------------------------------
 
          Ground-State Mulliken Net Atomic Charges

     Atom                 Charge (a.u.)
  ----------------------------------------
      1 C                    -0.079060
      2 C                    -0.321541
      3 C                    -0.046729
      4 H                     0.177231
      5 C                     0.112355
      6 S                    -0.174899
      7 C                    -0.284447
      8 H                     0.116184
      9 H                     0.109532
     10 H                     0.108228
     11 C                    -0.030005
     12 C                    -0.319807
     13 C                     0.051246
     14 H                     0.185020
     15 C                    -0.257161
     16 S                     0.009200
     17 C                    -0.272253
     18 H                     0.102710
     19 H                     0.107793
     20 H                     0.109097
     21 H                     0.194855
     22 H                     0.112739
     23 H                     0.110131
     24 H                     0.179580
  ----------------------------------------
  Sum of atomic charges =     0.000000

 -----------------------------------------------------------------
                    Cartesian Multipole Moments
 -----------------------------------------------------------------
    Charge (ESU x 10^10)
                -0.0000
    Dipole Moment (Debye)
         X      -1.6353      Y       0.1007      Z       0.2312
       Tot       1.6546
    Quadrupole Moments (Debye-Ang)
        XX     -90.6952     XY       6.8203     YY     -74.6606
        XZ       0.5884     YZ       2.9342     ZZ     -85.5539
    Octopole Moments (Debye-Ang^2)
       XXX     -72.3721    XXY      51.9913    XYY     -13.3622
       YYY     127.3266    XXZ      -3.6694    XYZ      -3.2914
       YYZ      -0.7209    XZZ     -24.6274    YZZ      54.9779
       ZZZ       2.7136
    Hexadecapole Moments (Debye-Ang^3)
      XXXX    -497.8092   XXXY    -152.8461   XXYY    -568.4174
      XYYY    -124.7690   YYYY   -2689.9327   XXXZ    -172.6600
      XXYZ     -18.1498   XYYZ     -46.2370   YYYZ    -102.1605
      XXZZ    -227.7671   XYZZ     -29.5720   YYZZ    -616.2286
      XZZZ    -169.7455   YZZZ     -76.7777   ZZZZ    -872.1706
 -----------------------------------------------------------------
 Total job time:  641.25s(wall), 637.58s(cpu) 
 Sun Jul 10 05:46:50 2022

        *************************************************************
        *                                                           *
        *  Thank you very much for using Q-Chem.  Have a nice day.  *
        *                                                           *
        *************************************************************


remove work dirs ./qchem975368.0 -- ./qchem975368.-1
rm -rf ./qchem975368
