You are running Q-Chem version: 5.4.0

#
# job setting
#
local host:  exp-1-41
current dir: /expanse/lustre/scratch/theleonzhang/temp_project/Hydrogenated_Rotation_Test
input file:  Methylthiophene_Phi_40_Theta_270_Methylthiophene_Hydrogenated.qcin
output file: 
nprocs     : 0
nthreads   : 1
#
# qchem installation setting
#
QC:          /cm/shared/apps/spack/cpu/opt/spack/linux-centos8-zen2/gcc-10.2.0/qchem-5.4-akfmr7b3t57bfs6qan3padb2wnb2i7cl
QCAUX:       /cm/shared/apps/spack/cpu/opt/spack/linux-centos8-zen2/gcc-10.2.0/qchem-5.4-akfmr7b3t57bfs6qan3padb2wnb2i7cl/qcaux
QCPROG:      /cm/shared/apps/spack/cpu/opt/spack/linux-centos8-zen2/gcc-10.2.0/qchem-5.4-akfmr7b3t57bfs6qan3padb2wnb2i7cl/exe/qcprog.exe_s
QCPROG_S:    /cm/shared/apps/spack/cpu/opt/spack/linux-centos8-zen2/gcc-10.2.0/qchem-5.4-akfmr7b3t57bfs6qan3padb2wnb2i7cl/exe/qcprog.exe_s
PARALLEL:    -DSERIAL
QCMPI:       mpich
#
# qchem directory setting
#
qcrun:       qchem1157387
QCSCRATCH:   .
QCLOCALSCR:  
QCTMPDIR:    .
QCFILEPREF:  ./qchem1157387
QCSAVEDIR:   
workdirs:    ./qchem1157387
workdir0:    ./qchem1157387
partmpdirs =  
#
# parallel setting
#
QCRSH:           ssh
QCMPI:           mpich
QCMPIRUN:        /cm/shared/apps/spack/cpu/opt/spack/linux-centos8-zen2/gcc-10.2.0/qchem-5.4-akfmr7b3t57bfs6qan3padb2wnb2i7cl/bin/mpi/mpirun_qchem
QCMACHINEFILE:   ./qchem1157387/hostfile

#
# env setting
#
exported envs:   QC QCAUX QCSCRATCH QCRUNNAME QCFILEPREF QCPROG QCPROG_S GUIFILE

Running Job 1 of 1 Methylthiophene_Phi_40_Theta_270_Methylthiophene_Hydrogenated.qcin
qchem Methylthiophene_Phi_40_Theta_270_Methylthiophene_Hydrogenated.qcin_1157387.0 ./qchem1157387/ 0
/cm/shared/apps/spack/cpu/opt/spack/linux-centos8-zen2/gcc-10.2.0/qchem-5.4-akfmr7b3t57bfs6qan3padb2wnb2i7cl/exe/qcprog.exe_s Methylthiophene_Phi_40_Theta_270_Methylthiophene_Hydrogenated.qcin_1157387.0 ./qchem1157387/
                  Welcome to Q-Chem
     A Quantum Leap Into The Future Of Chemistry


 Q-Chem 5.4, Q-Chem, Inc., Pleasanton, CA (2021)

 License issued to: University of California, San Diego (site)

 E. Epifanovsky,  A. T. B. Gilbert,  Xintian Feng,  Joonho Lee,  Yuezhi Mao,  
 N. Mardirossian,  P. Pokhilko,  A. White,  M. Wormit,  M. P. Coons,  
 A. L. Dempwolff,  Zhengting Gan,  D. Hait,  P. R. Horn,  L. D. Jacobson,  
 I. Kaliman,  J. Kussmann,  A. W. Lange,  Ka Un Lao,  D. S. Levine,  Jie Liu,  
 S. C. McKenzie,  A. F. Morrison,  K. Nanda,  F. Plasser,  D. R. Rehn,  
 M. L. Vidal,  Zhi-Qiang You,  Ying Zhu,  B. Alam,  B. Albrecht,  
 A. Aldossary,  E. Alguire,  J. H. Andersen,  D. Barton,  K. Begam,  A. Behn,  
 Y. A. Bernard,  E. J. Berquist,  H. Burton,  A. Carreras,  K. Carter-Fenk,  
 R. Chakraborty,  A. D. Chien,  K. D. Closser,  V. Cofer-Shabica,  
 S. Dasgupta,  Jia Deng,  M. de Wergifosse,  M. Diedenhofen,  Hainam Do,  
 S. Ehlert,  Po-Tung Fang,  S. Fatehi,  Qingguo Feng,  J. Gayvert,  
 Qinghui Ge,  G. Gidofalvi,  M. Goldey,  J. Gomes,  C. Gonzalez-Espinoza,  
 S. Gulania,  A. Gunina,  M. W. D. Hanson-Heine,  P. H. P. Harbach,  
 A. W. Hauser,  M. F. Herbst,  M. Hernandez Vera,  M. Hodecker,  
 Z. C. Holden,  S. Houck,  Xunkun Huang,  Kerwin Hui,  B. C. Huynh,  
 M. Ivanov,  Hyunjun Ji,  Hanjie Jiang,  B. Kaduk,  S. Kaehler,  
 K. Khistyaev,  Jaehoon Kim,  P. Klunzinger,  Z. Koczor-Benda,  
 Joong Hoon Koh,  D. Kosenkov,  L. Koulias,  T. Kowalczyk,  C. M. Krauter,  
 K. Kue,  A. Kunitsa,  T. Kus,  A. Landau,  K. V. Lawler,  D. Lefrancois,  
 S. Lehtola,  Rain Li,  Yi-Pei Li,  Jiashu Liang,  M. Liebenthal,  
 Hung-Hsuan Lin,  You-Sheng Lin,  Fenglai Liu,  Kuan-Yu Liu,  
 M. Loipersberger,  A. Luenser,  A. Manjanath,  P. Manohar,  E. Mansoor,  
 S. F. Manzer,  Shan-Ping Mao,  A. V. Marenich,  T. Markovich,  S. Mason,  
 S. A. Maurer,  P. F. McLaughlin,  M. F. S. J. Menger,  J.-M. Mewes,  
 S. A. Mewes,  P. Morgante,  J. W. Mullinax,  T. S. Nguyen-Beck,  
 K. J. Oosterbaan,  G. Paran,  Alexander C. Paul,  Suranjan K. Paul,  
 F. Pavosevic,  Zheng Pei,  S. Prager,  E. I. Proynov,  E. Ramos,  B. Rana,  
 A. E. Rask,  A. Rettig,  R. M. Richard,  F. Rob,  E. Rossomme,  T. Scheele,  
 M. Scheurer,  M. Schneider,  N. Sergueev,  S. M. Sharada,  W. Skomorowski,  
 D. W. Small,  C. J. Stein,  Yu-Chuan Su,  E. J. Sundstrom,  Zhen Tao,  
 J. Thirman,  T. Tsuchimochi,  N. M. Tubman,  S. P. Veccham,  O. Vydrov,  
 J. Wenzel,  J. Witte,  A. Yamada,  Kun Yao,  S. Yeganeh,  S. R. Yost,  
 A. Zech,  Igor Ying Zhang,  Xing Zhang,  Yu Zhang,  D. Zuev,  
 A. Aspuru-Guzik,  A. T. Bell,  N. A. Besley,  K. B. Bravaya,  B. R. Brooks,  
 D. Casanova,  Jeng-Da Chai,  S. Coriani,  C. J. Cramer,  
 A. E. DePrince, III,  R. A. DiStasio Jr.,  A. Dreuw,  B. D. Dunietz,  
 T. R. Furlani,  W. A. Goddard III,  S. Grimme,  S. Hammes-Schiffer,  
 T. Head-Gordon,  W. J. Hehre,  Chao-Ping Hsu,  T.-C. Jagau,  Yousung Jung,  
 A. Klamt,  Jing Kong,  D. S. Lambrecht,  WanZhen Liang,  N. J. Mayhall,  
 C. W. McCurdy,  J. B. Neaton,  C. Ochsenfeld,  J. A. Parkhill,  R. Peverati,  
 V. A. Rassolov,  Yihan Shao,  L. V. Slipchenko,  T. Stauch,  R. P. Steele,  
 J. E. Subotnik,  A. J. W. Thom,  A. Tkatchenko,  D. G. Truhlar,  
 T. Van Voorhis,  T. A. Wesolowski,  K. B. Whaley,  H. L. Woodcock III,  
 P. M. Zimmerman,  S. Faraji,  P. M. W. Gill,  M. Head-Gordon,  
 J. M. Herbert,  A. I. Krylov

 Contributors to earlier versions of Q-Chem not listed above: 
 R. D. Adamson,  B. Austin,  R. Baer,  J. Baker,  G. J. O. Beran,  
 K. Brandhorst,  S. T. Brown,  E. F. C. Byrd,  A. K. Chakraborty,  
 G. K. L. Chan,  Chun-Min Chang,  Yunqing Chen,  C.-L. Cheng,  
 Siu Hung Chien,  D. M. Chipman,  D. L. Crittenden,  H. Dachsel,  
 R. J. Doerksen,  A. D. Dutoi,  R. G. Edgar,  J. Fosso-Tande,  
 L. Fusti-Molnar,  D. Ghosh,  A. Ghysels,  A. Golubeva-Zadorozhnaya,  
 J. Gonthier,  M. S. Gordon,  S. R. Gwaltney,  G. Hawkins,  J. E. Herr,  
 A. Heyden,  S. Hirata,  E. G. Hohenstein,  G. Kedziora,  F. J. Keil,  
 C. Kelley,  Jihan Kim,  R. A. King,  R. Z. Khaliullin,  P. P. Korambath,  
 W. Kurlancheek,  A. Laurent,  A. M. Lee,  M. S. Lee,  S. V. Levchenko,  
 Ching Yeh Lin,  D. Liotard,  E. Livshits,  R. C. Lochan,  I. Lotan,  
 L. A. Martinez-Martinez,  P. E. Maslen,  N. Nair,  D. P. O'Neill,  
 D. Neuhauser,  E. Neuscamman,  C. M. Oana,  R. Olivares-Amaya,  R. Olson,  
 T. M. Perrine,  B. Peters,  P. A. Pieniazek,  A. Prociuk,  Y. M. Rhee,  
 J. Ritchie,  M. A. Rohrdanz,  E. Rosta,  N. J. Russ,  H. F. Schaefer III,  
 M. W. Schmidt,  N. E. Schultz,  S. Sharma,  N. Shenvi,  C. D. Sherrill,  
 A. C. Simmonett,  A. Sodt,  T. Stein,  D. Stuck,  K. S. Thanthiriwatte,  
 V. Vanovschi,  L. Vogt,  Tao Wang,  A. Warshel,  M. A. Watson,  
 C. F. Williams,  Q. Wu,  X. Xu,  Jun Yang,  W. Zhang,  Yan Zhao

 Please cite Q-Chem as follows:
 Y. Shao et al., Mol. Phys. 113, 184-215 (2015)
 DOI: 10.1080/00268976.2014.952696

 Q-Chem 5.4.0 for Intel X86 EM64T Linux

 Parts of Q-Chem use Armadillo 9.800.1 (Horizon Scraper).
 http://arma.sourceforge.net/

 Q-Chem begins on Sun Jul 10 04:17:47 2022  

 Host: 
0

     Scratch files written to ./qchem1157387//
 May1621 |scratch|qcdevops|jenkins|workspace|build_RNUM    
 Processing $rem in /cm/shared/apps/spack/cpu/opt/spack/linux-centos8-zen2/gcc-10.2.0/qchem-5.4-akfmr7b3t57bfs6qan3padb2wnb2i7cl/config/preferences:
 Processing $rem in /home/theleonzhang/.qchemrc:
 Symmetry turned off for PCM/SM12/SMD calculation
 Core orbitals will be frozen

 Checking the input file for inconsistencies... 	...done.

--------------------------------------------------------------
User input:
--------------------------------------------------------------
$molecule
0 1
C	0.775127	-3.866725	0.000713
C	-0.612565	-3.703963	0.000302
C	-1.066639	-2.357056	-0.000067
H	-1.302900	-4.561092	0.000470
C	-0.000000	-1.440664	-0.000000
S	1.544483	-2.286957	-0.000009
C	-2.521872	-1.978743	-0.000295
H	-3.166949	-2.878678	-0.000221
H	-2.790821	-1.376015	-0.892850
H	-2.791023	-1.375728	0.892005
C	0.000000	0.000000	0.000000
C	0.555137	0.661535	1.099446
C	1.444710	1.721658	0.776721
H	0.318072	0.379023	2.136088
C	1.586563	1.890676	-0.612546
S	0.605781	0.721904	-1.486809
C	2.143920	2.554907	1.814609
H	1.870325	2.228851	2.836676
H	1.880882	3.629742	1.726239
H	3.248098	2.482476	1.726228
H	2.196723	2.617806	-1.161575
H	1.119411	-4.392713	-0.896681
H	1.119277	-4.392347	0.898372
H	-0.000115	-1.440391	1.080000
$end

$rem
JOBTYPE		SP
EXCHANGE	HF
CORRELATION	pRIMP2
BASIS		cc-pvtz
METHOD		rimp2
AUX_BASIS	rimp2-cc-pvtz
SOLVENT_METHOD	PCM
PURECART	11111
SYMMETRY	false
MEM_TOTAL	110000
SCF_CONVERGENCE = 6
THRESH=10
$end



$solvent
dielectric 4.90
$end
--------------------------------------------------------------
 ----------------------------------------------------------------
             Standard Nuclear Orientation (Angstroms)
    I     Atom           X                Y                Z
 ----------------------------------------------------------------
    1      C       0.7751270000    -3.8667250000     0.0007130000
    2      C      -0.6125650000    -3.7039630000     0.0003020000
    3      C      -1.0666390000    -2.3570560000    -0.0000670000
    4      H      -1.3029000000    -4.5610920000     0.0004700000
    5      C       0.0000000000    -1.4406640000     0.0000000000
    6      S       1.5444830000    -2.2869570000    -0.0000090000
    7      C      -2.5218720000    -1.9787430000    -0.0002950000
    8      H      -3.1669490000    -2.8786780000    -0.0002210000
    9      H      -2.7908210000    -1.3760150000    -0.8928500000
   10      H      -2.7910230000    -1.3757280000     0.8920050000
   11      C       0.0000000000     0.0000000000     0.0000000000
   12      C       0.5551370000     0.6615350000     1.0994460000
   13      C       1.4447100000     1.7216580000     0.7767210000
   14      H       0.3180720000     0.3790230000     2.1360880000
   15      C       1.5865630000     1.8906760000    -0.6125460000
   16      S       0.6057810000     0.7219040000    -1.4868090000
   17      C       2.1439200000     2.5549070000     1.8146090000
   18      H       1.8703250000     2.2288510000     2.8366760000
   19      H       1.8808820000     3.6297420000     1.7262390000
   20      H       3.2480980000     2.4824760000     1.7262280000
   21      H       2.1967230000     2.6178060000    -1.1615750000
   22      H       1.1194110000    -4.3927130000    -0.8966810000
   23      H       1.1192770000    -4.3923470000     0.8983720000
   24      H      -0.0001150000    -1.4403910000     1.0800000000
 ----------------------------------------------------------------
 Nuclear Repulsion Energy =         884.45636335 hartrees
 There are       52 alpha and       52 beta electrons

 Q-Chem warning in module forms1/BasisType.C, line 2236:

 You are not using the predefined 5D/6D in this basis set.

 Requested basis set is cc-pVTZ
 There are 196 shells and 536 basis functions

 Total QAlloc Memory Limit 110000 MB
 Mega-Array Size       188 MB
 MEM_STATIC part       192 MB
 Discretize the solute cavity surface with Lebedev spheres
	Using 110 Lebedev grid points for each H atom
	Using 194 Lebedev grid points for other atoms
	Atomic van der Waals radii will be scaled by 1.20
 Remove points where switching function is < 1.0e-08
 Keep 1596 surface tesserae and discard 2052 interior tesserae
 Molecular Surface Area = 236.587 Angst**2
 Requested basis set is rimp2-cc-pVTZ
 There are 414 shells and 1414 basis functions
 A cutoff of  1.0D-10 yielded  14097 shell pairs
 There are    101989 function pairs (    130783 Cartesian)
 Smallest overlap matrix eigenvalue = 6.95E-05

 Scale SEOQF with 1.000000e-01/1.000000e-01/1.000000e-01

 Standard Electronic Orientation quadrupole field applied
 Nucleus-field energy     =     0.0000000345 hartrees
 Guess from superposition of atomic densities
 Warning:  Energy on first SCF cycle will be non-variational
 SAD guess density has 104.000000 electrons

 -----------------------------------------------------------------------
  General SCF calculation program by
  Eric Jon Sundstrom, Paul Horn, Yuezhi Mao, Dmitri Zuev, Alec White,
  David Stuck, Shaama M.S., Shane Yost, Joonho Lee, David Small,
  Daniel Levine, Susi Lehtola, Hugh Burton, Evgeny Epifanovsky,
  Bang C. Huynh
 -----------------------------------------------------------------------
 Hartree-Fock
 A restricted SCF calculation will be
 performed using DIIS
 SCF converges when DIIS error is below 1.0e-06
 ---------------------------------------
  Cycle       Energy         DIIS error
 ---------------------------------------
    1   -1186.0712908123      2.40e-02  
    2   -1180.5926246566      1.53e-03  
    3   -1180.7167881687      5.35e-04  
    4   -1180.7294925263      2.89e-04  
    5   -1180.7332787711      5.85e-05  
    6   -1180.7335193098      2.44e-05  
    7   -1180.7335831636      1.01e-05  
    8   -1180.7336008396      4.83e-06  
    9   -1180.7336054287      1.86e-06  
   10   -1180.7336062016      6.22e-07  Convergence criterion met
 ---------------------------------------
 SCF time:   CPU 569.87s  wall 571.00s 

************** Final PCM Free Energy Summary **************
 G_electrostatic  =      -0.00975616 hartree =      -6.12208071 kcal/mol
 G_cavitation     =       0.00000000 hartree =       0.00000000 kcal/mol
 G_dispersion     =       0.00000000 hartree =       0.00000000 kcal/mol
 G_repulsion      =       0.00000000 hartree =       0.00000000 kcal/mol
 --------------------------------------------------
 Non-electrostatic Free Energy =       0.00000000 hartree =       0.00000000 kcal/mol
 Total                         =      -0.00975616 hartree =      -6.12208071 kcal/mol
 --------------------------------------------------
 SCF Energy (H0 + V/2)                       =   -1180.73360620 
 Solute Internal Energy (H0)                 =   -1180.72385004 
 Total Free Energy (H0 + V/2 + non-elec)     =   -1180.73360620 hartree
                                             = -740921.52061951 kcal/mol
***********************************************************

 SCF   energy in the final basis set =    -1180.7336062016
 Total energy in the final basis set =    -1180.7336062016


 --------------------------------------------------------------
  Generalized many-body perturbation theory program
  by Joonho Lee, Fazle Rob, Xintian Feng, Evgeny Epifanovsky

 No regularization used 
 (reg. param. = 0.0000e+00)
  (P|Q)^-1/2 Time:  CPU 1.89 s  wall 1.89 s

 In RI-MP2 calculation: 
 # of frozen core orbitals: 20

 Components of the RIMP2 correlation energy:
        aaaa    correlation energy =        -0.2524637497 a.u.
        abab    correlation energy =        -1.5069275442 a.u.
        bbbb    correlation energy =        -0.2524637497 a.u.
        non-Brillouin singles      =        -0.0000000000 a.u.
        total same-spin energy     =        -0.5049274993 a.u.
        total opposite-spin energy =        -1.5069275442 a.u.

 Total  RIMP2   correlation energy =        -2.0118550435 a.u.
        RIMP2         total energy =     -1182.7454612451 a.u.

 RI-MP2 Energy Time:  CPU 79.73 s  wall 79.95 s
 
 --------------------------------------------------------------
 
                    Orbital Energies (a.u.)
 --------------------------------------------------------------
 
 Alpha MOs
 -- Occupied --
-91.9782 -91.9388 -11.2751 -11.2680 -11.2574 -11.2519 -11.2511 -11.2508
-11.2387 -11.2302 -11.2297 -11.2144  -8.9786  -8.9436  -6.6595  -6.6588
 -6.6584  -6.6249  -6.6239  -6.6226  -1.1996  -1.1537  -1.0573  -1.0254
 -1.0052  -0.9585  -0.9100  -0.9017  -0.8129  -0.7590  -0.7399  -0.6981
 -0.6588  -0.6386  -0.6108  -0.5892  -0.5808  -0.5718  -0.5649  -0.5496
 -0.5399  -0.5319  -0.5077  -0.5069  -0.4929  -0.4702  -0.4584  -0.4468
 -0.3585  -0.3352  -0.3124  -0.2793
 -- Virtual --
  0.0727   0.1340   0.1406   0.1547   0.1592   0.1701   0.1761   0.1799
  0.1880   0.1984   0.2064   0.2163   0.2260   0.2297   0.2329   0.2444
  0.2484   0.2575   0.2658   0.3001   0.3076   0.3255   0.3414   0.3499
  0.3647   0.3770   0.3776   0.3877   0.3954   0.3970   0.4113   0.4227
  0.4299   0.4383   0.4461   0.4536   0.4692   0.4723   0.4860   0.4884
  0.4972   0.5067   0.5088   0.5240   0.5284   0.5375   0.5518   0.5577
  0.5675   0.5726   0.5887   0.5975   0.6069   0.6106   0.6171   0.6227
  0.6235   0.6288   0.6313   0.6409   0.6424   0.6450   0.6530   0.6564
  0.6647   0.6701   0.6784   0.6857   0.6943   0.6972   0.7151   0.7341
  0.7406   0.7436   0.7509   0.7767   0.7802   0.7971   0.8073   0.8215
  0.8233   0.8374   0.8492   0.8532   0.8660   0.9032   0.9101   0.9149
  0.9191   0.9424   0.9432   0.9634   0.9714   0.9872   0.9883   1.0157
  1.0224   1.0342   1.0377   1.0471   1.0587   1.0620   1.0701   1.0845
  1.0924   1.0984   1.1181   1.1330   1.1412   1.1520   1.1634   1.1674
  1.1742   1.1794   1.1857   1.2087   1.2149   1.2198   1.2383   1.2466
  1.2537   1.2626   1.2653   1.2757   1.2773   1.2864   1.3049   1.3102
  1.3164   1.3399   1.3513   1.3641   1.3806   1.3918   1.4087   1.4120
  1.4159   1.4297   1.4460   1.4564   1.4661   1.4772   1.4878   1.4962
  1.5025   1.5144   1.5193   1.5365   1.5408   1.5444   1.5516   1.5563
  1.5660   1.5724   1.5831   1.5915   1.6050   1.6078   1.6227   1.6329
  1.6402   1.6630   1.6724   1.6784   1.7046   1.7082   1.7228   1.7391
  1.7476   1.7619   1.7709   1.7934   1.8017   1.8138   1.8413   1.8603
  1.8692   1.9116   1.9389   1.9495   1.9551   1.9748   1.9841   1.9968
  2.0208   2.0356   2.0394   2.0782   2.0837   2.1077   2.1142   2.1548
  2.1763   2.1938   2.2025   2.2127   2.2317   2.2405   2.2531   2.2745
  2.2874   2.3319   2.3416   2.3723   2.3980   2.4427   2.4643   2.4747
  2.5000   2.5151   2.5238   2.5464   2.5738   2.5899   2.6065   2.6165
  2.6346   2.6457   2.6613   2.6698   2.6812   2.6928   2.7094   2.7238
  2.7408   2.7576   2.7670   2.7815   2.7858   2.7941   2.8063   2.8272
  2.8419   2.8529   2.8596   2.8834   2.8941   2.8977   2.9211   2.9422
  2.9440   2.9598   2.9780   2.9845   3.0028   3.0144   3.0293   3.0398
  3.0513   3.0518   3.0900   3.1086   3.1119   3.1173   3.1367   3.1543
  3.1579   3.1606   3.1653   3.1698   3.1896   3.1932   3.2038   3.2160
  3.2283   3.2424   3.2465   3.2544   3.2721   3.2809   3.2945   3.3026
  3.3173   3.3283   3.3309   3.3411   3.3429   3.3566   3.3582   3.3666
  3.3721   3.3751   3.3843   3.3926   3.4085   3.4127   3.4204   3.4280
  3.4375   3.4472   3.4559   3.4640   3.4914   3.4937   3.5078   3.5134
  3.5210   3.5256   3.5385   3.5491   3.5542   3.5620   3.5745   3.5750
  3.5830   3.6115   3.6270   3.6337   3.6363   3.6534   3.6612   3.6756
  3.6832   3.6865   3.6978   3.7091   3.7154   3.7300   3.7307   3.7429
  3.7504   3.7540   3.7569   3.7842   3.7874   3.8005   3.8078   3.8154
  3.8280   3.8453   3.8572   3.8656   3.8774   3.8880   3.8988   3.9198
  3.9287   3.9511   3.9551   3.9683   3.9724   3.9753   4.0067   4.0118
  4.0216   4.0335   4.0501   4.0631   4.0681   4.0848   4.1035   4.1102
  4.1194   4.1313   4.1390   4.1610   4.1742   4.1767   4.1911   4.2011
  4.2096   4.2214   4.2347   4.2484   4.2575   4.2628   4.2702   4.2874
  4.2932   4.2959   4.3249   4.3297   4.3412   4.3540   4.3579   4.3689
  4.3757   4.3817   4.3997   4.4031   4.4164   4.4229   4.4364   4.4423
  4.4574   4.4650   4.4807   4.4927   4.4992   4.5242   4.5385   4.5545
  4.5771   4.5923   4.6139   4.6223   4.6349   4.6567   4.6715   4.6743
  4.6897   4.7277   4.7389   4.7580   4.7743   4.8192   4.8387   4.8523
  4.8675   4.8776   4.8990   4.9106   4.9353   4.9577   4.9733   4.9822
  5.0260   5.0502   5.0836   5.1123   5.1183   5.1265   5.1445   5.1586
  5.1712   5.2094   5.2217   5.2638   5.2833   5.2959   5.3132   5.3168
  5.3332   5.3616   5.3871   5.3961   5.4071   5.4251   5.4419   5.4547
  5.4898   5.5095   5.5246   5.5419   5.5522   5.5593   5.5664   5.5849
  5.6274   5.6353   5.6520   5.6780   5.6810   5.7125   5.7149   5.7224
  5.7626   5.7919   5.8196   5.9542   5.9968   6.0224   6.1116   6.1301
  6.2030   6.2223   6.2255   6.2292   6.2461   6.2785   6.2848   6.3224
  6.3835   6.4187   9.4721  10.5310  12.3645  12.8545  13.1547  13.8758
 14.1168  14.2245  14.2685  14.5991
 --------------------------------------------------------------
 
          Ground-State Mulliken Net Atomic Charges

     Atom                 Charge (a.u.)
  ----------------------------------------
      1 C                    -0.075333
      2 C                    -0.329729
      3 C                    -0.042836
      4 H                     0.173865
      5 C                     0.055138
      6 S                    -0.174718
      7 C                    -0.272021
      8 H                     0.112771
      9 H                     0.106596
     10 H                     0.100326
     11 C                    -0.074050
     12 C                    -0.228459
     13 C                     0.033693
     14 H                     0.179911
     15 C                    -0.211847
     16 S                     0.010653
     17 C                    -0.267815
     18 H                     0.102034
     19 H                     0.107486
     20 H                     0.108132
     21 H                     0.198394
     22 H                     0.110844
     23 H                     0.107732
     24 H                     0.169232
  ----------------------------------------
  Sum of atomic charges =     0.000000

 -----------------------------------------------------------------
                    Cartesian Multipole Moments
 -----------------------------------------------------------------
    Charge (ESU x 10^10)
                -0.0000
    Dipole Moment (Debye)
         X      -0.7996      Y       0.8491      Z       2.3473
       Tot       2.6211
    Quadrupole Moments (Debye-Ang)
        XX     -86.9660     XY       9.1777     YY     -79.0202
        XZ       0.9104     YZ      -0.5110     ZZ     -85.7470
    Octopole Moments (Debye-Ang^2)
       XXX    -133.0339    XXY      72.3552    XYY     -28.5279
       YYY     162.2134    XXZ      -2.7633    XYZ      -2.3846
       YYZ      -0.9177    XZZ     -38.0086    YZZ      70.6323
       ZZZ       4.0453
    Hexadecapole Moments (Debye-Ang^3)
      XXXX   -1099.9999   XXXY    -186.6476   XXYY    -587.6299
      XYYY    -214.9135   YYYY   -2478.0947   XXXZ     -62.5236
      XXYZ     -30.4632   XYYZ     -25.4866   YYYZ     -82.7163
      XXZZ    -277.0848   XYZZ     -70.8005   YYZZ    -542.5564
      XZZZ     -61.5152   YZZZ     -72.1755   ZZZZ    -535.7311
 -----------------------------------------------------------------
 Total job time:  653.92s(wall), 650.51s(cpu) 
 Sun Jul 10 04:28:41 2022

        *************************************************************
        *                                                           *
        *  Thank you very much for using Q-Chem.  Have a nice day.  *
        *                                                           *
        *************************************************************


remove work dirs ./qchem1157387.0 -- ./qchem1157387.-1
rm -rf ./qchem1157387
