You are running Q-Chem version: 5.4.0

#
# job setting
#
local host:  exp-1-44
current dir: /expanse/lustre/scratch/theleonzhang/temp_project/Hydrogenated_Rotation_Test
input file:  Methylthiophene_Phi_10_Theta_340_Methylthiophene_Hydrogenated.qcin
output file: 
nprocs     : 0
nthreads   : 1
#
# qchem installation setting
#
QC:          /cm/shared/apps/spack/cpu/opt/spack/linux-centos8-zen2/gcc-10.2.0/qchem-5.4-akfmr7b3t57bfs6qan3padb2wnb2i7cl
QCAUX:       /cm/shared/apps/spack/cpu/opt/spack/linux-centos8-zen2/gcc-10.2.0/qchem-5.4-akfmr7b3t57bfs6qan3padb2wnb2i7cl/qcaux
QCPROG:      /cm/shared/apps/spack/cpu/opt/spack/linux-centos8-zen2/gcc-10.2.0/qchem-5.4-akfmr7b3t57bfs6qan3padb2wnb2i7cl/exe/qcprog.exe_s
QCPROG_S:    /cm/shared/apps/spack/cpu/opt/spack/linux-centos8-zen2/gcc-10.2.0/qchem-5.4-akfmr7b3t57bfs6qan3padb2wnb2i7cl/exe/qcprog.exe_s
PARALLEL:    -DSERIAL
QCMPI:       mpich
#
# qchem directory setting
#
qcrun:       qchem1761586
QCSCRATCH:   .
QCLOCALSCR:  
QCTMPDIR:    .
QCFILEPREF:  ./qchem1761586
QCSAVEDIR:   
workdirs:    ./qchem1761586
workdir0:    ./qchem1761586
partmpdirs =  
#
# parallel setting
#
QCRSH:           ssh
QCMPI:           mpich
QCMPIRUN:        /cm/shared/apps/spack/cpu/opt/spack/linux-centos8-zen2/gcc-10.2.0/qchem-5.4-akfmr7b3t57bfs6qan3padb2wnb2i7cl/bin/mpi/mpirun_qchem
QCMACHINEFILE:   ./qchem1761586/hostfile

#
# env setting
#
exported envs:   QC QCAUX QCSCRATCH QCRUNNAME QCFILEPREF QCPROG QCPROG_S GUIFILE

Running Job 1 of 1 Methylthiophene_Phi_10_Theta_340_Methylthiophene_Hydrogenated.qcin
qchem Methylthiophene_Phi_10_Theta_340_Methylthiophene_Hydrogenated.qcin_1761586.0 ./qchem1761586/ 0
/cm/shared/apps/spack/cpu/opt/spack/linux-centos8-zen2/gcc-10.2.0/qchem-5.4-akfmr7b3t57bfs6qan3padb2wnb2i7cl/exe/qcprog.exe_s Methylthiophene_Phi_10_Theta_340_Methylthiophene_Hydrogenated.qcin_1761586.0 ./qchem1761586/
                  Welcome to Q-Chem
     A Quantum Leap Into The Future Of Chemistry


 Q-Chem 5.4, Q-Chem, Inc., Pleasanton, CA (2021)

 License issued to: University of California, San Diego (site)

 E. Epifanovsky,  A. T. B. Gilbert,  Xintian Feng,  Joonho Lee,  Yuezhi Mao,  
 N. Mardirossian,  P. Pokhilko,  A. White,  M. Wormit,  M. P. Coons,  
 A. L. Dempwolff,  Zhengting Gan,  D. Hait,  P. R. Horn,  L. D. Jacobson,  
 I. Kaliman,  J. Kussmann,  A. W. Lange,  Ka Un Lao,  D. S. Levine,  Jie Liu,  
 S. C. McKenzie,  A. F. Morrison,  K. Nanda,  F. Plasser,  D. R. Rehn,  
 M. L. Vidal,  Zhi-Qiang You,  Ying Zhu,  B. Alam,  B. Albrecht,  
 A. Aldossary,  E. Alguire,  J. H. Andersen,  D. Barton,  K. Begam,  A. Behn,  
 Y. A. Bernard,  E. J. Berquist,  H. Burton,  A. Carreras,  K. Carter-Fenk,  
 R. Chakraborty,  A. D. Chien,  K. D. Closser,  V. Cofer-Shabica,  
 S. Dasgupta,  Jia Deng,  M. de Wergifosse,  M. Diedenhofen,  Hainam Do,  
 S. Ehlert,  Po-Tung Fang,  S. Fatehi,  Qingguo Feng,  J. Gayvert,  
 Qinghui Ge,  G. Gidofalvi,  M. Goldey,  J. Gomes,  C. Gonzalez-Espinoza,  
 S. Gulania,  A. Gunina,  M. W. D. Hanson-Heine,  P. H. P. Harbach,  
 A. W. Hauser,  M. F. Herbst,  M. Hernandez Vera,  M. Hodecker,  
 Z. C. Holden,  S. Houck,  Xunkun Huang,  Kerwin Hui,  B. C. Huynh,  
 M. Ivanov,  Hyunjun Ji,  Hanjie Jiang,  B. Kaduk,  S. Kaehler,  
 K. Khistyaev,  Jaehoon Kim,  P. Klunzinger,  Z. Koczor-Benda,  
 Joong Hoon Koh,  D. Kosenkov,  L. Koulias,  T. Kowalczyk,  C. M. Krauter,  
 K. Kue,  A. Kunitsa,  T. Kus,  A. Landau,  K. V. Lawler,  D. Lefrancois,  
 S. Lehtola,  Rain Li,  Yi-Pei Li,  Jiashu Liang,  M. Liebenthal,  
 Hung-Hsuan Lin,  You-Sheng Lin,  Fenglai Liu,  Kuan-Yu Liu,  
 M. Loipersberger,  A. Luenser,  A. Manjanath,  P. Manohar,  E. Mansoor,  
 S. F. Manzer,  Shan-Ping Mao,  A. V. Marenich,  T. Markovich,  S. Mason,  
 S. A. Maurer,  P. F. McLaughlin,  M. F. S. J. Menger,  J.-M. Mewes,  
 S. A. Mewes,  P. Morgante,  J. W. Mullinax,  T. S. Nguyen-Beck,  
 K. J. Oosterbaan,  G. Paran,  Alexander C. Paul,  Suranjan K. Paul,  
 F. Pavosevic,  Zheng Pei,  S. Prager,  E. I. Proynov,  E. Ramos,  B. Rana,  
 A. E. Rask,  A. Rettig,  R. M. Richard,  F. Rob,  E. Rossomme,  T. Scheele,  
 M. Scheurer,  M. Schneider,  N. Sergueev,  S. M. Sharada,  W. Skomorowski,  
 D. W. Small,  C. J. Stein,  Yu-Chuan Su,  E. J. Sundstrom,  Zhen Tao,  
 J. Thirman,  T. Tsuchimochi,  N. M. Tubman,  S. P. Veccham,  O. Vydrov,  
 J. Wenzel,  J. Witte,  A. Yamada,  Kun Yao,  S. Yeganeh,  S. R. Yost,  
 A. Zech,  Igor Ying Zhang,  Xing Zhang,  Yu Zhang,  D. Zuev,  
 A. Aspuru-Guzik,  A. T. Bell,  N. A. Besley,  K. B. Bravaya,  B. R. Brooks,  
 D. Casanova,  Jeng-Da Chai,  S. Coriani,  C. J. Cramer,  
 A. E. DePrince, III,  R. A. DiStasio Jr.,  A. Dreuw,  B. D. Dunietz,  
 T. R. Furlani,  W. A. Goddard III,  S. Grimme,  S. Hammes-Schiffer,  
 T. Head-Gordon,  W. J. Hehre,  Chao-Ping Hsu,  T.-C. Jagau,  Yousung Jung,  
 A. Klamt,  Jing Kong,  D. S. Lambrecht,  WanZhen Liang,  N. J. Mayhall,  
 C. W. McCurdy,  J. B. Neaton,  C. Ochsenfeld,  J. A. Parkhill,  R. Peverati,  
 V. A. Rassolov,  Yihan Shao,  L. V. Slipchenko,  T. Stauch,  R. P. Steele,  
 J. E. Subotnik,  A. J. W. Thom,  A. Tkatchenko,  D. G. Truhlar,  
 T. Van Voorhis,  T. A. Wesolowski,  K. B. Whaley,  H. L. Woodcock III,  
 P. M. Zimmerman,  S. Faraji,  P. M. W. Gill,  M. Head-Gordon,  
 J. M. Herbert,  A. I. Krylov

 Contributors to earlier versions of Q-Chem not listed above: 
 R. D. Adamson,  B. Austin,  R. Baer,  J. Baker,  G. J. O. Beran,  
 K. Brandhorst,  S. T. Brown,  E. F. C. Byrd,  A. K. Chakraborty,  
 G. K. L. Chan,  Chun-Min Chang,  Yunqing Chen,  C.-L. Cheng,  
 Siu Hung Chien,  D. M. Chipman,  D. L. Crittenden,  H. Dachsel,  
 R. J. Doerksen,  A. D. Dutoi,  R. G. Edgar,  J. Fosso-Tande,  
 L. Fusti-Molnar,  D. Ghosh,  A. Ghysels,  A. Golubeva-Zadorozhnaya,  
 J. Gonthier,  M. S. Gordon,  S. R. Gwaltney,  G. Hawkins,  J. E. Herr,  
 A. Heyden,  S. Hirata,  E. G. Hohenstein,  G. Kedziora,  F. J. Keil,  
 C. Kelley,  Jihan Kim,  R. A. King,  R. Z. Khaliullin,  P. P. Korambath,  
 W. Kurlancheek,  A. Laurent,  A. M. Lee,  M. S. Lee,  S. V. Levchenko,  
 Ching Yeh Lin,  D. Liotard,  E. Livshits,  R. C. Lochan,  I. Lotan,  
 L. A. Martinez-Martinez,  P. E. Maslen,  N. Nair,  D. P. O'Neill,  
 D. Neuhauser,  E. Neuscamman,  C. M. Oana,  R. Olivares-Amaya,  R. Olson,  
 T. M. Perrine,  B. Peters,  P. A. Pieniazek,  A. Prociuk,  Y. M. Rhee,  
 J. Ritchie,  M. A. Rohrdanz,  E. Rosta,  N. J. Russ,  H. F. Schaefer III,  
 M. W. Schmidt,  N. E. Schultz,  S. Sharma,  N. Shenvi,  C. D. Sherrill,  
 A. C. Simmonett,  A. Sodt,  T. Stein,  D. Stuck,  K. S. Thanthiriwatte,  
 V. Vanovschi,  L. Vogt,  Tao Wang,  A. Warshel,  M. A. Watson,  
 C. F. Williams,  Q. Wu,  X. Xu,  Jun Yang,  W. Zhang,  Yan Zhao

 Please cite Q-Chem as follows:
 Y. Shao et al., Mol. Phys. 113, 184-215 (2015)
 DOI: 10.1080/00268976.2014.952696

 Q-Chem 5.4.0 for Intel X86 EM64T Linux

 Parts of Q-Chem use Armadillo 9.800.1 (Horizon Scraper).
 http://arma.sourceforge.net/

 Q-Chem begins on Sun Jul 10 05:11:08 2022  

 Host: 
0

     Scratch files written to ./qchem1761586//
 May1621 |scratch|qcdevops|jenkins|workspace|build_RNUM    
 Processing $rem in /cm/shared/apps/spack/cpu/opt/spack/linux-centos8-zen2/gcc-10.2.0/qchem-5.4-akfmr7b3t57bfs6qan3padb2wnb2i7cl/config/preferences:
 Processing $rem in /home/theleonzhang/.qchemrc:
 Symmetry turned off for PCM/SM12/SMD calculation
 Core orbitals will be frozen

 Checking the input file for inconsistencies... 	...done.

--------------------------------------------------------------
User input:
--------------------------------------------------------------
$molecule
0 1
C	0.264439	-3.866725	0.728625
C	-0.209794	-3.703963	-0.575519
C	-0.364749	-2.357056	-1.002336
H	-0.446060	-4.561092	-1.224165
C	-0.000000	-1.440664	-0.000000
S	0.528253	-2.286957	1.451336
C	-0.862253	-1.978743	-2.369885
H	-1.082953	-2.878678	-2.976034
H	-0.115513	-1.376015	-2.927887
H	-1.792797	-1.375728	-2.317620
C	0.000000	0.000000	0.000000
C	0.149995	0.850475	1.099446
C	0.390327	2.213354	0.776721
H	0.085947	0.487279	2.136088
C	0.428665	2.430655	-0.612546
S	0.163670	0.928078	-1.486809
C	0.579235	3.284574	1.814609
H	0.505323	2.865404	2.836676
H	-0.185980	4.083890	1.726239
H	1.571698	3.773937	1.726228
H	0.593515	3.365448	-1.161575
H	1.225465	-4.392713	0.745219
H	-0.461378	-4.392347	1.359038
H	-1.014907	-1.440391	0.369273
$end

$rem
JOBTYPE		SP
EXCHANGE	HF
CORRELATION	pRIMP2
BASIS		cc-pvtz
METHOD		rimp2
AUX_BASIS	rimp2-cc-pvtz
SOLVENT_METHOD	PCM
PURECART	11111
SYMMETRY	false
MEM_TOTAL	110000
SCF_CONVERGENCE = 6
THRESH=10
$end



$solvent
dielectric 4.90
$end
--------------------------------------------------------------
 ----------------------------------------------------------------
             Standard Nuclear Orientation (Angstroms)
    I     Atom           X                Y                Z
 ----------------------------------------------------------------
    1      C       0.2644390000    -3.8667250000     0.7286250000
    2      C      -0.2097940000    -3.7039630000    -0.5755190000
    3      C      -0.3647490000    -2.3570560000    -1.0023360000
    4      H      -0.4460600000    -4.5610920000    -1.2241650000
    5      C       0.0000000000    -1.4406640000     0.0000000000
    6      S       0.5282530000    -2.2869570000     1.4513360000
    7      C      -0.8622530000    -1.9787430000    -2.3698850000
    8      H      -1.0829530000    -2.8786780000    -2.9760340000
    9      H      -0.1155130000    -1.3760150000    -2.9278870000
   10      H      -1.7927970000    -1.3757280000    -2.3176200000
   11      C       0.0000000000     0.0000000000     0.0000000000
   12      C       0.1499950000     0.8504750000     1.0994460000
   13      C       0.3903270000     2.2133540000     0.7767210000
   14      H       0.0859470000     0.4872790000     2.1360880000
   15      C       0.4286650000     2.4306550000    -0.6125460000
   16      S       0.1636700000     0.9280780000    -1.4868090000
   17      C       0.5792350000     3.2845740000     1.8146090000
   18      H       0.5053230000     2.8654040000     2.8366760000
   19      H      -0.1859800000     4.0838900000     1.7262390000
   20      H       1.5716980000     3.7739370000     1.7262280000
   21      H       0.5935150000     3.3654480000    -1.1615750000
   22      H       1.2254650000    -4.3927130000     0.7452190000
   23      H      -0.4613780000    -4.3923470000     1.3590380000
   24      H      -1.0149070000    -1.4403910000     0.3692730000
 ----------------------------------------------------------------
 Nuclear Repulsion Energy =         875.96725491 hartrees
 There are       52 alpha and       52 beta electrons

 Q-Chem warning in module forms1/BasisType.C, line 2236:

 You are not using the predefined 5D/6D in this basis set.

 Requested basis set is cc-pVTZ
 There are 196 shells and 536 basis functions

 Total QAlloc Memory Limit 110000 MB
 Mega-Array Size       188 MB
 MEM_STATIC part       192 MB
 Discretize the solute cavity surface with Lebedev spheres
	Using 110 Lebedev grid points for each H atom
	Using 194 Lebedev grid points for other atoms
	Atomic van der Waals radii will be scaled by 1.20
 Remove points where switching function is < 1.0e-08
 Keep 1593 surface tesserae and discard 2055 interior tesserae
 Molecular Surface Area = 231.169 Angst**2
 Requested basis set is rimp2-cc-pVTZ
 There are 414 shells and 1414 basis functions
 A cutoff of  1.0D-10 yielded  13854 shell pairs
 There are    100354 function pairs (    128659 Cartesian)
 Smallest overlap matrix eigenvalue = 5.20E-05

 Scale SEOQF with 1.000000e-01/1.000000e-01/1.000000e-01

 Standard Electronic Orientation quadrupole field applied
 Nucleus-field energy     =     0.0000000228 hartrees
 Guess from superposition of atomic densities
 Warning:  Energy on first SCF cycle will be non-variational
 SAD guess density has 104.000000 electrons

 -----------------------------------------------------------------------
  General SCF calculation program by
  Eric Jon Sundstrom, Paul Horn, Yuezhi Mao, Dmitri Zuev, Alec White,
  David Stuck, Shaama M.S., Shane Yost, Joonho Lee, David Small,
  Daniel Levine, Susi Lehtola, Hugh Burton, Evgeny Epifanovsky,
  Bang C. Huynh
 -----------------------------------------------------------------------
 Hartree-Fock
 A restricted SCF calculation will be
 performed using DIIS
 SCF converges when DIIS error is below 1.0e-06
 ---------------------------------------
  Cycle       Energy         DIIS error
 ---------------------------------------
    1   -1186.0446519533      2.39e-02  
    2   -1180.6088732971      1.58e-03  
    3   -1180.7344660749      6.58e-04  
    4   -1180.7504314820      3.53e-04  
    5   -1180.7561680581      5.85e-05  
    6   -1180.7564122614      2.44e-05  
    7   -1180.7564683095      8.45e-06  
    8   -1180.7564799920      4.09e-06  
    9   -1180.7564825347      1.37e-06  
   10   -1180.7564829298      5.09e-07  Convergence criterion met
 ---------------------------------------
 SCF time:   CPU 568.20s  wall 571.00s 

************** Final PCM Free Energy Summary **************
 G_electrostatic  =      -0.00835183 hartree =      -5.24085332 kcal/mol
 G_cavitation     =       0.00000000 hartree =       0.00000000 kcal/mol
 G_dispersion     =       0.00000000 hartree =       0.00000000 kcal/mol
 G_repulsion      =       0.00000000 hartree =       0.00000000 kcal/mol
 --------------------------------------------------
 Non-electrostatic Free Energy =       0.00000000 hartree =       0.00000000 kcal/mol
 Total                         =      -0.00835183 hartree =      -5.24085332 kcal/mol
 --------------------------------------------------
 SCF Energy (H0 + V/2)                       =   -1180.75648293 
 Solute Internal Energy (H0)                 =   -1180.74813110 
 Total Free Energy (H0 + V/2 + non-elec)     =   -1180.75648293 hartree
                                             = -740935.87598308 kcal/mol
***********************************************************

 SCF   energy in the final basis set =    -1180.7564829298
 Total energy in the final basis set =    -1180.7564829298


 --------------------------------------------------------------
  Generalized many-body perturbation theory program
  by Joonho Lee, Fazle Rob, Xintian Feng, Evgeny Epifanovsky

 No regularization used 
 (reg. param. = 0.0000e+00)
  (P|Q)^-1/2 Time:  CPU 1.90 s  wall 1.91 s

 In RI-MP2 calculation: 
 # of frozen core orbitals: 20

 Components of the RIMP2 correlation energy:
        aaaa    correlation energy =        -0.2516326804 a.u.
        abab    correlation energy =        -1.5032363410 a.u.
        bbbb    correlation energy =        -0.2516326804 a.u.
        non-Brillouin singles      =        -0.0000000000 a.u.
        total same-spin energy     =        -0.5032653609 a.u.
        total opposite-spin energy =        -1.5032363410 a.u.

 Total  RIMP2   correlation energy =        -2.0065017019 a.u.
        RIMP2         total energy =     -1182.7629846316 a.u.

 RI-MP2 Energy Time:  CPU 80.05 s  wall 80.34 s
 
 --------------------------------------------------------------
 
                    Orbital Energies (a.u.)
 --------------------------------------------------------------
 
 Alpha MOs
 -- Occupied --
-91.9815 -91.9462 -11.2893 -11.2659 -11.2604 -11.2543 -11.2504 -11.2438
-11.2332 -11.2324 -11.2277 -11.2227  -8.9815  -8.9508  -6.6624  -6.6618
 -6.6612  -6.6321  -6.6311  -6.6298  -1.2020  -1.1525  -1.0605  -1.0284
 -1.0072  -0.9564  -0.9161  -0.9015  -0.8156  -0.7715  -0.7195  -0.7027
 -0.6616  -0.6471  -0.6109  -0.5898  -0.5826  -0.5734  -0.5679  -0.5543
 -0.5421  -0.5343  -0.5155  -0.5093  -0.4878  -0.4843  -0.4580  -0.4471
 -0.3585  -0.3421  -0.3252  -0.2650
 -- Virtual --
  0.1029   0.1323   0.1443   0.1496   0.1587   0.1701   0.1771   0.1829
  0.1918   0.1966   0.2047   0.2089   0.2292   0.2311   0.2392   0.2411
  0.2534   0.2624   0.2743   0.3031   0.3247   0.3369   0.3510   0.3588
  0.3703   0.3782   0.3831   0.3948   0.4064   0.4119   0.4169   0.4320
  0.4414   0.4508   0.4602   0.4633   0.4778   0.4796   0.4849   0.5062
  0.5080   0.5137   0.5296   0.5321   0.5393   0.5451   0.5459   0.5509
  0.5668   0.5739   0.5836   0.6004   0.6078   0.6133   0.6155   0.6167
  0.6232   0.6255   0.6319   0.6363   0.6398   0.6455   0.6470   0.6556
  0.6622   0.6728   0.6849   0.6899   0.6976   0.7138   0.7198   0.7249
  0.7415   0.7516   0.7597   0.7827   0.7957   0.8026   0.8113   0.8210
  0.8459   0.8524   0.8585   0.8695   0.8804   0.8987   0.9090   0.9167
  0.9310   0.9364   0.9412   0.9699   0.9753   0.9855   1.0030   1.0099
  1.0152   1.0257   1.0404   1.0498   1.0586   1.0692   1.0786   1.0825
  1.0905   1.0969   1.1092   1.1181   1.1430   1.1523   1.1568   1.1627
  1.1683   1.1861   1.1966   1.2095   1.2220   1.2226   1.2359   1.2391
  1.2572   1.2712   1.2725   1.2753   1.2837   1.2889   1.2994   1.3124
  1.3211   1.3317   1.3404   1.3672   1.3851   1.3950   1.4030   1.4098
  1.4155   1.4269   1.4425   1.4594   1.4727   1.4800   1.4854   1.4930
  1.5090   1.5143   1.5263   1.5314   1.5332   1.5387   1.5507   1.5560
  1.5668   1.5793   1.5918   1.5959   1.6089   1.6272   1.6347   1.6446
  1.6546   1.6686   1.6833   1.6876   1.6978   1.7199   1.7247   1.7363
  1.7415   1.7560   1.7954   1.7970   1.8165   1.8240   1.8383   1.8520
  1.8956   1.9158   1.9337   1.9401   1.9536   1.9745   1.9933   1.9978
  2.0179   2.0207   2.0513   2.0543   2.0697   2.0920   2.1503   2.1583
  2.1909   2.2005   2.2100   2.2211   2.2238   2.2551   2.2808   2.2904
  2.2971   2.3218   2.3410   2.3669   2.4114   2.4321   2.4597   2.4736
  2.4948   2.5146   2.5342   2.5518   2.5719   2.5924   2.6004   2.6133
  2.6436   2.6490   2.6610   2.6658   2.6853   2.6927   2.7054   2.7301
  2.7385   2.7510   2.7559   2.7678   2.7738   2.7790   2.8072   2.8124
  2.8209   2.8400   2.8544   2.8922   2.8959   2.9011   2.9105   2.9200
  2.9465   2.9579   2.9694   2.9749   2.9942   3.0117   3.0317   3.0418
  3.0529   3.0715   3.0931   3.1063   3.1134   3.1144   3.1256   3.1403
  3.1513   3.1548   3.1707   3.1737   3.1815   3.1924   3.2159   3.2252
  3.2284   3.2426   3.2541   3.2595   3.2690   3.2769   3.2972   3.3034
  3.3072   3.3282   3.3317   3.3392   3.3437   3.3475   3.3608   3.3719
  3.3749   3.3819   3.3878   3.4001   3.4014   3.4134   3.4196   3.4338
  3.4350   3.4478   3.4572   3.4606   3.4728   3.4858   3.4972   3.5021
  3.5114   3.5157   3.5259   3.5428   3.5487   3.5582   3.5673   3.5706
  3.5860   3.5961   3.6118   3.6260   3.6297   3.6404   3.6489   3.6558
  3.6735   3.6827   3.6963   3.6999   3.7139   3.7221   3.7328   3.7394
  3.7465   3.7523   3.7726   3.7801   3.7868   3.7904   3.8084   3.8117
  3.8268   3.8348   3.8516   3.8662   3.8722   3.8904   3.9052   3.9135
  3.9334   3.9381   3.9525   3.9710   3.9780   3.9873   4.0052   4.0082
  4.0310   4.0374   4.0459   4.0508   4.0720   4.0884   4.0938   4.0993
  4.1213   4.1345   4.1453   4.1562   4.1634   4.1695   4.1830   4.2082
  4.2116   4.2165   4.2274   4.2431   4.2490   4.2696   4.2814   4.2827
  4.2890   4.2971   4.3265   4.3400   4.3482   4.3523   4.3549   4.3642
  4.3723   4.3851   4.4030   4.4109   4.4189   4.4218   4.4335   4.4529
  4.4616   4.4679   4.4808   4.4895   4.5183   4.5286   4.5513   4.5804
  4.5907   4.5985   4.6005   4.6275   4.6351   4.6405   4.6680   4.6913
  4.7088   4.7184   4.7396   4.7675   4.7859   4.8107   4.8150   4.8405
  4.8499   4.8709   4.8871   4.8937   4.9232   4.9601   4.9749   4.9845
  5.0297   5.0566   5.0822   5.1008   5.1163   5.1247   5.1567   5.1794
  5.1981   5.2222   5.2508   5.2642   5.2873   5.2891   5.3057   5.3240
  5.3520   5.3711   5.3769   5.3890   5.4096   5.4199   5.4401   5.4557
  5.4693   5.5122   5.5175   5.5433   5.5541   5.5565   5.5687   5.5845
  5.6221   5.6367   5.6495   5.6757   5.6831   5.7008   5.7070   5.7302
  5.7594   5.7882   5.8467   5.9933   6.0154   6.1252   6.1380   6.1535
  6.2192   6.2280   6.2330   6.2512   6.2681   6.2851   6.3038   6.3376
  6.4074   6.5046   9.5883  10.8230  12.0744  13.0085  13.1935  13.9762
 14.1386  14.2931  14.3962  14.7620
 --------------------------------------------------------------
 
          Ground-State Mulliken Net Atomic Charges

     Atom                 Charge (a.u.)
  ----------------------------------------
      1 C                    -0.074955
      2 C                    -0.321790
      3 C                    -0.042992
      4 H                     0.178954
      5 C                     0.137287
      6 S                    -0.180106
      7 C                    -0.303593
      8 H                     0.120035
      9 H                     0.111553
     10 H                     0.114668
     11 C                    -0.026380
     12 C                    -0.329419
     13 C                     0.052544
     14 H                     0.178184
     15 C                    -0.276414
     16 S                     0.011314
     17 C                    -0.272918
     18 H                     0.102666
     19 H                     0.107963
     20 H                     0.109038
     21 H                     0.194805
     22 H                     0.113957
     23 H                     0.110904
     24 H                     0.184692
  ----------------------------------------
  Sum of atomic charges =     0.000000

 -----------------------------------------------------------------
                    Cartesian Multipole Moments
 -----------------------------------------------------------------
    Charge (ESU x 10^10)
                -0.0000
    Dipole Moment (Debye)
         X      -1.4365      Y      -0.3760      Z      -0.5717
       Tot       1.5912
    Quadrupole Moments (Debye-Ang)
        XX     -91.6156     XY       4.2939     YY     -73.4403
        XZ       0.1722     YZ       4.0090     ZZ     -85.4400
    Octopole Moments (Debye-Ang^2)
       XXX     -36.1711    XXY      45.9226    XYY      -7.2259
       YYY     116.5505    XXZ      -0.7088    XYZ      -1.7042
       YYZ      -0.7316    XZZ     -13.8041    YZZ      49.8413
       ZZZ      -2.0161
    Hexadecapole Moments (Debye-Ang^3)
      XXXX    -237.0876   XXXY     -88.6928   XXYY    -559.3619
      XYYY     -63.8128   YYYY   -2745.0775   XXXZ    -111.2772
      XXYZ     -27.7487   XYYZ     -28.8274   YYYZ    -107.3236
      XXZZ    -220.9827   XYZZ     -11.0899   YYZZ    -645.6986
      XZZZ    -103.8458   YZZZ     -66.2262   ZZZZ   -1031.4250
 -----------------------------------------------------------------
 Total job time:  654.66s(wall), 649.18s(cpu) 
 Sun Jul 10 05:22:03 2022

        *************************************************************
        *                                                           *
        *  Thank you very much for using Q-Chem.  Have a nice day.  *
        *                                                           *
        *************************************************************


remove work dirs ./qchem1761586.0 -- ./qchem1761586.-1
rm -rf ./qchem1761586
You are running Q-Chem version: 5.4.0

#
# job setting
#
local host:  exp-1-04
current dir: /expanse/lustre/scratch/theleonzhang/temp_project/Hydrogenated_Rotation_Test
input file:  Methylthiophene_Phi_10_Theta_340_Methylthiophene_Hydrogenated.qcin
output file: 
nprocs     : 0
nthreads   : 1
#
# qchem installation setting
#
QC:          /cm/shared/apps/spack/cpu/opt/spack/linux-centos8-zen2/gcc-10.2.0/qchem-5.4-akfmr7b3t57bfs6qan3padb2wnb2i7cl
QCAUX:       /cm/shared/apps/spack/cpu/opt/spack/linux-centos8-zen2/gcc-10.2.0/qchem-5.4-akfmr7b3t57bfs6qan3padb2wnb2i7cl/qcaux
QCPROG:      /cm/shared/apps/spack/cpu/opt/spack/linux-centos8-zen2/gcc-10.2.0/qchem-5.4-akfmr7b3t57bfs6qan3padb2wnb2i7cl/exe/qcprog.exe_s
QCPROG_S:    /cm/shared/apps/spack/cpu/opt/spack/linux-centos8-zen2/gcc-10.2.0/qchem-5.4-akfmr7b3t57bfs6qan3padb2wnb2i7cl/exe/qcprog.exe_s
PARALLEL:    -DSERIAL
QCMPI:       mpich
#
# qchem directory setting
#
qcrun:       qchem1372101
QCSCRATCH:   .
QCLOCALSCR:  
QCTMPDIR:    .
QCFILEPREF:  ./qchem1372101
QCSAVEDIR:   
workdirs:    ./qchem1372101
workdir0:    ./qchem1372101
partmpdirs =  
#
# parallel setting
#
QCRSH:           ssh
QCMPI:           mpich
QCMPIRUN:        /cm/shared/apps/spack/cpu/opt/spack/linux-centos8-zen2/gcc-10.2.0/qchem-5.4-akfmr7b3t57bfs6qan3padb2wnb2i7cl/bin/mpi/mpirun_qchem
QCMACHINEFILE:   ./qchem1372101/hostfile

#
# env setting
#
exported envs:   QC QCAUX QCSCRATCH QCRUNNAME QCFILEPREF QCPROG QCPROG_S GUIFILE

Running Job 1 of 1 Methylthiophene_Phi_10_Theta_340_Methylthiophene_Hydrogenated.qcin
qchem Methylthiophene_Phi_10_Theta_340_Methylthiophene_Hydrogenated.qcin_1372101.0 ./qchem1372101/ 0
/cm/shared/apps/spack/cpu/opt/spack/linux-centos8-zen2/gcc-10.2.0/qchem-5.4-akfmr7b3t57bfs6qan3padb2wnb2i7cl/exe/qcprog.exe_s Methylthiophene_Phi_10_Theta_340_Methylthiophene_Hydrogenated.qcin_1372101.0 ./qchem1372101/
                  Welcome to Q-Chem
     A Quantum Leap Into The Future Of Chemistry


 Q-Chem 5.4, Q-Chem, Inc., Pleasanton, CA (2021)

 License issued to: University of California, San Diego (site)

 E. Epifanovsky,  A. T. B. Gilbert,  Xintian Feng,  Joonho Lee,  Yuezhi Mao,  
 N. Mardirossian,  P. Pokhilko,  A. White,  M. Wormit,  M. P. Coons,  
 A. L. Dempwolff,  Zhengting Gan,  D. Hait,  P. R. Horn,  L. D. Jacobson,  
 I. Kaliman,  J. Kussmann,  A. W. Lange,  Ka Un Lao,  D. S. Levine,  Jie Liu,  
 S. C. McKenzie,  A. F. Morrison,  K. Nanda,  F. Plasser,  D. R. Rehn,  
 M. L. Vidal,  Zhi-Qiang You,  Ying Zhu,  B. Alam,  B. Albrecht,  
 A. Aldossary,  E. Alguire,  J. H. Andersen,  D. Barton,  K. Begam,  A. Behn,  
 Y. A. Bernard,  E. J. Berquist,  H. Burton,  A. Carreras,  K. Carter-Fenk,  
 R. Chakraborty,  A. D. Chien,  K. D. Closser,  V. Cofer-Shabica,  
 S. Dasgupta,  Jia Deng,  M. de Wergifosse,  M. Diedenhofen,  Hainam Do,  
 S. Ehlert,  Po-Tung Fang,  S. Fatehi,  Qingguo Feng,  J. Gayvert,  
 Qinghui Ge,  G. Gidofalvi,  M. Goldey,  J. Gomes,  C. Gonzalez-Espinoza,  
 S. Gulania,  A. Gunina,  M. W. D. Hanson-Heine,  P. H. P. Harbach,  
 A. W. Hauser,  M. F. Herbst,  M. Hernandez Vera,  M. Hodecker,  
 Z. C. Holden,  S. Houck,  Xunkun Huang,  Kerwin Hui,  B. C. Huynh,  
 M. Ivanov,  Hyunjun Ji,  Hanjie Jiang,  B. Kaduk,  S. Kaehler,  
 K. Khistyaev,  Jaehoon Kim,  P. Klunzinger,  Z. Koczor-Benda,  
 Joong Hoon Koh,  D. Kosenkov,  L. Koulias,  T. Kowalczyk,  C. M. Krauter,  
 K. Kue,  A. Kunitsa,  T. Kus,  A. Landau,  K. V. Lawler,  D. Lefrancois,  
 S. Lehtola,  Rain Li,  Yi-Pei Li,  Jiashu Liang,  M. Liebenthal,  
 Hung-Hsuan Lin,  You-Sheng Lin,  Fenglai Liu,  Kuan-Yu Liu,  
 M. Loipersberger,  A. Luenser,  A. Manjanath,  P. Manohar,  E. Mansoor,  
 S. F. Manzer,  Shan-Ping Mao,  A. V. Marenich,  T. Markovich,  S. Mason,  
 S. A. Maurer,  P. F. McLaughlin,  M. F. S. J. Menger,  J.-M. Mewes,  
 S. A. Mewes,  P. Morgante,  J. W. Mullinax,  T. S. Nguyen-Beck,  
 K. J. Oosterbaan,  G. Paran,  Alexander C. Paul,  Suranjan K. Paul,  
 F. Pavosevic,  Zheng Pei,  S. Prager,  E. I. Proynov,  E. Ramos,  B. Rana,  
 A. E. Rask,  A. Rettig,  R. M. Richard,  F. Rob,  E. Rossomme,  T. Scheele,  
 M. Scheurer,  M. Schneider,  N. Sergueev,  S. M. Sharada,  W. Skomorowski,  
 D. W. Small,  C. J. Stein,  Yu-Chuan Su,  E. J. Sundstrom,  Zhen Tao,  
 J. Thirman,  T. Tsuchimochi,  N. M. Tubman,  S. P. Veccham,  O. Vydrov,  
 J. Wenzel,  J. Witte,  A. Yamada,  Kun Yao,  S. Yeganeh,  S. R. Yost,  
 A. Zech,  Igor Ying Zhang,  Xing Zhang,  Yu Zhang,  D. Zuev,  
 A. Aspuru-Guzik,  A. T. Bell,  N. A. Besley,  K. B. Bravaya,  B. R. Brooks,  
 D. Casanova,  Jeng-Da Chai,  S. Coriani,  C. J. Cramer,  
 A. E. DePrince, III,  R. A. DiStasio Jr.,  A. Dreuw,  B. D. Dunietz,  
 T. R. Furlani,  W. A. Goddard III,  S. Grimme,  S. Hammes-Schiffer,  
 T. Head-Gordon,  W. J. Hehre,  Chao-Ping Hsu,  T.-C. Jagau,  Yousung Jung,  
 A. Klamt,  Jing Kong,  D. S. Lambrecht,  WanZhen Liang,  N. J. Mayhall,  
 C. W. McCurdy,  J. B. Neaton,  C. Ochsenfeld,  J. A. Parkhill,  R. Peverati,  
 V. A. Rassolov,  Yihan Shao,  L. V. Slipchenko,  T. Stauch,  R. P. Steele,  
 J. E. Subotnik,  A. J. W. Thom,  A. Tkatchenko,  D. G. Truhlar,  
 T. Van Voorhis,  T. A. Wesolowski,  K. B. Whaley,  H. L. Woodcock III,  
 P. M. Zimmerman,  S. Faraji,  P. M. W. Gill,  M. Head-Gordon,  
 J. M. Herbert,  A. I. Krylov

 Contributors to earlier versions of Q-Chem not listed above: 
 R. D. Adamson,  B. Austin,  R. Baer,  J. Baker,  G. J. O. Beran,  
 K. Brandhorst,  S. T. Brown,  E. F. C. Byrd,  A. K. Chakraborty,  
 G. K. L. Chan,  Chun-Min Chang,  Yunqing Chen,  C.-L. Cheng,  
 Siu Hung Chien,  D. M. Chipman,  D. L. Crittenden,  H. Dachsel,  
 R. J. Doerksen,  A. D. Dutoi,  R. G. Edgar,  J. Fosso-Tande,  
 L. Fusti-Molnar,  D. Ghosh,  A. Ghysels,  A. Golubeva-Zadorozhnaya,  
 J. Gonthier,  M. S. Gordon,  S. R. Gwaltney,  G. Hawkins,  J. E. Herr,  
 A. Heyden,  S. Hirata,  E. G. Hohenstein,  G. Kedziora,  F. J. Keil,  
 C. Kelley,  Jihan Kim,  R. A. King,  R. Z. Khaliullin,  P. P. Korambath,  
 W. Kurlancheek,  A. Laurent,  A. M. Lee,  M. S. Lee,  S. V. Levchenko,  
 Ching Yeh Lin,  D. Liotard,  E. Livshits,  R. C. Lochan,  I. Lotan,  
 L. A. Martinez-Martinez,  P. E. Maslen,  N. Nair,  D. P. O'Neill,  
 D. Neuhauser,  E. Neuscamman,  C. M. Oana,  R. Olivares-Amaya,  R. Olson,  
 T. M. Perrine,  B. Peters,  P. A. Pieniazek,  A. Prociuk,  Y. M. Rhee,  
 J. Ritchie,  M. A. Rohrdanz,  E. Rosta,  N. J. Russ,  H. F. Schaefer III,  
 M. W. Schmidt,  N. E. Schultz,  S. Sharma,  N. Shenvi,  C. D. Sherrill,  
 A. C. Simmonett,  A. Sodt,  T. Stein,  D. Stuck,  K. S. Thanthiriwatte,  
 V. Vanovschi,  L. Vogt,  Tao Wang,  A. Warshel,  M. A. Watson,  
 C. F. Williams,  Q. Wu,  X. Xu,  Jun Yang,  W. Zhang,  Yan Zhao

 Please cite Q-Chem as follows:
 Y. Shao et al., Mol. Phys. 113, 184-215 (2015)
 DOI: 10.1080/00268976.2014.952696

 Q-Chem 5.4.0 for Intel X86 EM64T Linux

 Parts of Q-Chem use Armadillo 9.800.1 (Horizon Scraper).
 http://arma.sourceforge.net/

 Q-Chem begins on Sun Jul 10 05:45:46 2022  

 Host: 
0

     Scratch files written to ./qchem1372101//
 May1621 |scratch|qcdevops|jenkins|workspace|build_RNUM    
 Processing $rem in /cm/shared/apps/spack/cpu/opt/spack/linux-centos8-zen2/gcc-10.2.0/qchem-5.4-akfmr7b3t57bfs6qan3padb2wnb2i7cl/config/preferences:
 Processing $rem in /home/theleonzhang/.qchemrc:
 Symmetry turned off for PCM/SM12/SMD calculation
 Core orbitals will be frozen

 Checking the input file for inconsistencies... 	...done.

--------------------------------------------------------------
User input:
--------------------------------------------------------------
$molecule
0 1
C	0.264439	-3.866725	0.728625
C	-0.209794	-3.703963	-0.575519
C	-0.364749	-2.357056	-1.002336
H	-0.446060	-4.561092	-1.224165
C	-0.000000	-1.440664	-0.000000
S	0.528253	-2.286957	1.451336
C	-0.862253	-1.978743	-2.369885
H	-1.082953	-2.878678	-2.976034
H	-0.115513	-1.376015	-2.927887
H	-1.792797	-1.375728	-2.317620
C	0.000000	0.000000	0.000000
C	0.149995	0.850475	1.099446
C	0.390327	2.213354	0.776721
H	0.085947	0.487279	2.136088
C	0.428665	2.430655	-0.612546
S	0.163670	0.928078	-1.486809
C	0.579235	3.284574	1.814609
H	0.505323	2.865404	2.836676
H	-0.185980	4.083890	1.726239
H	1.571698	3.773937	1.726228
H	0.593515	3.365448	-1.161575
H	1.225465	-4.392713	0.745219
H	-0.461378	-4.392347	1.359038
H	-1.014907	-1.440391	0.369273
$end

$rem
JOBTYPE		SP
EXCHANGE	HF
CORRELATION	pRIMP2
BASIS		cc-pvtz
METHOD		rimp2
AUX_BASIS	rimp2-cc-pvtz
SOLVENT_METHOD	PCM
PURECART	11111
SYMMETRY	false
MEM_TOTAL	110000
SCF_CONVERGENCE = 6
THRESH=10
$end



$solvent
dielectric 4.90
$end
--------------------------------------------------------------
 ----------------------------------------------------------------
             Standard Nuclear Orientation (Angstroms)
    I     Atom           X                Y                Z
 ----------------------------------------------------------------
    1      C       0.2644390000    -3.8667250000     0.7286250000
    2      C      -0.2097940000    -3.7039630000    -0.5755190000
    3      C      -0.3647490000    -2.3570560000    -1.0023360000
    4      H      -0.4460600000    -4.5610920000    -1.2241650000
    5      C       0.0000000000    -1.4406640000     0.0000000000
    6      S       0.5282530000    -2.2869570000     1.4513360000
    7      C      -0.8622530000    -1.9787430000    -2.3698850000
    8      H      -1.0829530000    -2.8786780000    -2.9760340000
    9      H      -0.1155130000    -1.3760150000    -2.9278870000
   10      H      -1.7927970000    -1.3757280000    -2.3176200000
   11      C       0.0000000000     0.0000000000     0.0000000000
   12      C       0.1499950000     0.8504750000     1.0994460000
   13      C       0.3903270000     2.2133540000     0.7767210000
   14      H       0.0859470000     0.4872790000     2.1360880000
   15      C       0.4286650000     2.4306550000    -0.6125460000
   16      S       0.1636700000     0.9280780000    -1.4868090000
   17      C       0.5792350000     3.2845740000     1.8146090000
   18      H       0.5053230000     2.8654040000     2.8366760000
   19      H      -0.1859800000     4.0838900000     1.7262390000
   20      H       1.5716980000     3.7739370000     1.7262280000
   21      H       0.5935150000     3.3654480000    -1.1615750000
   22      H       1.2254650000    -4.3927130000     0.7452190000
   23      H      -0.4613780000    -4.3923470000     1.3590380000
   24      H      -1.0149070000    -1.4403910000     0.3692730000
 ----------------------------------------------------------------
 Nuclear Repulsion Energy =         875.96725491 hartrees
 There are       52 alpha and       52 beta electrons

 Q-Chem warning in module forms1/BasisType.C, line 2236:

 You are not using the predefined 5D/6D in this basis set.

 Requested basis set is cc-pVTZ
 There are 196 shells and 536 basis functions

 Total QAlloc Memory Limit 110000 MB
 Mega-Array Size       188 MB
 MEM_STATIC part       192 MB
 Discretize the solute cavity surface with Lebedev spheres
	Using 110 Lebedev grid points for each H atom
	Using 194 Lebedev grid points for other atoms
	Atomic van der Waals radii will be scaled by 1.20
 Remove points where switching function is < 1.0e-08
 Keep 1593 surface tesserae and discard 2055 interior tesserae
 Molecular Surface Area = 231.169 Angst**2
 Requested basis set is rimp2-cc-pVTZ
 There are 414 shells and 1414 basis functions
 A cutoff of  1.0D-10 yielded  13854 shell pairs
 There are    100354 function pairs (    128659 Cartesian)
 Smallest overlap matrix eigenvalue = 5.20E-05

 Scale SEOQF with 1.000000e-01/1.000000e-01/1.000000e-01

 Standard Electronic Orientation quadrupole field applied
 Nucleus-field energy     =     0.0000000228 hartrees
 Guess from superposition of atomic densities
 Warning:  Energy on first SCF cycle will be non-variational
 SAD guess density has 104.000000 electrons

 -----------------------------------------------------------------------
  General SCF calculation program by
  Eric Jon Sundstrom, Paul Horn, Yuezhi Mao, Dmitri Zuev, Alec White,
  David Stuck, Shaama M.S., Shane Yost, Joonho Lee, David Small,
  Daniel Levine, Susi Lehtola, Hugh Burton, Evgeny Epifanovsky,
  Bang C. Huynh
 -----------------------------------------------------------------------
 Hartree-Fock
 A restricted SCF calculation will be
 performed using DIIS
 SCF converges when DIIS error is below 1.0e-06
 ---------------------------------------
  Cycle       Energy         DIIS error
 ---------------------------------------
    1   -1186.0446519533      2.39e-02  
    2   -1180.6088732971      1.58e-03  
    3   -1180.7344660749      6.58e-04  
    4   -1180.7504314820      3.53e-04  
    5   -1180.7561680581      5.85e-05  
    6   -1180.7564122614      2.44e-05  
    7   -1180.7564683095      8.45e-06  
    8   -1180.7564799920      4.09e-06  
    9   -1180.7564825347      1.37e-06  
   10   -1180.7564829298      5.09e-07  Convergence criterion met
 ---------------------------------------
 SCF time:   CPU 573.56s  wall 577.00s 

************** Final PCM Free Energy Summary **************
 G_electrostatic  =      -0.00835183 hartree =      -5.24085332 kcal/mol
 G_cavitation     =       0.00000000 hartree =       0.00000000 kcal/mol
 G_dispersion     =       0.00000000 hartree =       0.00000000 kcal/mol
 G_repulsion      =       0.00000000 hartree =       0.00000000 kcal/mol
 --------------------------------------------------
 Non-electrostatic Free Energy =       0.00000000 hartree =       0.00000000 kcal/mol
 Total                         =      -0.00835183 hartree =      -5.24085332 kcal/mol
 --------------------------------------------------
 SCF Energy (H0 + V/2)                       =   -1180.75648293 
 Solute Internal Energy (H0)                 =   -1180.74813110 
 Total Free Energy (H0 + V/2 + non-elec)     =   -1180.75648293 hartree
                                             = -740935.87598308 kcal/mol
***********************************************************

 SCF   energy in the final basis set =    -1180.7564829298
 Total energy in the final basis set =    -1180.7564829298


 --------------------------------------------------------------
  Generalized many-body perturbation theory program
  by Joonho Lee, Fazle Rob, Xintian Feng, Evgeny Epifanovsky

 No regularization used 
 (reg. param. = 0.0000e+00)
  (P|Q)^-1/2 Time:  CPU 1.91 s  wall 1.92 s

 In RI-MP2 calculation: 
 # of frozen core orbitals: 20

 Components of the RIMP2 correlation energy:
        aaaa    correlation energy =        -0.2516326804 a.u.
        abab    correlation energy =        -1.5032363410 a.u.
        bbbb    correlation energy =        -0.2516326804 a.u.
        non-Brillouin singles      =        -0.0000000000 a.u.
        total same-spin energy     =        -0.5032653609 a.u.
        total opposite-spin energy =        -1.5032363410 a.u.

 Total  RIMP2   correlation energy =        -2.0065017019 a.u.
        RIMP2         total energy =     -1182.7629846316 a.u.

 RI-MP2 Energy Time:  CPU 79.33 s  wall 79.70 s
 
 --------------------------------------------------------------
 
                    Orbital Energies (a.u.)
 --------------------------------------------------------------
 
 Alpha MOs
 -- Occupied --
-91.9815 -91.9462 -11.2893 -11.2659 -11.2604 -11.2543 -11.2504 -11.2438
-11.2332 -11.2324 -11.2277 -11.2227  -8.9815  -8.9508  -6.6624  -6.6618
 -6.6612  -6.6321  -6.6311  -6.6298  -1.2020  -1.1525  -1.0605  -1.0284
 -1.0072  -0.9564  -0.9161  -0.9015  -0.8156  -0.7715  -0.7195  -0.7027
 -0.6616  -0.6471  -0.6109  -0.5898  -0.5826  -0.5734  -0.5679  -0.5543
 -0.5421  -0.5343  -0.5155  -0.5093  -0.4878  -0.4843  -0.4580  -0.4471
 -0.3585  -0.3421  -0.3252  -0.2650
 -- Virtual --
  0.1029   0.1323   0.1443   0.1496   0.1587   0.1701   0.1771   0.1829
  0.1918   0.1966   0.2047   0.2089   0.2292   0.2311   0.2392   0.2411
  0.2534   0.2624   0.2743   0.3031   0.3247   0.3369   0.3510   0.3588
  0.3703   0.3782   0.3831   0.3948   0.4064   0.4119   0.4169   0.4320
  0.4414   0.4508   0.4602   0.4633   0.4778   0.4796   0.4849   0.5062
  0.5080   0.5137   0.5296   0.5321   0.5393   0.5451   0.5459   0.5509
  0.5668   0.5739   0.5836   0.6004   0.6078   0.6133   0.6155   0.6167
  0.6232   0.6255   0.6319   0.6363   0.6398   0.6455   0.6470   0.6556
  0.6622   0.6728   0.6849   0.6899   0.6976   0.7138   0.7198   0.7249
  0.7415   0.7516   0.7597   0.7827   0.7957   0.8026   0.8113   0.8210
  0.8459   0.8524   0.8585   0.8695   0.8804   0.8987   0.9090   0.9167
  0.9310   0.9364   0.9412   0.9699   0.9753   0.9855   1.0030   1.0099
  1.0152   1.0257   1.0404   1.0498   1.0586   1.0692   1.0786   1.0825
  1.0905   1.0969   1.1092   1.1181   1.1430   1.1523   1.1568   1.1627
  1.1683   1.1861   1.1966   1.2095   1.2220   1.2226   1.2359   1.2391
  1.2572   1.2712   1.2725   1.2753   1.2837   1.2889   1.2994   1.3124
  1.3211   1.3317   1.3404   1.3672   1.3851   1.3950   1.4030   1.4098
  1.4155   1.4269   1.4425   1.4594   1.4727   1.4800   1.4854   1.4930
  1.5090   1.5143   1.5263   1.5314   1.5332   1.5387   1.5507   1.5560
  1.5668   1.5793   1.5918   1.5959   1.6089   1.6272   1.6347   1.6446
  1.6546   1.6686   1.6833   1.6876   1.6978   1.7199   1.7247   1.7363
  1.7415   1.7560   1.7954   1.7970   1.8165   1.8240   1.8383   1.8520
  1.8956   1.9158   1.9337   1.9401   1.9536   1.9745   1.9933   1.9978
  2.0179   2.0207   2.0513   2.0543   2.0697   2.0920   2.1503   2.1583
  2.1909   2.2005   2.2100   2.2211   2.2238   2.2551   2.2808   2.2904
  2.2971   2.3218   2.3410   2.3669   2.4114   2.4321   2.4597   2.4736
  2.4948   2.5146   2.5342   2.5518   2.5719   2.5924   2.6004   2.6133
  2.6436   2.6490   2.6610   2.6658   2.6853   2.6927   2.7054   2.7301
  2.7385   2.7510   2.7559   2.7678   2.7738   2.7790   2.8072   2.8124
  2.8209   2.8400   2.8544   2.8922   2.8959   2.9011   2.9105   2.9200
  2.9465   2.9579   2.9694   2.9749   2.9942   3.0117   3.0317   3.0418
  3.0529   3.0715   3.0931   3.1063   3.1134   3.1144   3.1256   3.1403
  3.1513   3.1548   3.1707   3.1737   3.1815   3.1924   3.2159   3.2252
  3.2284   3.2426   3.2541   3.2595   3.2690   3.2769   3.2972   3.3034
  3.3072   3.3282   3.3317   3.3392   3.3437   3.3475   3.3608   3.3719
  3.3749   3.3819   3.3878   3.4001   3.4014   3.4134   3.4196   3.4338
  3.4350   3.4478   3.4572   3.4606   3.4728   3.4858   3.4972   3.5021
  3.5114   3.5157   3.5259   3.5428   3.5487   3.5582   3.5673   3.5706
  3.5860   3.5961   3.6118   3.6260   3.6297   3.6404   3.6489   3.6558
  3.6735   3.6827   3.6963   3.6999   3.7139   3.7221   3.7328   3.7394
  3.7465   3.7523   3.7726   3.7801   3.7868   3.7904   3.8084   3.8117
  3.8268   3.8348   3.8516   3.8662   3.8722   3.8904   3.9052   3.9135
  3.9334   3.9381   3.9525   3.9710   3.9780   3.9873   4.0052   4.0082
  4.0310   4.0374   4.0459   4.0508   4.0720   4.0884   4.0938   4.0993
  4.1213   4.1345   4.1453   4.1562   4.1634   4.1695   4.1830   4.2082
  4.2116   4.2165   4.2274   4.2431   4.2490   4.2696   4.2814   4.2827
  4.2890   4.2971   4.3265   4.3400   4.3482   4.3523   4.3549   4.3642
  4.3723   4.3851   4.4030   4.4109   4.4189   4.4218   4.4335   4.4529
  4.4616   4.4679   4.4808   4.4895   4.5183   4.5286   4.5513   4.5804
  4.5907   4.5985   4.6005   4.6275   4.6351   4.6405   4.6680   4.6913
  4.7088   4.7184   4.7396   4.7675   4.7859   4.8107   4.8150   4.8405
  4.8499   4.8709   4.8871   4.8937   4.9232   4.9601   4.9749   4.9845
  5.0297   5.0566   5.0822   5.1008   5.1163   5.1247   5.1567   5.1794
  5.1981   5.2222   5.2508   5.2642   5.2873   5.2891   5.3057   5.3240
  5.3520   5.3711   5.3769   5.3890   5.4096   5.4199   5.4401   5.4557
  5.4693   5.5122   5.5175   5.5433   5.5541   5.5565   5.5687   5.5845
  5.6221   5.6367   5.6495   5.6757   5.6831   5.7008   5.7070   5.7302
  5.7594   5.7882   5.8467   5.9933   6.0154   6.1252   6.1380   6.1535
  6.2192   6.2280   6.2330   6.2512   6.2681   6.2851   6.3038   6.3376
  6.4074   6.5046   9.5883  10.8230  12.0744  13.0085  13.1935  13.9762
 14.1386  14.2931  14.3962  14.7620
 --------------------------------------------------------------
 
          Ground-State Mulliken Net Atomic Charges

     Atom                 Charge (a.u.)
  ----------------------------------------
      1 C                    -0.074955
      2 C                    -0.321790
      3 C                    -0.042992
      4 H                     0.178954
      5 C                     0.137287
      6 S                    -0.180106
      7 C                    -0.303593
      8 H                     0.120035
      9 H                     0.111553
     10 H                     0.114668
     11 C                    -0.026380
     12 C                    -0.329419
     13 C                     0.052544
     14 H                     0.178184
     15 C                    -0.276414
     16 S                     0.011314
     17 C                    -0.272918
     18 H                     0.102666
     19 H                     0.107963
     20 H                     0.109038
     21 H                     0.194805
     22 H                     0.113957
     23 H                     0.110904
     24 H                     0.184692
  ----------------------------------------
  Sum of atomic charges =     0.000000

 -----------------------------------------------------------------
                    Cartesian Multipole Moments
 -----------------------------------------------------------------
    Charge (ESU x 10^10)
                -0.0000
    Dipole Moment (Debye)
         X      -1.4365      Y      -0.3760      Z      -0.5717
       Tot       1.5912
    Quadrupole Moments (Debye-Ang)
        XX     -91.6156     XY       4.2939     YY     -73.4403
        XZ       0.1722     YZ       4.0090     ZZ     -85.4400
    Octopole Moments (Debye-Ang^2)
       XXX     -36.1711    XXY      45.9226    XYY      -7.2259
       YYY     116.5505    XXZ      -0.7088    XYZ      -1.7042
       YYZ      -0.7316    XZZ     -13.8041    YZZ      49.8413
       ZZZ      -2.0161
    Hexadecapole Moments (Debye-Ang^3)
      XXXX    -237.0876   XXXY     -88.6928   XXYY    -559.3619
      XYYY     -63.8128   YYYY   -2745.0775   XXXZ    -111.2772
      XXYZ     -27.7487   XYYZ     -28.8274   YYYZ    -107.3236
      XXZZ    -220.9827   XYZZ     -11.0899   YYZZ    -645.6986
      XZZZ    -103.8458   YZZZ     -66.2262   ZZZZ   -1031.4250
 -----------------------------------------------------------------
 Total job time:  658.16s(wall), 653.84s(cpu) 
 Sun Jul 10 05:56:44 2022

        *************************************************************
        *                                                           *
        *  Thank you very much for using Q-Chem.  Have a nice day.  *
        *                                                           *
        *************************************************************


remove work dirs ./qchem1372101.0 -- ./qchem1372101.-1
rm -rf ./qchem1372101
