You are running Q-Chem version: 5.4.0

#
# job setting
#
local host:  exp-1-44
current dir: /expanse/lustre/scratch/theleonzhang/temp_project/Hydrogenated_Rotation_Test
input file:  Methylthiophene_Phi_10_Theta_330_Methylthiophene_Hydrogenated.qcin
output file: 
nprocs     : 0
nthreads   : 1
#
# qchem installation setting
#
QC:          /cm/shared/apps/spack/cpu/opt/spack/linux-centos8-zen2/gcc-10.2.0/qchem-5.4-akfmr7b3t57bfs6qan3padb2wnb2i7cl
QCAUX:       /cm/shared/apps/spack/cpu/opt/spack/linux-centos8-zen2/gcc-10.2.0/qchem-5.4-akfmr7b3t57bfs6qan3padb2wnb2i7cl/qcaux
QCPROG:      /cm/shared/apps/spack/cpu/opt/spack/linux-centos8-zen2/gcc-10.2.0/qchem-5.4-akfmr7b3t57bfs6qan3padb2wnb2i7cl/exe/qcprog.exe_s
QCPROG_S:    /cm/shared/apps/spack/cpu/opt/spack/linux-centos8-zen2/gcc-10.2.0/qchem-5.4-akfmr7b3t57bfs6qan3padb2wnb2i7cl/exe/qcprog.exe_s
PARALLEL:    -DSERIAL
QCMPI:       mpich
#
# qchem directory setting
#
qcrun:       qchem1753714
QCSCRATCH:   .
QCLOCALSCR:  
QCTMPDIR:    .
QCFILEPREF:  ./qchem1753714
QCSAVEDIR:   
workdirs:    ./qchem1753714
workdir0:    ./qchem1753714
partmpdirs =  
#
# parallel setting
#
QCRSH:           ssh
QCMPI:           mpich
QCMPIRUN:        /cm/shared/apps/spack/cpu/opt/spack/linux-centos8-zen2/gcc-10.2.0/qchem-5.4-akfmr7b3t57bfs6qan3padb2wnb2i7cl/bin/mpi/mpirun_qchem
QCMACHINEFILE:   ./qchem1753714/hostfile

#
# env setting
#
exported envs:   QC QCAUX QCSCRATCH QCRUNNAME QCFILEPREF QCPROG QCPROG_S GUIFILE

Running Job 1 of 1 Methylthiophene_Phi_10_Theta_330_Methylthiophene_Hydrogenated.qcin
qchem Methylthiophene_Phi_10_Theta_330_Methylthiophene_Hydrogenated.qcin_1753714.0 ./qchem1753714/ 0
/cm/shared/apps/spack/cpu/opt/spack/linux-centos8-zen2/gcc-10.2.0/qchem-5.4-akfmr7b3t57bfs6qan3padb2wnb2i7cl/exe/qcprog.exe_s Methylthiophene_Phi_10_Theta_330_Methylthiophene_Hydrogenated.qcin_1753714.0 ./qchem1753714/
                  Welcome to Q-Chem
     A Quantum Leap Into The Future Of Chemistry


 Q-Chem 5.4, Q-Chem, Inc., Pleasanton, CA (2021)

 License issued to: University of California, San Diego (site)

 E. Epifanovsky,  A. T. B. Gilbert,  Xintian Feng,  Joonho Lee,  Yuezhi Mao,  
 N. Mardirossian,  P. Pokhilko,  A. White,  M. Wormit,  M. P. Coons,  
 A. L. Dempwolff,  Zhengting Gan,  D. Hait,  P. R. Horn,  L. D. Jacobson,  
 I. Kaliman,  J. Kussmann,  A. W. Lange,  Ka Un Lao,  D. S. Levine,  Jie Liu,  
 S. C. McKenzie,  A. F. Morrison,  K. Nanda,  F. Plasser,  D. R. Rehn,  
 M. L. Vidal,  Zhi-Qiang You,  Ying Zhu,  B. Alam,  B. Albrecht,  
 A. Aldossary,  E. Alguire,  J. H. Andersen,  D. Barton,  K. Begam,  A. Behn,  
 Y. A. Bernard,  E. J. Berquist,  H. Burton,  A. Carreras,  K. Carter-Fenk,  
 R. Chakraborty,  A. D. Chien,  K. D. Closser,  V. Cofer-Shabica,  
 S. Dasgupta,  Jia Deng,  M. de Wergifosse,  M. Diedenhofen,  Hainam Do,  
 S. Ehlert,  Po-Tung Fang,  S. Fatehi,  Qingguo Feng,  J. Gayvert,  
 Qinghui Ge,  G. Gidofalvi,  M. Goldey,  J. Gomes,  C. Gonzalez-Espinoza,  
 S. Gulania,  A. Gunina,  M. W. D. Hanson-Heine,  P. H. P. Harbach,  
 A. W. Hauser,  M. F. Herbst,  M. Hernandez Vera,  M. Hodecker,  
 Z. C. Holden,  S. Houck,  Xunkun Huang,  Kerwin Hui,  B. C. Huynh,  
 M. Ivanov,  Hyunjun Ji,  Hanjie Jiang,  B. Kaduk,  S. Kaehler,  
 K. Khistyaev,  Jaehoon Kim,  P. Klunzinger,  Z. Koczor-Benda,  
 Joong Hoon Koh,  D. Kosenkov,  L. Koulias,  T. Kowalczyk,  C. M. Krauter,  
 K. Kue,  A. Kunitsa,  T. Kus,  A. Landau,  K. V. Lawler,  D. Lefrancois,  
 S. Lehtola,  Rain Li,  Yi-Pei Li,  Jiashu Liang,  M. Liebenthal,  
 Hung-Hsuan Lin,  You-Sheng Lin,  Fenglai Liu,  Kuan-Yu Liu,  
 M. Loipersberger,  A. Luenser,  A. Manjanath,  P. Manohar,  E. Mansoor,  
 S. F. Manzer,  Shan-Ping Mao,  A. V. Marenich,  T. Markovich,  S. Mason,  
 S. A. Maurer,  P. F. McLaughlin,  M. F. S. J. Menger,  J.-M. Mewes,  
 S. A. Mewes,  P. Morgante,  J. W. Mullinax,  T. S. Nguyen-Beck,  
 K. J. Oosterbaan,  G. Paran,  Alexander C. Paul,  Suranjan K. Paul,  
 F. Pavosevic,  Zheng Pei,  S. Prager,  E. I. Proynov,  E. Ramos,  B. Rana,  
 A. E. Rask,  A. Rettig,  R. M. Richard,  F. Rob,  E. Rossomme,  T. Scheele,  
 M. Scheurer,  M. Schneider,  N. Sergueev,  S. M. Sharada,  W. Skomorowski,  
 D. W. Small,  C. J. Stein,  Yu-Chuan Su,  E. J. Sundstrom,  Zhen Tao,  
 J. Thirman,  T. Tsuchimochi,  N. M. Tubman,  S. P. Veccham,  O. Vydrov,  
 J. Wenzel,  J. Witte,  A. Yamada,  Kun Yao,  S. Yeganeh,  S. R. Yost,  
 A. Zech,  Igor Ying Zhang,  Xing Zhang,  Yu Zhang,  D. Zuev,  
 A. Aspuru-Guzik,  A. T. Bell,  N. A. Besley,  K. B. Bravaya,  B. R. Brooks,  
 D. Casanova,  Jeng-Da Chai,  S. Coriani,  C. J. Cramer,  
 A. E. DePrince, III,  R. A. DiStasio Jr.,  A. Dreuw,  B. D. Dunietz,  
 T. R. Furlani,  W. A. Goddard III,  S. Grimme,  S. Hammes-Schiffer,  
 T. Head-Gordon,  W. J. Hehre,  Chao-Ping Hsu,  T.-C. Jagau,  Yousung Jung,  
 A. Klamt,  Jing Kong,  D. S. Lambrecht,  WanZhen Liang,  N. J. Mayhall,  
 C. W. McCurdy,  J. B. Neaton,  C. Ochsenfeld,  J. A. Parkhill,  R. Peverati,  
 V. A. Rassolov,  Yihan Shao,  L. V. Slipchenko,  T. Stauch,  R. P. Steele,  
 J. E. Subotnik,  A. J. W. Thom,  A. Tkatchenko,  D. G. Truhlar,  
 T. Van Voorhis,  T. A. Wesolowski,  K. B. Whaley,  H. L. Woodcock III,  
 P. M. Zimmerman,  S. Faraji,  P. M. W. Gill,  M. Head-Gordon,  
 J. M. Herbert,  A. I. Krylov

 Contributors to earlier versions of Q-Chem not listed above: 
 R. D. Adamson,  B. Austin,  R. Baer,  J. Baker,  G. J. O. Beran,  
 K. Brandhorst,  S. T. Brown,  E. F. C. Byrd,  A. K. Chakraborty,  
 G. K. L. Chan,  Chun-Min Chang,  Yunqing Chen,  C.-L. Cheng,  
 Siu Hung Chien,  D. M. Chipman,  D. L. Crittenden,  H. Dachsel,  
 R. J. Doerksen,  A. D. Dutoi,  R. G. Edgar,  J. Fosso-Tande,  
 L. Fusti-Molnar,  D. Ghosh,  A. Ghysels,  A. Golubeva-Zadorozhnaya,  
 J. Gonthier,  M. S. Gordon,  S. R. Gwaltney,  G. Hawkins,  J. E. Herr,  
 A. Heyden,  S. Hirata,  E. G. Hohenstein,  G. Kedziora,  F. J. Keil,  
 C. Kelley,  Jihan Kim,  R. A. King,  R. Z. Khaliullin,  P. P. Korambath,  
 W. Kurlancheek,  A. Laurent,  A. M. Lee,  M. S. Lee,  S. V. Levchenko,  
 Ching Yeh Lin,  D. Liotard,  E. Livshits,  R. C. Lochan,  I. Lotan,  
 L. A. Martinez-Martinez,  P. E. Maslen,  N. Nair,  D. P. O'Neill,  
 D. Neuhauser,  E. Neuscamman,  C. M. Oana,  R. Olivares-Amaya,  R. Olson,  
 T. M. Perrine,  B. Peters,  P. A. Pieniazek,  A. Prociuk,  Y. M. Rhee,  
 J. Ritchie,  M. A. Rohrdanz,  E. Rosta,  N. J. Russ,  H. F. Schaefer III,  
 M. W. Schmidt,  N. E. Schultz,  S. Sharma,  N. Shenvi,  C. D. Sherrill,  
 A. C. Simmonett,  A. Sodt,  T. Stein,  D. Stuck,  K. S. Thanthiriwatte,  
 V. Vanovschi,  L. Vogt,  Tao Wang,  A. Warshel,  M. A. Watson,  
 C. F. Williams,  Q. Wu,  X. Xu,  Jun Yang,  W. Zhang,  Yan Zhao

 Please cite Q-Chem as follows:
 Y. Shao et al., Mol. Phys. 113, 184-215 (2015)
 DOI: 10.1080/00268976.2014.952696

 Q-Chem 5.4.0 for Intel X86 EM64T Linux

 Parts of Q-Chem use Armadillo 9.800.1 (Horizon Scraper).
 http://arma.sourceforge.net/

 Q-Chem begins on Sun Jul 10 05:00:12 2022  

 Host: 
0

     Scratch files written to ./qchem1753714//
 May1621 |scratch|qcdevops|jenkins|workspace|build_RNUM    
 Processing $rem in /cm/shared/apps/spack/cpu/opt/spack/linux-centos8-zen2/gcc-10.2.0/qchem-5.4-akfmr7b3t57bfs6qan3padb2wnb2i7cl/config/preferences:
 Processing $rem in /home/theleonzhang/.qchemrc:
 Symmetry turned off for PCM/SM12/SMD calculation
 Core orbitals will be frozen

 Checking the input file for inconsistencies... 	...done.

--------------------------------------------------------------
User input:
--------------------------------------------------------------
$molecule
0 1
C	0.386946	-3.866725	0.671636
C	-0.306544	-3.703963	-0.530345
C	-0.533261	-2.357056	-0.923770
H	-0.651857	-4.561092	-1.128109
C	-0.000000	-1.440664	-0.000000
S	0.772250	-2.286957	1.337557
C	-1.260680	-1.978743	-2.184153
H	-1.583283	-2.878678	-2.742769
H	-0.622180	-1.376015	-2.863347
H	-2.168011	-1.375728	-1.971094
C	0.000000	0.000000	0.000000
C	0.149995	0.850475	1.099446
C	0.390327	2.213354	0.776721
H	0.085947	0.487279	2.136088
C	0.428665	2.430655	-0.612546
S	0.163670	0.928078	-1.486809
C	0.579235	3.284574	1.814609
H	0.505323	2.865404	2.836676
H	-0.185980	4.083890	1.726239
H	1.571698	3.773937	1.726228
H	0.593515	3.365448	-1.161575
H	1.336254	-4.392713	0.521098
H	-0.218374	-4.392347	1.418509
H	-0.935365	-1.440391	0.539900
$end

$rem
JOBTYPE		SP
EXCHANGE	HF
CORRELATION	pRIMP2
BASIS		cc-pvtz
METHOD		rimp2
AUX_BASIS	rimp2-cc-pvtz
SOLVENT_METHOD	PCM
PURECART	11111
SYMMETRY	false
MEM_TOTAL	110000
SCF_CONVERGENCE = 6
THRESH=10
$end



$solvent
dielectric 4.90
$end
--------------------------------------------------------------
 ----------------------------------------------------------------
             Standard Nuclear Orientation (Angstroms)
    I     Atom           X                Y                Z
 ----------------------------------------------------------------
    1      C       0.3869460000    -3.8667250000     0.6716360000
    2      C      -0.3065440000    -3.7039630000    -0.5303450000
    3      C      -0.5332610000    -2.3570560000    -0.9237700000
    4      H      -0.6518570000    -4.5610920000    -1.1281090000
    5      C       0.0000000000    -1.4406640000     0.0000000000
    6      S       0.7722500000    -2.2869570000     1.3375570000
    7      C      -1.2606800000    -1.9787430000    -2.1841530000
    8      H      -1.5832830000    -2.8786780000    -2.7427690000
    9      H      -0.6221800000    -1.3760150000    -2.8633470000
   10      H      -2.1680110000    -1.3757280000    -1.9710940000
   11      C       0.0000000000     0.0000000000     0.0000000000
   12      C       0.1499950000     0.8504750000     1.0994460000
   13      C       0.3903270000     2.2133540000     0.7767210000
   14      H       0.0859470000     0.4872790000     2.1360880000
   15      C       0.4286650000     2.4306550000    -0.6125460000
   16      S       0.1636700000     0.9280780000    -1.4868090000
   17      C       0.5792350000     3.2845740000     1.8146090000
   18      H       0.5053230000     2.8654040000     2.8366760000
   19      H      -0.1859800000     4.0838900000     1.7262390000
   20      H       1.5716980000     3.7739370000     1.7262280000
   21      H       0.5935150000     3.3654480000    -1.1615750000
   22      H       1.3362540000    -4.3927130000     0.5210980000
   23      H      -0.2183740000    -4.3923470000     1.4185090000
   24      H      -0.9353650000    -1.4403910000     0.5399000000
 ----------------------------------------------------------------
 Nuclear Repulsion Energy =         875.18935743 hartrees
 There are       52 alpha and       52 beta electrons

 Q-Chem warning in module forms1/BasisType.C, line 2236:

 You are not using the predefined 5D/6D in this basis set.

 Requested basis set is cc-pVTZ
 There are 196 shells and 536 basis functions

 Total QAlloc Memory Limit 110000 MB
 Mega-Array Size       188 MB
 MEM_STATIC part       192 MB
 Discretize the solute cavity surface with Lebedev spheres
	Using 110 Lebedev grid points for each H atom
	Using 194 Lebedev grid points for other atoms
	Atomic van der Waals radii will be scaled by 1.20
 Remove points where switching function is < 1.0e-08
 Keep 1590 surface tesserae and discard 2058 interior tesserae
 Molecular Surface Area = 232.909 Angst**2
 Requested basis set is rimp2-cc-pVTZ
 There are 414 shells and 1414 basis functions
 A cutoff of  1.0D-10 yielded  13846 shell pairs
 There are    100340 function pairs (    128684 Cartesian)
 Smallest overlap matrix eigenvalue = 5.55E-05

 Scale SEOQF with 1.000000e-01/1.000000e-01/1.000000e-01

 Standard Electronic Orientation quadrupole field applied
 Nucleus-field energy     =     0.0000000250 hartrees
 Guess from superposition of atomic densities
 Warning:  Energy on first SCF cycle will be non-variational
 SAD guess density has 104.000000 electrons

 -----------------------------------------------------------------------
  General SCF calculation program by
  Eric Jon Sundstrom, Paul Horn, Yuezhi Mao, Dmitri Zuev, Alec White,
  David Stuck, Shaama M.S., Shane Yost, Joonho Lee, David Small,
  Daniel Levine, Susi Lehtola, Hugh Burton, Evgeny Epifanovsky,
  Bang C. Huynh
 -----------------------------------------------------------------------
 Hartree-Fock
 A restricted SCF calculation will be
 performed using DIIS
 SCF converges when DIIS error is below 1.0e-06
 ---------------------------------------
  Cycle       Energy         DIIS error
 ---------------------------------------
    1   -1186.0361759924      2.39e-02  
    2   -1180.6113685468      1.57e-03  
    3   -1180.7364049637      6.42e-04  
    4   -1180.7517733419      3.49e-04  
    5   -1180.7573706551      5.82e-05  
    6   -1180.7576125456      2.43e-05  
    7   -1180.7576686323      8.50e-06  
    8   -1180.7576806824      4.13e-06  
    9   -1180.7576833502      1.40e-06  
   10   -1180.7576837652      5.05e-07  Convergence criterion met
 ---------------------------------------
 SCF time:   CPU 562.54s  wall 569.00s 

************** Final PCM Free Energy Summary **************
 G_electrostatic  =      -0.00843638 hartree =      -5.29390764 kcal/mol
 G_cavitation     =       0.00000000 hartree =       0.00000000 kcal/mol
 G_dispersion     =       0.00000000 hartree =       0.00000000 kcal/mol
 G_repulsion      =       0.00000000 hartree =       0.00000000 kcal/mol
 --------------------------------------------------
 Non-electrostatic Free Energy =       0.00000000 hartree =       0.00000000 kcal/mol
 Total                         =      -0.00843638 hartree =      -5.29390764 kcal/mol
 --------------------------------------------------
 SCF Energy (H0 + V/2)                       =   -1180.75768377 
 Solute Internal Energy (H0)                 =   -1180.74924739 
 Total Free Energy (H0 + V/2 + non-elec)     =   -1180.75768377 hartree
                                             = -740936.62951867 kcal/mol
***********************************************************

 SCF   energy in the final basis set =    -1180.7576837652
 Total energy in the final basis set =    -1180.7576837652


 --------------------------------------------------------------
  Generalized many-body perturbation theory program
  by Joonho Lee, Fazle Rob, Xintian Feng, Evgeny Epifanovsky

 No regularization used 
 (reg. param. = 0.0000e+00)
  (P|Q)^-1/2 Time:  CPU 1.90 s  wall 1.91 s

 In RI-MP2 calculation: 
 # of frozen core orbitals: 20

 Components of the RIMP2 correlation energy:
        aaaa    correlation energy =        -0.2515588775 a.u.
        abab    correlation energy =        -1.5031504557 a.u.
        bbbb    correlation energy =        -0.2515588775 a.u.
        non-Brillouin singles      =        -0.0000000000 a.u.
        total same-spin energy     =        -0.5031177550 a.u.
        total opposite-spin energy =        -1.5031504557 a.u.

 Total  RIMP2   correlation energy =        -2.0062682107 a.u.
        RIMP2         total energy =     -1182.7639519759 a.u.

 RI-MP2 Energy Time:  CPU 80.10 s  wall 80.40 s
 
 --------------------------------------------------------------
 
                    Orbital Energies (a.u.)
 --------------------------------------------------------------
 
 Alpha MOs
 -- Occupied --
-91.9816 -91.9453 -11.2880 -11.2652 -11.2592 -11.2559 -11.2506 -11.2432
-11.2341 -11.2330 -11.2280 -11.2222  -8.9816  -8.9499  -6.6625  -6.6619
 -6.6613  -6.6312  -6.6302  -6.6289  -1.2012  -1.1526  -1.0600  -1.0278
 -1.0073  -0.9567  -0.9154  -0.9013  -0.8155  -0.7704  -0.7220  -0.7015
 -0.6619  -0.6457  -0.6108  -0.5886  -0.5821  -0.5738  -0.5678  -0.5539
 -0.5420  -0.5340  -0.5149  -0.5085  -0.4885  -0.4836  -0.4583  -0.4482
 -0.3577  -0.3426  -0.3234  -0.2664
 -- Virtual --
  0.1007   0.1322   0.1440   0.1486   0.1583   0.1696   0.1769   0.1828
  0.1935   0.1975   0.2044   0.2072   0.2271   0.2328   0.2388   0.2412
  0.2541   0.2655   0.2745   0.3003   0.3283   0.3360   0.3506   0.3574
  0.3677   0.3786   0.3820   0.3937   0.4006   0.4096   0.4138   0.4266
  0.4404   0.4528   0.4586   0.4663   0.4751   0.4765   0.4809   0.5046
  0.5064   0.5174   0.5304   0.5316   0.5343   0.5402   0.5423   0.5492
  0.5621   0.5763   0.5785   0.5997   0.6040   0.6129   0.6148   0.6176
  0.6231   0.6260   0.6332   0.6382   0.6408   0.6440   0.6464   0.6551
  0.6643   0.6752   0.6860   0.6918   0.6979   0.7081   0.7171   0.7237
  0.7385   0.7483   0.7582   0.7830   0.7960   0.8037   0.8077   0.8192
  0.8370   0.8479   0.8583   0.8698   0.8805   0.8959   0.9004   0.9150
  0.9274   0.9402   0.9445   0.9624   0.9756   0.9904   1.0021   1.0110
  1.0196   1.0276   1.0386   1.0474   1.0549   1.0667   1.0784   1.0825
  1.0907   1.0961   1.1060   1.1203   1.1444   1.1501   1.1560   1.1641
  1.1671   1.1863   1.2000   1.2059   1.2233   1.2273   1.2331   1.2412
  1.2504   1.2718   1.2740   1.2803   1.2828   1.2877   1.3025   1.3089
  1.3219   1.3312   1.3425   1.3637   1.3891   1.3969   1.3992   1.4099
  1.4189   1.4297   1.4435   1.4625   1.4713   1.4771   1.4853   1.4960
  1.5060   1.5133   1.5235   1.5279   1.5347   1.5367   1.5505   1.5599
  1.5644   1.5795   1.5936   1.5980   1.6070   1.6233   1.6325   1.6378
  1.6570   1.6657   1.6798   1.6878   1.6972   1.7195   1.7221   1.7372
  1.7401   1.7563   1.7821   1.8020   1.8124   1.8275   1.8309   1.8510
  1.8868   1.9144   1.9330   1.9404   1.9504   1.9724   1.9919   2.0062
  2.0158   2.0243   2.0417   2.0556   2.0701   2.0886   2.1576   2.1581
  2.1865   2.1992   2.2119   2.2198   2.2328   2.2581   2.2759   2.2786
  2.3020   2.3215   2.3277   2.3657   2.4118   2.4287   2.4591   2.4743
  2.4967   2.5115   2.5328   2.5573   2.5804   2.5893   2.5978   2.6177
  2.6375   2.6528   2.6553   2.6646   2.6845   2.6906   2.7034   2.7222
  2.7375   2.7523   2.7556   2.7680   2.7735   2.7787   2.8006   2.8152
  2.8210   2.8443   2.8543   2.8906   2.8958   2.9080   2.9140   2.9169
  2.9392   2.9538   2.9604   2.9722   2.9948   3.0121   3.0293   3.0381
  3.0522   3.0746   3.0892   3.1026   3.1139   3.1146   3.1266   3.1409
  3.1479   3.1567   3.1685   3.1766   3.1781   3.1935   3.2144   3.2265
  3.2275   3.2437   3.2506   3.2565   3.2720   3.2814   3.2968   3.3016
  3.3072   3.3255   3.3309   3.3358   3.3411   3.3486   3.3543   3.3625
  3.3782   3.3834   3.3868   3.3971   3.4041   3.4167   3.4189   3.4279
  3.4373   3.4473   3.4581   3.4636   3.4721   3.4810   3.4976   3.5000
  3.5136   3.5187   3.5270   3.5410   3.5523   3.5567   3.5655   3.5714
  3.5850   3.5943   3.6126   3.6260   3.6268   3.6405   3.6496   3.6572
  3.6695   3.6847   3.6927   3.7014   3.7137   3.7240   3.7261   3.7409
  3.7420   3.7556   3.7734   3.7785   3.7806   3.7957   3.8083   3.8100
  3.8264   3.8325   3.8541   3.8623   3.8717   3.8927   3.9123   3.9134
  3.9367   3.9431   3.9472   3.9745   3.9790   3.9860   3.9997   4.0119
  4.0306   4.0389   4.0501   4.0515   4.0738   4.0887   4.0937   4.1011
  4.1215   4.1351   4.1439   4.1526   4.1597   4.1663   4.1836   4.2051
  4.2114   4.2144   4.2295   4.2410   4.2488   4.2726   4.2819   4.2850
  4.2866   4.2971   4.3182   4.3329   4.3478   4.3482   4.3583   4.3640
  4.3742   4.3859   4.4028   4.4080   4.4112   4.4210   4.4285   4.4518
  4.4619   4.4743   4.4802   4.4929   4.5130   4.5287   4.5484   4.5793
  4.5892   4.5927   4.6041   4.6230   4.6313   4.6424   4.6649   4.6862
  4.7028   4.7204   4.7342   4.7572   4.7839   4.8088   4.8217   4.8457
  4.8526   4.8687   4.8824   4.8994   4.9212   4.9645   4.9722   4.9928
  5.0204   5.0510   5.0710   5.0997   5.1165   5.1256   5.1584   5.1681
  5.1951   5.2231   5.2474   5.2650   5.2828   5.2878   5.3062   5.3179
  5.3458   5.3731   5.3790   5.3867   5.4086   5.4238   5.4401   5.4554
  5.4687   5.5100   5.5165   5.5428   5.5539   5.5572   5.5704   5.5821
  5.6230   5.6350   5.6500   5.6711   5.6843   5.7017   5.7098   5.7289
  5.7588   5.7864   5.8420   5.9885   6.0171   6.1226   6.1357   6.1472
  6.2177   6.2258   6.2280   6.2505   6.2611   6.2854   6.3057   6.3319
  6.3929   6.5050   9.5850  10.7699  12.0608  13.0011  13.1929  13.9636
 14.1405  14.2816  14.3666  14.7124
 --------------------------------------------------------------
 
          Ground-State Mulliken Net Atomic Charges

     Atom                 Charge (a.u.)
  ----------------------------------------
      1 C                    -0.076937
      2 C                    -0.321981
      3 C                    -0.042464
      4 H                     0.178313
      5 C                     0.128161
      6 S                    -0.177072
      7 C                    -0.294305
      8 H                     0.117652
      9 H                     0.110911
     10 H                     0.112442
     11 C                    -0.031277
     12 C                    -0.319835
     13 C                     0.047146
     14 H                     0.180768
     15 C                    -0.269551
     16 S                     0.010049
     17 C                    -0.273363
     18 H                     0.102646
     19 H                     0.107857
     20 H                     0.109052
     21 H                     0.194722
     22 H                     0.113914
     23 H                     0.110735
     24 H                     0.182418
  ----------------------------------------
  Sum of atomic charges =     0.000000

 -----------------------------------------------------------------
                    Cartesian Multipole Moments
 -----------------------------------------------------------------
    Charge (ESU x 10^10)
                -0.0000
    Dipole Moment (Debye)
         X      -1.7298      Y      -0.2184      Z      -0.2209
       Tot       1.7574
    Quadrupole Moments (Debye-Ang)
        XX     -91.6224     XY       4.7856     YY     -73.5696
        XZ       0.2849     YZ       3.5299     ZZ     -85.4996
    Octopole Moments (Debye-Ang^2)
       XXX     -36.2137    XXY      45.5260    XYY      -6.9026
       YYY     118.3644    XXZ      -2.1383    XYZ      -2.4836
       YYZ      -0.6588    XZZ     -14.4076    YZZ      50.8004
       ZZZ       0.1041
    Hexadecapole Moments (Debye-Ang^3)
      XXXX    -315.5999   XXXY     -85.8961   XXYY    -568.0799
      XYYY     -63.7090   YYYY   -2749.0820   XXXZ    -142.3014
      XXYZ     -22.8155   XYYZ     -35.3823   YYYZ    -107.4939
      XXZZ    -217.9547   XYZZ      -8.3513   YYZZ    -637.7503
      XZZZ    -134.8969   YZZZ     -73.6871   ZZZZ    -960.6509
 -----------------------------------------------------------------
 Total job time:  655.93s(wall), 643.56s(cpu) 
 Sun Jul 10 05:11:07 2022

        *************************************************************
        *                                                           *
        *  Thank you very much for using Q-Chem.  Have a nice day.  *
        *                                                           *
        *************************************************************


remove work dirs ./qchem1753714.0 -- ./qchem1753714.-1
rm -rf ./qchem1753714
You are running Q-Chem version: 5.4.0

#
# job setting
#
local host:  exp-1-04
current dir: /expanse/lustre/scratch/theleonzhang/temp_project/Hydrogenated_Rotation_Test
input file:  Methylthiophene_Phi_10_Theta_330_Methylthiophene_Hydrogenated.qcin
output file: 
nprocs     : 0
nthreads   : 1
#
# qchem installation setting
#
QC:          /cm/shared/apps/spack/cpu/opt/spack/linux-centos8-zen2/gcc-10.2.0/qchem-5.4-akfmr7b3t57bfs6qan3padb2wnb2i7cl
QCAUX:       /cm/shared/apps/spack/cpu/opt/spack/linux-centos8-zen2/gcc-10.2.0/qchem-5.4-akfmr7b3t57bfs6qan3padb2wnb2i7cl/qcaux
QCPROG:      /cm/shared/apps/spack/cpu/opt/spack/linux-centos8-zen2/gcc-10.2.0/qchem-5.4-akfmr7b3t57bfs6qan3padb2wnb2i7cl/exe/qcprog.exe_s
QCPROG_S:    /cm/shared/apps/spack/cpu/opt/spack/linux-centos8-zen2/gcc-10.2.0/qchem-5.4-akfmr7b3t57bfs6qan3padb2wnb2i7cl/exe/qcprog.exe_s
PARALLEL:    -DSERIAL
QCMPI:       mpich
#
# qchem directory setting
#
qcrun:       qchem1369938
QCSCRATCH:   .
QCLOCALSCR:  
QCTMPDIR:    .
QCFILEPREF:  ./qchem1369938
QCSAVEDIR:   
workdirs:    ./qchem1369938
workdir0:    ./qchem1369938
partmpdirs =  
#
# parallel setting
#
QCRSH:           ssh
QCMPI:           mpich
QCMPIRUN:        /cm/shared/apps/spack/cpu/opt/spack/linux-centos8-zen2/gcc-10.2.0/qchem-5.4-akfmr7b3t57bfs6qan3padb2wnb2i7cl/bin/mpi/mpirun_qchem
QCMACHINEFILE:   ./qchem1369938/hostfile

#
# env setting
#
exported envs:   QC QCAUX QCSCRATCH QCRUNNAME QCFILEPREF QCPROG QCPROG_S GUIFILE

Running Job 1 of 1 Methylthiophene_Phi_10_Theta_330_Methylthiophene_Hydrogenated.qcin
qchem Methylthiophene_Phi_10_Theta_330_Methylthiophene_Hydrogenated.qcin_1369938.0 ./qchem1369938/ 0
/cm/shared/apps/spack/cpu/opt/spack/linux-centos8-zen2/gcc-10.2.0/qchem-5.4-akfmr7b3t57bfs6qan3padb2wnb2i7cl/exe/qcprog.exe_s Methylthiophene_Phi_10_Theta_330_Methylthiophene_Hydrogenated.qcin_1369938.0 ./qchem1369938/
                  Welcome to Q-Chem
     A Quantum Leap Into The Future Of Chemistry


 Q-Chem 5.4, Q-Chem, Inc., Pleasanton, CA (2021)

 License issued to: University of California, San Diego (site)

 E. Epifanovsky,  A. T. B. Gilbert,  Xintian Feng,  Joonho Lee,  Yuezhi Mao,  
 N. Mardirossian,  P. Pokhilko,  A. White,  M. Wormit,  M. P. Coons,  
 A. L. Dempwolff,  Zhengting Gan,  D. Hait,  P. R. Horn,  L. D. Jacobson,  
 I. Kaliman,  J. Kussmann,  A. W. Lange,  Ka Un Lao,  D. S. Levine,  Jie Liu,  
 S. C. McKenzie,  A. F. Morrison,  K. Nanda,  F. Plasser,  D. R. Rehn,  
 M. L. Vidal,  Zhi-Qiang You,  Ying Zhu,  B. Alam,  B. Albrecht,  
 A. Aldossary,  E. Alguire,  J. H. Andersen,  D. Barton,  K. Begam,  A. Behn,  
 Y. A. Bernard,  E. J. Berquist,  H. Burton,  A. Carreras,  K. Carter-Fenk,  
 R. Chakraborty,  A. D. Chien,  K. D. Closser,  V. Cofer-Shabica,  
 S. Dasgupta,  Jia Deng,  M. de Wergifosse,  M. Diedenhofen,  Hainam Do,  
 S. Ehlert,  Po-Tung Fang,  S. Fatehi,  Qingguo Feng,  J. Gayvert,  
 Qinghui Ge,  G. Gidofalvi,  M. Goldey,  J. Gomes,  C. Gonzalez-Espinoza,  
 S. Gulania,  A. Gunina,  M. W. D. Hanson-Heine,  P. H. P. Harbach,  
 A. W. Hauser,  M. F. Herbst,  M. Hernandez Vera,  M. Hodecker,  
 Z. C. Holden,  S. Houck,  Xunkun Huang,  Kerwin Hui,  B. C. Huynh,  
 M. Ivanov,  Hyunjun Ji,  Hanjie Jiang,  B. Kaduk,  S. Kaehler,  
 K. Khistyaev,  Jaehoon Kim,  P. Klunzinger,  Z. Koczor-Benda,  
 Joong Hoon Koh,  D. Kosenkov,  L. Koulias,  T. Kowalczyk,  C. M. Krauter,  
 K. Kue,  A. Kunitsa,  T. Kus,  A. Landau,  K. V. Lawler,  D. Lefrancois,  
 S. Lehtola,  Rain Li,  Yi-Pei Li,  Jiashu Liang,  M. Liebenthal,  
 Hung-Hsuan Lin,  You-Sheng Lin,  Fenglai Liu,  Kuan-Yu Liu,  
 M. Loipersberger,  A. Luenser,  A. Manjanath,  P. Manohar,  E. Mansoor,  
 S. F. Manzer,  Shan-Ping Mao,  A. V. Marenich,  T. Markovich,  S. Mason,  
 S. A. Maurer,  P. F. McLaughlin,  M. F. S. J. Menger,  J.-M. Mewes,  
 S. A. Mewes,  P. Morgante,  J. W. Mullinax,  T. S. Nguyen-Beck,  
 K. J. Oosterbaan,  G. Paran,  Alexander C. Paul,  Suranjan K. Paul,  
 F. Pavosevic,  Zheng Pei,  S. Prager,  E. I. Proynov,  E. Ramos,  B. Rana,  
 A. E. Rask,  A. Rettig,  R. M. Richard,  F. Rob,  E. Rossomme,  T. Scheele,  
 M. Scheurer,  M. Schneider,  N. Sergueev,  S. M. Sharada,  W. Skomorowski,  
 D. W. Small,  C. J. Stein,  Yu-Chuan Su,  E. J. Sundstrom,  Zhen Tao,  
 J. Thirman,  T. Tsuchimochi,  N. M. Tubman,  S. P. Veccham,  O. Vydrov,  
 J. Wenzel,  J. Witte,  A. Yamada,  Kun Yao,  S. Yeganeh,  S. R. Yost,  
 A. Zech,  Igor Ying Zhang,  Xing Zhang,  Yu Zhang,  D. Zuev,  
 A. Aspuru-Guzik,  A. T. Bell,  N. A. Besley,  K. B. Bravaya,  B. R. Brooks,  
 D. Casanova,  Jeng-Da Chai,  S. Coriani,  C. J. Cramer,  
 A. E. DePrince, III,  R. A. DiStasio Jr.,  A. Dreuw,  B. D. Dunietz,  
 T. R. Furlani,  W. A. Goddard III,  S. Grimme,  S. Hammes-Schiffer,  
 T. Head-Gordon,  W. J. Hehre,  Chao-Ping Hsu,  T.-C. Jagau,  Yousung Jung,  
 A. Klamt,  Jing Kong,  D. S. Lambrecht,  WanZhen Liang,  N. J. Mayhall,  
 C. W. McCurdy,  J. B. Neaton,  C. Ochsenfeld,  J. A. Parkhill,  R. Peverati,  
 V. A. Rassolov,  Yihan Shao,  L. V. Slipchenko,  T. Stauch,  R. P. Steele,  
 J. E. Subotnik,  A. J. W. Thom,  A. Tkatchenko,  D. G. Truhlar,  
 T. Van Voorhis,  T. A. Wesolowski,  K. B. Whaley,  H. L. Woodcock III,  
 P. M. Zimmerman,  S. Faraji,  P. M. W. Gill,  M. Head-Gordon,  
 J. M. Herbert,  A. I. Krylov

 Contributors to earlier versions of Q-Chem not listed above: 
 R. D. Adamson,  B. Austin,  R. Baer,  J. Baker,  G. J. O. Beran,  
 K. Brandhorst,  S. T. Brown,  E. F. C. Byrd,  A. K. Chakraborty,  
 G. K. L. Chan,  Chun-Min Chang,  Yunqing Chen,  C.-L. Cheng,  
 Siu Hung Chien,  D. M. Chipman,  D. L. Crittenden,  H. Dachsel,  
 R. J. Doerksen,  A. D. Dutoi,  R. G. Edgar,  J. Fosso-Tande,  
 L. Fusti-Molnar,  D. Ghosh,  A. Ghysels,  A. Golubeva-Zadorozhnaya,  
 J. Gonthier,  M. S. Gordon,  S. R. Gwaltney,  G. Hawkins,  J. E. Herr,  
 A. Heyden,  S. Hirata,  E. G. Hohenstein,  G. Kedziora,  F. J. Keil,  
 C. Kelley,  Jihan Kim,  R. A. King,  R. Z. Khaliullin,  P. P. Korambath,  
 W. Kurlancheek,  A. Laurent,  A. M. Lee,  M. S. Lee,  S. V. Levchenko,  
 Ching Yeh Lin,  D. Liotard,  E. Livshits,  R. C. Lochan,  I. Lotan,  
 L. A. Martinez-Martinez,  P. E. Maslen,  N. Nair,  D. P. O'Neill,  
 D. Neuhauser,  E. Neuscamman,  C. M. Oana,  R. Olivares-Amaya,  R. Olson,  
 T. M. Perrine,  B. Peters,  P. A. Pieniazek,  A. Prociuk,  Y. M. Rhee,  
 J. Ritchie,  M. A. Rohrdanz,  E. Rosta,  N. J. Russ,  H. F. Schaefer III,  
 M. W. Schmidt,  N. E. Schultz,  S. Sharma,  N. Shenvi,  C. D. Sherrill,  
 A. C. Simmonett,  A. Sodt,  T. Stein,  D. Stuck,  K. S. Thanthiriwatte,  
 V. Vanovschi,  L. Vogt,  Tao Wang,  A. Warshel,  M. A. Watson,  
 C. F. Williams,  Q. Wu,  X. Xu,  Jun Yang,  W. Zhang,  Yan Zhao

 Please cite Q-Chem as follows:
 Y. Shao et al., Mol. Phys. 113, 184-215 (2015)
 DOI: 10.1080/00268976.2014.952696

 Q-Chem 5.4.0 for Intel X86 EM64T Linux

 Parts of Q-Chem use Armadillo 9.800.1 (Horizon Scraper).
 http://arma.sourceforge.net/

 Q-Chem begins on Sun Jul 10 05:34:55 2022  

 Host: 
0

     Scratch files written to ./qchem1369938//
 May1621 |scratch|qcdevops|jenkins|workspace|build_RNUM    
 Processing $rem in /cm/shared/apps/spack/cpu/opt/spack/linux-centos8-zen2/gcc-10.2.0/qchem-5.4-akfmr7b3t57bfs6qan3padb2wnb2i7cl/config/preferences:
 Processing $rem in /home/theleonzhang/.qchemrc:
 Symmetry turned off for PCM/SM12/SMD calculation
 Core orbitals will be frozen

 Checking the input file for inconsistencies... 	...done.

--------------------------------------------------------------
User input:
--------------------------------------------------------------
$molecule
0 1
C	0.386946	-3.866725	0.671636
C	-0.306544	-3.703963	-0.530345
C	-0.533261	-2.357056	-0.923770
H	-0.651857	-4.561092	-1.128109
C	-0.000000	-1.440664	-0.000000
S	0.772250	-2.286957	1.337557
C	-1.260680	-1.978743	-2.184153
H	-1.583283	-2.878678	-2.742769
H	-0.622180	-1.376015	-2.863347
H	-2.168011	-1.375728	-1.971094
C	0.000000	0.000000	0.000000
C	0.149995	0.850475	1.099446
C	0.390327	2.213354	0.776721
H	0.085947	0.487279	2.136088
C	0.428665	2.430655	-0.612546
S	0.163670	0.928078	-1.486809
C	0.579235	3.284574	1.814609
H	0.505323	2.865404	2.836676
H	-0.185980	4.083890	1.726239
H	1.571698	3.773937	1.726228
H	0.593515	3.365448	-1.161575
H	1.336254	-4.392713	0.521098
H	-0.218374	-4.392347	1.418509
H	-0.935365	-1.440391	0.539900
$end

$rem
JOBTYPE		SP
EXCHANGE	HF
CORRELATION	pRIMP2
BASIS		cc-pvtz
METHOD		rimp2
AUX_BASIS	rimp2-cc-pvtz
SOLVENT_METHOD	PCM
PURECART	11111
SYMMETRY	false
MEM_TOTAL	110000
SCF_CONVERGENCE = 6
THRESH=10
$end



$solvent
dielectric 4.90
$end
--------------------------------------------------------------
 ----------------------------------------------------------------
             Standard Nuclear Orientation (Angstroms)
    I     Atom           X                Y                Z
 ----------------------------------------------------------------
    1      C       0.3869460000    -3.8667250000     0.6716360000
    2      C      -0.3065440000    -3.7039630000    -0.5303450000
    3      C      -0.5332610000    -2.3570560000    -0.9237700000
    4      H      -0.6518570000    -4.5610920000    -1.1281090000
    5      C       0.0000000000    -1.4406640000     0.0000000000
    6      S       0.7722500000    -2.2869570000     1.3375570000
    7      C      -1.2606800000    -1.9787430000    -2.1841530000
    8      H      -1.5832830000    -2.8786780000    -2.7427690000
    9      H      -0.6221800000    -1.3760150000    -2.8633470000
   10      H      -2.1680110000    -1.3757280000    -1.9710940000
   11      C       0.0000000000     0.0000000000     0.0000000000
   12      C       0.1499950000     0.8504750000     1.0994460000
   13      C       0.3903270000     2.2133540000     0.7767210000
   14      H       0.0859470000     0.4872790000     2.1360880000
   15      C       0.4286650000     2.4306550000    -0.6125460000
   16      S       0.1636700000     0.9280780000    -1.4868090000
   17      C       0.5792350000     3.2845740000     1.8146090000
   18      H       0.5053230000     2.8654040000     2.8366760000
   19      H      -0.1859800000     4.0838900000     1.7262390000
   20      H       1.5716980000     3.7739370000     1.7262280000
   21      H       0.5935150000     3.3654480000    -1.1615750000
   22      H       1.3362540000    -4.3927130000     0.5210980000
   23      H      -0.2183740000    -4.3923470000     1.4185090000
   24      H      -0.9353650000    -1.4403910000     0.5399000000
 ----------------------------------------------------------------
 Nuclear Repulsion Energy =         875.18935743 hartrees
 There are       52 alpha and       52 beta electrons

 Q-Chem warning in module forms1/BasisType.C, line 2236:

 You are not using the predefined 5D/6D in this basis set.

 Requested basis set is cc-pVTZ
 There are 196 shells and 536 basis functions

 Total QAlloc Memory Limit 110000 MB
 Mega-Array Size       188 MB
 MEM_STATIC part       192 MB
 Discretize the solute cavity surface with Lebedev spheres
	Using 110 Lebedev grid points for each H atom
	Using 194 Lebedev grid points for other atoms
	Atomic van der Waals radii will be scaled by 1.20
 Remove points where switching function is < 1.0e-08
 Keep 1590 surface tesserae and discard 2058 interior tesserae
 Molecular Surface Area = 232.909 Angst**2
 Requested basis set is rimp2-cc-pVTZ
 There are 414 shells and 1414 basis functions
 A cutoff of  1.0D-10 yielded  13846 shell pairs
 There are    100340 function pairs (    128684 Cartesian)
 Smallest overlap matrix eigenvalue = 5.55E-05

 Scale SEOQF with 1.000000e-01/1.000000e-01/1.000000e-01

 Standard Electronic Orientation quadrupole field applied
 Nucleus-field energy     =     0.0000000250 hartrees
 Guess from superposition of atomic densities
 Warning:  Energy on first SCF cycle will be non-variational
 SAD guess density has 104.000000 electrons

 -----------------------------------------------------------------------
  General SCF calculation program by
  Eric Jon Sundstrom, Paul Horn, Yuezhi Mao, Dmitri Zuev, Alec White,
  David Stuck, Shaama M.S., Shane Yost, Joonho Lee, David Small,
  Daniel Levine, Susi Lehtola, Hugh Burton, Evgeny Epifanovsky,
  Bang C. Huynh
 -----------------------------------------------------------------------
 Hartree-Fock
 A restricted SCF calculation will be
 performed using DIIS
 SCF converges when DIIS error is below 1.0e-06
 ---------------------------------------
  Cycle       Energy         DIIS error
 ---------------------------------------
    1   -1186.0361759924      2.39e-02  
    2   -1180.6113685468      1.57e-03  
    3   -1180.7364049637      6.42e-04  
    4   -1180.7517733419      3.49e-04  
    5   -1180.7573706551      5.82e-05  
    6   -1180.7576125456      2.43e-05  
    7   -1180.7576686323      8.50e-06  
    8   -1180.7576806824      4.13e-06  
    9   -1180.7576833502      1.40e-06  
   10   -1180.7576837652      5.05e-07  Convergence criterion met
 ---------------------------------------
 SCF time:   CPU 565.03s  wall 568.00s 

************** Final PCM Free Energy Summary **************
 G_electrostatic  =      -0.00843638 hartree =      -5.29390764 kcal/mol
 G_cavitation     =       0.00000000 hartree =       0.00000000 kcal/mol
 G_dispersion     =       0.00000000 hartree =       0.00000000 kcal/mol
 G_repulsion      =       0.00000000 hartree =       0.00000000 kcal/mol
 --------------------------------------------------
 Non-electrostatic Free Energy =       0.00000000 hartree =       0.00000000 kcal/mol
 Total                         =      -0.00843638 hartree =      -5.29390764 kcal/mol
 --------------------------------------------------
 SCF Energy (H0 + V/2)                       =   -1180.75768377 
 Solute Internal Energy (H0)                 =   -1180.74924739 
 Total Free Energy (H0 + V/2 + non-elec)     =   -1180.75768377 hartree
                                             = -740936.62951867 kcal/mol
***********************************************************

 SCF   energy in the final basis set =    -1180.7576837652
 Total energy in the final basis set =    -1180.7576837652


 --------------------------------------------------------------
  Generalized many-body perturbation theory program
  by Joonho Lee, Fazle Rob, Xintian Feng, Evgeny Epifanovsky

 No regularization used 
 (reg. param. = 0.0000e+00)
  (P|Q)^-1/2 Time:  CPU 1.90 s  wall 1.91 s

 In RI-MP2 calculation: 
 # of frozen core orbitals: 20

 Components of the RIMP2 correlation energy:
        aaaa    correlation energy =        -0.2515588775 a.u.
        abab    correlation energy =        -1.5031504557 a.u.
        bbbb    correlation energy =        -0.2515588775 a.u.
        non-Brillouin singles      =        -0.0000000000 a.u.
        total same-spin energy     =        -0.5031177550 a.u.
        total opposite-spin energy =        -1.5031504557 a.u.

 Total  RIMP2   correlation energy =        -2.0062682107 a.u.
        RIMP2         total energy =     -1182.7639519759 a.u.

 RI-MP2 Energy Time:  CPU 79.75 s  wall 80.15 s
 
 --------------------------------------------------------------
 
                    Orbital Energies (a.u.)
 --------------------------------------------------------------
 
 Alpha MOs
 -- Occupied --
-91.9816 -91.9453 -11.2880 -11.2652 -11.2592 -11.2559 -11.2506 -11.2432
-11.2341 -11.2330 -11.2280 -11.2222  -8.9816  -8.9499  -6.6625  -6.6619
 -6.6613  -6.6312  -6.6302  -6.6289  -1.2012  -1.1526  -1.0600  -1.0278
 -1.0073  -0.9567  -0.9154  -0.9013  -0.8155  -0.7704  -0.7220  -0.7015
 -0.6619  -0.6457  -0.6108  -0.5886  -0.5821  -0.5738  -0.5678  -0.5539
 -0.5420  -0.5340  -0.5149  -0.5085  -0.4885  -0.4836  -0.4583  -0.4482
 -0.3577  -0.3426  -0.3234  -0.2664
 -- Virtual --
  0.1007   0.1322   0.1440   0.1486   0.1583   0.1696   0.1769   0.1828
  0.1935   0.1975   0.2044   0.2072   0.2271   0.2328   0.2388   0.2412
  0.2541   0.2655   0.2745   0.3003   0.3283   0.3360   0.3506   0.3574
  0.3677   0.3786   0.3820   0.3937   0.4006   0.4096   0.4138   0.4266
  0.4404   0.4528   0.4586   0.4663   0.4751   0.4765   0.4809   0.5046
  0.5064   0.5174   0.5304   0.5316   0.5343   0.5402   0.5423   0.5492
  0.5621   0.5763   0.5785   0.5997   0.6040   0.6129   0.6148   0.6176
  0.6231   0.6260   0.6332   0.6382   0.6408   0.6440   0.6464   0.6551
  0.6643   0.6752   0.6860   0.6918   0.6979   0.7081   0.7171   0.7237
  0.7385   0.7483   0.7582   0.7830   0.7960   0.8037   0.8077   0.8192
  0.8370   0.8479   0.8583   0.8698   0.8805   0.8959   0.9004   0.9150
  0.9274   0.9402   0.9445   0.9624   0.9756   0.9904   1.0021   1.0110
  1.0196   1.0276   1.0386   1.0474   1.0549   1.0667   1.0784   1.0825
  1.0907   1.0961   1.1060   1.1203   1.1444   1.1501   1.1560   1.1641
  1.1671   1.1863   1.2000   1.2059   1.2233   1.2273   1.2331   1.2412
  1.2504   1.2718   1.2740   1.2803   1.2828   1.2877   1.3025   1.3089
  1.3219   1.3312   1.3425   1.3637   1.3891   1.3969   1.3992   1.4099
  1.4189   1.4297   1.4435   1.4625   1.4713   1.4771   1.4853   1.4960
  1.5060   1.5133   1.5235   1.5279   1.5347   1.5367   1.5505   1.5599
  1.5644   1.5795   1.5936   1.5980   1.6070   1.6233   1.6325   1.6378
  1.6570   1.6657   1.6798   1.6878   1.6972   1.7195   1.7221   1.7372
  1.7401   1.7563   1.7821   1.8020   1.8124   1.8275   1.8309   1.8510
  1.8868   1.9144   1.9330   1.9404   1.9504   1.9724   1.9919   2.0062
  2.0158   2.0243   2.0417   2.0556   2.0701   2.0886   2.1576   2.1581
  2.1865   2.1992   2.2119   2.2198   2.2328   2.2581   2.2759   2.2786
  2.3020   2.3215   2.3277   2.3657   2.4118   2.4287   2.4591   2.4743
  2.4967   2.5115   2.5328   2.5573   2.5804   2.5893   2.5978   2.6177
  2.6375   2.6528   2.6553   2.6646   2.6845   2.6906   2.7034   2.7222
  2.7375   2.7523   2.7556   2.7680   2.7735   2.7787   2.8006   2.8152
  2.8210   2.8443   2.8543   2.8906   2.8958   2.9080   2.9140   2.9169
  2.9392   2.9538   2.9604   2.9722   2.9948   3.0121   3.0293   3.0381
  3.0522   3.0746   3.0892   3.1026   3.1139   3.1146   3.1266   3.1409
  3.1479   3.1567   3.1685   3.1766   3.1781   3.1935   3.2144   3.2265
  3.2275   3.2437   3.2506   3.2565   3.2720   3.2814   3.2968   3.3016
  3.3072   3.3255   3.3309   3.3358   3.3411   3.3486   3.3543   3.3625
  3.3782   3.3834   3.3868   3.3971   3.4041   3.4167   3.4189   3.4279
  3.4373   3.4473   3.4581   3.4636   3.4721   3.4810   3.4976   3.5000
  3.5136   3.5187   3.5270   3.5410   3.5523   3.5567   3.5655   3.5714
  3.5850   3.5943   3.6126   3.6260   3.6268   3.6405   3.6496   3.6572
  3.6695   3.6847   3.6927   3.7014   3.7137   3.7240   3.7261   3.7409
  3.7420   3.7556   3.7734   3.7785   3.7806   3.7957   3.8083   3.8100
  3.8264   3.8325   3.8541   3.8623   3.8717   3.8927   3.9123   3.9134
  3.9367   3.9431   3.9472   3.9745   3.9790   3.9860   3.9997   4.0119
  4.0306   4.0389   4.0501   4.0515   4.0738   4.0887   4.0937   4.1011
  4.1215   4.1351   4.1439   4.1526   4.1597   4.1663   4.1836   4.2051
  4.2114   4.2144   4.2295   4.2410   4.2488   4.2726   4.2819   4.2850
  4.2866   4.2971   4.3182   4.3329   4.3478   4.3482   4.3583   4.3640
  4.3742   4.3859   4.4028   4.4080   4.4112   4.4210   4.4285   4.4518
  4.4619   4.4743   4.4802   4.4929   4.5130   4.5287   4.5484   4.5793
  4.5892   4.5927   4.6041   4.6230   4.6313   4.6424   4.6649   4.6862
  4.7028   4.7204   4.7342   4.7572   4.7839   4.8088   4.8217   4.8457
  4.8526   4.8687   4.8824   4.8994   4.9212   4.9645   4.9722   4.9928
  5.0204   5.0510   5.0710   5.0997   5.1165   5.1256   5.1584   5.1681
  5.1951   5.2231   5.2474   5.2650   5.2828   5.2878   5.3062   5.3179
  5.3458   5.3731   5.3790   5.3867   5.4086   5.4238   5.4401   5.4554
  5.4687   5.5100   5.5165   5.5428   5.5539   5.5572   5.5704   5.5821
  5.6230   5.6350   5.6500   5.6711   5.6843   5.7017   5.7098   5.7289
  5.7588   5.7864   5.8420   5.9885   6.0171   6.1226   6.1357   6.1472
  6.2177   6.2258   6.2280   6.2505   6.2611   6.2854   6.3057   6.3319
  6.3929   6.5050   9.5850  10.7699  12.0608  13.0011  13.1929  13.9636
 14.1405  14.2816  14.3666  14.7124
 --------------------------------------------------------------
 
          Ground-State Mulliken Net Atomic Charges

     Atom                 Charge (a.u.)
  ----------------------------------------
      1 C                    -0.076937
      2 C                    -0.321981
      3 C                    -0.042464
      4 H                     0.178313
      5 C                     0.128161
      6 S                    -0.177072
      7 C                    -0.294305
      8 H                     0.117652
      9 H                     0.110911
     10 H                     0.112442
     11 C                    -0.031277
     12 C                    -0.319835
     13 C                     0.047146
     14 H                     0.180768
     15 C                    -0.269551
     16 S                     0.010049
     17 C                    -0.273363
     18 H                     0.102646
     19 H                     0.107857
     20 H                     0.109052
     21 H                     0.194722
     22 H                     0.113914
     23 H                     0.110735
     24 H                     0.182418
  ----------------------------------------
  Sum of atomic charges =     0.000000

 -----------------------------------------------------------------
                    Cartesian Multipole Moments
 -----------------------------------------------------------------
    Charge (ESU x 10^10)
                -0.0000
    Dipole Moment (Debye)
         X      -1.7298      Y      -0.2184      Z      -0.2209
       Tot       1.7574
    Quadrupole Moments (Debye-Ang)
        XX     -91.6224     XY       4.7856     YY     -73.5696
        XZ       0.2849     YZ       3.5299     ZZ     -85.4996
    Octopole Moments (Debye-Ang^2)
       XXX     -36.2137    XXY      45.5260    XYY      -6.9026
       YYY     118.3644    XXZ      -2.1383    XYZ      -2.4836
       YYZ      -0.6588    XZZ     -14.4076    YZZ      50.8004
       ZZZ       0.1041
    Hexadecapole Moments (Debye-Ang^3)
      XXXX    -315.5999   XXXY     -85.8961   XXYY    -568.0799
      XYYY     -63.7090   YYYY   -2749.0820   XXXZ    -142.3014
      XXYZ     -22.8155   XYYZ     -35.3823   YYYZ    -107.4939
      XXZZ    -217.9547   XYZZ      -8.3513   YYZZ    -637.7503
      XZZZ    -134.8969   YZZZ     -73.6871   ZZZZ    -960.6509
 -----------------------------------------------------------------
 Total job time:  650.50s(wall), 645.70s(cpu) 
 Sun Jul 10 05:45:45 2022

        *************************************************************
        *                                                           *
        *  Thank you very much for using Q-Chem.  Have a nice day.  *
        *                                                           *
        *************************************************************


remove work dirs ./qchem1369938.0 -- ./qchem1369938.-1
rm -rf ./qchem1369938
