You are running Q-Chem version: 5.4.0

#
# job setting
#
local host:  exp-2-06
current dir: /expanse/lustre/scratch/theleonzhang/temp_project/Hydrogenated_Rotation_Test
input file:  Methylthiophene_Phi_50_Theta_240_Methylthiophene_Hydrogenated.qcin
output file: 
nprocs     : 0
nthreads   : 1
#
# qchem installation setting
#
QC:          /cm/shared/apps/spack/cpu/opt/spack/linux-centos8-zen2/gcc-10.2.0/qchem-5.4-akfmr7b3t57bfs6qan3padb2wnb2i7cl
QCAUX:       /cm/shared/apps/spack/cpu/opt/spack/linux-centos8-zen2/gcc-10.2.0/qchem-5.4-akfmr7b3t57bfs6qan3padb2wnb2i7cl/qcaux
QCPROG:      /cm/shared/apps/spack/cpu/opt/spack/linux-centos8-zen2/gcc-10.2.0/qchem-5.4-akfmr7b3t57bfs6qan3padb2wnb2i7cl/exe/qcprog.exe_s
QCPROG_S:    /cm/shared/apps/spack/cpu/opt/spack/linux-centos8-zen2/gcc-10.2.0/qchem-5.4-akfmr7b3t57bfs6qan3padb2wnb2i7cl/exe/qcprog.exe_s
PARALLEL:    -DSERIAL
QCMPI:       mpich
#
# qchem directory setting
#
qcrun:       qchem1888035
QCSCRATCH:   .
QCLOCALSCR:  
QCTMPDIR:    .
QCFILEPREF:  ./qchem1888035
QCSAVEDIR:   
workdirs:    ./qchem1888035
workdir0:    ./qchem1888035
partmpdirs =  
#
# parallel setting
#
QCRSH:           ssh
QCMPI:           mpich
QCMPIRUN:        /cm/shared/apps/spack/cpu/opt/spack/linux-centos8-zen2/gcc-10.2.0/qchem-5.4-akfmr7b3t57bfs6qan3padb2wnb2i7cl/bin/mpi/mpirun_qchem
QCMACHINEFILE:   ./qchem1888035/hostfile

#
# env setting
#
exported envs:   QC QCAUX QCSCRATCH QCRUNNAME QCFILEPREF QCPROG QCPROG_S GUIFILE

Running Job 1 of 1 Methylthiophene_Phi_50_Theta_240_Methylthiophene_Hydrogenated.qcin
qchem Methylthiophene_Phi_50_Theta_240_Methylthiophene_Hydrogenated.qcin_1888035.0 ./qchem1888035/ 0
/cm/shared/apps/spack/cpu/opt/spack/linux-centos8-zen2/gcc-10.2.0/qchem-5.4-akfmr7b3t57bfs6qan3padb2wnb2i7cl/exe/qcprog.exe_s Methylthiophene_Phi_50_Theta_240_Methylthiophene_Hydrogenated.qcin_1888035.0 ./qchem1888035/
                  Welcome to Q-Chem
     A Quantum Leap Into The Future Of Chemistry


 Q-Chem 5.4, Q-Chem, Inc., Pleasanton, CA (2021)

 License issued to: University of California, San Diego (site)

 E. Epifanovsky,  A. T. B. Gilbert,  Xintian Feng,  Joonho Lee,  Yuezhi Mao,  
 N. Mardirossian,  P. Pokhilko,  A. White,  M. Wormit,  M. P. Coons,  
 A. L. Dempwolff,  Zhengting Gan,  D. Hait,  P. R. Horn,  L. D. Jacobson,  
 I. Kaliman,  J. Kussmann,  A. W. Lange,  Ka Un Lao,  D. S. Levine,  Jie Liu,  
 S. C. McKenzie,  A. F. Morrison,  K. Nanda,  F. Plasser,  D. R. Rehn,  
 M. L. Vidal,  Zhi-Qiang You,  Ying Zhu,  B. Alam,  B. Albrecht,  
 A. Aldossary,  E. Alguire,  J. H. Andersen,  D. Barton,  K. Begam,  A. Behn,  
 Y. A. Bernard,  E. J. Berquist,  H. Burton,  A. Carreras,  K. Carter-Fenk,  
 R. Chakraborty,  A. D. Chien,  K. D. Closser,  V. Cofer-Shabica,  
 S. Dasgupta,  Jia Deng,  M. de Wergifosse,  M. Diedenhofen,  Hainam Do,  
 S. Ehlert,  Po-Tung Fang,  S. Fatehi,  Qingguo Feng,  J. Gayvert,  
 Qinghui Ge,  G. Gidofalvi,  M. Goldey,  J. Gomes,  C. Gonzalez-Espinoza,  
 S. Gulania,  A. Gunina,  M. W. D. Hanson-Heine,  P. H. P. Harbach,  
 A. W. Hauser,  M. F. Herbst,  M. Hernandez Vera,  M. Hodecker,  
 Z. C. Holden,  S. Houck,  Xunkun Huang,  Kerwin Hui,  B. C. Huynh,  
 M. Ivanov,  Hyunjun Ji,  Hanjie Jiang,  B. Kaduk,  S. Kaehler,  
 K. Khistyaev,  Jaehoon Kim,  P. Klunzinger,  Z. Koczor-Benda,  
 Joong Hoon Koh,  D. Kosenkov,  L. Koulias,  T. Kowalczyk,  C. M. Krauter,  
 K. Kue,  A. Kunitsa,  T. Kus,  A. Landau,  K. V. Lawler,  D. Lefrancois,  
 S. Lehtola,  Rain Li,  Yi-Pei Li,  Jiashu Liang,  M. Liebenthal,  
 Hung-Hsuan Lin,  You-Sheng Lin,  Fenglai Liu,  Kuan-Yu Liu,  
 M. Loipersberger,  A. Luenser,  A. Manjanath,  P. Manohar,  E. Mansoor,  
 S. F. Manzer,  Shan-Ping Mao,  A. V. Marenich,  T. Markovich,  S. Mason,  
 S. A. Maurer,  P. F. McLaughlin,  M. F. S. J. Menger,  J.-M. Mewes,  
 S. A. Mewes,  P. Morgante,  J. W. Mullinax,  T. S. Nguyen-Beck,  
 K. J. Oosterbaan,  G. Paran,  Alexander C. Paul,  Suranjan K. Paul,  
 F. Pavosevic,  Zheng Pei,  S. Prager,  E. I. Proynov,  E. Ramos,  B. Rana,  
 A. E. Rask,  A. Rettig,  R. M. Richard,  F. Rob,  E. Rossomme,  T. Scheele,  
 M. Scheurer,  M. Schneider,  N. Sergueev,  S. M. Sharada,  W. Skomorowski,  
 D. W. Small,  C. J. Stein,  Yu-Chuan Su,  E. J. Sundstrom,  Zhen Tao,  
 J. Thirman,  T. Tsuchimochi,  N. M. Tubman,  S. P. Veccham,  O. Vydrov,  
 J. Wenzel,  J. Witte,  A. Yamada,  Kun Yao,  S. Yeganeh,  S. R. Yost,  
 A. Zech,  Igor Ying Zhang,  Xing Zhang,  Yu Zhang,  D. Zuev,  
 A. Aspuru-Guzik,  A. T. Bell,  N. A. Besley,  K. B. Bravaya,  B. R. Brooks,  
 D. Casanova,  Jeng-Da Chai,  S. Coriani,  C. J. Cramer,  
 A. E. DePrince, III,  R. A. DiStasio Jr.,  A. Dreuw,  B. D. Dunietz,  
 T. R. Furlani,  W. A. Goddard III,  S. Grimme,  S. Hammes-Schiffer,  
 T. Head-Gordon,  W. J. Hehre,  Chao-Ping Hsu,  T.-C. Jagau,  Yousung Jung,  
 A. Klamt,  Jing Kong,  D. S. Lambrecht,  WanZhen Liang,  N. J. Mayhall,  
 C. W. McCurdy,  J. B. Neaton,  C. Ochsenfeld,  J. A. Parkhill,  R. Peverati,  
 V. A. Rassolov,  Yihan Shao,  L. V. Slipchenko,  T. Stauch,  R. P. Steele,  
 J. E. Subotnik,  A. J. W. Thom,  A. Tkatchenko,  D. G. Truhlar,  
 T. Van Voorhis,  T. A. Wesolowski,  K. B. Whaley,  H. L. Woodcock III,  
 P. M. Zimmerman,  S. Faraji,  P. M. W. Gill,  M. Head-Gordon,  
 J. M. Herbert,  A. I. Krylov

 Contributors to earlier versions of Q-Chem not listed above: 
 R. D. Adamson,  B. Austin,  R. Baer,  J. Baker,  G. J. O. Beran,  
 K. Brandhorst,  S. T. Brown,  E. F. C. Byrd,  A. K. Chakraborty,  
 G. K. L. Chan,  Chun-Min Chang,  Yunqing Chen,  C.-L. Cheng,  
 Siu Hung Chien,  D. M. Chipman,  D. L. Crittenden,  H. Dachsel,  
 R. J. Doerksen,  A. D. Dutoi,  R. G. Edgar,  J. Fosso-Tande,  
 L. Fusti-Molnar,  D. Ghosh,  A. Ghysels,  A. Golubeva-Zadorozhnaya,  
 J. Gonthier,  M. S. Gordon,  S. R. Gwaltney,  G. Hawkins,  J. E. Herr,  
 A. Heyden,  S. Hirata,  E. G. Hohenstein,  G. Kedziora,  F. J. Keil,  
 C. Kelley,  Jihan Kim,  R. A. King,  R. Z. Khaliullin,  P. P. Korambath,  
 W. Kurlancheek,  A. Laurent,  A. M. Lee,  M. S. Lee,  S. V. Levchenko,  
 Ching Yeh Lin,  D. Liotard,  E. Livshits,  R. C. Lochan,  I. Lotan,  
 L. A. Martinez-Martinez,  P. E. Maslen,  N. Nair,  D. P. O'Neill,  
 D. Neuhauser,  E. Neuscamman,  C. M. Oana,  R. Olivares-Amaya,  R. Olson,  
 T. M. Perrine,  B. Peters,  P. A. Pieniazek,  A. Prociuk,  Y. M. Rhee,  
 J. Ritchie,  M. A. Rohrdanz,  E. Rosta,  N. J. Russ,  H. F. Schaefer III,  
 M. W. Schmidt,  N. E. Schultz,  S. Sharma,  N. Shenvi,  C. D. Sherrill,  
 A. C. Simmonett,  A. Sodt,  T. Stein,  D. Stuck,  K. S. Thanthiriwatte,  
 V. Vanovschi,  L. Vogt,  Tao Wang,  A. Warshel,  M. A. Watson,  
 C. F. Williams,  Q. Wu,  X. Xu,  Jun Yang,  W. Zhang,  Yan Zhao

 Please cite Q-Chem as follows:
 Y. Shao et al., Mol. Phys. 113, 184-215 (2015)
 DOI: 10.1080/00268976.2014.952696

 Q-Chem 5.4.0 for Intel X86 EM64T Linux

 Parts of Q-Chem use Armadillo 9.800.1 (Horizon Scraper).
 http://arma.sourceforge.net/

 Q-Chem begins on Sun Jul 10 04:03:01 2022  

 Host: 
0

     Scratch files written to ./qchem1888035//
 May1621 |scratch|qcdevops|jenkins|workspace|build_RNUM    
 Processing $rem in /cm/shared/apps/spack/cpu/opt/spack/linux-centos8-zen2/gcc-10.2.0/qchem-5.4-akfmr7b3t57bfs6qan3padb2wnb2i7cl/config/preferences:
 Processing $rem in /home/theleonzhang/.qchemrc:
 Symmetry turned off for PCM/SM12/SMD calculation
 Core orbitals will be frozen

 Checking the input file for inconsistencies... 	...done.

--------------------------------------------------------------
User input:
--------------------------------------------------------------
$molecule
0 1
C	0.671636	-3.866725	-0.386946
C	-0.530345	-3.703963	0.306544
C	-0.923770	-2.357056	0.533261
H	-1.128109	-4.561092	0.651857
C	0.000000	-1.440664	0.000000
S	1.337557	-2.286957	-0.772250
C	-2.184153	-1.978743	1.260680
H	-2.742769	-2.878678	1.583283
H	-2.863347	-1.376015	0.622180
H	-1.971094	-1.375728	2.168011
C	0.000000	0.000000	0.000000
C	0.661577	0.555087	1.099446
C	1.721724	1.444630	0.776721
H	0.379056	0.318032	2.136088
C	1.890772	1.586449	-0.612546
S	0.721935	0.605744	-1.486809
C	2.555004	2.143805	1.814609
H	2.228946	1.870211	2.836676
H	2.482605	3.247987	1.726239
H	3.629830	1.880735	1.726228
H	2.617927	2.196579	-1.161575
H	0.521098	-4.392713	-1.336254
H	1.418509	-4.392347	0.218374
H	-0.539900	-1.440937	-0.935365
$end

$rem
JOBTYPE		SP
EXCHANGE	HF
CORRELATION	pRIMP2
BASIS		cc-pvtz
METHOD		rimp2
AUX_BASIS	rimp2-cc-pvtz
SOLVENT_METHOD	PCM
PURECART	11111
SYMMETRY	false
MEM_TOTAL	110000
SCF_CONVERGENCE = 6
THRESH=10
$end



$solvent
dielectric 4.90
$end
--------------------------------------------------------------
 ----------------------------------------------------------------
             Standard Nuclear Orientation (Angstroms)
    I     Atom           X                Y                Z
 ----------------------------------------------------------------
    1      C       0.6716360000    -3.8667250000    -0.3869460000
    2      C      -0.5303450000    -3.7039630000     0.3065440000
    3      C      -0.9237700000    -2.3570560000     0.5332610000
    4      H      -1.1281090000    -4.5610920000     0.6518570000
    5      C       0.0000000000    -1.4406640000     0.0000000000
    6      S       1.3375570000    -2.2869570000    -0.7722500000
    7      C      -2.1841530000    -1.9787430000     1.2606800000
    8      H      -2.7427690000    -2.8786780000     1.5832830000
    9      H      -2.8633470000    -1.3760150000     0.6221800000
   10      H      -1.9710940000    -1.3757280000     2.1680110000
   11      C       0.0000000000     0.0000000000     0.0000000000
   12      C       0.6615770000     0.5550870000     1.0994460000
   13      C       1.7217240000     1.4446300000     0.7767210000
   14      H       0.3790560000     0.3180320000     2.1360880000
   15      C       1.8907720000     1.5864490000    -0.6125460000
   16      S       0.7219350000     0.6057440000    -1.4868090000
   17      C       2.5550040000     2.1438050000     1.8146090000
   18      H       2.2289460000     1.8702110000     2.8366760000
   19      H       2.4826050000     3.2479870000     1.7262390000
   20      H       3.6298300000     1.8807350000     1.7262280000
   21      H       2.6179270000     2.1965790000    -1.1615750000
   22      H       0.5210980000    -4.3927130000    -1.3362540000
   23      H       1.4185090000    -4.3923470000     0.2183740000
   24      H      -0.5399000000    -1.4409370000    -0.9353650000
 ----------------------------------------------------------------
 Nuclear Repulsion Energy =         893.77209981 hartrees
 There are       52 alpha and       52 beta electrons

 Q-Chem warning in module forms1/BasisType.C, line 2236:

 You are not using the predefined 5D/6D in this basis set.

 Requested basis set is cc-pVTZ
 There are 196 shells and 536 basis functions

 Total QAlloc Memory Limit 110000 MB
 Mega-Array Size       188 MB
 MEM_STATIC part       192 MB
 Discretize the solute cavity surface with Lebedev spheres
	Using 110 Lebedev grid points for each H atom
	Using 194 Lebedev grid points for other atoms
	Atomic van der Waals radii will be scaled by 1.20
 Remove points where switching function is < 1.0e-08
 Keep 1596 surface tesserae and discard 2052 interior tesserae
 Molecular Surface Area = 233.799 Angst**2
 Requested basis set is rimp2-cc-pVTZ
 There are 414 shells and 1414 basis functions
 A cutoff of  1.0D-10 yielded  14264 shell pairs
 There are    103308 function pairs (    132513 Cartesian)
 Smallest overlap matrix eigenvalue = 7.05E-05

 Scale SEOQF with 1.000000e-01/1.000000e-01/1.000000e-01

 Standard Electronic Orientation quadrupole field applied
 Nucleus-field energy     =     0.0000000291 hartrees
 Guess from superposition of atomic densities
 Warning:  Energy on first SCF cycle will be non-variational
 SAD guess density has 104.000000 electrons

 -----------------------------------------------------------------------
  General SCF calculation program by
  Eric Jon Sundstrom, Paul Horn, Yuezhi Mao, Dmitri Zuev, Alec White,
  David Stuck, Shaama M.S., Shane Yost, Joonho Lee, David Small,
  Daniel Levine, Susi Lehtola, Hugh Burton, Evgeny Epifanovsky,
  Bang C. Huynh
 -----------------------------------------------------------------------
 Hartree-Fock
 A restricted SCF calculation will be
 performed using DIIS
 SCF converges when DIIS error is below 1.0e-06
 ---------------------------------------
  Cycle       Energy         DIIS error
 ---------------------------------------
    1   -1186.1108249966      2.40e-02  
    2   -1180.5630443092      1.54e-03  
    3   -1180.6891504038      5.42e-04  
    4   -1180.7024249417      2.76e-04  
    5   -1180.7060536876      5.66e-05  
    6   -1180.7062943283      2.41e-05  
    7   -1180.7063607450      1.13e-05  
    8   -1180.7063805193      5.23e-06  
    9   -1180.7063861334      2.12e-06  
   10   -1180.7063871095      7.17e-07  Convergence criterion met
 ---------------------------------------
 SCF time:   CPU 580.27s  wall 582.00s 

************** Final PCM Free Energy Summary **************
 G_electrostatic  =      -0.00974797 hartree =      -6.11694227 kcal/mol
 G_cavitation     =       0.00000000 hartree =       0.00000000 kcal/mol
 G_dispersion     =       0.00000000 hartree =       0.00000000 kcal/mol
 G_repulsion      =       0.00000000 hartree =       0.00000000 kcal/mol
 --------------------------------------------------
 Non-electrostatic Free Energy =       0.00000000 hartree =       0.00000000 kcal/mol
 Total                         =      -0.00974797 hartree =      -6.11694227 kcal/mol
 --------------------------------------------------
 SCF Energy (H0 + V/2)                       =   -1180.70638711 
 Solute Internal Energy (H0)                 =   -1180.69663914 
 Total Free Energy (H0 + V/2 + non-elec)     =   -1180.70638711 hartree
                                             = -740904.44038140 kcal/mol
***********************************************************

 SCF   energy in the final basis set =    -1180.7063871095
 Total energy in the final basis set =    -1180.7063871095


 --------------------------------------------------------------
  Generalized many-body perturbation theory program
  by Joonho Lee, Fazle Rob, Xintian Feng, Evgeny Epifanovsky

 No regularization used 
 (reg. param. = 0.0000e+00)
  (P|Q)^-1/2 Time:  CPU 1.90 s  wall 1.91 s

 In RI-MP2 calculation: 
 # of frozen core orbitals: 20

 Components of the RIMP2 correlation energy:
        aaaa    correlation energy =        -0.2534215804 a.u.
        abab    correlation energy =        -1.5100833900 a.u.
        bbbb    correlation energy =        -0.2534215804 a.u.
        non-Brillouin singles      =        -0.0000000000 a.u.
        total same-spin energy     =        -0.5068431609 a.u.
        total opposite-spin energy =        -1.5100833900 a.u.

 Total  RIMP2   correlation energy =        -2.0169265508 a.u.
        RIMP2         total energy =     -1182.7233136603 a.u.

 RI-MP2 Energy Time:  CPU 80.06 s  wall 80.32 s
 
 --------------------------------------------------------------
 
                    Orbital Energies (a.u.)
 --------------------------------------------------------------
 
 Alpha MOs
 -- Occupied --
-91.9826 -91.9341 -11.2823 -11.2578 -11.2565 -11.2522 -11.2511 -11.2490
-11.2355 -11.2299 -11.2295 -11.2129  -8.9831  -8.9391  -6.6640  -6.6632
 -6.6629  -6.6204  -6.6194  -6.6181  -1.2007  -1.1534  -1.0572  -1.0266
 -0.9989  -0.9649  -0.9084  -0.9012  -0.8109  -0.7553  -0.7478  -0.7034
 -0.6499  -0.6290  -0.6129  -0.5876  -0.5805  -0.5721  -0.5652  -0.5514
 -0.5415  -0.5323  -0.5087  -0.5060  -0.4884  -0.4714  -0.4588  -0.4433
 -0.3567  -0.3324  -0.3181  -0.2689
 -- Virtual --
  0.0646   0.1293   0.1408   0.1554   0.1616   0.1676   0.1774   0.1814
  0.1892   0.2036   0.2069   0.2167   0.2259   0.2307   0.2383   0.2432
  0.2468   0.2625   0.2747   0.2943   0.3128   0.3339   0.3453   0.3473
  0.3557   0.3737   0.3776   0.3890   0.3904   0.3936   0.4175   0.4261
  0.4274   0.4345   0.4475   0.4578   0.4712   0.4755   0.4843   0.4878
  0.5019   0.5080   0.5158   0.5286   0.5362   0.5421   0.5510   0.5638
  0.5705   0.5789   0.5897   0.5976   0.6035   0.6110   0.6129   0.6155
  0.6225   0.6310   0.6344   0.6374   0.6388   0.6439   0.6504   0.6628
  0.6647   0.6680   0.6936   0.6967   0.7015   0.7032   0.7143   0.7251
  0.7377   0.7448   0.7572   0.7759   0.7876   0.7999   0.8043   0.8132
  0.8302   0.8347   0.8581   0.8643   0.8737   0.8869   0.9051   0.9056
  0.9126   0.9444   0.9566   0.9681   0.9738   0.9854   1.0062   1.0153
  1.0258   1.0397   1.0444   1.0506   1.0547   1.0611   1.0783   1.0828
  1.0994   1.1038   1.1184   1.1231   1.1410   1.1680   1.1736   1.1760
  1.1812   1.1948   1.1994   1.2088   1.2171   1.2289   1.2388   1.2411
  1.2529   1.2629   1.2685   1.2741   1.2840   1.2862   1.3052   1.3114
  1.3282   1.3337   1.3479   1.3648   1.3768   1.3902   1.4069   1.4111
  1.4243   1.4289   1.4409   1.4572   1.4702   1.4773   1.4852   1.4954
  1.5074   1.5113   1.5205   1.5298   1.5347   1.5474   1.5558   1.5606
  1.5715   1.5747   1.5856   1.5916   1.6061   1.6238   1.6359   1.6452
  1.6598   1.6663   1.6895   1.6968   1.6980   1.7058   1.7162   1.7345
  1.7484   1.7556   1.7622   1.7744   1.8106   1.8195   1.8354   1.8485
  1.8824   1.8908   1.9055   1.9390   1.9611   1.9812   1.9957   2.0047
  2.0313   2.0412   2.0515   2.0632   2.0976   2.1022   2.1112   2.1638
  2.1746   2.1952   2.2010   2.2257   2.2360   2.2462   2.2583   2.2797
  2.3050   2.3298   2.3448   2.3742   2.4083   2.4422   2.4645   2.4767
  2.4939   2.4975   2.5324   2.5516   2.5705   2.5956   2.6202   2.6313
  2.6450   2.6480   2.6557   2.6708   2.6777   2.6957   2.7081   2.7272
  2.7372   2.7501   2.7673   2.7791   2.7948   2.8057   2.8098   2.8281
  2.8326   2.8496   2.8607   2.8916   2.8950   2.9033   2.9122   2.9274
  2.9429   2.9602   2.9770   2.9953   3.0073   3.0086   3.0278   3.0440
  3.0576   3.0679   3.1038   3.1078   3.1114   3.1168   3.1357   3.1454
  3.1548   3.1579   3.1679   3.1834   3.1905   3.1925   3.1973   3.2200
  3.2265   3.2409   3.2444   3.2504   3.2646   3.2712   3.2994   3.3106
  3.3282   3.3290   3.3372   3.3470   3.3522   3.3643   3.3705   3.3788
  3.3831   3.3853   3.3877   3.3949   3.4104   3.4141   3.4227   3.4275
  3.4511   3.4536   3.4562   3.4672   3.4961   3.4989   3.5093   3.5160
  3.5190   3.5222   3.5361   3.5433   3.5518   3.5656   3.5753   3.5992
  3.6035   3.6184   3.6244   3.6364   3.6411   3.6456   3.6592   3.6669
  3.6736   3.6920   3.7021   3.7097   3.7214   3.7348   3.7379   3.7458
  3.7464   3.7525   3.7691   3.7814   3.7922   3.7934   3.8047   3.8112
  3.8394   3.8459   3.8514   3.8797   3.8884   3.9009   3.9256   3.9336
  3.9422   3.9436   3.9487   3.9744   3.9819   3.9902   4.0078   4.0144
  4.0403   4.0531   4.0572   4.0663   4.0729   4.0833   4.1008   4.1140
  4.1207   4.1435   4.1442   4.1535   4.1589   4.1722   4.1953   4.1994
  4.2099   4.2265   4.2296   4.2623   4.2633   4.2657   4.2750   4.2852
  4.2941   4.3061   4.3181   4.3264   4.3438   4.3539   4.3646   4.3743
  4.3850   4.3987   4.4029   4.4085   4.4118   4.4233   4.4277   4.4540
  4.4593   4.4633   4.4739   4.4784   4.4982   4.5172   4.5248   4.5563
  4.5777   4.5929   4.6027   4.6199   4.6380   4.6505   4.6616   4.6790
  4.6932   4.7120   4.7339   4.7563   4.7708   4.8128   4.8389   4.8514
  4.8681   4.8869   4.8981   4.9199   4.9296   4.9443   4.9767   4.9809
  5.0263   5.0397   5.0536   5.1027   5.1097   5.1292   5.1513   5.1644
  5.1879   5.2125   5.2292   5.2640   5.2864   5.2979   5.3076   5.3180
  5.3399   5.3674   5.3834   5.3957   5.4049   5.4190   5.4472   5.4516
  5.4763   5.5114   5.5276   5.5346   5.5530   5.5614   5.5731   5.5946
  5.6139   5.6246   5.6367   5.6717   5.6787   5.6969   5.7180   5.7383
  5.7588   5.7864   5.8148   5.9683   6.0220   6.0406   6.1030   6.1556
  6.2112   6.2243   6.2264   6.2326   6.2506   6.2767   6.2928   6.3239
  6.3815   6.3879   9.3732  10.4968  12.5330  12.8652  13.1711  13.9679
 14.0820  14.2303  14.2678  14.5862
 --------------------------------------------------------------
 
          Ground-State Mulliken Net Atomic Charges

     Atom                 Charge (a.u.)
  ----------------------------------------
      1 C                    -0.084563
      2 C                    -0.328451
      3 C                    -0.059661
      4 H                     0.172727
      5 C                     0.061768
      6 S                    -0.177296
      7 C                    -0.273430
      8 H                     0.112467
      9 H                     0.103570
     10 H                     0.102895
     11 C                    -0.145983
     12 C                    -0.124944
     13 C                    -0.010097
     14 H                     0.192037
     15 C                    -0.184181
     16 S                     0.016993
     17 C                    -0.269494
     18 H                     0.102104
     19 H                     0.107378
     20 H                     0.107021
     21 H                     0.201610
     22 H                     0.105451
     23 H                     0.109563
     24 H                     0.162517
  ----------------------------------------
  Sum of atomic charges =     0.000000

 -----------------------------------------------------------------
                    Cartesian Multipole Moments
 -----------------------------------------------------------------
    Charge (ESU x 10^10)
                -0.0000
    Dipole Moment (Debye)
         X      -0.2099      Y       1.1072      Z       2.0456
       Tot       2.3355
    Quadrupole Moments (Debye-Ang)
        XX     -84.9729     XY       9.9657     YY     -81.8770
        XZ       0.2021     YZ      -0.1382     ZZ     -84.9856
    Octopole Moments (Debye-Ang^2)
       XXX    -146.9416    XXY      87.2449    XYY     -41.6790
       YYY     187.1260    XXZ      -0.5773    XYZ       0.0131
       YYZ      -5.2586    XZZ     -47.4465    YZZ      77.3287
       ZZZ       2.6911
    Hexadecapole Moments (Debye-Ang^3)
      XXXX   -1117.8184   XXXY    -185.5077   XXYY    -575.8241
      XYYY    -219.7814   YYYY   -2344.2884   XXXZ      36.8654
      XXYZ     -43.7253   XYYZ      -3.7048   YYYZ     -61.9302
      XXZZ    -293.5904   XYZZ     -61.7337   YYZZ    -533.8248
      XZZZ      49.7373   YZZZ     -62.7997   ZZZZ    -678.2695
 -----------------------------------------------------------------
 Total job time:  663.81s(wall), 661.23s(cpu) 
 Sun Jul 10 04:14:05 2022

        *************************************************************
        *                                                           *
        *  Thank you very much for using Q-Chem.  Have a nice day.  *
        *                                                           *
        *************************************************************


remove work dirs ./qchem1888035.0 -- ./qchem1888035.-1
rm -rf ./qchem1888035
