You are running Q-Chem version: 5.4.0

#
# job setting
#
local host:  exp-1-41
current dir: /expanse/lustre/scratch/theleonzhang/temp_project/Hydrogenated_Rotation_Test
input file:  Methylthiophene_Phi_40_Theta_300_Methylthiophene_Hydrogenated.qcin
output file: 
nprocs     : 0
nthreads   : 1
#
# qchem installation setting
#
QC:          /cm/shared/apps/spack/cpu/opt/spack/linux-centos8-zen2/gcc-10.2.0/qchem-5.4-akfmr7b3t57bfs6qan3padb2wnb2i7cl
QCAUX:       /cm/shared/apps/spack/cpu/opt/spack/linux-centos8-zen2/gcc-10.2.0/qchem-5.4-akfmr7b3t57bfs6qan3padb2wnb2i7cl/qcaux
QCPROG:      /cm/shared/apps/spack/cpu/opt/spack/linux-centos8-zen2/gcc-10.2.0/qchem-5.4-akfmr7b3t57bfs6qan3padb2wnb2i7cl/exe/qcprog.exe_s
QCPROG_S:    /cm/shared/apps/spack/cpu/opt/spack/linux-centos8-zen2/gcc-10.2.0/qchem-5.4-akfmr7b3t57bfs6qan3padb2wnb2i7cl/exe/qcprog.exe_s
PARALLEL:    -DSERIAL
QCMPI:       mpich
#
# qchem directory setting
#
qcrun:       qchem1170526
QCSCRATCH:   .
QCLOCALSCR:  
QCTMPDIR:    .
QCFILEPREF:  ./qchem1170526
QCSAVEDIR:   
workdirs:    ./qchem1170526
workdir0:    ./qchem1170526
partmpdirs =  
#
# parallel setting
#
QCRSH:           ssh
QCMPI:           mpich
QCMPIRUN:        /cm/shared/apps/spack/cpu/opt/spack/linux-centos8-zen2/gcc-10.2.0/qchem-5.4-akfmr7b3t57bfs6qan3padb2wnb2i7cl/bin/mpi/mpirun_qchem
QCMACHINEFILE:   ./qchem1170526/hostfile

#
# env setting
#
exported envs:   QC QCAUX QCSCRATCH QCRUNNAME QCFILEPREF QCPROG QCPROG_S GUIFILE

Running Job 1 of 1 Methylthiophene_Phi_40_Theta_300_Methylthiophene_Hydrogenated.qcin
qchem Methylthiophene_Phi_40_Theta_300_Methylthiophene_Hydrogenated.qcin_1170526.0 ./qchem1170526/ 0
/cm/shared/apps/spack/cpu/opt/spack/linux-centos8-zen2/gcc-10.2.0/qchem-5.4-akfmr7b3t57bfs6qan3padb2wnb2i7cl/exe/qcprog.exe_s Methylthiophene_Phi_40_Theta_300_Methylthiophene_Hydrogenated.qcin_1170526.0 ./qchem1170526/
                  Welcome to Q-Chem
     A Quantum Leap Into The Future Of Chemistry


 Q-Chem 5.4, Q-Chem, Inc., Pleasanton, CA (2021)

 License issued to: University of California, San Diego (site)

 E. Epifanovsky,  A. T. B. Gilbert,  Xintian Feng,  Joonho Lee,  Yuezhi Mao,  
 N. Mardirossian,  P. Pokhilko,  A. White,  M. Wormit,  M. P. Coons,  
 A. L. Dempwolff,  Zhengting Gan,  D. Hait,  P. R. Horn,  L. D. Jacobson,  
 I. Kaliman,  J. Kussmann,  A. W. Lange,  Ka Un Lao,  D. S. Levine,  Jie Liu,  
 S. C. McKenzie,  A. F. Morrison,  K. Nanda,  F. Plasser,  D. R. Rehn,  
 M. L. Vidal,  Zhi-Qiang You,  Ying Zhu,  B. Alam,  B. Albrecht,  
 A. Aldossary,  E. Alguire,  J. H. Andersen,  D. Barton,  K. Begam,  A. Behn,  
 Y. A. Bernard,  E. J. Berquist,  H. Burton,  A. Carreras,  K. Carter-Fenk,  
 R. Chakraborty,  A. D. Chien,  K. D. Closser,  V. Cofer-Shabica,  
 S. Dasgupta,  Jia Deng,  M. de Wergifosse,  M. Diedenhofen,  Hainam Do,  
 S. Ehlert,  Po-Tung Fang,  S. Fatehi,  Qingguo Feng,  J. Gayvert,  
 Qinghui Ge,  G. Gidofalvi,  M. Goldey,  J. Gomes,  C. Gonzalez-Espinoza,  
 S. Gulania,  A. Gunina,  M. W. D. Hanson-Heine,  P. H. P. Harbach,  
 A. W. Hauser,  M. F. Herbst,  M. Hernandez Vera,  M. Hodecker,  
 Z. C. Holden,  S. Houck,  Xunkun Huang,  Kerwin Hui,  B. C. Huynh,  
 M. Ivanov,  Hyunjun Ji,  Hanjie Jiang,  B. Kaduk,  S. Kaehler,  
 K. Khistyaev,  Jaehoon Kim,  P. Klunzinger,  Z. Koczor-Benda,  
 Joong Hoon Koh,  D. Kosenkov,  L. Koulias,  T. Kowalczyk,  C. M. Krauter,  
 K. Kue,  A. Kunitsa,  T. Kus,  A. Landau,  K. V. Lawler,  D. Lefrancois,  
 S. Lehtola,  Rain Li,  Yi-Pei Li,  Jiashu Liang,  M. Liebenthal,  
 Hung-Hsuan Lin,  You-Sheng Lin,  Fenglai Liu,  Kuan-Yu Liu,  
 M. Loipersberger,  A. Luenser,  A. Manjanath,  P. Manohar,  E. Mansoor,  
 S. F. Manzer,  Shan-Ping Mao,  A. V. Marenich,  T. Markovich,  S. Mason,  
 S. A. Maurer,  P. F. McLaughlin,  M. F. S. J. Menger,  J.-M. Mewes,  
 S. A. Mewes,  P. Morgante,  J. W. Mullinax,  T. S. Nguyen-Beck,  
 K. J. Oosterbaan,  G. Paran,  Alexander C. Paul,  Suranjan K. Paul,  
 F. Pavosevic,  Zheng Pei,  S. Prager,  E. I. Proynov,  E. Ramos,  B. Rana,  
 A. E. Rask,  A. Rettig,  R. M. Richard,  F. Rob,  E. Rossomme,  T. Scheele,  
 M. Scheurer,  M. Schneider,  N. Sergueev,  S. M. Sharada,  W. Skomorowski,  
 D. W. Small,  C. J. Stein,  Yu-Chuan Su,  E. J. Sundstrom,  Zhen Tao,  
 J. Thirman,  T. Tsuchimochi,  N. M. Tubman,  S. P. Veccham,  O. Vydrov,  
 J. Wenzel,  J. Witte,  A. Yamada,  Kun Yao,  S. Yeganeh,  S. R. Yost,  
 A. Zech,  Igor Ying Zhang,  Xing Zhang,  Yu Zhang,  D. Zuev,  
 A. Aspuru-Guzik,  A. T. Bell,  N. A. Besley,  K. B. Bravaya,  B. R. Brooks,  
 D. Casanova,  Jeng-Da Chai,  S. Coriani,  C. J. Cramer,  
 A. E. DePrince, III,  R. A. DiStasio Jr.,  A. Dreuw,  B. D. Dunietz,  
 T. R. Furlani,  W. A. Goddard III,  S. Grimme,  S. Hammes-Schiffer,  
 T. Head-Gordon,  W. J. Hehre,  Chao-Ping Hsu,  T.-C. Jagau,  Yousung Jung,  
 A. Klamt,  Jing Kong,  D. S. Lambrecht,  WanZhen Liang,  N. J. Mayhall,  
 C. W. McCurdy,  J. B. Neaton,  C. Ochsenfeld,  J. A. Parkhill,  R. Peverati,  
 V. A. Rassolov,  Yihan Shao,  L. V. Slipchenko,  T. Stauch,  R. P. Steele,  
 J. E. Subotnik,  A. J. W. Thom,  A. Tkatchenko,  D. G. Truhlar,  
 T. Van Voorhis,  T. A. Wesolowski,  K. B. Whaley,  H. L. Woodcock III,  
 P. M. Zimmerman,  S. Faraji,  P. M. W. Gill,  M. Head-Gordon,  
 J. M. Herbert,  A. I. Krylov

 Contributors to earlier versions of Q-Chem not listed above: 
 R. D. Adamson,  B. Austin,  R. Baer,  J. Baker,  G. J. O. Beran,  
 K. Brandhorst,  S. T. Brown,  E. F. C. Byrd,  A. K. Chakraborty,  
 G. K. L. Chan,  Chun-Min Chang,  Yunqing Chen,  C.-L. Cheng,  
 Siu Hung Chien,  D. M. Chipman,  D. L. Crittenden,  H. Dachsel,  
 R. J. Doerksen,  A. D. Dutoi,  R. G. Edgar,  J. Fosso-Tande,  
 L. Fusti-Molnar,  D. Ghosh,  A. Ghysels,  A. Golubeva-Zadorozhnaya,  
 J. Gonthier,  M. S. Gordon,  S. R. Gwaltney,  G. Hawkins,  J. E. Herr,  
 A. Heyden,  S. Hirata,  E. G. Hohenstein,  G. Kedziora,  F. J. Keil,  
 C. Kelley,  Jihan Kim,  R. A. King,  R. Z. Khaliullin,  P. P. Korambath,  
 W. Kurlancheek,  A. Laurent,  A. M. Lee,  M. S. Lee,  S. V. Levchenko,  
 Ching Yeh Lin,  D. Liotard,  E. Livshits,  R. C. Lochan,  I. Lotan,  
 L. A. Martinez-Martinez,  P. E. Maslen,  N. Nair,  D. P. O'Neill,  
 D. Neuhauser,  E. Neuscamman,  C. M. Oana,  R. Olivares-Amaya,  R. Olson,  
 T. M. Perrine,  B. Peters,  P. A. Pieniazek,  A. Prociuk,  Y. M. Rhee,  
 J. Ritchie,  M. A. Rohrdanz,  E. Rosta,  N. J. Russ,  H. F. Schaefer III,  
 M. W. Schmidt,  N. E. Schultz,  S. Sharma,  N. Shenvi,  C. D. Sherrill,  
 A. C. Simmonett,  A. Sodt,  T. Stein,  D. Stuck,  K. S. Thanthiriwatte,  
 V. Vanovschi,  L. Vogt,  Tao Wang,  A. Warshel,  M. A. Watson,  
 C. F. Williams,  Q. Wu,  X. Xu,  Jun Yang,  W. Zhang,  Yan Zhao

 Please cite Q-Chem as follows:
 Y. Shao et al., Mol. Phys. 113, 184-215 (2015)
 DOI: 10.1080/00268976.2014.952696

 Q-Chem 5.4.0 for Intel X86 EM64T Linux

 Parts of Q-Chem use Armadillo 9.800.1 (Horizon Scraper).
 http://arma.sourceforge.net/

 Q-Chem begins on Sun Jul 10 04:50:40 2022  

 Host: 
0

     Scratch files written to ./qchem1170526//
 May1621 |scratch|qcdevops|jenkins|workspace|build_RNUM    
 Processing $rem in /cm/shared/apps/spack/cpu/opt/spack/linux-centos8-zen2/gcc-10.2.0/qchem-5.4-akfmr7b3t57bfs6qan3padb2wnb2i7cl/config/preferences:
 Processing $rem in /home/theleonzhang/.qchemrc:
 Symmetry turned off for PCM/SM12/SMD calculation
 Core orbitals will be frozen

 Checking the input file for inconsistencies... 	...done.

--------------------------------------------------------------
User input:
--------------------------------------------------------------
$molecule
0 1
C	0.670924	-3.866725	0.388181
C	-0.530648	-3.703963	-0.306020
C	-0.923703	-2.357056	-0.533378
H	-1.128579	-4.561092	-0.651043
C	-0.000000	-1.440664	-0.000000
S	1.337567	-2.286957	0.772234
C	-2.183857	-1.978743	-1.261192
H	-2.742548	-2.878678	-1.583666
H	-1.970497	-1.376015	-2.168641
H	-2.863099	-1.375728	-0.623012
C	0.000000	0.000000	0.000000
C	0.555137	0.661535	1.099446
C	1.444710	1.721658	0.776721
H	0.318072	0.379023	2.136088
C	1.586563	1.890676	-0.612546
S	0.605781	0.721904	-1.486809
C	2.143920	2.554907	1.814609
H	1.870325	2.228851	2.836676
H	1.880882	3.629742	1.726239
H	3.248098	2.482476	1.726228
H	2.196723	2.617806	-1.161575
H	1.417779	-4.392713	-0.216843
H	0.520136	-4.392347	1.337652
H	-0.540100	-1.440391	0.935250
$end

$rem
JOBTYPE		SP
EXCHANGE	HF
CORRELATION	pRIMP2
BASIS		cc-pvtz
METHOD		rimp2
AUX_BASIS	rimp2-cc-pvtz
SOLVENT_METHOD	PCM
PURECART	11111
SYMMETRY	false
MEM_TOTAL	110000
SCF_CONVERGENCE = 6
THRESH=10
$end



$solvent
dielectric 4.90
$end
--------------------------------------------------------------
 ----------------------------------------------------------------
             Standard Nuclear Orientation (Angstroms)
    I     Atom           X                Y                Z
 ----------------------------------------------------------------
    1      C       0.6709240000    -3.8667250000     0.3881810000
    2      C      -0.5306480000    -3.7039630000    -0.3060200000
    3      C      -0.9237030000    -2.3570560000    -0.5333780000
    4      H      -1.1285790000    -4.5610920000    -0.6510430000
    5      C       0.0000000000    -1.4406640000     0.0000000000
    6      S       1.3375670000    -2.2869570000     0.7722340000
    7      C      -2.1838570000    -1.9787430000    -1.2611920000
    8      H      -2.7425480000    -2.8786780000    -1.5836660000
    9      H      -1.9704970000    -1.3760150000    -2.1686410000
   10      H      -2.8630990000    -1.3757280000    -0.6230120000
   11      C       0.0000000000     0.0000000000     0.0000000000
   12      C       0.5551370000     0.6615350000     1.0994460000
   13      C       1.4447100000     1.7216580000     0.7767210000
   14      H       0.3180720000     0.3790230000     2.1360880000
   15      C       1.5865630000     1.8906760000    -0.6125460000
   16      S       0.6057810000     0.7219040000    -1.4868090000
   17      C       2.1439200000     2.5549070000     1.8146090000
   18      H       1.8703250000     2.2288510000     2.8366760000
   19      H       1.8808820000     3.6297420000     1.7262390000
   20      H       3.2480980000     2.4824760000     1.7262280000
   21      H       2.1967230000     2.6178060000    -1.1615750000
   22      H       1.4177790000    -4.3927130000    -0.2168430000
   23      H       0.5201360000    -4.3923470000     1.3376520000
   24      H      -0.5401000000    -1.4403910000     0.9352500000
 ----------------------------------------------------------------
 Nuclear Repulsion Energy =         884.55589005 hartrees
 There are       52 alpha and       52 beta electrons

 Q-Chem warning in module forms1/BasisType.C, line 2236:

 You are not using the predefined 5D/6D in this basis set.

 Requested basis set is cc-pVTZ
 There are 196 shells and 536 basis functions

 Total QAlloc Memory Limit 110000 MB
 Mega-Array Size       188 MB
 MEM_STATIC part       192 MB
 Discretize the solute cavity surface with Lebedev spheres
	Using 110 Lebedev grid points for each H atom
	Using 194 Lebedev grid points for other atoms
	Atomic van der Waals radii will be scaled by 1.20
 Remove points where switching function is < 1.0e-08
 Keep 1606 surface tesserae and discard 2042 interior tesserae
 Molecular Surface Area = 235.832 Angst**2
 Requested basis set is rimp2-cc-pVTZ
 There are 414 shells and 1414 basis functions
 A cutoff of  1.0D-10 yielded  14100 shell pairs
 There are    102302 function pairs (    131271 Cartesian)
 Smallest overlap matrix eigenvalue = 7.28E-05

 Scale SEOQF with 1.000000e-01/1.000000e-01/1.000000e-01

 Standard Electronic Orientation quadrupole field applied
 Nucleus-field energy     =     0.0000000304 hartrees
 Guess from superposition of atomic densities
 Warning:  Energy on first SCF cycle will be non-variational
 SAD guess density has 104.000000 electrons

 -----------------------------------------------------------------------
  General SCF calculation program by
  Eric Jon Sundstrom, Paul Horn, Yuezhi Mao, Dmitri Zuev, Alec White,
  David Stuck, Shaama M.S., Shane Yost, Joonho Lee, David Small,
  Daniel Levine, Susi Lehtola, Hugh Burton, Evgeny Epifanovsky,
  Bang C. Huynh
 -----------------------------------------------------------------------
 Hartree-Fock
 A restricted SCF calculation will be
 performed using DIIS
 SCF converges when DIIS error is below 1.0e-06
 ---------------------------------------
  Cycle       Energy         DIIS error
 ---------------------------------------
    1   -1186.0625974100      2.39e-02  
    2   -1180.5931767856      1.53e-03  
    3   -1180.7169683375      5.37e-04  
    4   -1180.7296368632      2.94e-04  
    5   -1180.7335232932      5.82e-05  
    6   -1180.7337618888      2.43e-05  
    7   -1180.7338248638      9.99e-06  
    8   -1180.7338421248      4.79e-06  
    9   -1180.7338466721      1.86e-06  
   10   -1180.7338474425      6.39e-07  Convergence criterion met
 ---------------------------------------
 SCF time:   CPU 568.92s  wall 570.00s 

************** Final PCM Free Energy Summary **************
 G_electrostatic  =      -0.00914579 hartree =      -5.73906865 kcal/mol
 G_cavitation     =       0.00000000 hartree =       0.00000000 kcal/mol
 G_dispersion     =       0.00000000 hartree =       0.00000000 kcal/mol
 G_repulsion      =       0.00000000 hartree =       0.00000000 kcal/mol
 --------------------------------------------------
 Non-electrostatic Free Energy =       0.00000000 hartree =       0.00000000 kcal/mol
 Total                         =      -0.00914579 hartree =      -5.73906865 kcal/mol
 --------------------------------------------------
 SCF Energy (H0 + V/2)                       =   -1180.73384744 
 Solute Internal Energy (H0)                 =   -1180.72470165 
 Total Free Energy (H0 + V/2 + non-elec)     =   -1180.73384744 hartree
                                             = -740921.67200046 kcal/mol
***********************************************************

 SCF   energy in the final basis set =    -1180.7338474425
 Total energy in the final basis set =    -1180.7338474425


 --------------------------------------------------------------
  Generalized many-body perturbation theory program
  by Joonho Lee, Fazle Rob, Xintian Feng, Evgeny Epifanovsky

 No regularization used 
 (reg. param. = 0.0000e+00)
  (P|Q)^-1/2 Time:  CPU 1.91 s  wall 1.91 s

 In RI-MP2 calculation: 
 # of frozen core orbitals: 20

 Components of the RIMP2 correlation energy:
        aaaa    correlation energy =        -0.2526375589 a.u.
        abab    correlation energy =        -1.5073884036 a.u.
        bbbb    correlation energy =        -0.2526375589 a.u.
        non-Brillouin singles      =        -0.0000000000 a.u.
        total same-spin energy     =        -0.5052751178 a.u.
        total opposite-spin energy =        -1.5073884036 a.u.

 Total  RIMP2   correlation energy =        -2.0126635214 a.u.
        RIMP2         total energy =     -1182.7465109639 a.u.

 RI-MP2 Energy Time:  CPU 80.04 s  wall 80.28 s
 
 --------------------------------------------------------------
 
                    Orbital Energies (a.u.)
 --------------------------------------------------------------
 
 Alpha MOs
 -- Occupied --
-91.9779 -91.9393 -11.2740 -11.2689 -11.2588 -11.2524 -11.2522 -11.2504
-11.2387 -11.2308 -11.2296 -11.2165  -8.9785  -8.9441  -6.6594  -6.6586
 -6.6582  -6.6254  -6.6243  -6.6230  -1.1996  -1.1540  -1.0576  -1.0253
 -1.0068  -0.9574  -0.9119  -0.9015  -0.8128  -0.7649  -0.7341  -0.6973
 -0.6581  -0.6394  -0.6115  -0.5886  -0.5805  -0.5746  -0.5658  -0.5503
 -0.5399  -0.5341  -0.5124  -0.5075  -0.4898  -0.4692  -0.4575  -0.4478
 -0.3546  -0.3405  -0.3174  -0.2726
 -- Virtual --
  0.0726   0.1334   0.1409   0.1497   0.1582   0.1705   0.1764   0.1829
  0.1903   0.2017   0.2067   0.2095   0.2278   0.2335   0.2372   0.2442
  0.2507   0.2591   0.2774   0.2981   0.3192   0.3222   0.3393   0.3493
  0.3619   0.3755   0.3810   0.3827   0.4016   0.4126   0.4151   0.4238
  0.4266   0.4397   0.4477   0.4624   0.4671   0.4728   0.4807   0.4852
  0.4914   0.5082   0.5207   0.5279   0.5339   0.5436   0.5518   0.5581
  0.5619   0.5768   0.5860   0.5935   0.6030   0.6094   0.6138   0.6222
  0.6234   0.6286   0.6334   0.6370   0.6414   0.6474   0.6487   0.6534
  0.6672   0.6747   0.6786   0.6885   0.6946   0.7059   0.7153   0.7299
  0.7364   0.7455   0.7575   0.7734   0.7786   0.8005   0.8049   0.8174
  0.8304   0.8337   0.8426   0.8577   0.8680   0.8946   0.9049   0.9165
  0.9330   0.9415   0.9622   0.9738   0.9780   0.9900   0.9998   1.0089
  1.0179   1.0234   1.0400   1.0471   1.0523   1.0703   1.0748   1.0835
  1.0889   1.0921   1.1062   1.1269   1.1439   1.1521   1.1571   1.1674
  1.1811   1.1818   1.1972   1.2049   1.2131   1.2316   1.2404   1.2429
  1.2620   1.2672   1.2728   1.2800   1.2815   1.2902   1.3013   1.3102
  1.3141   1.3291   1.3488   1.3650   1.3781   1.3882   1.4019   1.4127
  1.4215   1.4303   1.4428   1.4502   1.4737   1.4813   1.4892   1.4961
  1.5059   1.5107   1.5233   1.5296   1.5349   1.5463   1.5495   1.5583
  1.5661   1.5767   1.5874   1.5946   1.6037   1.6119   1.6295   1.6367
  1.6559   1.6610   1.6782   1.6840   1.6912   1.7162   1.7237   1.7300
  1.7493   1.7515   1.7637   1.7772   1.8117   1.8380   1.8447   1.8527
  1.8659   1.9088   1.9404   1.9534   1.9600   1.9824   2.0004   2.0020
  2.0161   2.0305   2.0469   2.0623   2.0911   2.1207   2.1401   2.1527
  2.1822   2.1869   2.2030   2.2137   2.2290   2.2525   2.2656   2.2708
  2.2889   2.3282   2.3463   2.3593   2.4099   2.4259   2.4322   2.4657
  2.4868   2.5181   2.5347   2.5471   2.5584   2.5853   2.6044   2.6246
  2.6260   2.6415   2.6619   2.6679   2.6762   2.6968   2.6994   2.7271
  2.7424   2.7537   2.7722   2.7788   2.7924   2.7974   2.7996   2.8215
  2.8384   2.8451   2.8659   2.8734   2.8979   2.9149   2.9196   2.9398
  2.9478   2.9644   2.9811   2.9891   3.0048   3.0165   3.0299   3.0350
  3.0487   3.0664   3.0915   3.1034   3.1117   3.1165   3.1297   3.1383
  3.1458   3.1660   3.1684   3.1785   3.1884   3.1944   3.2046   3.2091
  3.2302   3.2353   3.2500   3.2562   3.2622   3.2702   3.2887   3.3017
  3.3169   3.3235   3.3326   3.3336   3.3388   3.3537   3.3580   3.3685
  3.3788   3.3870   3.3919   3.3945   3.4004   3.4087   3.4236   3.4348
  3.4428   3.4525   3.4581   3.4671   3.4881   3.5054   3.5073   3.5130
  3.5231   3.5324   3.5451   3.5486   3.5546   3.5642   3.5681   3.5872
  3.5957   3.6138   3.6220   3.6263   3.6368   3.6379   3.6561   3.6613
  3.6709   3.6916   3.6999   3.7042   3.7152   3.7296   3.7394   3.7419
  3.7544   3.7643   3.7715   3.7865   3.7982   3.8029   3.8150   3.8176
  3.8294   3.8460   3.8529   3.8666   3.8716   3.8942   3.9013   3.9199
  3.9257   3.9484   3.9607   3.9748   3.9785   3.9840   4.0056   4.0135
  4.0300   4.0314   4.0415   4.0528   4.0701   4.0869   4.0909   4.1156
  4.1242   4.1356   4.1448   4.1492   4.1636   4.1708   4.1930   4.1971
  4.2091   4.2224   4.2293   4.2457   4.2565   4.2639   4.2711   4.2826
  4.2877   4.2964   4.3103   4.3378   4.3452   4.3545   4.3619   4.3706
  4.3723   4.3859   4.4013   4.4100   4.4189   4.4245   4.4283   4.4449
  4.4577   4.4638   4.4714   4.4809   4.5189   4.5274   4.5351   4.5451
  4.5720   4.5958   4.6141   4.6250   4.6319   4.6590   4.6673   4.6773
  4.6826   4.7202   4.7275   4.7491   4.7773   4.8135   4.8312   4.8426
  4.8649   4.8813   4.8885   4.9032   4.9267   4.9509   4.9551   4.9766
  5.0090   5.0503   5.0899   5.1022   5.1166   5.1280   5.1362   5.1628
  5.1724   5.2187   5.2295   5.2728   5.2887   5.2957   5.3058   5.3134
  5.3358   5.3665   5.3844   5.3971   5.4083   5.4261   5.4400   5.4547
  5.4816   5.5075   5.5305   5.5425   5.5559   5.5613   5.5634   5.5923
  5.6238   5.6331   5.6493   5.6798   5.6903   5.6923   5.7126   5.7376
  5.7599   5.7900   5.8197   5.9768   6.0234   6.0440   6.1050   6.1251
  6.2035   6.2193   6.2233   6.2303   6.2420   6.2819   6.2881   6.3169
  6.3820   6.4363   9.5064  10.5505  12.3486  12.8587  13.1692  13.8988
 14.1228  14.2466  14.2718  14.6417
 --------------------------------------------------------------
 
          Ground-State Mulliken Net Atomic Charges

     Atom                 Charge (a.u.)
  ----------------------------------------
      1 C                    -0.079482
      2 C                    -0.324083
      3 C                    -0.043675
      4 H                     0.174681
      5 C                     0.073134
      6 S                    -0.178533
      7 C                    -0.275044
      8 H                     0.113784
      9 H                     0.105469
     10 H                     0.104244
     11 C                    -0.059941
     12 C                    -0.275139
     13 C                     0.047141
     14 H                     0.189420
     15 C                    -0.217037
     16 S                     0.008379
     17 C                    -0.267122
     18 H                     0.102673
     19 H                     0.107664
     20 H                     0.108412
     21 H                     0.198153
     22 H                     0.110804
     23 H                     0.107216
     24 H                     0.168881
  ----------------------------------------
  Sum of atomic charges =     0.000000

 -----------------------------------------------------------------
                    Cartesian Multipole Moments
 -----------------------------------------------------------------
    Charge (ESU x 10^10)
                -0.0000
    Dipole Moment (Debye)
         X      -0.9431      Y       0.7301      Z       1.1616
       Tot       1.6649
    Quadrupole Moments (Debye-Ang)
        XX     -87.1838     XY       9.5750     YY     -78.5852
        XZ       0.9573     YZ       1.4119     ZZ     -85.5449
    Octopole Moments (Debye-Ang^2)
       XXX    -129.9232    XXY      73.8856    XYY     -30.4717
       YYY     159.8141    XXZ      -5.6833    XYZ      -3.9557
       YYZ      -0.3941    XZZ     -40.7002    YZZ      68.7964
       ZZZ       6.1954
    Hexadecapole Moments (Debye-Ang^3)
      XXXX    -966.6358   XXXY    -199.2655   XXYY    -572.2523
      XYYY    -210.5387   YYYY   -2469.2813   XXXZ    -182.6923
      XXYZ     -14.8444   XYYZ     -53.9974   YYYZ     -82.8141
      XXZZ    -269.9833   XYZZ     -61.2678   YYZZ    -556.2749
      XZZZ    -186.8083   YZZZ     -70.9546   ZZZZ    -682.0783
 -----------------------------------------------------------------
 Total job time:  652.86s(wall), 649.88s(cpu) 
 Sun Jul 10 05:01:33 2022

        *************************************************************
        *                                                           *
        *  Thank you very much for using Q-Chem.  Have a nice day.  *
        *                                                           *
        *************************************************************


remove work dirs ./qchem1170526.0 -- ./qchem1170526.-1
rm -rf ./qchem1170526
