You are running Q-Chem version: 5.4.0

#
# job setting
#
local host:  exp-1-17
current dir: /expanse/lustre/scratch/theleonzhang/temp_project/Hydrogenated_Rotation_Test
input file:  Methylthiophene_Phi_0_Theta_300_Methylthiophene_Hydrogenated.qcin
output file: 
nprocs     : 0
nthreads   : 1
#
# qchem installation setting
#
QC:          /cm/shared/apps/spack/cpu/opt/spack/linux-centos8-zen2/gcc-10.2.0/qchem-5.4-akfmr7b3t57bfs6qan3padb2wnb2i7cl
QCAUX:       /cm/shared/apps/spack/cpu/opt/spack/linux-centos8-zen2/gcc-10.2.0/qchem-5.4-akfmr7b3t57bfs6qan3padb2wnb2i7cl/qcaux
QCPROG:      /cm/shared/apps/spack/cpu/opt/spack/linux-centos8-zen2/gcc-10.2.0/qchem-5.4-akfmr7b3t57bfs6qan3padb2wnb2i7cl/exe/qcprog.exe_s
QCPROG_S:    /cm/shared/apps/spack/cpu/opt/spack/linux-centos8-zen2/gcc-10.2.0/qchem-5.4-akfmr7b3t57bfs6qan3padb2wnb2i7cl/exe/qcprog.exe_s
PARALLEL:    -DSERIAL
QCMPI:       mpich
#
# qchem directory setting
#
qcrun:       qchem3574695
QCSCRATCH:   .
QCLOCALSCR:  
QCTMPDIR:    .
QCFILEPREF:  ./qchem3574695
QCSAVEDIR:   
workdirs:    ./qchem3574695
workdir0:    ./qchem3574695
partmpdirs =  
#
# parallel setting
#
QCRSH:           ssh
QCMPI:           mpich
QCMPIRUN:        /cm/shared/apps/spack/cpu/opt/spack/linux-centos8-zen2/gcc-10.2.0/qchem-5.4-akfmr7b3t57bfs6qan3padb2wnb2i7cl/bin/mpi/mpirun_qchem
QCMACHINEFILE:   ./qchem3574695/hostfile

#
# env setting
#
exported envs:   QC QCAUX QCSCRATCH QCRUNNAME QCFILEPREF QCPROG QCPROG_S GUIFILE

Running Job 1 of 1 Methylthiophene_Phi_0_Theta_300_Methylthiophene_Hydrogenated.qcin
qchem Methylthiophene_Phi_0_Theta_300_Methylthiophene_Hydrogenated.qcin_3574695.0 ./qchem3574695/ 0
/cm/shared/apps/spack/cpu/opt/spack/linux-centos8-zen2/gcc-10.2.0/qchem-5.4-akfmr7b3t57bfs6qan3padb2wnb2i7cl/exe/qcprog.exe_s Methylthiophene_Phi_0_Theta_300_Methylthiophene_Hydrogenated.qcin_3574695.0 ./qchem3574695/
                  Welcome to Q-Chem
     A Quantum Leap Into The Future Of Chemistry


 Q-Chem 5.4, Q-Chem, Inc., Pleasanton, CA (2021)

 License issued to: University of California, San Diego (site)

 E. Epifanovsky,  A. T. B. Gilbert,  Xintian Feng,  Joonho Lee,  Yuezhi Mao,  
 N. Mardirossian,  P. Pokhilko,  A. White,  M. Wormit,  M. P. Coons,  
 A. L. Dempwolff,  Zhengting Gan,  D. Hait,  P. R. Horn,  L. D. Jacobson,  
 I. Kaliman,  J. Kussmann,  A. W. Lange,  Ka Un Lao,  D. S. Levine,  Jie Liu,  
 S. C. McKenzie,  A. F. Morrison,  K. Nanda,  F. Plasser,  D. R. Rehn,  
 M. L. Vidal,  Zhi-Qiang You,  Ying Zhu,  B. Alam,  B. Albrecht,  
 A. Aldossary,  E. Alguire,  J. H. Andersen,  D. Barton,  K. Begam,  A. Behn,  
 Y. A. Bernard,  E. J. Berquist,  H. Burton,  A. Carreras,  K. Carter-Fenk,  
 R. Chakraborty,  A. D. Chien,  K. D. Closser,  V. Cofer-Shabica,  
 S. Dasgupta,  Jia Deng,  M. de Wergifosse,  M. Diedenhofen,  Hainam Do,  
 S. Ehlert,  Po-Tung Fang,  S. Fatehi,  Qingguo Feng,  J. Gayvert,  
 Qinghui Ge,  G. Gidofalvi,  M. Goldey,  J. Gomes,  C. Gonzalez-Espinoza,  
 S. Gulania,  A. Gunina,  M. W. D. Hanson-Heine,  P. H. P. Harbach,  
 A. W. Hauser,  M. F. Herbst,  M. Hernandez Vera,  M. Hodecker,  
 Z. C. Holden,  S. Houck,  Xunkun Huang,  Kerwin Hui,  B. C. Huynh,  
 M. Ivanov,  Hyunjun Ji,  Hanjie Jiang,  B. Kaduk,  S. Kaehler,  
 K. Khistyaev,  Jaehoon Kim,  P. Klunzinger,  Z. Koczor-Benda,  
 Joong Hoon Koh,  D. Kosenkov,  L. Koulias,  T. Kowalczyk,  C. M. Krauter,  
 K. Kue,  A. Kunitsa,  T. Kus,  A. Landau,  K. V. Lawler,  D. Lefrancois,  
 S. Lehtola,  Rain Li,  Yi-Pei Li,  Jiashu Liang,  M. Liebenthal,  
 Hung-Hsuan Lin,  You-Sheng Lin,  Fenglai Liu,  Kuan-Yu Liu,  
 M. Loipersberger,  A. Luenser,  A. Manjanath,  P. Manohar,  E. Mansoor,  
 S. F. Manzer,  Shan-Ping Mao,  A. V. Marenich,  T. Markovich,  S. Mason,  
 S. A. Maurer,  P. F. McLaughlin,  M. F. S. J. Menger,  J.-M. Mewes,  
 S. A. Mewes,  P. Morgante,  J. W. Mullinax,  T. S. Nguyen-Beck,  
 K. J. Oosterbaan,  G. Paran,  Alexander C. Paul,  Suranjan K. Paul,  
 F. Pavosevic,  Zheng Pei,  S. Prager,  E. I. Proynov,  E. Ramos,  B. Rana,  
 A. E. Rask,  A. Rettig,  R. M. Richard,  F. Rob,  E. Rossomme,  T. Scheele,  
 M. Scheurer,  M. Schneider,  N. Sergueev,  S. M. Sharada,  W. Skomorowski,  
 D. W. Small,  C. J. Stein,  Yu-Chuan Su,  E. J. Sundstrom,  Zhen Tao,  
 J. Thirman,  T. Tsuchimochi,  N. M. Tubman,  S. P. Veccham,  O. Vydrov,  
 J. Wenzel,  J. Witte,  A. Yamada,  Kun Yao,  S. Yeganeh,  S. R. Yost,  
 A. Zech,  Igor Ying Zhang,  Xing Zhang,  Yu Zhang,  D. Zuev,  
 A. Aspuru-Guzik,  A. T. Bell,  N. A. Besley,  K. B. Bravaya,  B. R. Brooks,  
 D. Casanova,  Jeng-Da Chai,  S. Coriani,  C. J. Cramer,  
 A. E. DePrince, III,  R. A. DiStasio Jr.,  A. Dreuw,  B. D. Dunietz,  
 T. R. Furlani,  W. A. Goddard III,  S. Grimme,  S. Hammes-Schiffer,  
 T. Head-Gordon,  W. J. Hehre,  Chao-Ping Hsu,  T.-C. Jagau,  Yousung Jung,  
 A. Klamt,  Jing Kong,  D. S. Lambrecht,  WanZhen Liang,  N. J. Mayhall,  
 C. W. McCurdy,  J. B. Neaton,  C. Ochsenfeld,  J. A. Parkhill,  R. Peverati,  
 V. A. Rassolov,  Yihan Shao,  L. V. Slipchenko,  T. Stauch,  R. P. Steele,  
 J. E. Subotnik,  A. J. W. Thom,  A. Tkatchenko,  D. G. Truhlar,  
 T. Van Voorhis,  T. A. Wesolowski,  K. B. Whaley,  H. L. Woodcock III,  
 P. M. Zimmerman,  S. Faraji,  P. M. W. Gill,  M. Head-Gordon,  
 J. M. Herbert,  A. I. Krylov

 Contributors to earlier versions of Q-Chem not listed above: 
 R. D. Adamson,  B. Austin,  R. Baer,  J. Baker,  G. J. O. Beran,  
 K. Brandhorst,  S. T. Brown,  E. F. C. Byrd,  A. K. Chakraborty,  
 G. K. L. Chan,  Chun-Min Chang,  Yunqing Chen,  C.-L. Cheng,  
 Siu Hung Chien,  D. M. Chipman,  D. L. Crittenden,  H. Dachsel,  
 R. J. Doerksen,  A. D. Dutoi,  R. G. Edgar,  J. Fosso-Tande,  
 L. Fusti-Molnar,  D. Ghosh,  A. Ghysels,  A. Golubeva-Zadorozhnaya,  
 J. Gonthier,  M. S. Gordon,  S. R. Gwaltney,  G. Hawkins,  J. E. Herr,  
 A. Heyden,  S. Hirata,  E. G. Hohenstein,  G. Kedziora,  F. J. Keil,  
 C. Kelley,  Jihan Kim,  R. A. King,  R. Z. Khaliullin,  P. P. Korambath,  
 W. Kurlancheek,  A. Laurent,  A. M. Lee,  M. S. Lee,  S. V. Levchenko,  
 Ching Yeh Lin,  D. Liotard,  E. Livshits,  R. C. Lochan,  I. Lotan,  
 L. A. Martinez-Martinez,  P. E. Maslen,  N. Nair,  D. P. O'Neill,  
 D. Neuhauser,  E. Neuscamman,  C. M. Oana,  R. Olivares-Amaya,  R. Olson,  
 T. M. Perrine,  B. Peters,  P. A. Pieniazek,  A. Prociuk,  Y. M. Rhee,  
 J. Ritchie,  M. A. Rohrdanz,  E. Rosta,  N. J. Russ,  H. F. Schaefer III,  
 M. W. Schmidt,  N. E. Schultz,  S. Sharma,  N. Shenvi,  C. D. Sherrill,  
 A. C. Simmonett,  A. Sodt,  T. Stein,  D. Stuck,  K. S. Thanthiriwatte,  
 V. Vanovschi,  L. Vogt,  Tao Wang,  A. Warshel,  M. A. Watson,  
 C. F. Williams,  Q. Wu,  X. Xu,  Jun Yang,  W. Zhang,  Yan Zhao

 Please cite Q-Chem as follows:
 Y. Shao et al., Mol. Phys. 113, 184-215 (2015)
 DOI: 10.1080/00268976.2014.952696

 Q-Chem 5.4.0 for Intel X86 EM64T Linux

 Parts of Q-Chem use Armadillo 9.800.1 (Horizon Scraper).
 http://arma.sourceforge.net/

 Q-Chem begins on Sun Jul 10 04:21:14 2022  

 Host: 
0

     Scratch files written to ./qchem3574695//
 May1621 |scratch|qcdevops|jenkins|workspace|build_RNUM    
 Processing $rem in /cm/shared/apps/spack/cpu/opt/spack/linux-centos8-zen2/gcc-10.2.0/qchem-5.4-akfmr7b3t57bfs6qan3padb2wnb2i7cl/config/preferences:
 Processing $rem in /home/theleonzhang/.qchemrc:
 Symmetry turned off for PCM/SM12/SMD calculation
 Core orbitals will be frozen

 Checking the input file for inconsistencies... 	...done.

--------------------------------------------------------------
User input:
--------------------------------------------------------------
$molecule
0 1
C	0.670924	-3.866725	0.388181
C	-0.530648	-3.703963	-0.306020
C	-0.923703	-2.357056	-0.533378
H	-1.128579	-4.561092	-0.651043
C	0.000000	-1.440664	0.000000
S	1.337567	-2.286957	0.772234
C	-2.183857	-1.978743	-1.261192
H	-2.742548	-2.878678	-1.583666
H	-1.970497	-1.376015	-2.168641
H	-2.863099	-1.375728	-0.623012
C	0.000000	0.000000	0.000000
C	0.000033	0.863600	1.099446
C	0.000052	2.247508	0.776721
H	0.000026	0.494801	2.136088
C	0.000074	2.468165	-0.612546
S	0.000024	0.942399	-1.486809
C	0.000075	3.335257	1.814609
H	0.000074	2.909620	2.836676
H	-0.892314	3.989552	1.726239
H	0.892483	3.989525	1.726228
H	0.000094	3.417382	-1.161575
H	1.417779	-4.392713	-0.216843
H	0.520136	-4.392347	1.337652
H	-0.540100	-1.440391	0.935250
$end

$rem
JOBTYPE		SP
EXCHANGE	HF
CORRELATION	pRIMP2
BASIS		cc-pvtz
METHOD		rimp2
AUX_BASIS	rimp2-cc-pvtz
SOLVENT_METHOD	PCM
PURECART	11111
SYMMETRY	false
MEM_TOTAL	110000
SCF_CONVERGENCE = 6
THRESH=10
$end



$solvent
dielectric 4.90
$end
--------------------------------------------------------------
 ----------------------------------------------------------------
             Standard Nuclear Orientation (Angstroms)
    I     Atom           X                Y                Z
 ----------------------------------------------------------------
    1      C       0.6709240000    -3.8667250000     0.3881810000
    2      C      -0.5306480000    -3.7039630000    -0.3060200000
    3      C      -0.9237030000    -2.3570560000    -0.5333780000
    4      H      -1.1285790000    -4.5610920000    -0.6510430000
    5      C       0.0000000000    -1.4406640000     0.0000000000
    6      S       1.3375670000    -2.2869570000     0.7722340000
    7      C      -2.1838570000    -1.9787430000    -1.2611920000
    8      H      -2.7425480000    -2.8786780000    -1.5836660000
    9      H      -1.9704970000    -1.3760150000    -2.1686410000
   10      H      -2.8630990000    -1.3757280000    -0.6230120000
   11      C       0.0000000000     0.0000000000     0.0000000000
   12      C       0.0000330000     0.8636000000     1.0994460000
   13      C       0.0000520000     2.2475080000     0.7767210000
   14      H       0.0000260000     0.4948010000     2.1360880000
   15      C       0.0000740000     2.4681650000    -0.6125460000
   16      S       0.0000240000     0.9423990000    -1.4868090000
   17      C       0.0000750000     3.3352570000     1.8146090000
   18      H       0.0000740000     2.9096200000     2.8366760000
   19      H      -0.8923140000     3.9895520000     1.7262390000
   20      H       0.8924830000     3.9895250000     1.7262280000
   21      H       0.0000940000     3.4173820000    -1.1615750000
   22      H       1.4177790000    -4.3927130000    -0.2168430000
   23      H       0.5201360000    -4.3923470000     1.3376520000
   24      H      -0.5401000000    -1.4403910000     0.9352500000
 ----------------------------------------------------------------
 Nuclear Repulsion Energy =         872.22344110 hartrees
 There are       52 alpha and       52 beta electrons

 Q-Chem warning in module forms1/BasisType.C, line 2236:

 You are not using the predefined 5D/6D in this basis set.

 Requested basis set is cc-pVTZ
 There are 196 shells and 536 basis functions

 Total QAlloc Memory Limit 110000 MB
 Mega-Array Size       188 MB
 MEM_STATIC part       192 MB
 Discretize the solute cavity surface with Lebedev spheres
	Using 110 Lebedev grid points for each H atom
	Using 194 Lebedev grid points for other atoms
	Atomic van der Waals radii will be scaled by 1.20
 Remove points where switching function is < 1.0e-08
 Keep 1610 surface tesserae and discard 2038 interior tesserae
 Molecular Surface Area = 237.572 Angst**2
 Requested basis set is rimp2-cc-pVTZ
 There are 414 shells and 1414 basis functions
 A cutoff of  1.0D-10 yielded  13885 shell pairs
 There are    100779 function pairs (    129314 Cartesian)
 Smallest overlap matrix eigenvalue = 5.91E-05

 Scale SEOQF with 1.000000e-01/1.000000e-01/1.000000e-01

 Standard Electronic Orientation quadrupole field applied
 Nucleus-field energy     =     0.0000000334 hartrees
 Guess from superposition of atomic densities
 Warning:  Energy on first SCF cycle will be non-variational
 SAD guess density has 104.000000 electrons

 -----------------------------------------------------------------------
  General SCF calculation program by
  Eric Jon Sundstrom, Paul Horn, Yuezhi Mao, Dmitri Zuev, Alec White,
  David Stuck, Shaama M.S., Shane Yost, Joonho Lee, David Small,
  Daniel Levine, Susi Lehtola, Hugh Burton, Evgeny Epifanovsky,
  Bang C. Huynh
 -----------------------------------------------------------------------
 Hartree-Fock
 A restricted SCF calculation will be
 performed using DIIS
 SCF converges when DIIS error is below 1.0e-06
 ---------------------------------------
  Cycle       Energy         DIIS error
 ---------------------------------------
    1   -1186.0193915298      2.39e-02  
    2   -1180.6195661270      1.55e-03  
    3   -1180.7433345502      6.04e-04  
    4   -1180.7573326678      3.38e-04  
    5   -1180.7624997526      5.81e-05  
    6   -1180.7627395338      2.41e-05  
    7   -1180.7627969838      8.80e-06  
    8   -1180.7628104118      4.27e-06  
    9   -1180.7628134550      1.47e-06  
   10   -1180.7628139230      4.97e-07  Convergence criterion met
 ---------------------------------------
 SCF time:   CPU 561.94s  wall 564.00s 

************** Final PCM Free Energy Summary **************
 G_electrostatic  =      -0.00879904 hartree =      -5.52148161 kcal/mol
 G_cavitation     =       0.00000000 hartree =       0.00000000 kcal/mol
 G_dispersion     =       0.00000000 hartree =       0.00000000 kcal/mol
 G_repulsion      =       0.00000000 hartree =       0.00000000 kcal/mol
 --------------------------------------------------
 Non-electrostatic Free Energy =       0.00000000 hartree =       0.00000000 kcal/mol
 Total                         =      -0.00879904 hartree =      -5.52148161 kcal/mol
 --------------------------------------------------
 SCF Energy (H0 + V/2)                       =   -1180.76281392 
 Solute Internal Energy (H0)                 =   -1180.75401488 
 Total Free Energy (H0 + V/2 + non-elec)     =   -1180.76281392 hartree
                                             = -740939.84874127 kcal/mol
***********************************************************

 SCF   energy in the final basis set =    -1180.7628139230
 Total energy in the final basis set =    -1180.7628139230


 --------------------------------------------------------------
  Generalized many-body perturbation theory program
  by Joonho Lee, Fazle Rob, Xintian Feng, Evgeny Epifanovsky

 No regularization used 
 (reg. param. = 0.0000e+00)
  (P|Q)^-1/2 Time:  CPU 1.89 s  wall 1.90 s

 In RI-MP2 calculation: 
 # of frozen core orbitals: 20

 Components of the RIMP2 correlation energy:
        aaaa    correlation energy =        -0.2511971890 a.u.
        abab    correlation energy =        -1.5025333242 a.u.
        bbbb    correlation energy =        -0.2511971890 a.u.
        non-Brillouin singles      =        -0.0000000000 a.u.
        total same-spin energy     =        -0.5023943780 a.u.
        total opposite-spin energy =        -1.5025333242 a.u.

 Total  RIMP2   correlation energy =        -2.0049277022 a.u.
        RIMP2         total energy =     -1182.7677416252 a.u.

 RI-MP2 Energy Time:  CPU 79.47 s  wall 79.78 s
 
 --------------------------------------------------------------
 
                    Orbital Energies (a.u.)
 --------------------------------------------------------------
 
 Alpha MOs
 -- Occupied --
-91.9814 -91.9422 -11.2841 -11.2636 -11.2615 -11.2565 -11.2509 -11.2414
-11.2402 -11.2317 -11.2289 -11.2204  -8.9813  -8.9469  -6.6622  -6.6617
 -6.6611  -6.6283  -6.6272  -6.6259  -1.1990  -1.1533  -1.0587  -1.0260
 -1.0072  -0.9583  -0.9132  -0.9011  -0.8149  -0.7660  -0.7307  -0.7004
 -0.6618  -0.6422  -0.6105  -0.5877  -0.5801  -0.5728  -0.5673  -0.5515
 -0.5419  -0.5320  -0.5142  -0.5061  -0.4917  -0.4821  -0.4589  -0.4493
 -0.3559  -0.3430  -0.3166  -0.2749
 -- Virtual --
  0.0972   0.1322   0.1429   0.1494   0.1575   0.1697   0.1771   0.1809
  0.1923   0.1985   0.2038   0.2077   0.2281   0.2337   0.2376   0.2442
  0.2533   0.2590   0.2730   0.2945   0.3179   0.3377   0.3476   0.3535
  0.3660   0.3685   0.3793   0.3943   0.3969   0.4015   0.4147   0.4244
  0.4329   0.4489   0.4583   0.4600   0.4672   0.4701   0.4826   0.4934
  0.5033   0.5155   0.5191   0.5290   0.5370   0.5404   0.5438   0.5502
  0.5640   0.5753   0.5824   0.5893   0.5998   0.6061   0.6152   0.6186
  0.6225   0.6257   0.6345   0.6396   0.6434   0.6470   0.6507   0.6571
  0.6648   0.6704   0.6797   0.6887   0.6977   0.7019   0.7053   0.7283
  0.7306   0.7502   0.7533   0.7737   0.7933   0.7985   0.8073   0.8214
  0.8267   0.8374   0.8491   0.8565   0.8714   0.8811   0.8956   0.9131
  0.9224   0.9503   0.9548   0.9719   0.9799   0.9920   0.9990   1.0040
  1.0131   1.0326   1.0343   1.0428   1.0547   1.0736   1.0780   1.0867
  1.0890   1.0960   1.1056   1.1130   1.1361   1.1495   1.1561   1.1653
  1.1755   1.1881   1.2003   1.2086   1.2205   1.2320   1.2378   1.2421
  1.2469   1.2542   1.2701   1.2770   1.2808   1.2923   1.3002   1.3125
  1.3339   1.3342   1.3434   1.3567   1.3680   1.3958   1.4033   1.4193
  1.4244   1.4446   1.4506   1.4531   1.4711   1.4833   1.4921   1.4955
  1.5006   1.5152   1.5225   1.5335   1.5398   1.5446   1.5462   1.5551
  1.5678   1.5770   1.5849   1.6047   1.6054   1.6108   1.6171   1.6372
  1.6415   1.6612   1.6754   1.6871   1.7024   1.7202   1.7336   1.7369
  1.7421   1.7519   1.7881   1.7920   1.8023   1.8186   1.8392   1.8609
  1.8769   1.8900   1.9294   1.9431   1.9585   1.9639   1.9937   1.9980
  2.0183   2.0216   2.0337   2.0627   2.0689   2.1149   2.1376   2.1615
  2.1825   2.1925   2.2144   2.2210   2.2317   2.2641   2.2720   2.2807
  2.3192   2.3363   2.3431   2.3620   2.4084   2.4325   2.4427   2.4717
  2.4818   2.5174   2.5354   2.5491   2.5621   2.5770   2.6107   2.6255
  2.6320   2.6484   2.6579   2.6621   2.6753   2.6924   2.7024   2.7255
  2.7370   2.7478   2.7498   2.7676   2.7735   2.7824   2.7947   2.8126
  2.8273   2.8464   2.8569   2.8775   2.8873   2.8982   2.9105   2.9194
  2.9201   2.9616   2.9698   2.9759   3.0088   3.0154   3.0269   3.0378
  3.0461   3.0742   3.0894   3.0970   3.1123   3.1195   3.1340   3.1365
  3.1502   3.1518   3.1667   3.1684   3.1824   3.1888   3.1997   3.2134
  3.2251   3.2412   3.2548   3.2643   3.2806   3.2890   3.2963   3.3021
  3.3099   3.3226   3.3276   3.3345   3.3391   3.3513   3.3595   3.3794
  3.3808   3.3863   3.3910   3.3980   3.4071   3.4108   3.4201   3.4399
  3.4412   3.4450   3.4492   3.4573   3.4717   3.4878   3.4944   3.5039
  3.5188   3.5214   3.5295   3.5330   3.5436   3.5583   3.5621   3.5770
  3.5941   3.5984   3.6096   3.6156   3.6314   3.6384   3.6456   3.6569
  3.6737   3.6830   3.6893   3.7067   3.7135   3.7192   3.7277   3.7363
  3.7436   3.7586   3.7692   3.7831   3.7884   3.7899   3.8010   3.8060
  3.8325   3.8380   3.8568   3.8602   3.8756   3.8944   3.8996   3.9098
  3.9270   3.9456   3.9546   3.9697   3.9722   3.9906   4.0014   4.0097
  4.0251   4.0402   4.0463   4.0597   4.0747   4.0882   4.0982   4.1145
  4.1278   4.1339   4.1409   4.1570   4.1679   4.1724   4.1762   4.1929
  4.2012   4.2221   4.2394   4.2415   4.2498   4.2681   4.2708   4.2779
  4.2972   4.3042   4.3182   4.3312   4.3373   4.3516   4.3535   4.3652
  4.3825   4.3837   4.4015   4.4084   4.4140   4.4232   4.4321   4.4438
  4.4601   4.4701   4.4760   4.4856   4.4970   4.5151   4.5460   4.5522
  4.5643   4.5956   4.6068   4.6234   4.6394   4.6491   4.6599   4.6652
  4.7105   4.7263   4.7310   4.7570   4.7756   4.8066   4.8219   4.8464
  4.8547   4.8623   4.8844   4.8956   4.9432   4.9586   4.9781   4.9956
  5.0150   5.0393   5.0900   5.0939   5.1139   5.1235   5.1535   5.1778
  5.1879   5.2207   5.2352   5.2713   5.2826   5.2873   5.3097   5.3176
  5.3405   5.3689   5.3835   5.3996   5.4062   5.4263   5.4405   5.4522
  5.4743   5.5159   5.5248   5.5446   5.5468   5.5637   5.5722   5.5895
  5.6238   5.6303   5.6464   5.6697   5.6803   5.6997   5.7067   5.7231
  5.7720   5.7920   5.8336   5.9858   6.0006   6.1139   6.1188   6.1488
  6.2099   6.2172   6.2272   6.2434   6.2474   6.2783   6.3085   6.3281
  6.3892   6.5040   9.5304  10.6310  11.9976  12.9611  13.1807  13.9594
 14.1239  14.2400  14.2934  14.7002
 --------------------------------------------------------------
 
          Ground-State Mulliken Net Atomic Charges

     Atom                 Charge (a.u.)
  ----------------------------------------
      1 C                    -0.078823
      2 C                    -0.325254
      3 C                    -0.026922
      4 H                     0.177258
      5 C                     0.098372
      6 S                    -0.176387
      7 C                    -0.270381
      8 H                     0.114335
      9 H                     0.106807
     10 H                     0.105194
     11 C                    -0.077124
     12 C                    -0.255693
     13 C                     0.024241
     14 H                     0.183931
     15 C                    -0.246105
     16 S                     0.006326
     17 C                    -0.271730
     18 H                     0.102440
     19 H                     0.107820
     20 H                     0.108706
     21 H                     0.196261
     22 H                     0.113370
     23 H                     0.110947
     24 H                     0.172413
  ----------------------------------------
  Sum of atomic charges =     0.000000

 -----------------------------------------------------------------
                    Cartesian Multipole Moments
 -----------------------------------------------------------------
    Charge (ESU x 10^10)
                -0.0000
    Dipole Moment (Debye)
         X      -2.5118      Y       0.3201      Z       0.9754
       Tot       2.7135
    Quadrupole Moments (Debye-Ang)
        XX     -91.9542     XY       3.8922     YY     -73.6204
        XZ       0.2559     YZ       1.7589     ZZ     -85.7245
    Octopole Moments (Debye-Ang^2)
       XXX      -2.3580    XXY      41.4337    XYY      -0.2286
       YYY     122.7186    XXZ      -4.7470    XYZ      -2.5670
       YYZ      -0.8786    XZZ      -0.7947    YZZ      53.3396
       ZZZ       4.8005
    Hexadecapole Moments (Debye-Ang^3)
      XXXX    -569.1951   XXXY      22.3082   XXYY    -605.1406
      XYYY       1.9072   YYYY   -2782.6691   XXXZ    -118.0855
      XXYZ     -15.3077   XYYZ     -26.1813   YYYZ    -111.5403
      XXZZ    -213.0135   XYZZ       7.0839   YYZZ    -612.0779
      XZZZ    -124.8715   YZZZ     -94.8864   ZZZZ    -682.8035
 -----------------------------------------------------------------
 Total job time:  645.71s(wall), 642.30s(cpu) 
 Sun Jul 10 04:32:00 2022

        *************************************************************
        *                                                           *
        *  Thank you very much for using Q-Chem.  Have a nice day.  *
        *                                                           *
        *************************************************************


remove work dirs ./qchem3574695.0 -- ./qchem3574695.-1
rm -rf ./qchem3574695
You are running Q-Chem version: 5.4.0

#
# job setting
#
local host:  exp-2-18
current dir: /expanse/lustre/scratch/theleonzhang/temp_project/Hydrogenated_Rotation_Test
input file:  Methylthiophene_Phi_0_Theta_300_Methylthiophene_Hydrogenated.qcin
output file: 
nprocs     : 0
nthreads   : 1
#
# qchem installation setting
#
QC:          /cm/shared/apps/spack/cpu/opt/spack/linux-centos8-zen2/gcc-10.2.0/qchem-5.4-akfmr7b3t57bfs6qan3padb2wnb2i7cl
QCAUX:       /cm/shared/apps/spack/cpu/opt/spack/linux-centos8-zen2/gcc-10.2.0/qchem-5.4-akfmr7b3t57bfs6qan3padb2wnb2i7cl/qcaux
QCPROG:      /cm/shared/apps/spack/cpu/opt/spack/linux-centos8-zen2/gcc-10.2.0/qchem-5.4-akfmr7b3t57bfs6qan3padb2wnb2i7cl/exe/qcprog.exe_s
QCPROG_S:    /cm/shared/apps/spack/cpu/opt/spack/linux-centos8-zen2/gcc-10.2.0/qchem-5.4-akfmr7b3t57bfs6qan3padb2wnb2i7cl/exe/qcprog.exe_s
PARALLEL:    -DSERIAL
QCMPI:       mpich
#
# qchem directory setting
#
qcrun:       qchem1954228
QCSCRATCH:   .
QCLOCALSCR:  
QCTMPDIR:    .
QCFILEPREF:  ./qchem1954228
QCSAVEDIR:   
workdirs:    ./qchem1954228
workdir0:    ./qchem1954228
partmpdirs =  
#
# parallel setting
#
QCRSH:           ssh
QCMPI:           mpich
QCMPIRUN:        /cm/shared/apps/spack/cpu/opt/spack/linux-centos8-zen2/gcc-10.2.0/qchem-5.4-akfmr7b3t57bfs6qan3padb2wnb2i7cl/bin/mpi/mpirun_qchem
QCMACHINEFILE:   ./qchem1954228/hostfile

#
# env setting
#
exported envs:   QC QCAUX QCSCRATCH QCRUNNAME QCFILEPREF QCPROG QCPROG_S GUIFILE

Running Job 1 of 1 Methylthiophene_Phi_0_Theta_300_Methylthiophene_Hydrogenated.qcin
qchem Methylthiophene_Phi_0_Theta_300_Methylthiophene_Hydrogenated.qcin_1954228.0 ./qchem1954228/ 0
/cm/shared/apps/spack/cpu/opt/spack/linux-centos8-zen2/gcc-10.2.0/qchem-5.4-akfmr7b3t57bfs6qan3padb2wnb2i7cl/exe/qcprog.exe_s Methylthiophene_Phi_0_Theta_300_Methylthiophene_Hydrogenated.qcin_1954228.0 ./qchem1954228/
                  Welcome to Q-Chem
     A Quantum Leap Into The Future Of Chemistry


 Q-Chem 5.4, Q-Chem, Inc., Pleasanton, CA (2021)

 License issued to: University of California, San Diego (site)

 E. Epifanovsky,  A. T. B. Gilbert,  Xintian Feng,  Joonho Lee,  Yuezhi Mao,  
 N. Mardirossian,  P. Pokhilko,  A. White,  M. Wormit,  M. P. Coons,  
 A. L. Dempwolff,  Zhengting Gan,  D. Hait,  P. R. Horn,  L. D. Jacobson,  
 I. Kaliman,  J. Kussmann,  A. W. Lange,  Ka Un Lao,  D. S. Levine,  Jie Liu,  
 S. C. McKenzie,  A. F. Morrison,  K. Nanda,  F. Plasser,  D. R. Rehn,  
 M. L. Vidal,  Zhi-Qiang You,  Ying Zhu,  B. Alam,  B. Albrecht,  
 A. Aldossary,  E. Alguire,  J. H. Andersen,  D. Barton,  K. Begam,  A. Behn,  
 Y. A. Bernard,  E. J. Berquist,  H. Burton,  A. Carreras,  K. Carter-Fenk,  
 R. Chakraborty,  A. D. Chien,  K. D. Closser,  V. Cofer-Shabica,  
 S. Dasgupta,  Jia Deng,  M. de Wergifosse,  M. Diedenhofen,  Hainam Do,  
 S. Ehlert,  Po-Tung Fang,  S. Fatehi,  Qingguo Feng,  J. Gayvert,  
 Qinghui Ge,  G. Gidofalvi,  M. Goldey,  J. Gomes,  C. Gonzalez-Espinoza,  
 S. Gulania,  A. Gunina,  M. W. D. Hanson-Heine,  P. H. P. Harbach,  
 A. W. Hauser,  M. F. Herbst,  M. Hernandez Vera,  M. Hodecker,  
 Z. C. Holden,  S. Houck,  Xunkun Huang,  Kerwin Hui,  B. C. Huynh,  
 M. Ivanov,  Hyunjun Ji,  Hanjie Jiang,  B. Kaduk,  S. Kaehler,  
 K. Khistyaev,  Jaehoon Kim,  P. Klunzinger,  Z. Koczor-Benda,  
 Joong Hoon Koh,  D. Kosenkov,  L. Koulias,  T. Kowalczyk,  C. M. Krauter,  
 K. Kue,  A. Kunitsa,  T. Kus,  A. Landau,  K. V. Lawler,  D. Lefrancois,  
 S. Lehtola,  Rain Li,  Yi-Pei Li,  Jiashu Liang,  M. Liebenthal,  
 Hung-Hsuan Lin,  You-Sheng Lin,  Fenglai Liu,  Kuan-Yu Liu,  
 M. Loipersberger,  A. Luenser,  A. Manjanath,  P. Manohar,  E. Mansoor,  
 S. F. Manzer,  Shan-Ping Mao,  A. V. Marenich,  T. Markovich,  S. Mason,  
 S. A. Maurer,  P. F. McLaughlin,  M. F. S. J. Menger,  J.-M. Mewes,  
 S. A. Mewes,  P. Morgante,  J. W. Mullinax,  T. S. Nguyen-Beck,  
 K. J. Oosterbaan,  G. Paran,  Alexander C. Paul,  Suranjan K. Paul,  
 F. Pavosevic,  Zheng Pei,  S. Prager,  E. I. Proynov,  E. Ramos,  B. Rana,  
 A. E. Rask,  A. Rettig,  R. M. Richard,  F. Rob,  E. Rossomme,  T. Scheele,  
 M. Scheurer,  M. Schneider,  N. Sergueev,  S. M. Sharada,  W. Skomorowski,  
 D. W. Small,  C. J. Stein,  Yu-Chuan Su,  E. J. Sundstrom,  Zhen Tao,  
 J. Thirman,  T. Tsuchimochi,  N. M. Tubman,  S. P. Veccham,  O. Vydrov,  
 J. Wenzel,  J. Witte,  A. Yamada,  Kun Yao,  S. Yeganeh,  S. R. Yost,  
 A. Zech,  Igor Ying Zhang,  Xing Zhang,  Yu Zhang,  D. Zuev,  
 A. Aspuru-Guzik,  A. T. Bell,  N. A. Besley,  K. B. Bravaya,  B. R. Brooks,  
 D. Casanova,  Jeng-Da Chai,  S. Coriani,  C. J. Cramer,  
 A. E. DePrince, III,  R. A. DiStasio Jr.,  A. Dreuw,  B. D. Dunietz,  
 T. R. Furlani,  W. A. Goddard III,  S. Grimme,  S. Hammes-Schiffer,  
 T. Head-Gordon,  W. J. Hehre,  Chao-Ping Hsu,  T.-C. Jagau,  Yousung Jung,  
 A. Klamt,  Jing Kong,  D. S. Lambrecht,  WanZhen Liang,  N. J. Mayhall,  
 C. W. McCurdy,  J. B. Neaton,  C. Ochsenfeld,  J. A. Parkhill,  R. Peverati,  
 V. A. Rassolov,  Yihan Shao,  L. V. Slipchenko,  T. Stauch,  R. P. Steele,  
 J. E. Subotnik,  A. J. W. Thom,  A. Tkatchenko,  D. G. Truhlar,  
 T. Van Voorhis,  T. A. Wesolowski,  K. B. Whaley,  H. L. Woodcock III,  
 P. M. Zimmerman,  S. Faraji,  P. M. W. Gill,  M. Head-Gordon,  
 J. M. Herbert,  A. I. Krylov

 Contributors to earlier versions of Q-Chem not listed above: 
 R. D. Adamson,  B. Austin,  R. Baer,  J. Baker,  G. J. O. Beran,  
 K. Brandhorst,  S. T. Brown,  E. F. C. Byrd,  A. K. Chakraborty,  
 G. K. L. Chan,  Chun-Min Chang,  Yunqing Chen,  C.-L. Cheng,  
 Siu Hung Chien,  D. M. Chipman,  D. L. Crittenden,  H. Dachsel,  
 R. J. Doerksen,  A. D. Dutoi,  R. G. Edgar,  J. Fosso-Tande,  
 L. Fusti-Molnar,  D. Ghosh,  A. Ghysels,  A. Golubeva-Zadorozhnaya,  
 J. Gonthier,  M. S. Gordon,  S. R. Gwaltney,  G. Hawkins,  J. E. Herr,  
 A. Heyden,  S. Hirata,  E. G. Hohenstein,  G. Kedziora,  F. J. Keil,  
 C. Kelley,  Jihan Kim,  R. A. King,  R. Z. Khaliullin,  P. P. Korambath,  
 W. Kurlancheek,  A. Laurent,  A. M. Lee,  M. S. Lee,  S. V. Levchenko,  
 Ching Yeh Lin,  D. Liotard,  E. Livshits,  R. C. Lochan,  I. Lotan,  
 L. A. Martinez-Martinez,  P. E. Maslen,  N. Nair,  D. P. O'Neill,  
 D. Neuhauser,  E. Neuscamman,  C. M. Oana,  R. Olivares-Amaya,  R. Olson,  
 T. M. Perrine,  B. Peters,  P. A. Pieniazek,  A. Prociuk,  Y. M. Rhee,  
 J. Ritchie,  M. A. Rohrdanz,  E. Rosta,  N. J. Russ,  H. F. Schaefer III,  
 M. W. Schmidt,  N. E. Schultz,  S. Sharma,  N. Shenvi,  C. D. Sherrill,  
 A. C. Simmonett,  A. Sodt,  T. Stein,  D. Stuck,  K. S. Thanthiriwatte,  
 V. Vanovschi,  L. Vogt,  Tao Wang,  A. Warshel,  M. A. Watson,  
 C. F. Williams,  Q. Wu,  X. Xu,  Jun Yang,  W. Zhang,  Yan Zhao

 Please cite Q-Chem as follows:
 Y. Shao et al., Mol. Phys. 113, 184-215 (2015)
 DOI: 10.1080/00268976.2014.952696

 Q-Chem 5.4.0 for Intel X86 EM64T Linux

 Parts of Q-Chem use Armadillo 9.800.1 (Horizon Scraper).
 http://arma.sourceforge.net/

 Q-Chem begins on Sun Jul 10 04:54:03 2022  

 Host: 
0

     Scratch files written to ./qchem1954228//
 May1621 |scratch|qcdevops|jenkins|workspace|build_RNUM    
 Processing $rem in /cm/shared/apps/spack/cpu/opt/spack/linux-centos8-zen2/gcc-10.2.0/qchem-5.4-akfmr7b3t57bfs6qan3padb2wnb2i7cl/config/preferences:
 Processing $rem in /home/theleonzhang/.qchemrc:
 Symmetry turned off for PCM/SM12/SMD calculation
 Core orbitals will be frozen

 Checking the input file for inconsistencies... 	...done.

--------------------------------------------------------------
User input:
--------------------------------------------------------------
$molecule
0 1
C	0.670924	-3.866725	0.388181
C	-0.530648	-3.703963	-0.306020
C	-0.923703	-2.357056	-0.533378
H	-1.128579	-4.561092	-0.651043
C	0.000000	-1.440664	0.000000
S	1.337567	-2.286957	0.772234
C	-2.183857	-1.978743	-1.261192
H	-2.742548	-2.878678	-1.583666
H	-1.970497	-1.376015	-2.168641
H	-2.863099	-1.375728	-0.623012
C	0.000000	0.000000	0.000000
C	0.000033	0.863600	1.099446
C	0.000052	2.247508	0.776721
H	0.000026	0.494801	2.136088
C	0.000074	2.468165	-0.612546
S	0.000024	0.942399	-1.486809
C	0.000075	3.335257	1.814609
H	0.000074	2.909620	2.836676
H	-0.892314	3.989552	1.726239
H	0.892483	3.989525	1.726228
H	0.000094	3.417382	-1.161575
H	1.417779	-4.392713	-0.216843
H	0.520136	-4.392347	1.337652
H	-0.540100	-1.440391	0.935250
$end

$rem
JOBTYPE		SP
EXCHANGE	HF
CORRELATION	pRIMP2
BASIS		cc-pvtz
METHOD		rimp2
AUX_BASIS	rimp2-cc-pvtz
SOLVENT_METHOD	PCM
PURECART	11111
SYMMETRY	false
MEM_TOTAL	110000
SCF_CONVERGENCE = 6
THRESH=10
$end



$solvent
dielectric 4.90
$end
--------------------------------------------------------------
 ----------------------------------------------------------------
             Standard Nuclear Orientation (Angstroms)
    I     Atom           X                Y                Z
 ----------------------------------------------------------------
    1      C       0.6709240000    -3.8667250000     0.3881810000
    2      C      -0.5306480000    -3.7039630000    -0.3060200000
    3      C      -0.9237030000    -2.3570560000    -0.5333780000
    4      H      -1.1285790000    -4.5610920000    -0.6510430000
    5      C       0.0000000000    -1.4406640000     0.0000000000
    6      S       1.3375670000    -2.2869570000     0.7722340000
    7      C      -2.1838570000    -1.9787430000    -1.2611920000
    8      H      -2.7425480000    -2.8786780000    -1.5836660000
    9      H      -1.9704970000    -1.3760150000    -2.1686410000
   10      H      -2.8630990000    -1.3757280000    -0.6230120000
   11      C       0.0000000000     0.0000000000     0.0000000000
   12      C       0.0000330000     0.8636000000     1.0994460000
   13      C       0.0000520000     2.2475080000     0.7767210000
   14      H       0.0000260000     0.4948010000     2.1360880000
   15      C       0.0000740000     2.4681650000    -0.6125460000
   16      S       0.0000240000     0.9423990000    -1.4868090000
   17      C       0.0000750000     3.3352570000     1.8146090000
   18      H       0.0000740000     2.9096200000     2.8366760000
   19      H      -0.8923140000     3.9895520000     1.7262390000
   20      H       0.8924830000     3.9895250000     1.7262280000
   21      H       0.0000940000     3.4173820000    -1.1615750000
   22      H       1.4177790000    -4.3927130000    -0.2168430000
   23      H       0.5201360000    -4.3923470000     1.3376520000
   24      H      -0.5401000000    -1.4403910000     0.9352500000
 ----------------------------------------------------------------
 Nuclear Repulsion Energy =         872.22344110 hartrees
 There are       52 alpha and       52 beta electrons

 Q-Chem warning in module forms1/BasisType.C, line 2236:

 You are not using the predefined 5D/6D in this basis set.

 Requested basis set is cc-pVTZ
 There are 196 shells and 536 basis functions

 Total QAlloc Memory Limit 110000 MB
 Mega-Array Size       188 MB
 MEM_STATIC part       192 MB
 Discretize the solute cavity surface with Lebedev spheres
	Using 110 Lebedev grid points for each H atom
	Using 194 Lebedev grid points for other atoms
	Atomic van der Waals radii will be scaled by 1.20
 Remove points where switching function is < 1.0e-08
 Keep 1610 surface tesserae and discard 2038 interior tesserae
 Molecular Surface Area = 237.572 Angst**2
 Requested basis set is rimp2-cc-pVTZ
 There are 414 shells and 1414 basis functions
 A cutoff of  1.0D-10 yielded  13885 shell pairs
 There are    100779 function pairs (    129314 Cartesian)
 Smallest overlap matrix eigenvalue = 5.91E-05

 Scale SEOQF with 1.000000e-01/1.000000e-01/1.000000e-01

 Standard Electronic Orientation quadrupole field applied
 Nucleus-field energy     =     0.0000000334 hartrees
 Guess from superposition of atomic densities
 Warning:  Energy on first SCF cycle will be non-variational
 SAD guess density has 104.000000 electrons

 -----------------------------------------------------------------------
  General SCF calculation program by
  Eric Jon Sundstrom, Paul Horn, Yuezhi Mao, Dmitri Zuev, Alec White,
  David Stuck, Shaama M.S., Shane Yost, Joonho Lee, David Small,
  Daniel Levine, Susi Lehtola, Hugh Burton, Evgeny Epifanovsky,
  Bang C. Huynh
 -----------------------------------------------------------------------
 Hartree-Fock
 A restricted SCF calculation will be
 performed using DIIS
 SCF converges when DIIS error is below 1.0e-06
 ---------------------------------------
  Cycle       Energy         DIIS error
 ---------------------------------------
    1   -1186.0193915298      2.39e-02  
    2   -1180.6195661270      1.55e-03  
    3   -1180.7433345502      6.04e-04  
    4   -1180.7573326678      3.38e-04  
    5   -1180.7624997526      5.81e-05  
    6   -1180.7627395338      2.41e-05  
    7   -1180.7627969838      8.80e-06  
    8   -1180.7628104118      4.27e-06  
    9   -1180.7628134550      1.47e-06  
   10   -1180.7628139230      4.97e-07  Convergence criterion met
 ---------------------------------------
 SCF time:   CPU 569.25s  wall 572.00s 

************** Final PCM Free Energy Summary **************
 G_electrostatic  =      -0.00879904 hartree =      -5.52148161 kcal/mol
 G_cavitation     =       0.00000000 hartree =       0.00000000 kcal/mol
 G_dispersion     =       0.00000000 hartree =       0.00000000 kcal/mol
 G_repulsion      =       0.00000000 hartree =       0.00000000 kcal/mol
 --------------------------------------------------
 Non-electrostatic Free Energy =       0.00000000 hartree =       0.00000000 kcal/mol
 Total                         =      -0.00879904 hartree =      -5.52148161 kcal/mol
 --------------------------------------------------
 SCF Energy (H0 + V/2)                       =   -1180.76281392 
 Solute Internal Energy (H0)                 =   -1180.75401488 
 Total Free Energy (H0 + V/2 + non-elec)     =   -1180.76281392 hartree
                                             = -740939.84874127 kcal/mol
***********************************************************

 SCF   energy in the final basis set =    -1180.7628139230
 Total energy in the final basis set =    -1180.7628139230


 --------------------------------------------------------------
  Generalized many-body perturbation theory program
  by Joonho Lee, Fazle Rob, Xintian Feng, Evgeny Epifanovsky

 No regularization used 
 (reg. param. = 0.0000e+00)
  (P|Q)^-1/2 Time:  CPU 1.91 s  wall 1.91 s

 In RI-MP2 calculation: 
 # of frozen core orbitals: 20

 Components of the RIMP2 correlation energy:
        aaaa    correlation energy =        -0.2511971890 a.u.
        abab    correlation energy =        -1.5025333242 a.u.
        bbbb    correlation energy =        -0.2511971890 a.u.
        non-Brillouin singles      =        -0.0000000000 a.u.
        total same-spin energy     =        -0.5023943780 a.u.
        total opposite-spin energy =        -1.5025333242 a.u.

 Total  RIMP2   correlation energy =        -2.0049277022 a.u.
        RIMP2         total energy =     -1182.7677416252 a.u.

 RI-MP2 Energy Time:  CPU 80.07 s  wall 80.35 s
 
 --------------------------------------------------------------
 
                    Orbital Energies (a.u.)
 --------------------------------------------------------------
 
 Alpha MOs
 -- Occupied --
-91.9814 -91.9422 -11.2841 -11.2636 -11.2615 -11.2565 -11.2509 -11.2414
-11.2402 -11.2317 -11.2289 -11.2204  -8.9813  -8.9469  -6.6622  -6.6617
 -6.6611  -6.6283  -6.6272  -6.6259  -1.1990  -1.1533  -1.0587  -1.0260
 -1.0072  -0.9583  -0.9132  -0.9011  -0.8149  -0.7660  -0.7307  -0.7004
 -0.6618  -0.6422  -0.6105  -0.5877  -0.5801  -0.5728  -0.5673  -0.5515
 -0.5419  -0.5320  -0.5142  -0.5061  -0.4917  -0.4821  -0.4589  -0.4493
 -0.3559  -0.3430  -0.3166  -0.2749
 -- Virtual --
  0.0972   0.1322   0.1429   0.1494   0.1575   0.1697   0.1771   0.1809
  0.1923   0.1985   0.2038   0.2077   0.2281   0.2337   0.2376   0.2442
  0.2533   0.2590   0.2730   0.2945   0.3179   0.3377   0.3476   0.3535
  0.3660   0.3685   0.3793   0.3943   0.3969   0.4015   0.4147   0.4244
  0.4329   0.4489   0.4583   0.4600   0.4672   0.4701   0.4826   0.4934
  0.5033   0.5155   0.5191   0.5290   0.5370   0.5404   0.5438   0.5502
  0.5640   0.5753   0.5824   0.5893   0.5998   0.6061   0.6152   0.6186
  0.6225   0.6257   0.6345   0.6396   0.6434   0.6470   0.6507   0.6571
  0.6648   0.6704   0.6797   0.6887   0.6977   0.7019   0.7053   0.7283
  0.7306   0.7502   0.7533   0.7737   0.7933   0.7985   0.8073   0.8214
  0.8267   0.8374   0.8491   0.8565   0.8714   0.8811   0.8956   0.9131
  0.9224   0.9503   0.9548   0.9719   0.9799   0.9920   0.9990   1.0040
  1.0131   1.0326   1.0343   1.0428   1.0547   1.0736   1.0780   1.0867
  1.0890   1.0960   1.1056   1.1130   1.1361   1.1495   1.1561   1.1653
  1.1755   1.1881   1.2003   1.2086   1.2205   1.2320   1.2378   1.2421
  1.2469   1.2542   1.2701   1.2770   1.2808   1.2923   1.3002   1.3125
  1.3339   1.3342   1.3434   1.3567   1.3680   1.3958   1.4033   1.4193
  1.4244   1.4446   1.4506   1.4531   1.4711   1.4833   1.4921   1.4955
  1.5006   1.5152   1.5225   1.5335   1.5398   1.5446   1.5462   1.5551
  1.5678   1.5770   1.5849   1.6047   1.6054   1.6108   1.6171   1.6372
  1.6415   1.6612   1.6754   1.6871   1.7024   1.7202   1.7336   1.7369
  1.7421   1.7519   1.7881   1.7920   1.8023   1.8186   1.8392   1.8609
  1.8769   1.8900   1.9294   1.9431   1.9585   1.9639   1.9937   1.9980
  2.0183   2.0216   2.0337   2.0627   2.0689   2.1149   2.1376   2.1615
  2.1825   2.1925   2.2144   2.2210   2.2317   2.2641   2.2720   2.2807
  2.3192   2.3363   2.3431   2.3620   2.4084   2.4325   2.4427   2.4717
  2.4818   2.5174   2.5354   2.5491   2.5621   2.5770   2.6107   2.6255
  2.6320   2.6484   2.6579   2.6621   2.6753   2.6924   2.7024   2.7255
  2.7370   2.7478   2.7498   2.7676   2.7735   2.7824   2.7947   2.8126
  2.8273   2.8464   2.8569   2.8775   2.8873   2.8982   2.9105   2.9194
  2.9201   2.9616   2.9698   2.9759   3.0088   3.0154   3.0269   3.0378
  3.0461   3.0742   3.0894   3.0970   3.1123   3.1195   3.1340   3.1365
  3.1502   3.1518   3.1667   3.1684   3.1824   3.1888   3.1997   3.2134
  3.2251   3.2412   3.2548   3.2643   3.2806   3.2890   3.2963   3.3021
  3.3099   3.3226   3.3276   3.3345   3.3391   3.3513   3.3595   3.3794
  3.3808   3.3863   3.3910   3.3980   3.4071   3.4108   3.4201   3.4399
  3.4412   3.4450   3.4492   3.4573   3.4717   3.4878   3.4944   3.5039
  3.5188   3.5214   3.5295   3.5330   3.5436   3.5583   3.5621   3.5770
  3.5941   3.5984   3.6096   3.6156   3.6314   3.6384   3.6456   3.6569
  3.6737   3.6830   3.6893   3.7067   3.7135   3.7192   3.7277   3.7363
  3.7436   3.7586   3.7692   3.7831   3.7884   3.7899   3.8010   3.8060
  3.8325   3.8380   3.8568   3.8602   3.8756   3.8944   3.8996   3.9098
  3.9270   3.9456   3.9546   3.9697   3.9722   3.9906   4.0014   4.0097
  4.0251   4.0402   4.0463   4.0597   4.0747   4.0882   4.0982   4.1145
  4.1278   4.1339   4.1409   4.1570   4.1679   4.1724   4.1762   4.1929
  4.2012   4.2221   4.2394   4.2415   4.2498   4.2681   4.2708   4.2779
  4.2972   4.3042   4.3182   4.3312   4.3373   4.3516   4.3535   4.3652
  4.3825   4.3837   4.4015   4.4084   4.4140   4.4232   4.4321   4.4438
  4.4601   4.4701   4.4760   4.4856   4.4970   4.5151   4.5460   4.5522
  4.5643   4.5956   4.6068   4.6234   4.6394   4.6491   4.6599   4.6652
  4.7105   4.7263   4.7310   4.7570   4.7756   4.8066   4.8219   4.8464
  4.8547   4.8623   4.8844   4.8956   4.9432   4.9586   4.9781   4.9956
  5.0150   5.0393   5.0900   5.0939   5.1139   5.1235   5.1535   5.1778
  5.1879   5.2207   5.2352   5.2713   5.2826   5.2873   5.3097   5.3176
  5.3405   5.3689   5.3835   5.3996   5.4062   5.4263   5.4405   5.4522
  5.4743   5.5159   5.5248   5.5446   5.5468   5.5637   5.5722   5.5895
  5.6238   5.6303   5.6464   5.6697   5.6803   5.6997   5.7067   5.7231
  5.7720   5.7920   5.8336   5.9858   6.0006   6.1139   6.1188   6.1488
  6.2099   6.2172   6.2272   6.2434   6.2474   6.2783   6.3085   6.3281
  6.3892   6.5040   9.5304  10.6310  11.9976  12.9611  13.1807  13.9594
 14.1239  14.2400  14.2934  14.7002
 --------------------------------------------------------------
 
          Ground-State Mulliken Net Atomic Charges

     Atom                 Charge (a.u.)
  ----------------------------------------
      1 C                    -0.078823
      2 C                    -0.325254
      3 C                    -0.026922
      4 H                     0.177258
      5 C                     0.098372
      6 S                    -0.176387
      7 C                    -0.270381
      8 H                     0.114335
      9 H                     0.106807
     10 H                     0.105194
     11 C                    -0.077124
     12 C                    -0.255693
     13 C                     0.024241
     14 H                     0.183931
     15 C                    -0.246105
     16 S                     0.006326
     17 C                    -0.271730
     18 H                     0.102440
     19 H                     0.107820
     20 H                     0.108706
     21 H                     0.196261
     22 H                     0.113370
     23 H                     0.110947
     24 H                     0.172413
  ----------------------------------------
  Sum of atomic charges =     0.000000

 -----------------------------------------------------------------
                    Cartesian Multipole Moments
 -----------------------------------------------------------------
    Charge (ESU x 10^10)
                -0.0000
    Dipole Moment (Debye)
         X      -2.5118      Y       0.3201      Z       0.9754
       Tot       2.7135
    Quadrupole Moments (Debye-Ang)
        XX     -91.9542     XY       3.8922     YY     -73.6204
        XZ       0.2559     YZ       1.7589     ZZ     -85.7245
    Octopole Moments (Debye-Ang^2)
       XXX      -2.3580    XXY      41.4337    XYY      -0.2286
       YYY     122.7186    XXZ      -4.7470    XYZ      -2.5670
       YYZ      -0.8786    XZZ      -0.7947    YZZ      53.3396
       ZZZ       4.8005
    Hexadecapole Moments (Debye-Ang^3)
      XXXX    -569.1951   XXXY      22.3082   XXYY    -605.1406
      XYYY       1.9072   YYYY   -2782.6691   XXXZ    -118.0855
      XXYZ     -15.3077   XYYZ     -26.1813   YYYZ    -111.5403
      XXZZ    -213.0135   XYZZ       7.0839   YYZZ    -612.0779
      XZZZ    -124.8715   YZZZ     -94.8864   ZZZZ    -682.8035
 -----------------------------------------------------------------
 Total job time:  654.46s(wall), 650.26s(cpu) 
 Sun Jul 10 05:04:58 2022

        *************************************************************
        *                                                           *
        *  Thank you very much for using Q-Chem.  Have a nice day.  *
        *                                                           *
        *************************************************************


remove work dirs ./qchem1954228.0 -- ./qchem1954228.-1
rm -rf ./qchem1954228
