You are running Q-Chem version: 5.4.0

#
# job setting
#
local host:  exp-1-30
current dir: /expanse/lustre/scratch/theleonzhang/temp_project/Hydrogenated_Rotation_Test
input file:  Methylthiophene_Phi_60_Theta_210_Methylthiophene_Hydrogenated.qcin
output file: 
nprocs     : 0
nthreads   : 1
#
# qchem installation setting
#
QC:          /cm/shared/apps/spack/cpu/opt/spack/linux-centos8-zen2/gcc-10.2.0/qchem-5.4-akfmr7b3t57bfs6qan3padb2wnb2i7cl
QCAUX:       /cm/shared/apps/spack/cpu/opt/spack/linux-centos8-zen2/gcc-10.2.0/qchem-5.4-akfmr7b3t57bfs6qan3padb2wnb2i7cl/qcaux
QCPROG:      /cm/shared/apps/spack/cpu/opt/spack/linux-centos8-zen2/gcc-10.2.0/qchem-5.4-akfmr7b3t57bfs6qan3padb2wnb2i7cl/exe/qcprog.exe_s
QCPROG_S:    /cm/shared/apps/spack/cpu/opt/spack/linux-centos8-zen2/gcc-10.2.0/qchem-5.4-akfmr7b3t57bfs6qan3padb2wnb2i7cl/exe/qcprog.exe_s
PARALLEL:    -DSERIAL
QCMPI:       mpich
#
# qchem directory setting
#
qcrun:       qchem773033
QCSCRATCH:   .
QCLOCALSCR:  
QCTMPDIR:    .
QCFILEPREF:  ./qchem773033
QCSAVEDIR:   
workdirs:    ./qchem773033
workdir0:    ./qchem773033
partmpdirs =  
#
# parallel setting
#
QCRSH:           ssh
QCMPI:           mpich
QCMPIRUN:        /cm/shared/apps/spack/cpu/opt/spack/linux-centos8-zen2/gcc-10.2.0/qchem-5.4-akfmr7b3t57bfs6qan3padb2wnb2i7cl/bin/mpi/mpirun_qchem
QCMACHINEFILE:   ./qchem773033/hostfile

#
# env setting
#
exported envs:   QC QCAUX QCSCRATCH QCRUNNAME QCFILEPREF QCPROG QCPROG_S GUIFILE

Running Job 1 of 1 Methylthiophene_Phi_60_Theta_210_Methylthiophene_Hydrogenated.qcin
qchem Methylthiophene_Phi_60_Theta_210_Methylthiophene_Hydrogenated.qcin_773033.0 ./qchem773033/ 0
/cm/shared/apps/spack/cpu/opt/spack/linux-centos8-zen2/gcc-10.2.0/qchem-5.4-akfmr7b3t57bfs6qan3padb2wnb2i7cl/exe/qcprog.exe_s Methylthiophene_Phi_60_Theta_210_Methylthiophene_Hydrogenated.qcin_773033.0 ./qchem773033/
                  Welcome to Q-Chem
     A Quantum Leap Into The Future Of Chemistry


 Q-Chem 5.4, Q-Chem, Inc., Pleasanton, CA (2021)

 License issued to: University of California, San Diego (site)

 E. Epifanovsky,  A. T. B. Gilbert,  Xintian Feng,  Joonho Lee,  Yuezhi Mao,  
 N. Mardirossian,  P. Pokhilko,  A. White,  M. Wormit,  M. P. Coons,  
 A. L. Dempwolff,  Zhengting Gan,  D. Hait,  P. R. Horn,  L. D. Jacobson,  
 I. Kaliman,  J. Kussmann,  A. W. Lange,  Ka Un Lao,  D. S. Levine,  Jie Liu,  
 S. C. McKenzie,  A. F. Morrison,  K. Nanda,  F. Plasser,  D. R. Rehn,  
 M. L. Vidal,  Zhi-Qiang You,  Ying Zhu,  B. Alam,  B. Albrecht,  
 A. Aldossary,  E. Alguire,  J. H. Andersen,  D. Barton,  K. Begam,  A. Behn,  
 Y. A. Bernard,  E. J. Berquist,  H. Burton,  A. Carreras,  K. Carter-Fenk,  
 R. Chakraborty,  A. D. Chien,  K. D. Closser,  V. Cofer-Shabica,  
 S. Dasgupta,  Jia Deng,  M. de Wergifosse,  M. Diedenhofen,  Hainam Do,  
 S. Ehlert,  Po-Tung Fang,  S. Fatehi,  Qingguo Feng,  J. Gayvert,  
 Qinghui Ge,  G. Gidofalvi,  M. Goldey,  J. Gomes,  C. Gonzalez-Espinoza,  
 S. Gulania,  A. Gunina,  M. W. D. Hanson-Heine,  P. H. P. Harbach,  
 A. W. Hauser,  M. F. Herbst,  M. Hernandez Vera,  M. Hodecker,  
 Z. C. Holden,  S. Houck,  Xunkun Huang,  Kerwin Hui,  B. C. Huynh,  
 M. Ivanov,  Hyunjun Ji,  Hanjie Jiang,  B. Kaduk,  S. Kaehler,  
 K. Khistyaev,  Jaehoon Kim,  P. Klunzinger,  Z. Koczor-Benda,  
 Joong Hoon Koh,  D. Kosenkov,  L. Koulias,  T. Kowalczyk,  C. M. Krauter,  
 K. Kue,  A. Kunitsa,  T. Kus,  A. Landau,  K. V. Lawler,  D. Lefrancois,  
 S. Lehtola,  Rain Li,  Yi-Pei Li,  Jiashu Liang,  M. Liebenthal,  
 Hung-Hsuan Lin,  You-Sheng Lin,  Fenglai Liu,  Kuan-Yu Liu,  
 M. Loipersberger,  A. Luenser,  A. Manjanath,  P. Manohar,  E. Mansoor,  
 S. F. Manzer,  Shan-Ping Mao,  A. V. Marenich,  T. Markovich,  S. Mason,  
 S. A. Maurer,  P. F. McLaughlin,  M. F. S. J. Menger,  J.-M. Mewes,  
 S. A. Mewes,  P. Morgante,  J. W. Mullinax,  T. S. Nguyen-Beck,  
 K. J. Oosterbaan,  G. Paran,  Alexander C. Paul,  Suranjan K. Paul,  
 F. Pavosevic,  Zheng Pei,  S. Prager,  E. I. Proynov,  E. Ramos,  B. Rana,  
 A. E. Rask,  A. Rettig,  R. M. Richard,  F. Rob,  E. Rossomme,  T. Scheele,  
 M. Scheurer,  M. Schneider,  N. Sergueev,  S. M. Sharada,  W. Skomorowski,  
 D. W. Small,  C. J. Stein,  Yu-Chuan Su,  E. J. Sundstrom,  Zhen Tao,  
 J. Thirman,  T. Tsuchimochi,  N. M. Tubman,  S. P. Veccham,  O. Vydrov,  
 J. Wenzel,  J. Witte,  A. Yamada,  Kun Yao,  S. Yeganeh,  S. R. Yost,  
 A. Zech,  Igor Ying Zhang,  Xing Zhang,  Yu Zhang,  D. Zuev,  
 A. Aspuru-Guzik,  A. T. Bell,  N. A. Besley,  K. B. Bravaya,  B. R. Brooks,  
 D. Casanova,  Jeng-Da Chai,  S. Coriani,  C. J. Cramer,  
 A. E. DePrince, III,  R. A. DiStasio Jr.,  A. Dreuw,  B. D. Dunietz,  
 T. R. Furlani,  W. A. Goddard III,  S. Grimme,  S. Hammes-Schiffer,  
 T. Head-Gordon,  W. J. Hehre,  Chao-Ping Hsu,  T.-C. Jagau,  Yousung Jung,  
 A. Klamt,  Jing Kong,  D. S. Lambrecht,  WanZhen Liang,  N. J. Mayhall,  
 C. W. McCurdy,  J. B. Neaton,  C. Ochsenfeld,  J. A. Parkhill,  R. Peverati,  
 V. A. Rassolov,  Yihan Shao,  L. V. Slipchenko,  T. Stauch,  R. P. Steele,  
 J. E. Subotnik,  A. J. W. Thom,  A. Tkatchenko,  D. G. Truhlar,  
 T. Van Voorhis,  T. A. Wesolowski,  K. B. Whaley,  H. L. Woodcock III,  
 P. M. Zimmerman,  S. Faraji,  P. M. W. Gill,  M. Head-Gordon,  
 J. M. Herbert,  A. I. Krylov

 Contributors to earlier versions of Q-Chem not listed above: 
 R. D. Adamson,  B. Austin,  R. Baer,  J. Baker,  G. J. O. Beran,  
 K. Brandhorst,  S. T. Brown,  E. F. C. Byrd,  A. K. Chakraborty,  
 G. K. L. Chan,  Chun-Min Chang,  Yunqing Chen,  C.-L. Cheng,  
 Siu Hung Chien,  D. M. Chipman,  D. L. Crittenden,  H. Dachsel,  
 R. J. Doerksen,  A. D. Dutoi,  R. G. Edgar,  J. Fosso-Tande,  
 L. Fusti-Molnar,  D. Ghosh,  A. Ghysels,  A. Golubeva-Zadorozhnaya,  
 J. Gonthier,  M. S. Gordon,  S. R. Gwaltney,  G. Hawkins,  J. E. Herr,  
 A. Heyden,  S. Hirata,  E. G. Hohenstein,  G. Kedziora,  F. J. Keil,  
 C. Kelley,  Jihan Kim,  R. A. King,  R. Z. Khaliullin,  P. P. Korambath,  
 W. Kurlancheek,  A. Laurent,  A. M. Lee,  M. S. Lee,  S. V. Levchenko,  
 Ching Yeh Lin,  D. Liotard,  E. Livshits,  R. C. Lochan,  I. Lotan,  
 L. A. Martinez-Martinez,  P. E. Maslen,  N. Nair,  D. P. O'Neill,  
 D. Neuhauser,  E. Neuscamman,  C. M. Oana,  R. Olivares-Amaya,  R. Olson,  
 T. M. Perrine,  B. Peters,  P. A. Pieniazek,  A. Prociuk,  Y. M. Rhee,  
 J. Ritchie,  M. A. Rohrdanz,  E. Rosta,  N. J. Russ,  H. F. Schaefer III,  
 M. W. Schmidt,  N. E. Schultz,  S. Sharma,  N. Shenvi,  C. D. Sherrill,  
 A. C. Simmonett,  A. Sodt,  T. Stein,  D. Stuck,  K. S. Thanthiriwatte,  
 V. Vanovschi,  L. Vogt,  Tao Wang,  A. Warshel,  M. A. Watson,  
 C. F. Williams,  Q. Wu,  X. Xu,  Jun Yang,  W. Zhang,  Yan Zhao

 Please cite Q-Chem as follows:
 Y. Shao et al., Mol. Phys. 113, 184-215 (2015)
 DOI: 10.1080/00268976.2014.952696

 Q-Chem 5.4.0 for Intel X86 EM64T Linux

 Parts of Q-Chem use Armadillo 9.800.1 (Horizon Scraper).
 http://arma.sourceforge.net/

 Q-Chem begins on Sun Jul 10 03:55:48 2022  

 Host: 
0

     Scratch files written to ./qchem773033//
 May1621 |scratch|qcdevops|jenkins|workspace|build_RNUM    
 Processing $rem in /cm/shared/apps/spack/cpu/opt/spack/linux-centos8-zen2/gcc-10.2.0/qchem-5.4-akfmr7b3t57bfs6qan3padb2wnb2i7cl/config/preferences:
 Processing $rem in /home/theleonzhang/.qchemrc:
 Symmetry turned off for PCM/SM12/SMD calculation
 Core orbitals will be frozen

 Checking the input file for inconsistencies... 	...done.

--------------------------------------------------------------
User input:
--------------------------------------------------------------
$molecule
0 1
C	0.388181	-3.866725	-0.670924
C	-0.306020	-3.703963	0.530648
C	-0.533378	-2.357056	0.923703
H	-0.651043	-4.561092	1.128579
C	0.000000	-1.440664	0.000000
S	0.772234	-2.286957	-1.337567
C	-1.261192	-1.978743	2.183857
H	-1.583666	-2.878678	2.742548
H	-2.168641	-1.376015	1.970497
H	-0.623012	-1.375728	2.863099
C	0.000000	0.000000	0.000000
C	0.747916	0.431772	1.099446
C	1.946425	1.123709	0.776721
H	0.428523	0.247378	2.136088
C	2.137531	1.234018	-0.612546
S	0.816154	0.471179	-1.486809
C	2.888455	1.667564	1.814609
H	2.519842	1.454746	2.836676
H	3.008896	2.767543	1.726239
H	3.901271	1.221850	1.726228
H	2.959587	1.708609	-1.161575
H	-0.216843	-4.392713	-1.417779
H	1.337652	-4.392347	-0.520136
H	-0.935250	-1.440937	-0.540100
$end

$rem
JOBTYPE		SP
EXCHANGE	HF
CORRELATION	pRIMP2
BASIS		cc-pvtz
METHOD		rimp2
AUX_BASIS	rimp2-cc-pvtz
SOLVENT_METHOD	PCM
PURECART	11111
SYMMETRY	false
MEM_TOTAL	110000
SCF_CONVERGENCE = 6
THRESH=10
$end



$solvent
dielectric 4.90
$end
--------------------------------------------------------------
 ----------------------------------------------------------------
             Standard Nuclear Orientation (Angstroms)
    I     Atom           X                Y                Z
 ----------------------------------------------------------------
    1      C       0.3881810000    -3.8667250000    -0.6709240000
    2      C      -0.3060200000    -3.7039630000     0.5306480000
    3      C      -0.5333780000    -2.3570560000     0.9237030000
    4      H      -0.6510430000    -4.5610920000     1.1285790000
    5      C       0.0000000000    -1.4406640000     0.0000000000
    6      S       0.7722340000    -2.2869570000    -1.3375670000
    7      C      -1.2611920000    -1.9787430000     2.1838570000
    8      H      -1.5836660000    -2.8786780000     2.7425480000
    9      H      -2.1686410000    -1.3760150000     1.9704970000
   10      H      -0.6230120000    -1.3757280000     2.8630990000
   11      C       0.0000000000     0.0000000000     0.0000000000
   12      C       0.7479160000     0.4317720000     1.0994460000
   13      C       1.9464250000     1.1237090000     0.7767210000
   14      H       0.4285230000     0.2473780000     2.1360880000
   15      C       2.1375310000     1.2340180000    -0.6125460000
   16      S       0.8161540000     0.4711790000    -1.4868090000
   17      C       2.8884550000     1.6675640000     1.8146090000
   18      H       2.5198420000     1.4547460000     2.8366760000
   19      H       3.0088960000     2.7675430000     1.7262390000
   20      H       3.9012710000     1.2218500000     1.7262280000
   21      H       2.9595870000     1.7086090000    -1.1615750000
   22      H      -0.2168430000    -4.3927130000    -1.4177790000
   23      H       1.3376520000    -4.3923470000    -0.5201360000
   24      H      -0.9352500000    -1.4409370000    -0.5401000000
 ----------------------------------------------------------------
 Nuclear Repulsion Energy =         904.49898348 hartrees
 There are       52 alpha and       52 beta electrons

 Q-Chem warning in module forms1/BasisType.C, line 2236:

 You are not using the predefined 5D/6D in this basis set.

 Requested basis set is cc-pVTZ
 There are 196 shells and 536 basis functions

 Total QAlloc Memory Limit 110000 MB
 Mega-Array Size       188 MB
 MEM_STATIC part       192 MB
 Discretize the solute cavity surface with Lebedev spheres
	Using 110 Lebedev grid points for each H atom
	Using 194 Lebedev grid points for other atoms
	Atomic van der Waals radii will be scaled by 1.20
 Remove points where switching function is < 1.0e-08
 Keep 1562 surface tesserae and discard 2086 interior tesserae
 Molecular Surface Area = 228.123 Angst**2
 Requested basis set is rimp2-cc-pVTZ
 There are 414 shells and 1414 basis functions
 A cutoff of  1.0D-10 yielded  14521 shell pairs
 There are    105099 function pairs (    134675 Cartesian)
 Smallest overlap matrix eigenvalue = 6.87E-05

 Scale SEOQF with 1.000000e-01/1.000000e-01/1.000000e-01

 Standard Electronic Orientation quadrupole field applied
 Nucleus-field energy     =     0.0000000198 hartrees
 Guess from superposition of atomic densities
 Warning:  Energy on first SCF cycle will be non-variational
 SAD guess density has 104.000000 electrons

 -----------------------------------------------------------------------
  General SCF calculation program by
  Eric Jon Sundstrom, Paul Horn, Yuezhi Mao, Dmitri Zuev, Alec White,
  David Stuck, Shaama M.S., Shane Yost, Joonho Lee, David Small,
  Daniel Levine, Susi Lehtola, Hugh Burton, Evgeny Epifanovsky,
  Bang C. Huynh
 -----------------------------------------------------------------------
 Hartree-Fock
 A restricted SCF calculation will be
 performed using DIIS
 SCF converges when DIIS error is below 1.0e-06
 ---------------------------------------
  Cycle       Energy         DIIS error
 ---------------------------------------
    1   -1186.2010546028      2.41e-02  
    2   -1180.5197396301      1.54e-03  
    3   -1180.6475996173      5.43e-04  
    4   -1180.6613840007      2.79e-04  
    5   -1180.6651809555      5.73e-05  
    6   -1180.6654689824      2.55e-05  
    7   -1180.6655604276      1.38e-05  
    8   -1180.6655933042      6.51e-06  
    9   -1180.6656041561      2.96e-06  
   10   -1180.6656061044      1.09e-06  
   11   -1180.6656063707      5.35e-07  Convergence criterion met
 ---------------------------------------
 SCF time:   CPU 674.11s  wall 677.00s 

************** Final PCM Free Energy Summary **************
 G_electrostatic  =      -0.01017344 hartree =      -6.38393018 kcal/mol
 G_cavitation     =       0.00000000 hartree =       0.00000000 kcal/mol
 G_dispersion     =       0.00000000 hartree =       0.00000000 kcal/mol
 G_repulsion      =       0.00000000 hartree =       0.00000000 kcal/mol
 --------------------------------------------------
 Non-electrostatic Free Energy =       0.00000000 hartree =       0.00000000 kcal/mol
 Total                         =      -0.01017344 hartree =      -6.38393018 kcal/mol
 --------------------------------------------------
 SCF Energy (H0 + V/2)                       =   -1180.66560637 
 Solute Internal Energy (H0)                 =   -1180.65543293 
 Total Free Energy (H0 + V/2 + non-elec)     =   -1180.66560637 hartree
                                             = -740878.85008157 kcal/mol
***********************************************************

 SCF   energy in the final basis set =    -1180.6656063707
 Total energy in the final basis set =    -1180.6656063707


 --------------------------------------------------------------
  Generalized many-body perturbation theory program
  by Joonho Lee, Fazle Rob, Xintian Feng, Evgeny Epifanovsky

 No regularization used 
 (reg. param. = 0.0000e+00)
  (P|Q)^-1/2 Time:  CPU 1.95 s  wall 1.96 s

 In RI-MP2 calculation: 
 # of frozen core orbitals: 20

 Components of the RIMP2 correlation energy:
        aaaa    correlation energy =        -0.2552989884 a.u.
        abab    correlation energy =        -1.5152826303 a.u.
        bbbb    correlation energy =        -0.2552989884 a.u.
        non-Brillouin singles      =        -0.0000000000 a.u.
        total same-spin energy     =        -0.5105979769 a.u.
        total opposite-spin energy =        -1.5152826303 a.u.

 Total  RIMP2   correlation energy =        -2.0258806072 a.u.
        RIMP2         total energy =     -1182.6914869779 a.u.

 RI-MP2 Energy Time:  CPU 82.82 s  wall 83.12 s
 
 --------------------------------------------------------------
 
                    Orbital Energies (a.u.)
 --------------------------------------------------------------
 
 Alpha MOs
 -- Occupied --
-91.9812 -91.9353 -11.2869 -11.2583 -11.2576 -11.2528 -11.2479 -11.2448
-11.2310 -11.2309 -11.2304 -11.2102  -8.9823  -8.9401  -6.6630  -6.6621
 -6.6619  -6.6213  -6.6201  -6.6188  -1.2042  -1.1528  -1.0572  -1.0304
 -0.9973  -0.9670  -0.9085  -0.9015  -0.8133  -0.7569  -0.7413  -0.7066
 -0.6488  -0.6330  -0.6133  -0.5937  -0.5837  -0.5686  -0.5663  -0.5507
 -0.5425  -0.5347  -0.5154  -0.5057  -0.4826  -0.4812  -0.4475  -0.4316
 -0.3522  -0.3376  -0.3241  -0.2524
 -- Virtual --
  0.0558   0.1351   0.1377   0.1542   0.1611   0.1691   0.1768   0.1836
  0.1890   0.2044   0.2098   0.2190   0.2228   0.2384   0.2393   0.2458
  0.2530   0.2643   0.2794   0.2963   0.3025   0.3269   0.3436   0.3571
  0.3658   0.3721   0.3818   0.3899   0.3935   0.4092   0.4185   0.4246
  0.4292   0.4440   0.4506   0.4672   0.4723   0.4763   0.4879   0.4967
  0.4999   0.5118   0.5218   0.5266   0.5277   0.5408   0.5605   0.5629
  0.5738   0.5789   0.5854   0.5915   0.5951   0.6058   0.6124   0.6204
  0.6213   0.6258   0.6301   0.6355   0.6387   0.6482   0.6506   0.6702
  0.6752   0.6795   0.6891   0.6990   0.7078   0.7098   0.7170   0.7227
  0.7390   0.7571   0.7593   0.7682   0.7915   0.7974   0.8186   0.8241
  0.8360   0.8473   0.8520   0.8729   0.8833   0.8865   0.9098   0.9167
  0.9250   0.9299   0.9473   0.9704   0.9735   0.9837   1.0138   1.0252
  1.0271   1.0308   1.0471   1.0578   1.0642   1.0711   1.0772   1.0860
  1.1048   1.1129   1.1150   1.1441   1.1464   1.1582   1.1636   1.1755
  1.1844   1.1953   1.2007   1.2114   1.2225   1.2298   1.2336   1.2440
  1.2465   1.2578   1.2677   1.2762   1.2843   1.2895   1.3019   1.3069
  1.3243   1.3396   1.3487   1.3748   1.3812   1.3884   1.4076   1.4129
  1.4244   1.4319   1.4461   1.4482   1.4758   1.4792   1.4925   1.4977
  1.5115   1.5171   1.5245   1.5312   1.5359   1.5450   1.5490   1.5556
  1.5631   1.5842   1.5862   1.5995   1.6223   1.6303   1.6455   1.6478
  1.6610   1.6715   1.6783   1.6879   1.7008   1.7085   1.7184   1.7322
  1.7521   1.7597   1.7688   1.7858   1.8153   1.8321   1.8445   1.8707
  1.8805   1.8982   1.9133   1.9282   1.9511   1.9841   1.9972   2.0061
  2.0163   2.0496   2.0636   2.0827   2.0889   2.1144   2.1523   2.1776
  2.1918   2.2011   2.2181   2.2250   2.2339   2.2446   2.2530   2.2879
  2.2991   2.3133   2.3643   2.3913   2.4318   2.4392   2.4605   2.4749
  2.5036   2.5221   2.5458   2.5545   2.5886   2.5976   2.6184   2.6188
  2.6371   2.6555   2.6664   2.6748   2.6850   2.7040   2.7237   2.7267
  2.7360   2.7612   2.7681   2.7791   2.7959   2.8056   2.8194   2.8294
  2.8337   2.8429   2.8546   2.8856   2.8957   2.9057   2.9144   2.9244
  2.9457   2.9664   2.9709   2.9974   3.0066   3.0197   3.0384   3.0445
  3.0462   3.0809   3.1058   3.1101   3.1128   3.1235   3.1398   3.1554
  3.1617   3.1679   3.1698   3.1807   3.1908   3.2046   3.2153   3.2218
  3.2296   3.2418   3.2455   3.2537   3.2687   3.2851   3.2931   3.3018
  3.3192   3.3314   3.3370   3.3447   3.3510   3.3543   3.3667   3.3719
  3.3789   3.3850   3.3903   3.3991   3.4032   3.4136   3.4224   3.4348
  3.4359   3.4563   3.4625   3.4689   3.4854   3.4958   3.5152   3.5184
  3.5205   3.5269   3.5365   3.5586   3.5633   3.5721   3.5773   3.5785
  3.5969   3.6043   3.6203   3.6301   3.6418   3.6472   3.6592   3.6733
  3.6818   3.6965   3.7023   3.7164   3.7192   3.7345   3.7472   3.7525
  3.7697   3.7707   3.7794   3.7876   3.8108   3.8174   3.8226   3.8333
  3.8398   3.8474   3.8656   3.8870   3.8937   3.9015   3.9079   3.9350
  3.9469   3.9549   3.9648   3.9730   3.9986   4.0011   4.0224   4.0350
  4.0416   4.0545   4.0601   4.0659   4.0824   4.0899   4.0970   4.1189
  4.1295   4.1471   4.1503   4.1587   4.1719   4.1744   4.2019   4.2096
  4.2140   4.2238   4.2480   4.2557   4.2630   4.2745   4.2784   4.2973
  4.3063   4.3165   4.3191   4.3377   4.3511   4.3673   4.3781   4.3838
  4.3906   4.4016   4.4115   4.4141   4.4220   4.4357   4.4589   4.4604
  4.4644   4.4736   4.4795   4.4873   4.4968   4.5281   4.5436   4.5655
  4.5861   4.5945   4.6129   4.6215   4.6428   4.6617   4.6726   4.6791
  4.7126   4.7230   4.7470   4.7598   4.7828   4.8240   4.8504   4.8537
  4.8773   4.9011   4.9092   4.9323   4.9440   4.9524   4.9884   5.0023
  5.0326   5.0504   5.0845   5.0958   5.1104   5.1278   5.1448   5.1531
  5.1846   5.1994   5.2301   5.2578   5.2837   5.3103   5.3135   5.3252
  5.3411   5.3622   5.3830   5.3979   5.4096   5.4352   5.4442   5.4519
  5.4809   5.5112   5.5323   5.5398   5.5498   5.5678   5.5713   5.5959
  5.6176   5.6189   5.6383   5.6596   5.6831   5.6967   5.7179   5.7229
  5.7832   5.8020   5.8204   5.9925   6.0372   6.0935   6.1090   6.1648
  6.2097   6.2250   6.2408   6.2500   6.2551   6.2714   6.3031   6.3338
  6.3668   6.4068   9.4643  10.4606  12.6277  12.8591  13.1821  13.9704
 14.1254  14.2237  14.3177  14.6585
 --------------------------------------------------------------
 
          Ground-State Mulliken Net Atomic Charges

     Atom                 Charge (a.u.)
  ----------------------------------------
      1 C                    -0.087889
      2 C                    -0.338679
      3 C                    -0.058575
      4 H                     0.171028
      5 C                     0.076031
      6 S                    -0.183311
      7 C                    -0.285071
      8 H                     0.115822
      9 H                     0.108210
     10 H                     0.097849
     11 C                    -0.170575
     12 C                    -0.107647
     13 C                    -0.029485
     14 H                     0.203237
     15 C                    -0.168780
     16 S                     0.022816
     17 C                    -0.269527
     18 H                     0.101393
     19 H                     0.107883
     20 H                     0.106356
     21 H                     0.202866
     22 H                     0.103360
     23 H                     0.105275
     24 H                     0.177415
  ----------------------------------------
  Sum of atomic charges =     0.000000

 -----------------------------------------------------------------
                    Cartesian Multipole Moments
 -----------------------------------------------------------------
    Charge (ESU x 10^10)
                -0.0000
    Dipole Moment (Debye)
         X       0.9995      Y       1.0831      Z       3.1027
       Tot       3.4349
    Quadrupole Moments (Debye-Ang)
        XX     -82.4247     XY       8.5109     YY     -85.1453
        XZ       0.3272     YZ      -1.9003     ZZ     -84.6279
    Octopole Moments (Debye-Ang^2)
       XXX    -153.7090    XXY      99.8750    XYY     -53.9669
       YYY     218.4747    XXZ      -4.2872    XYZ      -0.4049
       YYZ      -3.7736    XZZ     -55.9285    YZZ      84.3317
       ZZZ       5.3580
    Hexadecapole Moments (Debye-Ang^3)
      XXXX    -961.2628   XXXY    -170.4277   XXYY    -550.7567
      XYYY    -200.4119   YYYY   -2221.4796   XXXZ      29.1650
      XXYZ     -32.8269   XYYZ      -2.2450   YYYZ     -47.4384
      XXZZ    -316.3333   XYZZ     -45.2874   YYZZ    -546.8810
      XZZZ      33.8297   YZZZ     -66.6615   ZZZZ    -957.8888
 -----------------------------------------------------------------
 Total job time:  779.71s(wall), 757.88s(cpu) 
 Sun Jul 10 04:08:47 2022

        *************************************************************
        *                                                           *
        *  Thank you very much for using Q-Chem.  Have a nice day.  *
        *                                                           *
        *************************************************************


remove work dirs ./qchem773033.0 -- ./qchem773033.-1
rm -rf ./qchem773033
