You are running Q-Chem version: 5.4.0

#
# job setting
#
local host:  exp-1-17
current dir: /expanse/lustre/scratch/theleonzhang/temp_project/Hydrogenated_Rotation_Test
input file:  Methylthiophene_Phi_0_Theta_260_Methylthiophene_Hydrogenated.qcin
output file: 
nprocs     : 0
nthreads   : 1
#
# qchem installation setting
#
QC:          /cm/shared/apps/spack/cpu/opt/spack/linux-centos8-zen2/gcc-10.2.0/qchem-5.4-akfmr7b3t57bfs6qan3padb2wnb2i7cl
QCAUX:       /cm/shared/apps/spack/cpu/opt/spack/linux-centos8-zen2/gcc-10.2.0/qchem-5.4-akfmr7b3t57bfs6qan3padb2wnb2i7cl/qcaux
QCPROG:      /cm/shared/apps/spack/cpu/opt/spack/linux-centos8-zen2/gcc-10.2.0/qchem-5.4-akfmr7b3t57bfs6qan3padb2wnb2i7cl/exe/qcprog.exe_s
QCPROG_S:    /cm/shared/apps/spack/cpu/opt/spack/linux-centos8-zen2/gcc-10.2.0/qchem-5.4-akfmr7b3t57bfs6qan3padb2wnb2i7cl/exe/qcprog.exe_s
PARALLEL:    -DSERIAL
QCMPI:       mpich
#
# qchem directory setting
#
qcrun:       qchem3559547
QCSCRATCH:   .
QCLOCALSCR:  
QCTMPDIR:    .
QCFILEPREF:  ./qchem3559547
QCSAVEDIR:   
workdirs:    ./qchem3559547
workdir0:    ./qchem3559547
partmpdirs =  
#
# parallel setting
#
QCRSH:           ssh
QCMPI:           mpich
QCMPIRUN:        /cm/shared/apps/spack/cpu/opt/spack/linux-centos8-zen2/gcc-10.2.0/qchem-5.4-akfmr7b3t57bfs6qan3padb2wnb2i7cl/bin/mpi/mpirun_qchem
QCMACHINEFILE:   ./qchem3559547/hostfile

#
# env setting
#
exported envs:   QC QCAUX QCSCRATCH QCRUNNAME QCFILEPREF QCPROG QCPROG_S GUIFILE

Running Job 1 of 1 Methylthiophene_Phi_0_Theta_260_Methylthiophene_Hydrogenated.qcin
qchem Methylthiophene_Phi_0_Theta_260_Methylthiophene_Hydrogenated.qcin_3559547.0 ./qchem3559547/ 0
/cm/shared/apps/spack/cpu/opt/spack/linux-centos8-zen2/gcc-10.2.0/qchem-5.4-akfmr7b3t57bfs6qan3padb2wnb2i7cl/exe/qcprog.exe_s Methylthiophene_Phi_0_Theta_260_Methylthiophene_Hydrogenated.qcin_3559547.0 ./qchem3559547/
                  Welcome to Q-Chem
     A Quantum Leap Into The Future Of Chemistry


 Q-Chem 5.4, Q-Chem, Inc., Pleasanton, CA (2021)

 License issued to: University of California, San Diego (site)

 E. Epifanovsky,  A. T. B. Gilbert,  Xintian Feng,  Joonho Lee,  Yuezhi Mao,  
 N. Mardirossian,  P. Pokhilko,  A. White,  M. Wormit,  M. P. Coons,  
 A. L. Dempwolff,  Zhengting Gan,  D. Hait,  P. R. Horn,  L. D. Jacobson,  
 I. Kaliman,  J. Kussmann,  A. W. Lange,  Ka Un Lao,  D. S. Levine,  Jie Liu,  
 S. C. McKenzie,  A. F. Morrison,  K. Nanda,  F. Plasser,  D. R. Rehn,  
 M. L. Vidal,  Zhi-Qiang You,  Ying Zhu,  B. Alam,  B. Albrecht,  
 A. Aldossary,  E. Alguire,  J. H. Andersen,  D. Barton,  K. Begam,  A. Behn,  
 Y. A. Bernard,  E. J. Berquist,  H. Burton,  A. Carreras,  K. Carter-Fenk,  
 R. Chakraborty,  A. D. Chien,  K. D. Closser,  V. Cofer-Shabica,  
 S. Dasgupta,  Jia Deng,  M. de Wergifosse,  M. Diedenhofen,  Hainam Do,  
 S. Ehlert,  Po-Tung Fang,  S. Fatehi,  Qingguo Feng,  J. Gayvert,  
 Qinghui Ge,  G. Gidofalvi,  M. Goldey,  J. Gomes,  C. Gonzalez-Espinoza,  
 S. Gulania,  A. Gunina,  M. W. D. Hanson-Heine,  P. H. P. Harbach,  
 A. W. Hauser,  M. F. Herbst,  M. Hernandez Vera,  M. Hodecker,  
 Z. C. Holden,  S. Houck,  Xunkun Huang,  Kerwin Hui,  B. C. Huynh,  
 M. Ivanov,  Hyunjun Ji,  Hanjie Jiang,  B. Kaduk,  S. Kaehler,  
 K. Khistyaev,  Jaehoon Kim,  P. Klunzinger,  Z. Koczor-Benda,  
 Joong Hoon Koh,  D. Kosenkov,  L. Koulias,  T. Kowalczyk,  C. M. Krauter,  
 K. Kue,  A. Kunitsa,  T. Kus,  A. Landau,  K. V. Lawler,  D. Lefrancois,  
 S. Lehtola,  Rain Li,  Yi-Pei Li,  Jiashu Liang,  M. Liebenthal,  
 Hung-Hsuan Lin,  You-Sheng Lin,  Fenglai Liu,  Kuan-Yu Liu,  
 M. Loipersberger,  A. Luenser,  A. Manjanath,  P. Manohar,  E. Mansoor,  
 S. F. Manzer,  Shan-Ping Mao,  A. V. Marenich,  T. Markovich,  S. Mason,  
 S. A. Maurer,  P. F. McLaughlin,  M. F. S. J. Menger,  J.-M. Mewes,  
 S. A. Mewes,  P. Morgante,  J. W. Mullinax,  T. S. Nguyen-Beck,  
 K. J. Oosterbaan,  G. Paran,  Alexander C. Paul,  Suranjan K. Paul,  
 F. Pavosevic,  Zheng Pei,  S. Prager,  E. I. Proynov,  E. Ramos,  B. Rana,  
 A. E. Rask,  A. Rettig,  R. M. Richard,  F. Rob,  E. Rossomme,  T. Scheele,  
 M. Scheurer,  M. Schneider,  N. Sergueev,  S. M. Sharada,  W. Skomorowski,  
 D. W. Small,  C. J. Stein,  Yu-Chuan Su,  E. J. Sundstrom,  Zhen Tao,  
 J. Thirman,  T. Tsuchimochi,  N. M. Tubman,  S. P. Veccham,  O. Vydrov,  
 J. Wenzel,  J. Witte,  A. Yamada,  Kun Yao,  S. Yeganeh,  S. R. Yost,  
 A. Zech,  Igor Ying Zhang,  Xing Zhang,  Yu Zhang,  D. Zuev,  
 A. Aspuru-Guzik,  A. T. Bell,  N. A. Besley,  K. B. Bravaya,  B. R. Brooks,  
 D. Casanova,  Jeng-Da Chai,  S. Coriani,  C. J. Cramer,  
 A. E. DePrince, III,  R. A. DiStasio Jr.,  A. Dreuw,  B. D. Dunietz,  
 T. R. Furlani,  W. A. Goddard III,  S. Grimme,  S. Hammes-Schiffer,  
 T. Head-Gordon,  W. J. Hehre,  Chao-Ping Hsu,  T.-C. Jagau,  Yousung Jung,  
 A. Klamt,  Jing Kong,  D. S. Lambrecht,  WanZhen Liang,  N. J. Mayhall,  
 C. W. McCurdy,  J. B. Neaton,  C. Ochsenfeld,  J. A. Parkhill,  R. Peverati,  
 V. A. Rassolov,  Yihan Shao,  L. V. Slipchenko,  T. Stauch,  R. P. Steele,  
 J. E. Subotnik,  A. J. W. Thom,  A. Tkatchenko,  D. G. Truhlar,  
 T. Van Voorhis,  T. A. Wesolowski,  K. B. Whaley,  H. L. Woodcock III,  
 P. M. Zimmerman,  S. Faraji,  P. M. W. Gill,  M. Head-Gordon,  
 J. M. Herbert,  A. I. Krylov

 Contributors to earlier versions of Q-Chem not listed above: 
 R. D. Adamson,  B. Austin,  R. Baer,  J. Baker,  G. J. O. Beran,  
 K. Brandhorst,  S. T. Brown,  E. F. C. Byrd,  A. K. Chakraborty,  
 G. K. L. Chan,  Chun-Min Chang,  Yunqing Chen,  C.-L. Cheng,  
 Siu Hung Chien,  D. M. Chipman,  D. L. Crittenden,  H. Dachsel,  
 R. J. Doerksen,  A. D. Dutoi,  R. G. Edgar,  J. Fosso-Tande,  
 L. Fusti-Molnar,  D. Ghosh,  A. Ghysels,  A. Golubeva-Zadorozhnaya,  
 J. Gonthier,  M. S. Gordon,  S. R. Gwaltney,  G. Hawkins,  J. E. Herr,  
 A. Heyden,  S. Hirata,  E. G. Hohenstein,  G. Kedziora,  F. J. Keil,  
 C. Kelley,  Jihan Kim,  R. A. King,  R. Z. Khaliullin,  P. P. Korambath,  
 W. Kurlancheek,  A. Laurent,  A. M. Lee,  M. S. Lee,  S. V. Levchenko,  
 Ching Yeh Lin,  D. Liotard,  E. Livshits,  R. C. Lochan,  I. Lotan,  
 L. A. Martinez-Martinez,  P. E. Maslen,  N. Nair,  D. P. O'Neill,  
 D. Neuhauser,  E. Neuscamman,  C. M. Oana,  R. Olivares-Amaya,  R. Olson,  
 T. M. Perrine,  B. Peters,  P. A. Pieniazek,  A. Prociuk,  Y. M. Rhee,  
 J. Ritchie,  M. A. Rohrdanz,  E. Rosta,  N. J. Russ,  H. F. Schaefer III,  
 M. W. Schmidt,  N. E. Schultz,  S. Sharma,  N. Shenvi,  C. D. Sherrill,  
 A. C. Simmonett,  A. Sodt,  T. Stein,  D. Stuck,  K. S. Thanthiriwatte,  
 V. Vanovschi,  L. Vogt,  Tao Wang,  A. Warshel,  M. A. Watson,  
 C. F. Williams,  Q. Wu,  X. Xu,  Jun Yang,  W. Zhang,  Yan Zhao

 Please cite Q-Chem as follows:
 Y. Shao et al., Mol. Phys. 113, 184-215 (2015)
 DOI: 10.1080/00268976.2014.952696

 Q-Chem 5.4.0 for Intel X86 EM64T Linux

 Parts of Q-Chem use Armadillo 9.800.1 (Horizon Scraper).
 http://arma.sourceforge.net/

 Q-Chem begins on Sun Jul 10 03:38:07 2022  

 Host: 
0

     Scratch files written to ./qchem3559547//
 May1621 |scratch|qcdevops|jenkins|workspace|build_RNUM    
 Processing $rem in /cm/shared/apps/spack/cpu/opt/spack/linux-centos8-zen2/gcc-10.2.0/qchem-5.4-akfmr7b3t57bfs6qan3padb2wnb2i7cl/config/preferences:
 Processing $rem in /home/theleonzhang/.qchemrc:
 Symmetry turned off for PCM/SM12/SMD calculation
 Core orbitals will be frozen

 Checking the input file for inconsistencies... 	...done.

--------------------------------------------------------------
User input:
--------------------------------------------------------------
$molecule
0 1
C	0.763475	-3.866725	-0.133897
C	-0.603206	-3.703963	0.106669
C	-1.050446	-2.357056	0.185154
H	-1.283024	-4.561092	0.226709
C	0.000000	-1.440664	0.000000
S	1.521018	-2.286957	-0.268206
C	-2.483610	-1.978743	0.437628
H	-3.118875	-2.878678	0.549717
H	-2.903464	-1.376015	-0.394664
H	-2.593726	-1.375728	1.363110
C	0.000000	0.000000	0.000000
C	0.000033	0.863600	1.099446
C	0.000052	2.247508	0.776721
H	0.000026	0.494801	2.136088
C	0.000074	2.468165	-0.612546
S	0.000024	0.942399	-1.486809
C	0.000075	3.335257	1.814609
H	0.000074	2.909620	2.836676
H	-0.892314	3.989552	1.726239
H	0.892483	3.989525	1.726228
H	0.000094	3.417382	-1.161575
H	0.946698	-4.392713	-1.077442
H	1.258274	-4.392347	0.690363
H	0.187427	-1.440391	1.063612
$end

$rem
JOBTYPE		SP
EXCHANGE	HF
CORRELATION	pRIMP2
BASIS		cc-pvtz
METHOD		rimp2
AUX_BASIS	rimp2-cc-pvtz
SOLVENT_METHOD	PCM
PURECART	11111
SYMMETRY	false
MEM_TOTAL	110000
SCF_CONVERGENCE = 6
THRESH=10
$end



$solvent
dielectric 4.90
$end
--------------------------------------------------------------
 ----------------------------------------------------------------
             Standard Nuclear Orientation (Angstroms)
    I     Atom           X                Y                Z
 ----------------------------------------------------------------
    1      C       0.7634750000    -3.8667250000    -0.1338970000
    2      C      -0.6032060000    -3.7039630000     0.1066690000
    3      C      -1.0504460000    -2.3570560000     0.1851540000
    4      H      -1.2830240000    -4.5610920000     0.2267090000
    5      C       0.0000000000    -1.4406640000     0.0000000000
    6      S       1.5210180000    -2.2869570000    -0.2682060000
    7      C      -2.4836100000    -1.9787430000     0.4376280000
    8      H      -3.1188750000    -2.8786780000     0.5497170000
    9      H      -2.9034640000    -1.3760150000    -0.3946640000
   10      H      -2.5937260000    -1.3757280000     1.3631100000
   11      C       0.0000000000     0.0000000000     0.0000000000
   12      C       0.0000330000     0.8636000000     1.0994460000
   13      C       0.0000520000     2.2475080000     0.7767210000
   14      H       0.0000260000     0.4948010000     2.1360880000
   15      C       0.0000740000     2.4681650000    -0.6125460000
   16      S       0.0000240000     0.9423990000    -1.4868090000
   17      C       0.0000750000     3.3352570000     1.8146090000
   18      H       0.0000740000     2.9096200000     2.8366760000
   19      H      -0.8923140000     3.9895520000     1.7262390000
   20      H       0.8924830000     3.9895250000     1.7262280000
   21      H       0.0000940000     3.4173820000    -1.1615750000
   22      H       0.9466980000    -4.3927130000    -1.0774420000
   23      H       1.2582740000    -4.3923470000     0.6903630000
   24      H       0.1874270000    -1.4403910000     1.0636120000
 ----------------------------------------------------------------
 Nuclear Repulsion Energy =         871.21791010 hartrees
 There are       52 alpha and       52 beta electrons

 Q-Chem warning in module forms1/BasisType.C, line 2236:

 You are not using the predefined 5D/6D in this basis set.

 Requested basis set is cc-pVTZ
 There are 196 shells and 536 basis functions

 Total QAlloc Memory Limit 110000 MB
 Mega-Array Size       188 MB
 MEM_STATIC part       192 MB
 Discretize the solute cavity surface with Lebedev spheres
	Using 110 Lebedev grid points for each H atom
	Using 194 Lebedev grid points for other atoms
	Atomic van der Waals radii will be scaled by 1.20
 Remove points where switching function is < 1.0e-08
 Keep 1627 surface tesserae and discard 2021 interior tesserae
 Molecular Surface Area = 240.234 Angst**2
 Requested basis set is rimp2-cc-pVTZ
 There are 414 shells and 1414 basis functions
 A cutoff of  1.0D-10 yielded  13912 shell pairs
 There are    100780 function pairs (    129318 Cartesian)
 Smallest overlap matrix eigenvalue = 6.08E-05

 Scale SEOQF with 1.000000e-01/1.000000e-01/1.000000e-01

 Standard Electronic Orientation quadrupole field applied
 Nucleus-field energy     =     0.0000000370 hartrees
 Guess from superposition of atomic densities
 Warning:  Energy on first SCF cycle will be non-variational
 SAD guess density has 104.000000 electrons

 -----------------------------------------------------------------------
  General SCF calculation program by
  Eric Jon Sundstrom, Paul Horn, Yuezhi Mao, Dmitri Zuev, Alec White,
  David Stuck, Shaama M.S., Shane Yost, Joonho Lee, David Small,
  Daniel Levine, Susi Lehtola, Hugh Burton, Evgeny Epifanovsky,
  Bang C. Huynh
 -----------------------------------------------------------------------
 Hartree-Fock
 A restricted SCF calculation will be
 performed using DIIS
 SCF converges when DIIS error is below 1.0e-06
 ---------------------------------------
  Cycle       Energy         DIIS error
 ---------------------------------------
    1   -1186.0159752260      2.39e-02  
    2   -1180.6226294752      1.55e-03  
    3   -1180.7461619679      5.85e-04  
    4   -1180.7596316178      3.28e-04  
    5   -1180.7644694900      5.79e-05  
    6   -1180.7647030470      2.37e-05  
    7   -1180.7647584777      8.72e-06  
    8   -1180.7647714796      4.21e-06  
    9   -1180.7647743949      1.46e-06  
   10   -1180.7647748476      5.02e-07  Convergence criterion met
 ---------------------------------------
 SCF time:   CPU 562.38s  wall 565.00s 

************** Final PCM Free Energy Summary **************
 G_electrostatic  =      -0.00937404 hartree =      -5.88230139 kcal/mol
 G_cavitation     =       0.00000000 hartree =       0.00000000 kcal/mol
 G_dispersion     =       0.00000000 hartree =       0.00000000 kcal/mol
 G_repulsion      =       0.00000000 hartree =       0.00000000 kcal/mol
 --------------------------------------------------
 Non-electrostatic Free Energy =       0.00000000 hartree =       0.00000000 kcal/mol
 Total                         =      -0.00937404 hartree =      -5.88230139 kcal/mol
 --------------------------------------------------
 SCF Energy (H0 + V/2)                       =   -1180.76477485 
 Solute Internal Energy (H0)                 =   -1180.75540080 
 Total Free Energy (H0 + V/2 + non-elec)     =   -1180.76477485 hartree
                                             = -740941.07924007 kcal/mol
***********************************************************

 SCF   energy in the final basis set =    -1180.7647748476
 Total energy in the final basis set =    -1180.7647748476


 --------------------------------------------------------------
  Generalized many-body perturbation theory program
  by Joonho Lee, Fazle Rob, Xintian Feng, Evgeny Epifanovsky

 No regularization used 
 (reg. param. = 0.0000e+00)
  (P|Q)^-1/2 Time:  CPU 1.90 s  wall 1.91 s

 In RI-MP2 calculation: 
 # of frozen core orbitals: 20

 Components of the RIMP2 correlation energy:
        aaaa    correlation energy =        -0.2510120548 a.u.
        abab    correlation energy =        -1.5022476919 a.u.
        bbbb    correlation energy =        -0.2510120548 a.u.
        non-Brillouin singles      =        -0.0000000000 a.u.
        total same-spin energy     =        -0.5020241095 a.u.
        total opposite-spin energy =        -1.5022476919 a.u.

 Total  RIMP2   correlation energy =        -2.0042718015 a.u.
        RIMP2         total energy =     -1182.7690466491 a.u.

 RI-MP2 Energy Time:  CPU 79.17 s  wall 79.47 s
 
 --------------------------------------------------------------
 
                    Orbital Energies (a.u.)
 --------------------------------------------------------------
 
 Alpha MOs
 -- Occupied --
-91.9803 -91.9416 -11.2818 -11.2646 -11.2628 -11.2557 -11.2507 -11.2437
-11.2409 -11.2316 -11.2294 -11.2194  -8.9803  -8.9462  -6.6612  -6.6607
 -6.6601  -6.6276  -6.6266  -6.6253  -1.1981  -1.1537  -1.0581  -1.0263
 -1.0054  -0.9604  -0.9119  -0.9011  -0.8156  -0.7608  -0.7355  -0.7028
 -0.6610  -0.6413  -0.6105  -0.5894  -0.5807  -0.5712  -0.5653  -0.5509
 -0.5418  -0.5298  -0.5138  -0.5061  -0.4918  -0.4815  -0.4604  -0.4483
 -0.3561  -0.3410  -0.3126  -0.2821
 -- Virtual --
  0.0961   0.1322   0.1415   0.1504   0.1584   0.1719   0.1755   0.1826
  0.1880   0.1941   0.2041   0.2167   0.2273   0.2284   0.2362   0.2441
  0.2504   0.2569   0.2684   0.2989   0.3030   0.3394   0.3460   0.3529
  0.3709   0.3721   0.3790   0.3914   0.3947   0.4033   0.4099   0.4166
  0.4340   0.4365   0.4527   0.4620   0.4670   0.4765   0.4818   0.4899
  0.4983   0.5143   0.5158   0.5233   0.5282   0.5405   0.5492   0.5534
  0.5678   0.5772   0.5840   0.5991   0.6013   0.6055   0.6101   0.6159
  0.6274   0.6297   0.6308   0.6394   0.6421   0.6435   0.6482   0.6543
  0.6598   0.6674   0.6804   0.6817   0.6864   0.7014   0.7193   0.7223
  0.7322   0.7456   0.7579   0.7745   0.7759   0.7980   0.8120   0.8220
  0.8243   0.8445   0.8493   0.8639   0.8812   0.8921   0.9083   0.9127
  0.9271   0.9387   0.9504   0.9554   0.9640   0.9879   0.9971   1.0091
  1.0131   1.0208   1.0326   1.0423   1.0561   1.0650   1.0726   1.0798
  1.0874   1.0956   1.1078   1.1242   1.1274   1.1606   1.1671   1.1722
  1.1803   1.1863   1.1970   1.2015   1.2117   1.2258   1.2290   1.2488
  1.2525   1.2552   1.2668   1.2687   1.2791   1.2856   1.3012   1.3202
  1.3317   1.3366   1.3468   1.3580   1.3638   1.3924   1.4061   1.4095
  1.4166   1.4314   1.4427   1.4627   1.4719   1.4770   1.4829   1.4999
  1.5088   1.5178   1.5263   1.5341   1.5414   1.5430   1.5471   1.5504
  1.5703   1.5740   1.5853   1.5994   1.6018   1.6141   1.6294   1.6404
  1.6499   1.6762   1.6818   1.6943   1.6984   1.7081   1.7250   1.7416
  1.7469   1.7616   1.7704   1.7846   1.8038   1.8231   1.8338   1.8529
  1.8783   1.9119   1.9203   1.9274   1.9464   1.9712   1.9944   2.0066
  2.0142   2.0342   2.0443   2.0451   2.0740   2.1382   2.1393   2.1483
  2.1856   2.1994   2.2003   2.2200   2.2292   2.2507   2.2659   2.2761
  2.2880   2.3195   2.3409   2.3660   2.4029   2.4410   2.4605   2.4718
  2.4867   2.5065   2.5267   2.5354   2.5794   2.5964   2.6034   2.6175
  2.6258   2.6388   2.6572   2.6613   2.6754   2.6844   2.7071   2.7187
  2.7354   2.7464   2.7554   2.7672   2.7732   2.7828   2.7988   2.8210
  2.8426   2.8461   2.8620   2.8755   2.8910   2.9060   2.9129   2.9233
  2.9299   2.9447   2.9584   2.9774   3.0142   3.0182   3.0197   3.0393
  3.0617   3.0812   3.0832   3.1069   3.1112   3.1154   3.1366   3.1497
  3.1524   3.1602   3.1637   3.1664   3.1785   3.2029   3.2046   3.2173
  3.2326   3.2394   3.2509   3.2620   3.2791   3.2910   3.3006   3.3077
  3.3122   3.3242   3.3303   3.3325   3.3457   3.3489   3.3568   3.3678
  3.3734   3.3808   3.3829   3.3938   3.3963   3.4146   3.4236   3.4333
  3.4423   3.4504   3.4588   3.4658   3.4810   3.4893   3.4905   3.5058
  3.5167   3.5275   3.5379   3.5432   3.5531   3.5605   3.5689   3.5774
  3.5934   3.5990   3.6193   3.6225   3.6242   3.6306   3.6446   3.6474
  3.6745   3.6760   3.6823   3.6858   3.7072   3.7187   3.7297   3.7337
  3.7468   3.7480   3.7548   3.7816   3.7918   3.8008   3.8090   3.8181
  3.8324   3.8338   3.8503   3.8670   3.8830   3.8894   3.9022   3.9117
  3.9358   3.9413   3.9498   3.9668   3.9834   3.9942   4.0047   4.0072
  4.0188   4.0371   4.0429   4.0529   4.0703   4.0785   4.0830   4.0985
  4.1231   4.1271   4.1442   4.1538   4.1579   4.1763   4.1942   4.1950
  4.2147   4.2170   4.2228   4.2475   4.2499   4.2564   4.2627   4.2810
  4.2951   4.3091   4.3112   4.3295   4.3396   4.3488   4.3544   4.3661
  4.3784   4.3905   4.4009   4.4038   4.4131   4.4187   4.4293   4.4471
  4.4602   4.4711   4.4833   4.4845   4.5144   4.5179   4.5399   4.5500
  4.5757   4.5979   4.6109   4.6164   4.6380   4.6506   4.6526   4.6706
  4.6858   4.7171   4.7358   4.7631   4.7692   4.8098   4.8216   4.8339
  4.8552   4.8627   4.9015   4.9026   4.9296   4.9609   4.9809   4.9931
  5.0158   5.0453   5.0921   5.1111   5.1177   5.1310   5.1540   5.1734
  5.2020   5.2106   5.2352   5.2676   5.2836   5.2944   5.3078   5.3287
  5.3431   5.3636   5.3764   5.3937   5.4108   5.4289   5.4400   5.4528
  5.4808   5.5225   5.5248   5.5422   5.5500   5.5573   5.5749   5.5979
  5.6214   5.6260   5.6458   5.6509   5.6746   5.6949   5.7113   5.7358
  5.7774   5.7972   5.8390   5.9696   6.0081   6.0879   6.1325   6.1521
  6.2043   6.2183   6.2259   6.2375   6.2521   6.2793   6.3025   6.3290
  6.3797   6.5041   9.4585  10.6101  12.0544  12.9569  13.1859  13.9201
 14.0937  14.1918  14.3616  14.7732
 --------------------------------------------------------------
 
          Ground-State Mulliken Net Atomic Charges

     Atom                 Charge (a.u.)
  ----------------------------------------
      1 C                    -0.077854
      2 C                    -0.329038
      3 C                    -0.021888
      4 H                     0.176420
      5 C                     0.087357
      6 S                    -0.174540
      7 C                    -0.265944
      8 H                     0.113615
      9 H                     0.107871
     10 H                     0.100059
     11 C                    -0.084479
     12 C                    -0.239975
     13 C                     0.018342
     14 H                     0.182155
     15 C                    -0.236260
     16 S                     0.006236
     17 C                    -0.272038
     18 H                     0.101941
     19 H                     0.107970
     20 H                     0.108825
     21 H                     0.196816
     22 H                     0.112407
     23 H                     0.111645
     24 H                     0.170357
  ----------------------------------------
  Sum of atomic charges =     0.000000

 -----------------------------------------------------------------
                    Cartesian Multipole Moments
 -----------------------------------------------------------------
    Charge (ESU x 10^10)
                -0.0000
    Dipole Moment (Debye)
         X      -2.2513      Y       0.5517      Z       2.7003
       Tot       3.5587
    Quadrupole Moments (Debye-Ang)
        XX     -91.6161     XY       3.2643     YY     -73.5778
        XZ       0.2831     YZ      -0.8604     ZZ     -86.1877
    Octopole Moments (Debye-Ang^2)
       XXX      -5.4619    XXY      39.7726    XYY       1.3044
       YYY     125.1330    XXZ       0.3092    XYZ       0.1237
       YYZ      -1.4996    XZZ       1.6337    YZZ      55.5725
       ZZZ       2.4321
    Hexadecapole Moments (Debye-Ang^3)
      XXXX    -684.1191   XXXY      33.7442   XXYY    -616.4801
      XYYY      -1.5170   YYYY   -2784.9703   XXXZ      47.6480
      XXYZ     -37.6709   XYYZ      13.2946   YYYZ    -112.9041
      XXZZ    -219.9017   XYZZ      -1.0195   YYZZ    -601.2385
      XZZZ      52.0476   YZZZ     -95.0497   ZZZZ    -556.1610
 -----------------------------------------------------------------
 Total job time:  646.83s(wall), 642.46s(cpu) 
 Sun Jul 10 03:48:53 2022

        *************************************************************
        *                                                           *
        *  Thank you very much for using Q-Chem.  Have a nice day.  *
        *                                                           *
        *************************************************************


remove work dirs ./qchem3559547.0 -- ./qchem3559547.-1
rm -rf ./qchem3559547
You are running Q-Chem version: 5.4.0

#
# job setting
#
local host:  exp-2-18
current dir: /expanse/lustre/scratch/theleonzhang/temp_project/Hydrogenated_Rotation_Test
input file:  Methylthiophene_Phi_0_Theta_260_Methylthiophene_Hydrogenated.qcin
output file: 
nprocs     : 0
nthreads   : 1
#
# qchem installation setting
#
QC:          /cm/shared/apps/spack/cpu/opt/spack/linux-centos8-zen2/gcc-10.2.0/qchem-5.4-akfmr7b3t57bfs6qan3padb2wnb2i7cl
QCAUX:       /cm/shared/apps/spack/cpu/opt/spack/linux-centos8-zen2/gcc-10.2.0/qchem-5.4-akfmr7b3t57bfs6qan3padb2wnb2i7cl/qcaux
QCPROG:      /cm/shared/apps/spack/cpu/opt/spack/linux-centos8-zen2/gcc-10.2.0/qchem-5.4-akfmr7b3t57bfs6qan3padb2wnb2i7cl/exe/qcprog.exe_s
QCPROG_S:    /cm/shared/apps/spack/cpu/opt/spack/linux-centos8-zen2/gcc-10.2.0/qchem-5.4-akfmr7b3t57bfs6qan3padb2wnb2i7cl/exe/qcprog.exe_s
PARALLEL:    -DSERIAL
QCMPI:       mpich
#
# qchem directory setting
#
qcrun:       qchem1936639
QCSCRATCH:   .
QCLOCALSCR:  
QCTMPDIR:    .
QCFILEPREF:  ./qchem1936639
QCSAVEDIR:   
workdirs:    ./qchem1936639
workdir0:    ./qchem1936639
partmpdirs =  
#
# parallel setting
#
QCRSH:           ssh
QCMPI:           mpich
QCMPIRUN:        /cm/shared/apps/spack/cpu/opt/spack/linux-centos8-zen2/gcc-10.2.0/qchem-5.4-akfmr7b3t57bfs6qan3padb2wnb2i7cl/bin/mpi/mpirun_qchem
QCMACHINEFILE:   ./qchem1936639/hostfile

#
# env setting
#
exported envs:   QC QCAUX QCSCRATCH QCRUNNAME QCFILEPREF QCPROG QCPROG_S GUIFILE

Running Job 1 of 1 Methylthiophene_Phi_0_Theta_260_Methylthiophene_Hydrogenated.qcin
qchem Methylthiophene_Phi_0_Theta_260_Methylthiophene_Hydrogenated.qcin_1936639.0 ./qchem1936639/ 0
/cm/shared/apps/spack/cpu/opt/spack/linux-centos8-zen2/gcc-10.2.0/qchem-5.4-akfmr7b3t57bfs6qan3padb2wnb2i7cl/exe/qcprog.exe_s Methylthiophene_Phi_0_Theta_260_Methylthiophene_Hydrogenated.qcin_1936639.0 ./qchem1936639/
                  Welcome to Q-Chem
     A Quantum Leap Into The Future Of Chemistry


 Q-Chem 5.4, Q-Chem, Inc., Pleasanton, CA (2021)

 License issued to: University of California, San Diego (site)

 E. Epifanovsky,  A. T. B. Gilbert,  Xintian Feng,  Joonho Lee,  Yuezhi Mao,  
 N. Mardirossian,  P. Pokhilko,  A. White,  M. Wormit,  M. P. Coons,  
 A. L. Dempwolff,  Zhengting Gan,  D. Hait,  P. R. Horn,  L. D. Jacobson,  
 I. Kaliman,  J. Kussmann,  A. W. Lange,  Ka Un Lao,  D. S. Levine,  Jie Liu,  
 S. C. McKenzie,  A. F. Morrison,  K. Nanda,  F. Plasser,  D. R. Rehn,  
 M. L. Vidal,  Zhi-Qiang You,  Ying Zhu,  B. Alam,  B. Albrecht,  
 A. Aldossary,  E. Alguire,  J. H. Andersen,  D. Barton,  K. Begam,  A. Behn,  
 Y. A. Bernard,  E. J. Berquist,  H. Burton,  A. Carreras,  K. Carter-Fenk,  
 R. Chakraborty,  A. D. Chien,  K. D. Closser,  V. Cofer-Shabica,  
 S. Dasgupta,  Jia Deng,  M. de Wergifosse,  M. Diedenhofen,  Hainam Do,  
 S. Ehlert,  Po-Tung Fang,  S. Fatehi,  Qingguo Feng,  J. Gayvert,  
 Qinghui Ge,  G. Gidofalvi,  M. Goldey,  J. Gomes,  C. Gonzalez-Espinoza,  
 S. Gulania,  A. Gunina,  M. W. D. Hanson-Heine,  P. H. P. Harbach,  
 A. W. Hauser,  M. F. Herbst,  M. Hernandez Vera,  M. Hodecker,  
 Z. C. Holden,  S. Houck,  Xunkun Huang,  Kerwin Hui,  B. C. Huynh,  
 M. Ivanov,  Hyunjun Ji,  Hanjie Jiang,  B. Kaduk,  S. Kaehler,  
 K. Khistyaev,  Jaehoon Kim,  P. Klunzinger,  Z. Koczor-Benda,  
 Joong Hoon Koh,  D. Kosenkov,  L. Koulias,  T. Kowalczyk,  C. M. Krauter,  
 K. Kue,  A. Kunitsa,  T. Kus,  A. Landau,  K. V. Lawler,  D. Lefrancois,  
 S. Lehtola,  Rain Li,  Yi-Pei Li,  Jiashu Liang,  M. Liebenthal,  
 Hung-Hsuan Lin,  You-Sheng Lin,  Fenglai Liu,  Kuan-Yu Liu,  
 M. Loipersberger,  A. Luenser,  A. Manjanath,  P. Manohar,  E. Mansoor,  
 S. F. Manzer,  Shan-Ping Mao,  A. V. Marenich,  T. Markovich,  S. Mason,  
 S. A. Maurer,  P. F. McLaughlin,  M. F. S. J. Menger,  J.-M. Mewes,  
 S. A. Mewes,  P. Morgante,  J. W. Mullinax,  T. S. Nguyen-Beck,  
 K. J. Oosterbaan,  G. Paran,  Alexander C. Paul,  Suranjan K. Paul,  
 F. Pavosevic,  Zheng Pei,  S. Prager,  E. I. Proynov,  E. Ramos,  B. Rana,  
 A. E. Rask,  A. Rettig,  R. M. Richard,  F. Rob,  E. Rossomme,  T. Scheele,  
 M. Scheurer,  M. Schneider,  N. Sergueev,  S. M. Sharada,  W. Skomorowski,  
 D. W. Small,  C. J. Stein,  Yu-Chuan Su,  E. J. Sundstrom,  Zhen Tao,  
 J. Thirman,  T. Tsuchimochi,  N. M. Tubman,  S. P. Veccham,  O. Vydrov,  
 J. Wenzel,  J. Witte,  A. Yamada,  Kun Yao,  S. Yeganeh,  S. R. Yost,  
 A. Zech,  Igor Ying Zhang,  Xing Zhang,  Yu Zhang,  D. Zuev,  
 A. Aspuru-Guzik,  A. T. Bell,  N. A. Besley,  K. B. Bravaya,  B. R. Brooks,  
 D. Casanova,  Jeng-Da Chai,  S. Coriani,  C. J. Cramer,  
 A. E. DePrince, III,  R. A. DiStasio Jr.,  A. Dreuw,  B. D. Dunietz,  
 T. R. Furlani,  W. A. Goddard III,  S. Grimme,  S. Hammes-Schiffer,  
 T. Head-Gordon,  W. J. Hehre,  Chao-Ping Hsu,  T.-C. Jagau,  Yousung Jung,  
 A. Klamt,  Jing Kong,  D. S. Lambrecht,  WanZhen Liang,  N. J. Mayhall,  
 C. W. McCurdy,  J. B. Neaton,  C. Ochsenfeld,  J. A. Parkhill,  R. Peverati,  
 V. A. Rassolov,  Yihan Shao,  L. V. Slipchenko,  T. Stauch,  R. P. Steele,  
 J. E. Subotnik,  A. J. W. Thom,  A. Tkatchenko,  D. G. Truhlar,  
 T. Van Voorhis,  T. A. Wesolowski,  K. B. Whaley,  H. L. Woodcock III,  
 P. M. Zimmerman,  S. Faraji,  P. M. W. Gill,  M. Head-Gordon,  
 J. M. Herbert,  A. I. Krylov

 Contributors to earlier versions of Q-Chem not listed above: 
 R. D. Adamson,  B. Austin,  R. Baer,  J. Baker,  G. J. O. Beran,  
 K. Brandhorst,  S. T. Brown,  E. F. C. Byrd,  A. K. Chakraborty,  
 G. K. L. Chan,  Chun-Min Chang,  Yunqing Chen,  C.-L. Cheng,  
 Siu Hung Chien,  D. M. Chipman,  D. L. Crittenden,  H. Dachsel,  
 R. J. Doerksen,  A. D. Dutoi,  R. G. Edgar,  J. Fosso-Tande,  
 L. Fusti-Molnar,  D. Ghosh,  A. Ghysels,  A. Golubeva-Zadorozhnaya,  
 J. Gonthier,  M. S. Gordon,  S. R. Gwaltney,  G. Hawkins,  J. E. Herr,  
 A. Heyden,  S. Hirata,  E. G. Hohenstein,  G. Kedziora,  F. J. Keil,  
 C. Kelley,  Jihan Kim,  R. A. King,  R. Z. Khaliullin,  P. P. Korambath,  
 W. Kurlancheek,  A. Laurent,  A. M. Lee,  M. S. Lee,  S. V. Levchenko,  
 Ching Yeh Lin,  D. Liotard,  E. Livshits,  R. C. Lochan,  I. Lotan,  
 L. A. Martinez-Martinez,  P. E. Maslen,  N. Nair,  D. P. O'Neill,  
 D. Neuhauser,  E. Neuscamman,  C. M. Oana,  R. Olivares-Amaya,  R. Olson,  
 T. M. Perrine,  B. Peters,  P. A. Pieniazek,  A. Prociuk,  Y. M. Rhee,  
 J. Ritchie,  M. A. Rohrdanz,  E. Rosta,  N. J. Russ,  H. F. Schaefer III,  
 M. W. Schmidt,  N. E. Schultz,  S. Sharma,  N. Shenvi,  C. D. Sherrill,  
 A. C. Simmonett,  A. Sodt,  T. Stein,  D. Stuck,  K. S. Thanthiriwatte,  
 V. Vanovschi,  L. Vogt,  Tao Wang,  A. Warshel,  M. A. Watson,  
 C. F. Williams,  Q. Wu,  X. Xu,  Jun Yang,  W. Zhang,  Yan Zhao

 Please cite Q-Chem as follows:
 Y. Shao et al., Mol. Phys. 113, 184-215 (2015)
 DOI: 10.1080/00268976.2014.952696

 Q-Chem 5.4.0 for Intel X86 EM64T Linux

 Parts of Q-Chem use Armadillo 9.800.1 (Horizon Scraper).
 http://arma.sourceforge.net/

 Q-Chem begins on Sun Jul 10 04:10:36 2022  

 Host: 
0

     Scratch files written to ./qchem1936639//
 May1621 |scratch|qcdevops|jenkins|workspace|build_RNUM    
 Processing $rem in /cm/shared/apps/spack/cpu/opt/spack/linux-centos8-zen2/gcc-10.2.0/qchem-5.4-akfmr7b3t57bfs6qan3padb2wnb2i7cl/config/preferences:
 Processing $rem in /home/theleonzhang/.qchemrc:
 Symmetry turned off for PCM/SM12/SMD calculation
 Core orbitals will be frozen

 Checking the input file for inconsistencies... 	...done.

--------------------------------------------------------------
User input:
--------------------------------------------------------------
$molecule
0 1
C	0.763475	-3.866725	-0.133897
C	-0.603206	-3.703963	0.106669
C	-1.050446	-2.357056	0.185154
H	-1.283024	-4.561092	0.226709
C	0.000000	-1.440664	0.000000
S	1.521018	-2.286957	-0.268206
C	-2.483610	-1.978743	0.437628
H	-3.118875	-2.878678	0.549717
H	-2.903464	-1.376015	-0.394664
H	-2.593726	-1.375728	1.363110
C	0.000000	0.000000	0.000000
C	0.000033	0.863600	1.099446
C	0.000052	2.247508	0.776721
H	0.000026	0.494801	2.136088
C	0.000074	2.468165	-0.612546
S	0.000024	0.942399	-1.486809
C	0.000075	3.335257	1.814609
H	0.000074	2.909620	2.836676
H	-0.892314	3.989552	1.726239
H	0.892483	3.989525	1.726228
H	0.000094	3.417382	-1.161575
H	0.946698	-4.392713	-1.077442
H	1.258274	-4.392347	0.690363
H	0.187427	-1.440391	1.063612
$end

$rem
JOBTYPE		SP
EXCHANGE	HF
CORRELATION	pRIMP2
BASIS		cc-pvtz
METHOD		rimp2
AUX_BASIS	rimp2-cc-pvtz
SOLVENT_METHOD	PCM
PURECART	11111
SYMMETRY	false
MEM_TOTAL	110000
SCF_CONVERGENCE = 6
THRESH=10
$end



$solvent
dielectric 4.90
$end
--------------------------------------------------------------
 ----------------------------------------------------------------
             Standard Nuclear Orientation (Angstroms)
    I     Atom           X                Y                Z
 ----------------------------------------------------------------
    1      C       0.7634750000    -3.8667250000    -0.1338970000
    2      C      -0.6032060000    -3.7039630000     0.1066690000
    3      C      -1.0504460000    -2.3570560000     0.1851540000
    4      H      -1.2830240000    -4.5610920000     0.2267090000
    5      C       0.0000000000    -1.4406640000     0.0000000000
    6      S       1.5210180000    -2.2869570000    -0.2682060000
    7      C      -2.4836100000    -1.9787430000     0.4376280000
    8      H      -3.1188750000    -2.8786780000     0.5497170000
    9      H      -2.9034640000    -1.3760150000    -0.3946640000
   10      H      -2.5937260000    -1.3757280000     1.3631100000
   11      C       0.0000000000     0.0000000000     0.0000000000
   12      C       0.0000330000     0.8636000000     1.0994460000
   13      C       0.0000520000     2.2475080000     0.7767210000
   14      H       0.0000260000     0.4948010000     2.1360880000
   15      C       0.0000740000     2.4681650000    -0.6125460000
   16      S       0.0000240000     0.9423990000    -1.4868090000
   17      C       0.0000750000     3.3352570000     1.8146090000
   18      H       0.0000740000     2.9096200000     2.8366760000
   19      H      -0.8923140000     3.9895520000     1.7262390000
   20      H       0.8924830000     3.9895250000     1.7262280000
   21      H       0.0000940000     3.4173820000    -1.1615750000
   22      H       0.9466980000    -4.3927130000    -1.0774420000
   23      H       1.2582740000    -4.3923470000     0.6903630000
   24      H       0.1874270000    -1.4403910000     1.0636120000
 ----------------------------------------------------------------
 Nuclear Repulsion Energy =         871.21791010 hartrees
 There are       52 alpha and       52 beta electrons

 Q-Chem warning in module forms1/BasisType.C, line 2236:

 You are not using the predefined 5D/6D in this basis set.

 Requested basis set is cc-pVTZ
 There are 196 shells and 536 basis functions

 Total QAlloc Memory Limit 110000 MB
 Mega-Array Size       188 MB
 MEM_STATIC part       192 MB
 Discretize the solute cavity surface with Lebedev spheres
	Using 110 Lebedev grid points for each H atom
	Using 194 Lebedev grid points for other atoms
	Atomic van der Waals radii will be scaled by 1.20
 Remove points where switching function is < 1.0e-08
 Keep 1627 surface tesserae and discard 2021 interior tesserae
 Molecular Surface Area = 240.234 Angst**2
 Requested basis set is rimp2-cc-pVTZ
 There are 414 shells and 1414 basis functions
 A cutoff of  1.0D-10 yielded  13912 shell pairs
 There are    100780 function pairs (    129318 Cartesian)
 Smallest overlap matrix eigenvalue = 6.08E-05

 Scale SEOQF with 1.000000e-01/1.000000e-01/1.000000e-01

 Standard Electronic Orientation quadrupole field applied
 Nucleus-field energy     =     0.0000000370 hartrees
 Guess from superposition of atomic densities
 Warning:  Energy on first SCF cycle will be non-variational
 SAD guess density has 104.000000 electrons

 -----------------------------------------------------------------------
  General SCF calculation program by
  Eric Jon Sundstrom, Paul Horn, Yuezhi Mao, Dmitri Zuev, Alec White,
  David Stuck, Shaama M.S., Shane Yost, Joonho Lee, David Small,
  Daniel Levine, Susi Lehtola, Hugh Burton, Evgeny Epifanovsky,
  Bang C. Huynh
 -----------------------------------------------------------------------
 Hartree-Fock
 A restricted SCF calculation will be
 performed using DIIS
 SCF converges when DIIS error is below 1.0e-06
 ---------------------------------------
  Cycle       Energy         DIIS error
 ---------------------------------------
    1   -1186.0159752260      2.39e-02  
    2   -1180.6226294752      1.55e-03  
    3   -1180.7461619679      5.85e-04  
    4   -1180.7596316178      3.28e-04  
    5   -1180.7644694900      5.79e-05  
    6   -1180.7647030470      2.37e-05  
    7   -1180.7647584777      8.72e-06  
    8   -1180.7647714796      4.21e-06  
    9   -1180.7647743949      1.46e-06  
   10   -1180.7647748476      5.02e-07  Convergence criterion met
 ---------------------------------------
 SCF time:   CPU 563.22s  wall 565.00s 

************** Final PCM Free Energy Summary **************
 G_electrostatic  =      -0.00937404 hartree =      -5.88230139 kcal/mol
 G_cavitation     =       0.00000000 hartree =       0.00000000 kcal/mol
 G_dispersion     =       0.00000000 hartree =       0.00000000 kcal/mol
 G_repulsion      =       0.00000000 hartree =       0.00000000 kcal/mol
 --------------------------------------------------
 Non-electrostatic Free Energy =       0.00000000 hartree =       0.00000000 kcal/mol
 Total                         =      -0.00937404 hartree =      -5.88230139 kcal/mol
 --------------------------------------------------
 SCF Energy (H0 + V/2)                       =   -1180.76477485 
 Solute Internal Energy (H0)                 =   -1180.75540080 
 Total Free Energy (H0 + V/2 + non-elec)     =   -1180.76477485 hartree
                                             = -740941.07924007 kcal/mol
***********************************************************

 SCF   energy in the final basis set =    -1180.7647748476
 Total energy in the final basis set =    -1180.7647748476


 --------------------------------------------------------------
  Generalized many-body perturbation theory program
  by Joonho Lee, Fazle Rob, Xintian Feng, Evgeny Epifanovsky

 No regularization used 
 (reg. param. = 0.0000e+00)
  (P|Q)^-1/2 Time:  CPU 1.90 s  wall 1.90 s

 In RI-MP2 calculation: 
 # of frozen core orbitals: 20

 Components of the RIMP2 correlation energy:
        aaaa    correlation energy =        -0.2510120548 a.u.
        abab    correlation energy =        -1.5022476919 a.u.
        bbbb    correlation energy =        -0.2510120548 a.u.
        non-Brillouin singles      =        -0.0000000000 a.u.
        total same-spin energy     =        -0.5020241095 a.u.
        total opposite-spin energy =        -1.5022476919 a.u.

 Total  RIMP2   correlation energy =        -2.0042718015 a.u.
        RIMP2         total energy =     -1182.7690466491 a.u.

 RI-MP2 Energy Time:  CPU 79.45 s  wall 79.71 s
 
 --------------------------------------------------------------
 
                    Orbital Energies (a.u.)
 --------------------------------------------------------------
 
 Alpha MOs
 -- Occupied --
-91.9803 -91.9416 -11.2818 -11.2646 -11.2628 -11.2557 -11.2507 -11.2437
-11.2409 -11.2316 -11.2294 -11.2194  -8.9803  -8.9462  -6.6612  -6.6607
 -6.6601  -6.6276  -6.6266  -6.6253  -1.1981  -1.1537  -1.0581  -1.0263
 -1.0054  -0.9604  -0.9119  -0.9011  -0.8156  -0.7608  -0.7355  -0.7028
 -0.6610  -0.6413  -0.6105  -0.5894  -0.5807  -0.5712  -0.5653  -0.5509
 -0.5418  -0.5298  -0.5138  -0.5061  -0.4918  -0.4815  -0.4604  -0.4483
 -0.3561  -0.3410  -0.3126  -0.2821
 -- Virtual --
  0.0961   0.1322   0.1415   0.1504   0.1584   0.1719   0.1755   0.1826
  0.1880   0.1941   0.2041   0.2167   0.2273   0.2284   0.2362   0.2441
  0.2504   0.2569   0.2684   0.2989   0.3030   0.3394   0.3460   0.3529
  0.3709   0.3721   0.3790   0.3914   0.3947   0.4033   0.4099   0.4166
  0.4340   0.4365   0.4527   0.4620   0.4670   0.4765   0.4818   0.4899
  0.4983   0.5143   0.5158   0.5233   0.5282   0.5405   0.5492   0.5534
  0.5678   0.5772   0.5840   0.5991   0.6013   0.6055   0.6101   0.6159
  0.6274   0.6297   0.6308   0.6394   0.6421   0.6435   0.6482   0.6543
  0.6598   0.6674   0.6804   0.6817   0.6864   0.7014   0.7193   0.7223
  0.7322   0.7456   0.7579   0.7745   0.7759   0.7980   0.8120   0.8220
  0.8243   0.8445   0.8493   0.8639   0.8812   0.8921   0.9083   0.9127
  0.9271   0.9387   0.9504   0.9554   0.9640   0.9879   0.9971   1.0091
  1.0131   1.0208   1.0326   1.0423   1.0561   1.0650   1.0726   1.0798
  1.0874   1.0956   1.1078   1.1242   1.1274   1.1606   1.1671   1.1722
  1.1803   1.1863   1.1970   1.2015   1.2117   1.2258   1.2290   1.2488
  1.2525   1.2552   1.2668   1.2687   1.2791   1.2856   1.3012   1.3202
  1.3317   1.3366   1.3468   1.3580   1.3638   1.3924   1.4061   1.4095
  1.4166   1.4314   1.4427   1.4627   1.4719   1.4770   1.4829   1.4999
  1.5088   1.5178   1.5263   1.5341   1.5414   1.5430   1.5471   1.5504
  1.5703   1.5740   1.5853   1.5994   1.6018   1.6141   1.6294   1.6404
  1.6499   1.6762   1.6818   1.6943   1.6984   1.7081   1.7250   1.7416
  1.7469   1.7616   1.7704   1.7846   1.8038   1.8231   1.8338   1.8529
  1.8783   1.9119   1.9203   1.9274   1.9464   1.9712   1.9944   2.0066
  2.0142   2.0342   2.0443   2.0451   2.0740   2.1382   2.1393   2.1483
  2.1856   2.1994   2.2003   2.2200   2.2292   2.2507   2.2659   2.2761
  2.2880   2.3195   2.3409   2.3660   2.4029   2.4410   2.4605   2.4718
  2.4867   2.5065   2.5267   2.5354   2.5794   2.5964   2.6034   2.6175
  2.6258   2.6388   2.6572   2.6613   2.6754   2.6844   2.7071   2.7187
  2.7354   2.7464   2.7554   2.7672   2.7732   2.7828   2.7988   2.8210
  2.8426   2.8461   2.8620   2.8755   2.8910   2.9060   2.9129   2.9233
  2.9299   2.9447   2.9584   2.9774   3.0142   3.0182   3.0197   3.0393
  3.0617   3.0812   3.0832   3.1069   3.1112   3.1154   3.1366   3.1497
  3.1524   3.1602   3.1637   3.1664   3.1785   3.2029   3.2046   3.2173
  3.2326   3.2394   3.2509   3.2620   3.2791   3.2910   3.3006   3.3077
  3.3122   3.3242   3.3303   3.3325   3.3457   3.3489   3.3568   3.3678
  3.3734   3.3808   3.3829   3.3938   3.3963   3.4146   3.4236   3.4333
  3.4423   3.4504   3.4588   3.4658   3.4810   3.4893   3.4905   3.5058
  3.5167   3.5275   3.5379   3.5432   3.5531   3.5605   3.5689   3.5774
  3.5934   3.5990   3.6193   3.6225   3.6242   3.6306   3.6446   3.6474
  3.6745   3.6760   3.6823   3.6858   3.7072   3.7187   3.7297   3.7337
  3.7468   3.7480   3.7548   3.7816   3.7918   3.8008   3.8090   3.8181
  3.8324   3.8338   3.8503   3.8670   3.8830   3.8894   3.9022   3.9117
  3.9358   3.9413   3.9498   3.9668   3.9834   3.9942   4.0047   4.0072
  4.0188   4.0371   4.0429   4.0529   4.0703   4.0785   4.0830   4.0985
  4.1231   4.1271   4.1442   4.1538   4.1579   4.1763   4.1942   4.1950
  4.2147   4.2170   4.2228   4.2475   4.2499   4.2564   4.2627   4.2810
  4.2951   4.3091   4.3112   4.3295   4.3396   4.3488   4.3544   4.3661
  4.3784   4.3905   4.4009   4.4038   4.4131   4.4187   4.4293   4.4471
  4.4602   4.4711   4.4833   4.4845   4.5144   4.5179   4.5399   4.5500
  4.5757   4.5979   4.6109   4.6164   4.6380   4.6506   4.6526   4.6706
  4.6858   4.7171   4.7358   4.7631   4.7692   4.8098   4.8216   4.8339
  4.8552   4.8627   4.9015   4.9026   4.9296   4.9609   4.9809   4.9931
  5.0158   5.0453   5.0921   5.1111   5.1177   5.1310   5.1540   5.1734
  5.2020   5.2106   5.2352   5.2676   5.2836   5.2944   5.3078   5.3287
  5.3431   5.3636   5.3764   5.3937   5.4108   5.4289   5.4400   5.4528
  5.4808   5.5225   5.5248   5.5422   5.5500   5.5573   5.5749   5.5979
  5.6214   5.6260   5.6458   5.6509   5.6746   5.6949   5.7113   5.7358
  5.7774   5.7972   5.8390   5.9696   6.0081   6.0879   6.1325   6.1521
  6.2043   6.2183   6.2259   6.2375   6.2521   6.2793   6.3025   6.3290
  6.3797   6.5041   9.4585  10.6101  12.0544  12.9569  13.1859  13.9201
 14.0937  14.1918  14.3616  14.7732
 --------------------------------------------------------------
 
          Ground-State Mulliken Net Atomic Charges

     Atom                 Charge (a.u.)
  ----------------------------------------
      1 C                    -0.077854
      2 C                    -0.329038
      3 C                    -0.021888
      4 H                     0.176420
      5 C                     0.087357
      6 S                    -0.174540
      7 C                    -0.265944
      8 H                     0.113615
      9 H                     0.107871
     10 H                     0.100059
     11 C                    -0.084479
     12 C                    -0.239975
     13 C                     0.018342
     14 H                     0.182155
     15 C                    -0.236260
     16 S                     0.006236
     17 C                    -0.272038
     18 H                     0.101941
     19 H                     0.107970
     20 H                     0.108825
     21 H                     0.196816
     22 H                     0.112407
     23 H                     0.111645
     24 H                     0.170357
  ----------------------------------------
  Sum of atomic charges =     0.000000

 -----------------------------------------------------------------
                    Cartesian Multipole Moments
 -----------------------------------------------------------------
    Charge (ESU x 10^10)
                -0.0000
    Dipole Moment (Debye)
         X      -2.2513      Y       0.5517      Z       2.7003
       Tot       3.5587
    Quadrupole Moments (Debye-Ang)
        XX     -91.6161     XY       3.2643     YY     -73.5778
        XZ       0.2831     YZ      -0.8604     ZZ     -86.1877
    Octopole Moments (Debye-Ang^2)
       XXX      -5.4619    XXY      39.7726    XYY       1.3044
       YYY     125.1330    XXZ       0.3092    XYZ       0.1237
       YYZ      -1.4996    XZZ       1.6337    YZZ      55.5725
       ZZZ       2.4321
    Hexadecapole Moments (Debye-Ang^3)
      XXXX    -684.1191   XXXY      33.7442   XXYY    -616.4801
      XYYY      -1.5170   YYYY   -2784.9703   XXXZ      47.6480
      XXYZ     -37.6709   XYYZ      13.2946   YYYZ    -112.9041
      XXZZ    -219.9017   XYZZ      -1.0195   YYZZ    -601.2385
      XZZZ      52.0476   YZZZ     -95.0497   ZZZZ    -556.1610
 -----------------------------------------------------------------
 Total job time:  647.43s(wall), 643.59s(cpu) 
 Sun Jul 10 04:21:23 2022

        *************************************************************
        *                                                           *
        *  Thank you very much for using Q-Chem.  Have a nice day.  *
        *                                                           *
        *************************************************************


remove work dirs ./qchem1936639.0 -- ./qchem1936639.-1
rm -rf ./qchem1936639
