You are running Q-Chem version: 5.4.0

#
# job setting
#
local host:  exp-2-06
current dir: /expanse/lustre/scratch/theleonzhang/temp_project/Hydrogenated_Rotation_Test
input file:  Methylthiophene_Phi_50_Theta_280_Methylthiophene_Hydrogenated.qcin
output file: 
nprocs     : 0
nthreads   : 1
#
# qchem installation setting
#
QC:          /cm/shared/apps/spack/cpu/opt/spack/linux-centos8-zen2/gcc-10.2.0/qchem-5.4-akfmr7b3t57bfs6qan3padb2wnb2i7cl
QCAUX:       /cm/shared/apps/spack/cpu/opt/spack/linux-centos8-zen2/gcc-10.2.0/qchem-5.4-akfmr7b3t57bfs6qan3padb2wnb2i7cl/qcaux
QCPROG:      /cm/shared/apps/spack/cpu/opt/spack/linux-centos8-zen2/gcc-10.2.0/qchem-5.4-akfmr7b3t57bfs6qan3padb2wnb2i7cl/exe/qcprog.exe_s
QCPROG_S:    /cm/shared/apps/spack/cpu/opt/spack/linux-centos8-zen2/gcc-10.2.0/qchem-5.4-akfmr7b3t57bfs6qan3padb2wnb2i7cl/exe/qcprog.exe_s
PARALLEL:    -DSERIAL
QCMPI:       mpich
#
# qchem directory setting
#
qcrun:       qchem1902943
QCSCRATCH:   .
QCLOCALSCR:  
QCTMPDIR:    .
QCFILEPREF:  ./qchem1902943
QCSAVEDIR:   
workdirs:    ./qchem1902943
workdir0:    ./qchem1902943
partmpdirs =  
#
# parallel setting
#
QCRSH:           ssh
QCMPI:           mpich
QCMPIRUN:        /cm/shared/apps/spack/cpu/opt/spack/linux-centos8-zen2/gcc-10.2.0/qchem-5.4-akfmr7b3t57bfs6qan3padb2wnb2i7cl/bin/mpi/mpirun_qchem
QCMACHINEFILE:   ./qchem1902943/hostfile

#
# env setting
#
exported envs:   QC QCAUX QCSCRATCH QCRUNNAME QCFILEPREF QCPROG QCPROG_S GUIFILE

Running Job 1 of 1 Methylthiophene_Phi_50_Theta_280_Methylthiophene_Hydrogenated.qcin
qchem Methylthiophene_Phi_50_Theta_280_Methylthiophene_Hydrogenated.qcin_1902943.0 ./qchem1902943/ 0
/cm/shared/apps/spack/cpu/opt/spack/linux-centos8-zen2/gcc-10.2.0/qchem-5.4-akfmr7b3t57bfs6qan3padb2wnb2i7cl/exe/qcprog.exe_s Methylthiophene_Phi_50_Theta_280_Methylthiophene_Hydrogenated.qcin_1902943.0 ./qchem1902943/
                  Welcome to Q-Chem
     A Quantum Leap Into The Future Of Chemistry


 Q-Chem 5.4, Q-Chem, Inc., Pleasanton, CA (2021)

 License issued to: University of California, San Diego (site)

 E. Epifanovsky,  A. T. B. Gilbert,  Xintian Feng,  Joonho Lee,  Yuezhi Mao,  
 N. Mardirossian,  P. Pokhilko,  A. White,  M. Wormit,  M. P. Coons,  
 A. L. Dempwolff,  Zhengting Gan,  D. Hait,  P. R. Horn,  L. D. Jacobson,  
 I. Kaliman,  J. Kussmann,  A. W. Lange,  Ka Un Lao,  D. S. Levine,  Jie Liu,  
 S. C. McKenzie,  A. F. Morrison,  K. Nanda,  F. Plasser,  D. R. Rehn,  
 M. L. Vidal,  Zhi-Qiang You,  Ying Zhu,  B. Alam,  B. Albrecht,  
 A. Aldossary,  E. Alguire,  J. H. Andersen,  D. Barton,  K. Begam,  A. Behn,  
 Y. A. Bernard,  E. J. Berquist,  H. Burton,  A. Carreras,  K. Carter-Fenk,  
 R. Chakraborty,  A. D. Chien,  K. D. Closser,  V. Cofer-Shabica,  
 S. Dasgupta,  Jia Deng,  M. de Wergifosse,  M. Diedenhofen,  Hainam Do,  
 S. Ehlert,  Po-Tung Fang,  S. Fatehi,  Qingguo Feng,  J. Gayvert,  
 Qinghui Ge,  G. Gidofalvi,  M. Goldey,  J. Gomes,  C. Gonzalez-Espinoza,  
 S. Gulania,  A. Gunina,  M. W. D. Hanson-Heine,  P. H. P. Harbach,  
 A. W. Hauser,  M. F. Herbst,  M. Hernandez Vera,  M. Hodecker,  
 Z. C. Holden,  S. Houck,  Xunkun Huang,  Kerwin Hui,  B. C. Huynh,  
 M. Ivanov,  Hyunjun Ji,  Hanjie Jiang,  B. Kaduk,  S. Kaehler,  
 K. Khistyaev,  Jaehoon Kim,  P. Klunzinger,  Z. Koczor-Benda,  
 Joong Hoon Koh,  D. Kosenkov,  L. Koulias,  T. Kowalczyk,  C. M. Krauter,  
 K. Kue,  A. Kunitsa,  T. Kus,  A. Landau,  K. V. Lawler,  D. Lefrancois,  
 S. Lehtola,  Rain Li,  Yi-Pei Li,  Jiashu Liang,  M. Liebenthal,  
 Hung-Hsuan Lin,  You-Sheng Lin,  Fenglai Liu,  Kuan-Yu Liu,  
 M. Loipersberger,  A. Luenser,  A. Manjanath,  P. Manohar,  E. Mansoor,  
 S. F. Manzer,  Shan-Ping Mao,  A. V. Marenich,  T. Markovich,  S. Mason,  
 S. A. Maurer,  P. F. McLaughlin,  M. F. S. J. Menger,  J.-M. Mewes,  
 S. A. Mewes,  P. Morgante,  J. W. Mullinax,  T. S. Nguyen-Beck,  
 K. J. Oosterbaan,  G. Paran,  Alexander C. Paul,  Suranjan K. Paul,  
 F. Pavosevic,  Zheng Pei,  S. Prager,  E. I. Proynov,  E. Ramos,  B. Rana,  
 A. E. Rask,  A. Rettig,  R. M. Richard,  F. Rob,  E. Rossomme,  T. Scheele,  
 M. Scheurer,  M. Schneider,  N. Sergueev,  S. M. Sharada,  W. Skomorowski,  
 D. W. Small,  C. J. Stein,  Yu-Chuan Su,  E. J. Sundstrom,  Zhen Tao,  
 J. Thirman,  T. Tsuchimochi,  N. M. Tubman,  S. P. Veccham,  O. Vydrov,  
 J. Wenzel,  J. Witte,  A. Yamada,  Kun Yao,  S. Yeganeh,  S. R. Yost,  
 A. Zech,  Igor Ying Zhang,  Xing Zhang,  Yu Zhang,  D. Zuev,  
 A. Aspuru-Guzik,  A. T. Bell,  N. A. Besley,  K. B. Bravaya,  B. R. Brooks,  
 D. Casanova,  Jeng-Da Chai,  S. Coriani,  C. J. Cramer,  
 A. E. DePrince, III,  R. A. DiStasio Jr.,  A. Dreuw,  B. D. Dunietz,  
 T. R. Furlani,  W. A. Goddard III,  S. Grimme,  S. Hammes-Schiffer,  
 T. Head-Gordon,  W. J. Hehre,  Chao-Ping Hsu,  T.-C. Jagau,  Yousung Jung,  
 A. Klamt,  Jing Kong,  D. S. Lambrecht,  WanZhen Liang,  N. J. Mayhall,  
 C. W. McCurdy,  J. B. Neaton,  C. Ochsenfeld,  J. A. Parkhill,  R. Peverati,  
 V. A. Rassolov,  Yihan Shao,  L. V. Slipchenko,  T. Stauch,  R. P. Steele,  
 J. E. Subotnik,  A. J. W. Thom,  A. Tkatchenko,  D. G. Truhlar,  
 T. Van Voorhis,  T. A. Wesolowski,  K. B. Whaley,  H. L. Woodcock III,  
 P. M. Zimmerman,  S. Faraji,  P. M. W. Gill,  M. Head-Gordon,  
 J. M. Herbert,  A. I. Krylov

 Contributors to earlier versions of Q-Chem not listed above: 
 R. D. Adamson,  B. Austin,  R. Baer,  J. Baker,  G. J. O. Beran,  
 K. Brandhorst,  S. T. Brown,  E. F. C. Byrd,  A. K. Chakraborty,  
 G. K. L. Chan,  Chun-Min Chang,  Yunqing Chen,  C.-L. Cheng,  
 Siu Hung Chien,  D. M. Chipman,  D. L. Crittenden,  H. Dachsel,  
 R. J. Doerksen,  A. D. Dutoi,  R. G. Edgar,  J. Fosso-Tande,  
 L. Fusti-Molnar,  D. Ghosh,  A. Ghysels,  A. Golubeva-Zadorozhnaya,  
 J. Gonthier,  M. S. Gordon,  S. R. Gwaltney,  G. Hawkins,  J. E. Herr,  
 A. Heyden,  S. Hirata,  E. G. Hohenstein,  G. Kedziora,  F. J. Keil,  
 C. Kelley,  Jihan Kim,  R. A. King,  R. Z. Khaliullin,  P. P. Korambath,  
 W. Kurlancheek,  A. Laurent,  A. M. Lee,  M. S. Lee,  S. V. Levchenko,  
 Ching Yeh Lin,  D. Liotard,  E. Livshits,  R. C. Lochan,  I. Lotan,  
 L. A. Martinez-Martinez,  P. E. Maslen,  N. Nair,  D. P. O'Neill,  
 D. Neuhauser,  E. Neuscamman,  C. M. Oana,  R. Olivares-Amaya,  R. Olson,  
 T. M. Perrine,  B. Peters,  P. A. Pieniazek,  A. Prociuk,  Y. M. Rhee,  
 J. Ritchie,  M. A. Rohrdanz,  E. Rosta,  N. J. Russ,  H. F. Schaefer III,  
 M. W. Schmidt,  N. E. Schultz,  S. Sharma,  N. Shenvi,  C. D. Sherrill,  
 A. C. Simmonett,  A. Sodt,  T. Stein,  D. Stuck,  K. S. Thanthiriwatte,  
 V. Vanovschi,  L. Vogt,  Tao Wang,  A. Warshel,  M. A. Watson,  
 C. F. Williams,  Q. Wu,  X. Xu,  Jun Yang,  W. Zhang,  Yan Zhao

 Please cite Q-Chem as follows:
 Y. Shao et al., Mol. Phys. 113, 184-215 (2015)
 DOI: 10.1080/00268976.2014.952696

 Q-Chem 5.4.0 for Intel X86 EM64T Linux

 Parts of Q-Chem use Armadillo 9.800.1 (Horizon Scraper).
 http://arma.sourceforge.net/

 Q-Chem begins on Sun Jul 10 04:47:27 2022  

 Host: 
0

     Scratch files written to ./qchem1902943//
 May1621 |scratch|qcdevops|jenkins|workspace|build_RNUM    
 Processing $rem in /cm/shared/apps/spack/cpu/opt/spack/linux-centos8-zen2/gcc-10.2.0/qchem-5.4-akfmr7b3t57bfs6qan3padb2wnb2i7cl/config/preferences:
 Processing $rem in /home/theleonzhang/.qchemrc:
 Symmetry turned off for PCM/SM12/SMD calculation
 Core orbitals will be frozen

 Checking the input file for inconsistencies... 	...done.

--------------------------------------------------------------
User input:
--------------------------------------------------------------
$molecule
0 1
C	0.763228	-3.866725	0.135301
C	-0.603311	-3.703963	-0.106073
C	-1.050423	-2.357056	-0.185286
H	-1.283188	-4.561092	-0.225783
C	0.000000	-1.440664	0.000000
S	1.521021	-2.286957	0.268187
C	-2.483507	-1.978743	-0.438209
H	-3.118798	-2.878678	-0.550153
H	-2.593381	-1.376015	-1.363906
H	-2.903516	-1.375728	0.393798
C	0.000000	0.000000	0.000000
C	0.661577	0.555087	1.099446
C	1.721724	1.444630	0.776721
H	0.379056	0.318032	2.136088
C	1.890772	1.586449	-0.612546
S	0.721935	0.605744	-1.486809
C	2.555004	2.143805	1.814609
H	2.228946	1.870211	2.836676
H	2.482605	3.247987	1.726239
H	3.629830	1.880735	1.726228
H	2.617927	2.196579	-1.161575
H	1.258111	-4.392713	-0.688674
H	0.946272	-4.392347	1.079084
H	-0.187654	-1.440391	1.063572
$end

$rem
JOBTYPE		SP
EXCHANGE	HF
CORRELATION	pRIMP2
BASIS		cc-pvtz
METHOD		rimp2
AUX_BASIS	rimp2-cc-pvtz
SOLVENT_METHOD	PCM
PURECART	11111
SYMMETRY	false
MEM_TOTAL	110000
SCF_CONVERGENCE = 6
THRESH=10
$end



$solvent
dielectric 4.90
$end
--------------------------------------------------------------
 ----------------------------------------------------------------
             Standard Nuclear Orientation (Angstroms)
    I     Atom           X                Y                Z
 ----------------------------------------------------------------
    1      C       0.7632280000    -3.8667250000     0.1353010000
    2      C      -0.6033110000    -3.7039630000    -0.1060730000
    3      C      -1.0504230000    -2.3570560000    -0.1852860000
    4      H      -1.2831880000    -4.5610920000    -0.2257830000
    5      C       0.0000000000    -1.4406640000     0.0000000000
    6      S       1.5210210000    -2.2869570000     0.2681870000
    7      C      -2.4835070000    -1.9787430000    -0.4382090000
    8      H      -3.1187980000    -2.8786780000    -0.5501530000
    9      H      -2.5933810000    -1.3760150000    -1.3639060000
   10      H      -2.9035160000    -1.3757280000     0.3937980000
   11      C       0.0000000000     0.0000000000     0.0000000000
   12      C       0.6615770000     0.5550870000     1.0994460000
   13      C       1.7217240000     1.4446300000     0.7767210000
   14      H       0.3790560000     0.3180320000     2.1360880000
   15      C       1.8907720000     1.5864490000    -0.6125460000
   16      S       0.7219350000     0.6057440000    -1.4868090000
   17      C       2.5550040000     2.1438050000     1.8146090000
   18      H       2.2289460000     1.8702110000     2.8366760000
   19      H       2.4826050000     3.2479870000     1.7262390000
   20      H       3.6298300000     1.8807350000     1.7262280000
   21      H       2.6179270000     2.1965790000    -1.1615750000
   22      H       1.2581110000    -4.3927130000    -0.6886740000
   23      H       0.9462720000    -4.3923470000     1.0790840000
   24      H      -0.1876540000    -1.4403910000     1.0635720000
 ----------------------------------------------------------------
 Nuclear Repulsion Energy =         892.31707485 hartrees
 There are       52 alpha and       52 beta electrons

 Q-Chem warning in module forms1/BasisType.C, line 2236:

 You are not using the predefined 5D/6D in this basis set.

 Requested basis set is cc-pVTZ
 There are 196 shells and 536 basis functions

 Total QAlloc Memory Limit 110000 MB
 Mega-Array Size       188 MB
 MEM_STATIC part       192 MB
 Discretize the solute cavity surface with Lebedev spheres
	Using 110 Lebedev grid points for each H atom
	Using 194 Lebedev grid points for other atoms
	Atomic van der Waals radii will be scaled by 1.20
 Remove points where switching function is < 1.0e-08
 Keep 1599 surface tesserae and discard 2049 interior tesserae
 Molecular Surface Area = 234.129 Angst**2
 Requested basis set is rimp2-cc-pVTZ
 There are 414 shells and 1414 basis functions
 A cutoff of  1.0D-10 yielded  14271 shell pairs
 There are    103489 function pairs (    132767 Cartesian)
 Smallest overlap matrix eigenvalue = 6.82E-05

 Scale SEOQF with 1.000000e-01/1.000000e-01/1.000000e-01

 Standard Electronic Orientation quadrupole field applied
 Nucleus-field energy     =     0.0000000327 hartrees
 Guess from superposition of atomic densities
 Warning:  Energy on first SCF cycle will be non-variational
 SAD guess density has 104.000000 electrons

 -----------------------------------------------------------------------
  General SCF calculation program by
  Eric Jon Sundstrom, Paul Horn, Yuezhi Mao, Dmitri Zuev, Alec White,
  David Stuck, Shaama M.S., Shane Yost, Joonho Lee, David Small,
  Daniel Levine, Susi Lehtola, Hugh Burton, Evgeny Epifanovsky,
  Bang C. Huynh
 -----------------------------------------------------------------------
 Hartree-Fock
 A restricted SCF calculation will be
 performed using DIIS
 SCF converges when DIIS error is below 1.0e-06
 ---------------------------------------
  Cycle       Energy         DIIS error
 ---------------------------------------
    1   -1186.1050689497      2.40e-02  
    2   -1180.5759462837      1.52e-03  
    3   -1180.7006100389      5.16e-04  
    4   -1180.7132866148      2.65e-04  
    5   -1180.7165516542      5.47e-05  
    6   -1180.7167843571      2.36e-05  
    7   -1180.7168490936      1.10e-05  
    8   -1180.7168693128      5.13e-06  
    9   -1180.7168749520      2.12e-06  
   10   -1180.7168759366      7.12e-07  Convergence criterion met
 ---------------------------------------
 SCF time:   CPU 583.02s  wall 585.00s 

************** Final PCM Free Energy Summary **************
 G_electrostatic  =      -0.00984154 hartree =      -6.17565899 kcal/mol
 G_cavitation     =       0.00000000 hartree =       0.00000000 kcal/mol
 G_dispersion     =       0.00000000 hartree =       0.00000000 kcal/mol
 G_repulsion      =       0.00000000 hartree =       0.00000000 kcal/mol
 --------------------------------------------------
 Non-electrostatic Free Energy =       0.00000000 hartree =       0.00000000 kcal/mol
 Total                         =      -0.00984154 hartree =      -6.17565899 kcal/mol
 --------------------------------------------------
 SCF Energy (H0 + V/2)                       =   -1180.71687594 
 Solute Internal Energy (H0)                 =   -1180.70703440 
 Total Free Energy (H0 + V/2 + non-elec)     =   -1180.71687594 hartree
                                             = -740911.02221978 kcal/mol
***********************************************************

 SCF   energy in the final basis set =    -1180.7168759366
 Total energy in the final basis set =    -1180.7168759366


 --------------------------------------------------------------
  Generalized many-body perturbation theory program
  by Joonho Lee, Fazle Rob, Xintian Feng, Evgeny Epifanovsky

 No regularization used 
 (reg. param. = 0.0000e+00)
  (P|Q)^-1/2 Time:  CPU 1.90 s  wall 1.90 s

 In RI-MP2 calculation: 
 # of frozen core orbitals: 20

 Components of the RIMP2 correlation energy:
        aaaa    correlation energy =        -0.2533346955 a.u.
        abab    correlation energy =        -1.5093302759 a.u.
        bbbb    correlation energy =        -0.2533346955 a.u.
        non-Brillouin singles      =        -0.0000000000 a.u.
        total same-spin energy     =        -0.5066693910 a.u.
        total opposite-spin energy =        -1.5093302759 a.u.

 Total  RIMP2   correlation energy =        -2.0159996669 a.u.
        RIMP2         total energy =     -1182.7328756035 a.u.

 RI-MP2 Energy Time:  CPU 79.99 s  wall 80.25 s
 
 --------------------------------------------------------------
 
                    Orbital Energies (a.u.)
 --------------------------------------------------------------
 
 Alpha MOs
 -- Occupied --
-91.9771 -91.9366 -11.2820 -11.2599 -11.2569 -11.2557 -11.2524 -11.2499
-11.2375 -11.2302 -11.2293 -11.2131  -8.9779  -8.9415  -6.6587  -6.6579
 -6.6576  -6.6228  -6.6218  -6.6206  -1.2017  -1.1538  -1.0576  -1.0245
 -1.0064  -0.9574  -0.9099  -0.9020  -0.8116  -0.7603  -0.7416  -0.6961
 -0.6573  -0.6376  -0.6121  -0.5904  -0.5799  -0.5733  -0.5646  -0.5492
 -0.5392  -0.5338  -0.5077  -0.5063  -0.4921  -0.4659  -0.4543  -0.4463
 -0.3590  -0.3335  -0.3139  -0.2775
 -- Virtual --
  0.0637   0.1348   0.1398   0.1544   0.1591   0.1696   0.1761   0.1816
  0.1874   0.2000   0.2070   0.2142   0.2252   0.2310   0.2357   0.2459
  0.2470   0.2589   0.2687   0.2995   0.3084   0.3146   0.3399   0.3511
  0.3609   0.3744   0.3790   0.3822   0.3950   0.4029   0.4119   0.4239
  0.4270   0.4359   0.4475   0.4568   0.4701   0.4793   0.4851   0.4907
  0.4948   0.5062   0.5112   0.5253   0.5330   0.5413   0.5523   0.5611
  0.5681   0.5697   0.5876   0.5935   0.6031   0.6110   0.6172   0.6233
  0.6265   0.6285   0.6333   0.6401   0.6422   0.6468   0.6562   0.6582
  0.6657   0.6771   0.6822   0.6877   0.6947   0.7060   0.7175   0.7291
  0.7354   0.7522   0.7565   0.7687   0.7827   0.7867   0.8070   0.8199
  0.8329   0.8396   0.8509   0.8614   0.8684   0.8996   0.9081   0.9192
  0.9242   0.9413   0.9502   0.9626   0.9776   0.9879   0.9899   1.0178
  1.0226   1.0329   1.0437   1.0552   1.0619   1.0696   1.0833   1.0864
  1.0922   1.1012   1.1127   1.1360   1.1430   1.1497   1.1629   1.1675
  1.1769   1.1831   1.1918   1.2108   1.2214   1.2266   1.2418   1.2527
  1.2562   1.2619   1.2680   1.2799   1.2835   1.2880   1.2969   1.3049
  1.3265   1.3403   1.3481   1.3657   1.3823   1.3878   1.4108   1.4130
  1.4191   1.4318   1.4463   1.4497   1.4602   1.4766   1.4860   1.5007
  1.5052   1.5167   1.5228   1.5359   1.5433   1.5467   1.5519   1.5556
  1.5672   1.5759   1.5833   1.5897   1.6059   1.6172   1.6288   1.6319
  1.6421   1.6538   1.6721   1.6887   1.7047   1.7109   1.7237   1.7366
  1.7439   1.7569   1.7759   1.7790   1.8022   1.8366   1.8441   1.8611
  1.8750   1.9043   1.9457   1.9609   1.9660   1.9706   1.9980   2.0044
  2.0272   2.0342   2.0421   2.0788   2.0914   2.0934   2.1093   2.1579
  2.1741   2.1954   2.1974   2.2176   2.2296   2.2441   2.2588   2.2754
  2.2843   2.3385   2.3506   2.3577   2.3932   2.4340   2.4666   2.4821
  2.4903   2.5273   2.5287   2.5428   2.5814   2.6035   2.6092   2.6183
  2.6393   2.6489   2.6627   2.6762   2.6885   2.6933   2.7106   2.7336
  2.7430   2.7541   2.7752   2.7809   2.7882   2.8039   2.8078   2.8220
  2.8448   2.8510   2.8667   2.8812   2.8869   2.9054   2.9202   2.9405
  2.9469   2.9657   2.9825   2.9890   2.9995   3.0188   3.0312   3.0479
  3.0521   3.0714   3.1085   3.1101   3.1141   3.1230   3.1372   3.1456
  3.1547   3.1659   3.1682   3.1757   3.1900   3.1958   3.2079   3.2240
  3.2335   3.2442   3.2463   3.2502   3.2641   3.2751   3.2893   3.2982
  3.3111   3.3285   3.3329   3.3384   3.3446   3.3509   3.3627   3.3662
  3.3686   3.3762   3.3883   3.3966   3.4058   3.4099   3.4253   3.4307
  3.4433   3.4506   3.4589   3.4626   3.4891   3.4957   3.5088   3.5107
  3.5185   3.5339   3.5385   3.5518   3.5525   3.5638   3.5763   3.5787
  3.5926   3.6076   3.6279   3.6314   3.6434   3.6515   3.6579   3.6715
  3.6822   3.6908   3.7028   3.7119   3.7194   3.7291   3.7348   3.7431
  3.7494   3.7586   3.7649   3.7809   3.7915   3.8043   3.8129   3.8218
  3.8262   3.8449   3.8536   3.8745   3.8841   3.8930   3.9077   3.9190
  3.9412   3.9577   3.9617   3.9703   3.9786   3.9916   4.0139   4.0202
  4.0277   4.0404   4.0514   4.0610   4.0770   4.0901   4.1080   4.1165
  4.1211   4.1341   4.1464   4.1608   4.1716   4.1815   4.1906   4.2082
  4.2122   4.2257   4.2335   4.2533   4.2597   4.2631   4.2728   4.2818
  4.2904   4.3010   4.3210   4.3375   4.3445   4.3595   4.3656   4.3727
  4.3825   4.3944   4.4010   4.4070   4.4114   4.4246   4.4294   4.4465
  4.4612   4.4659   4.4774   4.4887   4.5107   4.5251   4.5333   4.5630
  4.5821   4.5965   4.6169   4.6218   4.6356   4.6528   4.6778   4.6804
  4.6844   4.7232   4.7342   4.7564   4.7813   4.8259   4.8355   4.8607
  4.8683   4.8830   4.8950   4.9140   4.9315   4.9608   4.9624   4.9870
  5.0241   5.0494   5.0875   5.1110   5.1220   5.1276   5.1433   5.1639
  5.1767   5.2148   5.2237   5.2731   5.2855   5.3050   5.3056   5.3165
  5.3372   5.3656   5.3899   5.3985   5.4052   5.4249   5.4437   5.4601
  5.4777   5.5054   5.5248   5.5432   5.5500   5.5591   5.5685   5.5929
  5.6290   5.6348   5.6399   5.6765   5.6847   5.7068   5.7157   5.7352
  5.7612   5.7914   5.8125   5.9665   6.0099   6.0264   6.0995   6.1329
  6.2045   6.2165   6.2241   6.2303   6.2457   6.2746   6.2895   6.3239
  6.3927   6.4137   9.4753  10.5233  12.5672  12.8272  13.1615  13.8832
 14.1220  14.2444  14.2696  14.6272
 --------------------------------------------------------------
 
          Ground-State Mulliken Net Atomic Charges

     Atom                 Charge (a.u.)
  ----------------------------------------
      1 C                    -0.079191
      2 C                    -0.327468
      3 C                    -0.055764
      4 H                     0.173451
      5 C                     0.066570
      6 S                    -0.183108
      7 C                    -0.273787
      8 H                     0.112566
      9 H                     0.105500
     10 H                     0.101298
     11 C                    -0.098855
     12 C                    -0.210598
     13 C                     0.029134
     14 H                     0.183990
     15 C                    -0.189241
     16 S                     0.012487
     17 C                    -0.266360
     18 H                     0.102513
     19 H                     0.107807
     20 H                     0.107896
     21 H                     0.199846
     22 H                     0.110791
     23 H                     0.106777
     24 H                     0.163743
  ----------------------------------------
  Sum of atomic charges =     0.000000

 -----------------------------------------------------------------
                    Cartesian Multipole Moments
 -----------------------------------------------------------------
    Charge (ESU x 10^10)
                -0.0000
    Dipole Moment (Debye)
         X      -0.3165      Y       0.9291      Z       1.9988
       Tot       2.2267
    Quadrupole Moments (Debye-Ang)
        XX     -84.7741     XY       9.7663     YY     -81.2830
        XZ       0.9652     YZ       0.0102     ZZ     -85.4915
    Octopole Moments (Debye-Ang^2)
       XXX    -149.5318    XXY      85.6241    XYY     -40.1420
       YYY     184.5717    XXZ      -5.0550    XYZ      -3.2322
       YYZ      -0.2643    XZZ     -45.8538    YZZ      78.2978
       ZZZ       5.6915
    Hexadecapole Moments (Debye-Ang^3)
      XXXX   -1234.7214   XXXY    -174.1529   XXYY    -587.4087
      XYYY    -223.9469   YYYY   -2333.1285   XXXZ    -124.7836
      XXYZ     -21.7380   XYYZ     -39.9430   YYYZ     -68.4907
      XXZZ    -299.2005   XYZZ     -69.4977   YYZZ    -520.0985
      XZZZ    -123.9061   YZZZ     -60.7166   ZZZZ    -552.5389
 -----------------------------------------------------------------
 Total job time:  666.68s(wall), 663.91s(cpu) 
 Sun Jul 10 04:58:34 2022

        *************************************************************
        *                                                           *
        *  Thank you very much for using Q-Chem.  Have a nice day.  *
        *                                                           *
        *************************************************************


remove work dirs ./qchem1902943.0 -- ./qchem1902943.-1
rm -rf ./qchem1902943
