You are running Q-Chem version: 5.4.0

#
# job setting
#
local host:  exp-1-44
current dir: /expanse/lustre/scratch/theleonzhang/temp_project/Hydrogenated_Rotation_Test
input file:  Methylthiophene_Phi_10_Theta_300_Methylthiophene_Hydrogenated.qcin
output file: 
nprocs     : 0
nthreads   : 1
#
# qchem installation setting
#
QC:          /cm/shared/apps/spack/cpu/opt/spack/linux-centos8-zen2/gcc-10.2.0/qchem-5.4-akfmr7b3t57bfs6qan3padb2wnb2i7cl
QCAUX:       /cm/shared/apps/spack/cpu/opt/spack/linux-centos8-zen2/gcc-10.2.0/qchem-5.4-akfmr7b3t57bfs6qan3padb2wnb2i7cl/qcaux
QCPROG:      /cm/shared/apps/spack/cpu/opt/spack/linux-centos8-zen2/gcc-10.2.0/qchem-5.4-akfmr7b3t57bfs6qan3padb2wnb2i7cl/exe/qcprog.exe_s
QCPROG_S:    /cm/shared/apps/spack/cpu/opt/spack/linux-centos8-zen2/gcc-10.2.0/qchem-5.4-akfmr7b3t57bfs6qan3padb2wnb2i7cl/exe/qcprog.exe_s
PARALLEL:    -DSERIAL
QCMPI:       mpich
#
# qchem directory setting
#
qcrun:       qchem1739426
QCSCRATCH:   .
QCLOCALSCR:  
QCTMPDIR:    .
QCFILEPREF:  ./qchem1739426
QCSAVEDIR:   
workdirs:    ./qchem1739426
workdir0:    ./qchem1739426
partmpdirs =  
#
# parallel setting
#
QCRSH:           ssh
QCMPI:           mpich
QCMPIRUN:        /cm/shared/apps/spack/cpu/opt/spack/linux-centos8-zen2/gcc-10.2.0/qchem-5.4-akfmr7b3t57bfs6qan3padb2wnb2i7cl/bin/mpi/mpirun_qchem
QCMACHINEFILE:   ./qchem1739426/hostfile

#
# env setting
#
exported envs:   QC QCAUX QCSCRATCH QCRUNNAME QCFILEPREF QCPROG QCPROG_S GUIFILE

Running Job 1 of 1 Methylthiophene_Phi_10_Theta_300_Methylthiophene_Hydrogenated.qcin
qchem Methylthiophene_Phi_10_Theta_300_Methylthiophene_Hydrogenated.qcin_1739426.0 ./qchem1739426/ 0
/cm/shared/apps/spack/cpu/opt/spack/linux-centos8-zen2/gcc-10.2.0/qchem-5.4-akfmr7b3t57bfs6qan3padb2wnb2i7cl/exe/qcprog.exe_s Methylthiophene_Phi_10_Theta_300_Methylthiophene_Hydrogenated.qcin_1739426.0 ./qchem1739426/
                  Welcome to Q-Chem
     A Quantum Leap Into The Future Of Chemistry


 Q-Chem 5.4, Q-Chem, Inc., Pleasanton, CA (2021)

 License issued to: University of California, San Diego (site)

 E. Epifanovsky,  A. T. B. Gilbert,  Xintian Feng,  Joonho Lee,  Yuezhi Mao,  
 N. Mardirossian,  P. Pokhilko,  A. White,  M. Wormit,  M. P. Coons,  
 A. L. Dempwolff,  Zhengting Gan,  D. Hait,  P. R. Horn,  L. D. Jacobson,  
 I. Kaliman,  J. Kussmann,  A. W. Lange,  Ka Un Lao,  D. S. Levine,  Jie Liu,  
 S. C. McKenzie,  A. F. Morrison,  K. Nanda,  F. Plasser,  D. R. Rehn,  
 M. L. Vidal,  Zhi-Qiang You,  Ying Zhu,  B. Alam,  B. Albrecht,  
 A. Aldossary,  E. Alguire,  J. H. Andersen,  D. Barton,  K. Begam,  A. Behn,  
 Y. A. Bernard,  E. J. Berquist,  H. Burton,  A. Carreras,  K. Carter-Fenk,  
 R. Chakraborty,  A. D. Chien,  K. D. Closser,  V. Cofer-Shabica,  
 S. Dasgupta,  Jia Deng,  M. de Wergifosse,  M. Diedenhofen,  Hainam Do,  
 S. Ehlert,  Po-Tung Fang,  S. Fatehi,  Qingguo Feng,  J. Gayvert,  
 Qinghui Ge,  G. Gidofalvi,  M. Goldey,  J. Gomes,  C. Gonzalez-Espinoza,  
 S. Gulania,  A. Gunina,  M. W. D. Hanson-Heine,  P. H. P. Harbach,  
 A. W. Hauser,  M. F. Herbst,  M. Hernandez Vera,  M. Hodecker,  
 Z. C. Holden,  S. Houck,  Xunkun Huang,  Kerwin Hui,  B. C. Huynh,  
 M. Ivanov,  Hyunjun Ji,  Hanjie Jiang,  B. Kaduk,  S. Kaehler,  
 K. Khistyaev,  Jaehoon Kim,  P. Klunzinger,  Z. Koczor-Benda,  
 Joong Hoon Koh,  D. Kosenkov,  L. Koulias,  T. Kowalczyk,  C. M. Krauter,  
 K. Kue,  A. Kunitsa,  T. Kus,  A. Landau,  K. V. Lawler,  D. Lefrancois,  
 S. Lehtola,  Rain Li,  Yi-Pei Li,  Jiashu Liang,  M. Liebenthal,  
 Hung-Hsuan Lin,  You-Sheng Lin,  Fenglai Liu,  Kuan-Yu Liu,  
 M. Loipersberger,  A. Luenser,  A. Manjanath,  P. Manohar,  E. Mansoor,  
 S. F. Manzer,  Shan-Ping Mao,  A. V. Marenich,  T. Markovich,  S. Mason,  
 S. A. Maurer,  P. F. McLaughlin,  M. F. S. J. Menger,  J.-M. Mewes,  
 S. A. Mewes,  P. Morgante,  J. W. Mullinax,  T. S. Nguyen-Beck,  
 K. J. Oosterbaan,  G. Paran,  Alexander C. Paul,  Suranjan K. Paul,  
 F. Pavosevic,  Zheng Pei,  S. Prager,  E. I. Proynov,  E. Ramos,  B. Rana,  
 A. E. Rask,  A. Rettig,  R. M. Richard,  F. Rob,  E. Rossomme,  T. Scheele,  
 M. Scheurer,  M. Schneider,  N. Sergueev,  S. M. Sharada,  W. Skomorowski,  
 D. W. Small,  C. J. Stein,  Yu-Chuan Su,  E. J. Sundstrom,  Zhen Tao,  
 J. Thirman,  T. Tsuchimochi,  N. M. Tubman,  S. P. Veccham,  O. Vydrov,  
 J. Wenzel,  J. Witte,  A. Yamada,  Kun Yao,  S. Yeganeh,  S. R. Yost,  
 A. Zech,  Igor Ying Zhang,  Xing Zhang,  Yu Zhang,  D. Zuev,  
 A. Aspuru-Guzik,  A. T. Bell,  N. A. Besley,  K. B. Bravaya,  B. R. Brooks,  
 D. Casanova,  Jeng-Da Chai,  S. Coriani,  C. J. Cramer,  
 A. E. DePrince, III,  R. A. DiStasio Jr.,  A. Dreuw,  B. D. Dunietz,  
 T. R. Furlani,  W. A. Goddard III,  S. Grimme,  S. Hammes-Schiffer,  
 T. Head-Gordon,  W. J. Hehre,  Chao-Ping Hsu,  T.-C. Jagau,  Yousung Jung,  
 A. Klamt,  Jing Kong,  D. S. Lambrecht,  WanZhen Liang,  N. J. Mayhall,  
 C. W. McCurdy,  J. B. Neaton,  C. Ochsenfeld,  J. A. Parkhill,  R. Peverati,  
 V. A. Rassolov,  Yihan Shao,  L. V. Slipchenko,  T. Stauch,  R. P. Steele,  
 J. E. Subotnik,  A. J. W. Thom,  A. Tkatchenko,  D. G. Truhlar,  
 T. Van Voorhis,  T. A. Wesolowski,  K. B. Whaley,  H. L. Woodcock III,  
 P. M. Zimmerman,  S. Faraji,  P. M. W. Gill,  M. Head-Gordon,  
 J. M. Herbert,  A. I. Krylov

 Contributors to earlier versions of Q-Chem not listed above: 
 R. D. Adamson,  B. Austin,  R. Baer,  J. Baker,  G. J. O. Beran,  
 K. Brandhorst,  S. T. Brown,  E. F. C. Byrd,  A. K. Chakraborty,  
 G. K. L. Chan,  Chun-Min Chang,  Yunqing Chen,  C.-L. Cheng,  
 Siu Hung Chien,  D. M. Chipman,  D. L. Crittenden,  H. Dachsel,  
 R. J. Doerksen,  A. D. Dutoi,  R. G. Edgar,  J. Fosso-Tande,  
 L. Fusti-Molnar,  D. Ghosh,  A. Ghysels,  A. Golubeva-Zadorozhnaya,  
 J. Gonthier,  M. S. Gordon,  S. R. Gwaltney,  G. Hawkins,  J. E. Herr,  
 A. Heyden,  S. Hirata,  E. G. Hohenstein,  G. Kedziora,  F. J. Keil,  
 C. Kelley,  Jihan Kim,  R. A. King,  R. Z. Khaliullin,  P. P. Korambath,  
 W. Kurlancheek,  A. Laurent,  A. M. Lee,  M. S. Lee,  S. V. Levchenko,  
 Ching Yeh Lin,  D. Liotard,  E. Livshits,  R. C. Lochan,  I. Lotan,  
 L. A. Martinez-Martinez,  P. E. Maslen,  N. Nair,  D. P. O'Neill,  
 D. Neuhauser,  E. Neuscamman,  C. M. Oana,  R. Olivares-Amaya,  R. Olson,  
 T. M. Perrine,  B. Peters,  P. A. Pieniazek,  A. Prociuk,  Y. M. Rhee,  
 J. Ritchie,  M. A. Rohrdanz,  E. Rosta,  N. J. Russ,  H. F. Schaefer III,  
 M. W. Schmidt,  N. E. Schultz,  S. Sharma,  N. Shenvi,  C. D. Sherrill,  
 A. C. Simmonett,  A. Sodt,  T. Stein,  D. Stuck,  K. S. Thanthiriwatte,  
 V. Vanovschi,  L. Vogt,  Tao Wang,  A. Warshel,  M. A. Watson,  
 C. F. Williams,  Q. Wu,  X. Xu,  Jun Yang,  W. Zhang,  Yan Zhao

 Please cite Q-Chem as follows:
 Y. Shao et al., Mol. Phys. 113, 184-215 (2015)
 DOI: 10.1080/00268976.2014.952696

 Q-Chem 5.4.0 for Intel X86 EM64T Linux

 Parts of Q-Chem use Armadillo 9.800.1 (Horizon Scraper).
 http://arma.sourceforge.net/

 Q-Chem begins on Sun Jul 10 04:27:51 2022  

 Host: 
0

     Scratch files written to ./qchem1739426//
 May1621 |scratch|qcdevops|jenkins|workspace|build_RNUM    
 Processing $rem in /cm/shared/apps/spack/cpu/opt/spack/linux-centos8-zen2/gcc-10.2.0/qchem-5.4-akfmr7b3t57bfs6qan3padb2wnb2i7cl/config/preferences:
 Processing $rem in /home/theleonzhang/.qchemrc:
 Symmetry turned off for PCM/SM12/SMD calculation
 Core orbitals will be frozen

 Checking the input file for inconsistencies... 	...done.

--------------------------------------------------------------
User input:
--------------------------------------------------------------
$molecule
0 1
C	0.670924	-3.866725	0.388181
C	-0.530648	-3.703963	-0.306020
C	-0.923703	-2.357056	-0.533378
H	-1.128579	-4.561092	-0.651043
C	-0.000000	-1.440664	-0.000000
S	1.337567	-2.286957	0.772234
C	-2.183857	-1.978743	-1.261192
H	-2.742548	-2.878678	-1.583666
H	-1.970497	-1.376015	-2.168641
H	-2.863099	-1.375728	-0.623012
C	0.000000	0.000000	0.000000
C	0.149995	0.850475	1.099446
C	0.390327	2.213354	0.776721
H	0.085947	0.487279	2.136088
C	0.428665	2.430655	-0.612546
S	0.163670	0.928078	-1.486809
C	0.579235	3.284574	1.814609
H	0.505323	2.865404	2.836676
H	-0.185980	4.083890	1.726239
H	1.571698	3.773937	1.726228
H	0.593515	3.365448	-1.161575
H	1.417779	-4.392713	-0.216843
H	0.520136	-4.392347	1.337652
H	-0.540100	-1.440391	0.935250
$end

$rem
JOBTYPE		SP
EXCHANGE	HF
CORRELATION	pRIMP2
BASIS		cc-pvtz
METHOD		rimp2
AUX_BASIS	rimp2-cc-pvtz
SOLVENT_METHOD	PCM
PURECART	11111
SYMMETRY	false
MEM_TOTAL	110000
SCF_CONVERGENCE = 6
THRESH=10
$end



$solvent
dielectric 4.90
$end
--------------------------------------------------------------
 ----------------------------------------------------------------
             Standard Nuclear Orientation (Angstroms)
    I     Atom           X                Y                Z
 ----------------------------------------------------------------
    1      C       0.6709240000    -3.8667250000     0.3881810000
    2      C      -0.5306480000    -3.7039630000    -0.3060200000
    3      C      -0.9237030000    -2.3570560000    -0.5333780000
    4      H      -1.1285790000    -4.5610920000    -0.6510430000
    5      C       0.0000000000    -1.4406640000     0.0000000000
    6      S       1.3375670000    -2.2869570000     0.7722340000
    7      C      -2.1838570000    -1.9787430000    -1.2611920000
    8      H      -2.7425480000    -2.8786780000    -1.5836660000
    9      H      -1.9704970000    -1.3760150000    -2.1686410000
   10      H      -2.8630990000    -1.3757280000    -0.6230120000
   11      C       0.0000000000     0.0000000000     0.0000000000
   12      C       0.1499950000     0.8504750000     1.0994460000
   13      C       0.3903270000     2.2133540000     0.7767210000
   14      H       0.0859470000     0.4872790000     2.1360880000
   15      C       0.4286650000     2.4306550000    -0.6125460000
   16      S       0.1636700000     0.9280780000    -1.4868090000
   17      C       0.5792350000     3.2845740000     1.8146090000
   18      H       0.5053230000     2.8654040000     2.8366760000
   19      H      -0.1859800000     4.0838900000     1.7262390000
   20      H       1.5716980000     3.7739370000     1.7262280000
   21      H       0.5935150000     3.3654480000    -1.1615750000
   22      H       1.4177790000    -4.3927130000    -0.2168430000
   23      H       0.5201360000    -4.3923470000     1.3376520000
   24      H      -0.5401000000    -1.4403910000     0.9352500000
 ----------------------------------------------------------------
 Nuclear Repulsion Energy =         872.72570748 hartrees
 There are       52 alpha and       52 beta electrons

 Q-Chem warning in module forms1/BasisType.C, line 2236:

 You are not using the predefined 5D/6D in this basis set.

 Requested basis set is cc-pVTZ
 There are 196 shells and 536 basis functions

 Total QAlloc Memory Limit 110000 MB
 Mega-Array Size       188 MB
 MEM_STATIC part       192 MB
 Discretize the solute cavity surface with Lebedev spheres
	Using 110 Lebedev grid points for each H atom
	Using 194 Lebedev grid points for other atoms
	Atomic van der Waals radii will be scaled by 1.20
 Remove points where switching function is < 1.0e-08
 Keep 1615 surface tesserae and discard 2033 interior tesserae
 Molecular Surface Area = 237.341 Angst**2
 Requested basis set is rimp2-cc-pVTZ
 There are 414 shells and 1414 basis functions
 A cutoff of  1.0D-10 yielded  13857 shell pairs
 There are    100381 function pairs (    128756 Cartesian)
 Smallest overlap matrix eigenvalue = 6.77E-05

 Scale SEOQF with 1.000000e-01/1.000000e-01/1.000000e-01

 Standard Electronic Orientation quadrupole field applied
 Nucleus-field energy     =     0.0000000331 hartrees
 Guess from superposition of atomic densities
 Warning:  Energy on first SCF cycle will be non-variational
 SAD guess density has 104.000000 electrons

 -----------------------------------------------------------------------
  General SCF calculation program by
  Eric Jon Sundstrom, Paul Horn, Yuezhi Mao, Dmitri Zuev, Alec White,
  David Stuck, Shaama M.S., Shane Yost, Joonho Lee, David Small,
  Daniel Levine, Susi Lehtola, Hugh Burton, Evgeny Epifanovsky,
  Bang C. Huynh
 -----------------------------------------------------------------------
 Hartree-Fock
 A restricted SCF calculation will be
 performed using DIIS
 SCF converges when DIIS error is below 1.0e-06
 ---------------------------------------
  Cycle       Energy         DIIS error
 ---------------------------------------
    1   -1186.0190149289      2.39e-02  
    2   -1180.6191784868      1.55e-03  
    3   -1180.7427761476      5.97e-04  
    4   -1180.7565376367      3.35e-04  
    5   -1180.7615818392      5.81e-05  
    6   -1180.7618204611      2.41e-05  
    7   -1180.7618780165      8.83e-06  
    8   -1180.7618916334      4.31e-06  
    9   -1180.7618947600      1.49e-06  
   10   -1180.7618952390      5.06e-07  Convergence criterion met
 ---------------------------------------
 SCF time:   CPU 557.81s  wall 562.00s 

************** Final PCM Free Energy Summary **************
 G_electrostatic  =      -0.00889395 hartree =      -5.58103583 kcal/mol
 G_cavitation     =       0.00000000 hartree =       0.00000000 kcal/mol
 G_dispersion     =       0.00000000 hartree =       0.00000000 kcal/mol
 G_repulsion      =       0.00000000 hartree =       0.00000000 kcal/mol
 --------------------------------------------------
 Non-electrostatic Free Energy =       0.00000000 hartree =       0.00000000 kcal/mol
 Total                         =      -0.00889395 hartree =      -5.58103583 kcal/mol
 --------------------------------------------------
 SCF Energy (H0 + V/2)                       =   -1180.76189524 
 Solute Internal Energy (H0)                 =   -1180.75300129 
 Total Free Energy (H0 + V/2 + non-elec)     =   -1180.76189524 hartree
                                             = -740939.27225835 kcal/mol
***********************************************************

 SCF   energy in the final basis set =    -1180.7618952390
 Total energy in the final basis set =    -1180.7618952390


 --------------------------------------------------------------
  Generalized many-body perturbation theory program
  by Joonho Lee, Fazle Rob, Xintian Feng, Evgeny Epifanovsky

 No regularization used 
 (reg. param. = 0.0000e+00)
  (P|Q)^-1/2 Time:  CPU 1.90 s  wall 1.91 s

 In RI-MP2 calculation: 
 # of frozen core orbitals: 20

 Components of the RIMP2 correlation energy:
        aaaa    correlation energy =        -0.2512316086 a.u.
        abab    correlation energy =        -1.5027301021 a.u.
        bbbb    correlation energy =        -0.2512316086 a.u.
        non-Brillouin singles      =        -0.0000000000 a.u.
        total same-spin energy     =        -0.5024632173 a.u.
        total opposite-spin energy =        -1.5027301021 a.u.

 Total  RIMP2   correlation energy =        -2.0051933194 a.u.
        RIMP2         total energy =     -1182.7670885583 a.u.

 RI-MP2 Energy Time:  CPU 80.23 s  wall 80.54 s
 
 --------------------------------------------------------------
 
                    Orbital Energies (a.u.)
 --------------------------------------------------------------
 
 Alpha MOs
 -- Occupied --
-91.9808 -91.9424 -11.2829 -11.2630 -11.2625 -11.2562 -11.2509 -11.2413
-11.2412 -11.2319 -11.2289 -11.2201  -8.9807  -8.9471  -6.6616  -6.6611
 -6.6605  -6.6284  -6.6274  -6.6261  -1.1988  -1.1534  -1.0585  -1.0262
 -1.0069  -0.9581  -0.9132  -0.9010  -0.8151  -0.7658  -0.7307  -0.7001
 -0.6614  -0.6420  -0.6106  -0.5878  -0.5804  -0.5728  -0.5670  -0.5514
 -0.5416  -0.5325  -0.5136  -0.5065  -0.4907  -0.4819  -0.4589  -0.4494
 -0.3559  -0.3425  -0.3166  -0.2752
 -- Virtual --
  0.0948   0.1320   0.1430   0.1484   0.1575   0.1697   0.1766   0.1818
  0.1918   0.1995   0.2046   0.2084   0.2288   0.2332   0.2371   0.2440
  0.2542   0.2588   0.2750   0.2951   0.3195   0.3368   0.3463   0.3525
  0.3643   0.3717   0.3804   0.3921   0.3970   0.4037   0.4149   0.4216
  0.4304   0.4488   0.4554   0.4622   0.4682   0.4720   0.4782   0.4945
  0.4981   0.5140   0.5198   0.5276   0.5318   0.5409   0.5501   0.5530
  0.5615   0.5734   0.5840   0.5910   0.6036   0.6052   0.6134   0.6175
  0.6238   0.6252   0.6351   0.6405   0.6422   0.6454   0.6487   0.6541
  0.6678   0.6710   0.6766   0.6894   0.6920   0.7011   0.7096   0.7289
  0.7303   0.7508   0.7544   0.7774   0.7930   0.7993   0.8119   0.8207
  0.8239   0.8360   0.8458   0.8525   0.8768   0.8813   0.8993   0.9099
  0.9240   0.9507   0.9548   0.9690   0.9768   0.9971   0.9993   1.0072
  1.0083   1.0304   1.0412   1.0485   1.0583   1.0689   1.0778   1.0813
  1.0905   1.0954   1.1046   1.1167   1.1391   1.1422   1.1573   1.1621
  1.1729   1.1847   1.2000   1.2107   1.2234   1.2321   1.2365   1.2398
  1.2506   1.2579   1.2686   1.2752   1.2860   1.2921   1.3019   1.3176
  1.3242   1.3333   1.3404   1.3542   1.3701   1.3950   1.4024   1.4210
  1.4234   1.4393   1.4483   1.4497   1.4709   1.4832   1.4894   1.4986
  1.5048   1.5155   1.5265   1.5319   1.5342   1.5388   1.5473   1.5578
  1.5680   1.5791   1.5873   1.5987   1.6066   1.6097   1.6177   1.6355
  1.6411   1.6636   1.6728   1.6892   1.7019   1.7206   1.7259   1.7402
  1.7471   1.7521   1.7764   1.7821   1.8061   1.8197   1.8307   1.8635
  1.8727   1.9046   1.9232   1.9395   1.9648   1.9672   1.9931   1.9971
  2.0167   2.0264   2.0316   2.0613   2.0778   2.1191   2.1411   2.1589
  2.1826   2.1927   2.2124   2.2192   2.2342   2.2589   2.2675   2.2788
  2.3163   2.3255   2.3321   2.3615   2.4103   2.4308   2.4471   2.4717
  2.4805   2.5198   2.5315   2.5494   2.5569   2.5786   2.6062   2.6176
  2.6291   2.6493   2.6581   2.6639   2.6734   2.6916   2.6935   2.7296
  2.7395   2.7479   2.7551   2.7671   2.7731   2.7859   2.7941   2.8162
  2.8395   2.8468   2.8548   2.8818   2.8844   2.8953   2.9110   2.9139
  2.9275   2.9587   2.9768   2.9883   3.0109   3.0133   3.0260   3.0386
  3.0466   3.0683   3.0874   3.0907   3.1119   3.1177   3.1307   3.1390
  3.1409   3.1557   3.1666   3.1757   3.1781   3.1811   3.2031   3.2094
  3.2276   3.2422   3.2566   3.2587   3.2809   3.2916   3.2995   3.3019
  3.3076   3.3202   3.3288   3.3334   3.3382   3.3498   3.3614   3.3761
  3.3823   3.3841   3.3881   3.3981   3.4064   3.4129   3.4236   3.4357
  3.4421   3.4485   3.4555   3.4631   3.4673   3.4917   3.5016   3.5104
  3.5189   3.5221   3.5308   3.5321   3.5400   3.5631   3.5681   3.5751
  3.5982   3.5992   3.6071   3.6169   3.6306   3.6399   3.6476   3.6605
  3.6781   3.6853   3.6926   3.6968   3.7132   3.7265   3.7293   3.7378
  3.7399   3.7628   3.7715   3.7783   3.7889   3.7943   3.8012   3.8037
  3.8293   3.8480   3.8521   3.8639   3.8769   3.8844   3.9021   3.9077
  3.9362   3.9477   3.9565   3.9633   3.9704   3.9886   4.0061   4.0093
  4.0184   4.0338   4.0442   4.0582   4.0747   4.0877   4.0999   4.1163
  4.1217   4.1264   4.1384   4.1499   4.1648   4.1716   4.1785   4.1917
  4.2087   4.2219   4.2350   4.2433   4.2492   4.2677   4.2713   4.2798
  4.2959   4.3043   4.3091   4.3280   4.3377   4.3553   4.3570   4.3669
  4.3758   4.3829   4.4012   4.4083   4.4165   4.4184   4.4295   4.4441
  4.4561   4.4638   4.4723   4.4829   4.5053   4.5197   4.5413   4.5469
  4.5644   4.6002   4.6129   4.6161   4.6336   4.6515   4.6540   4.6687
  4.7059   4.7273   4.7337   4.7576   4.7812   4.8081   4.8241   4.8401
  4.8564   4.8583   4.8868   4.8966   4.9430   4.9562   4.9660   4.9823
  5.0163   5.0433   5.0839   5.0946   5.1113   5.1238   5.1530   5.1681
  5.1898   5.2176   5.2341   5.2700   5.2787   5.2846   5.3104   5.3148
  5.3390   5.3707   5.3830   5.3976   5.4071   5.4266   5.4405   5.4542
  5.4771   5.5112   5.5227   5.5429   5.5472   5.5637   5.5728   5.5830
  5.6224   5.6313   5.6503   5.6753   5.6892   5.7018   5.7167   5.7177
  5.7669   5.7893   5.8328   5.9807   6.0065   6.0965   6.1186   6.1493
  6.2063   6.2191   6.2271   6.2413   6.2459   6.2781   6.3084   6.3222
  6.3783   6.4995   9.5462  10.6932  11.9914  12.9463  13.1906  13.9403
 14.1273  14.2365  14.3074  14.6549
 --------------------------------------------------------------
 
          Ground-State Mulliken Net Atomic Charges

     Atom                 Charge (a.u.)
  ----------------------------------------
      1 C                    -0.078732
      2 C                    -0.323790
      3 C                    -0.035173
      4 H                     0.176955
      5 C                     0.105157
      6 S                    -0.174349
      7 C                    -0.269462
      8 H                     0.113574
      9 H                     0.105760
     10 H                     0.104622
     11 C                    -0.069226
     12 C                    -0.268340
     13 C                     0.029753
     14 H                     0.184337
     15 C                    -0.244680
     16 S                     0.005227
     17 C                    -0.271855
     18 H                     0.102376
     19 H                     0.107724
     20 H                     0.108896
     21 H                     0.196293
     22 H                     0.113061
     23 H                     0.110533
     24 H                     0.171337
  ----------------------------------------
  Sum of atomic charges =     0.000000

 -----------------------------------------------------------------
                    Cartesian Multipole Moments
 -----------------------------------------------------------------
    Charge (ESU x 10^10)
                -0.0000
    Dipole Moment (Debye)
         X      -2.1924      Y       0.3543      Z       1.0161
       Tot       2.4422
    Quadrupole Moments (Debye-Ang)
        XX     -91.5945     XY       5.6934     YY     -73.8762
        XZ       0.4879     YZ       1.7275     ZZ     -85.7414
    Octopole Moments (Debye-Ang^2)
       XXX     -40.1598    XXY      43.8666    XYY      -5.8194
       YYY     124.7169    XXZ      -4.7406    XYZ      -2.9855
       YYZ      -0.8338    XZZ     -11.6324    YZZ      54.3283
       ZZZ       5.0352
    Hexadecapole Moments (Debye-Ang^3)
      XXXX    -599.8527   XXXY     -64.7799   XXYY    -600.5593
      XYYY     -63.5734   YYYY   -2760.4516   XXXZ    -133.9152
      XXYZ     -15.3590   XYYZ     -34.3409   YYYZ    -109.7598
      XXZZ    -217.1695   XYZZ     -16.6527   YYZZ    -607.8990
      XZZZ    -141.7539   YZZZ     -93.2667   ZZZZ    -682.9717
 -----------------------------------------------------------------
 Total job time:  646.79s(wall), 638.96s(cpu) 
 Sun Jul 10 04:38:38 2022

        *************************************************************
        *                                                           *
        *  Thank you very much for using Q-Chem.  Have a nice day.  *
        *                                                           *
        *************************************************************


remove work dirs ./qchem1739426.0 -- ./qchem1739426.-1
rm -rf ./qchem1739426
You are running Q-Chem version: 5.4.0

#
# job setting
#
local host:  exp-1-04
current dir: /expanse/lustre/scratch/theleonzhang/temp_project/Hydrogenated_Rotation_Test
input file:  Methylthiophene_Phi_10_Theta_300_Methylthiophene_Hydrogenated.qcin
output file: 
nprocs     : 0
nthreads   : 1
#
# qchem installation setting
#
QC:          /cm/shared/apps/spack/cpu/opt/spack/linux-centos8-zen2/gcc-10.2.0/qchem-5.4-akfmr7b3t57bfs6qan3padb2wnb2i7cl
QCAUX:       /cm/shared/apps/spack/cpu/opt/spack/linux-centos8-zen2/gcc-10.2.0/qchem-5.4-akfmr7b3t57bfs6qan3padb2wnb2i7cl/qcaux
QCPROG:      /cm/shared/apps/spack/cpu/opt/spack/linux-centos8-zen2/gcc-10.2.0/qchem-5.4-akfmr7b3t57bfs6qan3padb2wnb2i7cl/exe/qcprog.exe_s
QCPROG_S:    /cm/shared/apps/spack/cpu/opt/spack/linux-centos8-zen2/gcc-10.2.0/qchem-5.4-akfmr7b3t57bfs6qan3padb2wnb2i7cl/exe/qcprog.exe_s
PARALLEL:    -DSERIAL
QCMPI:       mpich
#
# qchem directory setting
#
qcrun:       qchem1356417
QCSCRATCH:   .
QCLOCALSCR:  
QCTMPDIR:    .
QCFILEPREF:  ./qchem1356417
QCSAVEDIR:   
workdirs:    ./qchem1356417
workdir0:    ./qchem1356417
partmpdirs =  
#
# parallel setting
#
QCRSH:           ssh
QCMPI:           mpich
QCMPIRUN:        /cm/shared/apps/spack/cpu/opt/spack/linux-centos8-zen2/gcc-10.2.0/qchem-5.4-akfmr7b3t57bfs6qan3padb2wnb2i7cl/bin/mpi/mpirun_qchem
QCMACHINEFILE:   ./qchem1356417/hostfile

#
# env setting
#
exported envs:   QC QCAUX QCSCRATCH QCRUNNAME QCFILEPREF QCPROG QCPROG_S GUIFILE

Running Job 1 of 1 Methylthiophene_Phi_10_Theta_300_Methylthiophene_Hydrogenated.qcin
qchem Methylthiophene_Phi_10_Theta_300_Methylthiophene_Hydrogenated.qcin_1356417.0 ./qchem1356417/ 0
/cm/shared/apps/spack/cpu/opt/spack/linux-centos8-zen2/gcc-10.2.0/qchem-5.4-akfmr7b3t57bfs6qan3padb2wnb2i7cl/exe/qcprog.exe_s Methylthiophene_Phi_10_Theta_300_Methylthiophene_Hydrogenated.qcin_1356417.0 ./qchem1356417/
                  Welcome to Q-Chem
     A Quantum Leap Into The Future Of Chemistry


 Q-Chem 5.4, Q-Chem, Inc., Pleasanton, CA (2021)

 License issued to: University of California, San Diego (site)

 E. Epifanovsky,  A. T. B. Gilbert,  Xintian Feng,  Joonho Lee,  Yuezhi Mao,  
 N. Mardirossian,  P. Pokhilko,  A. White,  M. Wormit,  M. P. Coons,  
 A. L. Dempwolff,  Zhengting Gan,  D. Hait,  P. R. Horn,  L. D. Jacobson,  
 I. Kaliman,  J. Kussmann,  A. W. Lange,  Ka Un Lao,  D. S. Levine,  Jie Liu,  
 S. C. McKenzie,  A. F. Morrison,  K. Nanda,  F. Plasser,  D. R. Rehn,  
 M. L. Vidal,  Zhi-Qiang You,  Ying Zhu,  B. Alam,  B. Albrecht,  
 A. Aldossary,  E. Alguire,  J. H. Andersen,  D. Barton,  K. Begam,  A. Behn,  
 Y. A. Bernard,  E. J. Berquist,  H. Burton,  A. Carreras,  K. Carter-Fenk,  
 R. Chakraborty,  A. D. Chien,  K. D. Closser,  V. Cofer-Shabica,  
 S. Dasgupta,  Jia Deng,  M. de Wergifosse,  M. Diedenhofen,  Hainam Do,  
 S. Ehlert,  Po-Tung Fang,  S. Fatehi,  Qingguo Feng,  J. Gayvert,  
 Qinghui Ge,  G. Gidofalvi,  M. Goldey,  J. Gomes,  C. Gonzalez-Espinoza,  
 S. Gulania,  A. Gunina,  M. W. D. Hanson-Heine,  P. H. P. Harbach,  
 A. W. Hauser,  M. F. Herbst,  M. Hernandez Vera,  M. Hodecker,  
 Z. C. Holden,  S. Houck,  Xunkun Huang,  Kerwin Hui,  B. C. Huynh,  
 M. Ivanov,  Hyunjun Ji,  Hanjie Jiang,  B. Kaduk,  S. Kaehler,  
 K. Khistyaev,  Jaehoon Kim,  P. Klunzinger,  Z. Koczor-Benda,  
 Joong Hoon Koh,  D. Kosenkov,  L. Koulias,  T. Kowalczyk,  C. M. Krauter,  
 K. Kue,  A. Kunitsa,  T. Kus,  A. Landau,  K. V. Lawler,  D. Lefrancois,  
 S. Lehtola,  Rain Li,  Yi-Pei Li,  Jiashu Liang,  M. Liebenthal,  
 Hung-Hsuan Lin,  You-Sheng Lin,  Fenglai Liu,  Kuan-Yu Liu,  
 M. Loipersberger,  A. Luenser,  A. Manjanath,  P. Manohar,  E. Mansoor,  
 S. F. Manzer,  Shan-Ping Mao,  A. V. Marenich,  T. Markovich,  S. Mason,  
 S. A. Maurer,  P. F. McLaughlin,  M. F. S. J. Menger,  J.-M. Mewes,  
 S. A. Mewes,  P. Morgante,  J. W. Mullinax,  T. S. Nguyen-Beck,  
 K. J. Oosterbaan,  G. Paran,  Alexander C. Paul,  Suranjan K. Paul,  
 F. Pavosevic,  Zheng Pei,  S. Prager,  E. I. Proynov,  E. Ramos,  B. Rana,  
 A. E. Rask,  A. Rettig,  R. M. Richard,  F. Rob,  E. Rossomme,  T. Scheele,  
 M. Scheurer,  M. Schneider,  N. Sergueev,  S. M. Sharada,  W. Skomorowski,  
 D. W. Small,  C. J. Stein,  Yu-Chuan Su,  E. J. Sundstrom,  Zhen Tao,  
 J. Thirman,  T. Tsuchimochi,  N. M. Tubman,  S. P. Veccham,  O. Vydrov,  
 J. Wenzel,  J. Witte,  A. Yamada,  Kun Yao,  S. Yeganeh,  S. R. Yost,  
 A. Zech,  Igor Ying Zhang,  Xing Zhang,  Yu Zhang,  D. Zuev,  
 A. Aspuru-Guzik,  A. T. Bell,  N. A. Besley,  K. B. Bravaya,  B. R. Brooks,  
 D. Casanova,  Jeng-Da Chai,  S. Coriani,  C. J. Cramer,  
 A. E. DePrince, III,  R. A. DiStasio Jr.,  A. Dreuw,  B. D. Dunietz,  
 T. R. Furlani,  W. A. Goddard III,  S. Grimme,  S. Hammes-Schiffer,  
 T. Head-Gordon,  W. J. Hehre,  Chao-Ping Hsu,  T.-C. Jagau,  Yousung Jung,  
 A. Klamt,  Jing Kong,  D. S. Lambrecht,  WanZhen Liang,  N. J. Mayhall,  
 C. W. McCurdy,  J. B. Neaton,  C. Ochsenfeld,  J. A. Parkhill,  R. Peverati,  
 V. A. Rassolov,  Yihan Shao,  L. V. Slipchenko,  T. Stauch,  R. P. Steele,  
 J. E. Subotnik,  A. J. W. Thom,  A. Tkatchenko,  D. G. Truhlar,  
 T. Van Voorhis,  T. A. Wesolowski,  K. B. Whaley,  H. L. Woodcock III,  
 P. M. Zimmerman,  S. Faraji,  P. M. W. Gill,  M. Head-Gordon,  
 J. M. Herbert,  A. I. Krylov

 Contributors to earlier versions of Q-Chem not listed above: 
 R. D. Adamson,  B. Austin,  R. Baer,  J. Baker,  G. J. O. Beran,  
 K. Brandhorst,  S. T. Brown,  E. F. C. Byrd,  A. K. Chakraborty,  
 G. K. L. Chan,  Chun-Min Chang,  Yunqing Chen,  C.-L. Cheng,  
 Siu Hung Chien,  D. M. Chipman,  D. L. Crittenden,  H. Dachsel,  
 R. J. Doerksen,  A. D. Dutoi,  R. G. Edgar,  J. Fosso-Tande,  
 L. Fusti-Molnar,  D. Ghosh,  A. Ghysels,  A. Golubeva-Zadorozhnaya,  
 J. Gonthier,  M. S. Gordon,  S. R. Gwaltney,  G. Hawkins,  J. E. Herr,  
 A. Heyden,  S. Hirata,  E. G. Hohenstein,  G. Kedziora,  F. J. Keil,  
 C. Kelley,  Jihan Kim,  R. A. King,  R. Z. Khaliullin,  P. P. Korambath,  
 W. Kurlancheek,  A. Laurent,  A. M. Lee,  M. S. Lee,  S. V. Levchenko,  
 Ching Yeh Lin,  D. Liotard,  E. Livshits,  R. C. Lochan,  I. Lotan,  
 L. A. Martinez-Martinez,  P. E. Maslen,  N. Nair,  D. P. O'Neill,  
 D. Neuhauser,  E. Neuscamman,  C. M. Oana,  R. Olivares-Amaya,  R. Olson,  
 T. M. Perrine,  B. Peters,  P. A. Pieniazek,  A. Prociuk,  Y. M. Rhee,  
 J. Ritchie,  M. A. Rohrdanz,  E. Rosta,  N. J. Russ,  H. F. Schaefer III,  
 M. W. Schmidt,  N. E. Schultz,  S. Sharma,  N. Shenvi,  C. D. Sherrill,  
 A. C. Simmonett,  A. Sodt,  T. Stein,  D. Stuck,  K. S. Thanthiriwatte,  
 V. Vanovschi,  L. Vogt,  Tao Wang,  A. Warshel,  M. A. Watson,  
 C. F. Williams,  Q. Wu,  X. Xu,  Jun Yang,  W. Zhang,  Yan Zhao

 Please cite Q-Chem as follows:
 Y. Shao et al., Mol. Phys. 113, 184-215 (2015)
 DOI: 10.1080/00268976.2014.952696

 Q-Chem 5.4.0 for Intel X86 EM64T Linux

 Parts of Q-Chem use Armadillo 9.800.1 (Horizon Scraper).
 http://arma.sourceforge.net/

 Q-Chem begins on Sun Jul 10 05:02:33 2022  

 Host: 
0

     Scratch files written to ./qchem1356417//
 May1621 |scratch|qcdevops|jenkins|workspace|build_RNUM    
 Processing $rem in /cm/shared/apps/spack/cpu/opt/spack/linux-centos8-zen2/gcc-10.2.0/qchem-5.4-akfmr7b3t57bfs6qan3padb2wnb2i7cl/config/preferences:
 Processing $rem in /home/theleonzhang/.qchemrc:
 Symmetry turned off for PCM/SM12/SMD calculation
 Core orbitals will be frozen

 Checking the input file for inconsistencies... 	...done.

--------------------------------------------------------------
User input:
--------------------------------------------------------------
$molecule
0 1
C	0.670924	-3.866725	0.388181
C	-0.530648	-3.703963	-0.306020
C	-0.923703	-2.357056	-0.533378
H	-1.128579	-4.561092	-0.651043
C	-0.000000	-1.440664	-0.000000
S	1.337567	-2.286957	0.772234
C	-2.183857	-1.978743	-1.261192
H	-2.742548	-2.878678	-1.583666
H	-1.970497	-1.376015	-2.168641
H	-2.863099	-1.375728	-0.623012
C	0.000000	0.000000	0.000000
C	0.149995	0.850475	1.099446
C	0.390327	2.213354	0.776721
H	0.085947	0.487279	2.136088
C	0.428665	2.430655	-0.612546
S	0.163670	0.928078	-1.486809
C	0.579235	3.284574	1.814609
H	0.505323	2.865404	2.836676
H	-0.185980	4.083890	1.726239
H	1.571698	3.773937	1.726228
H	0.593515	3.365448	-1.161575
H	1.417779	-4.392713	-0.216843
H	0.520136	-4.392347	1.337652
H	-0.540100	-1.440391	0.935250
$end

$rem
JOBTYPE		SP
EXCHANGE	HF
CORRELATION	pRIMP2
BASIS		cc-pvtz
METHOD		rimp2
AUX_BASIS	rimp2-cc-pvtz
SOLVENT_METHOD	PCM
PURECART	11111
SYMMETRY	false
MEM_TOTAL	110000
SCF_CONVERGENCE = 6
THRESH=10
$end



$solvent
dielectric 4.90
$end
--------------------------------------------------------------
 ----------------------------------------------------------------
             Standard Nuclear Orientation (Angstroms)
    I     Atom           X                Y                Z
 ----------------------------------------------------------------
    1      C       0.6709240000    -3.8667250000     0.3881810000
    2      C      -0.5306480000    -3.7039630000    -0.3060200000
    3      C      -0.9237030000    -2.3570560000    -0.5333780000
    4      H      -1.1285790000    -4.5610920000    -0.6510430000
    5      C       0.0000000000    -1.4406640000     0.0000000000
    6      S       1.3375670000    -2.2869570000     0.7722340000
    7      C      -2.1838570000    -1.9787430000    -1.2611920000
    8      H      -2.7425480000    -2.8786780000    -1.5836660000
    9      H      -1.9704970000    -1.3760150000    -2.1686410000
   10      H      -2.8630990000    -1.3757280000    -0.6230120000
   11      C       0.0000000000     0.0000000000     0.0000000000
   12      C       0.1499950000     0.8504750000     1.0994460000
   13      C       0.3903270000     2.2133540000     0.7767210000
   14      H       0.0859470000     0.4872790000     2.1360880000
   15      C       0.4286650000     2.4306550000    -0.6125460000
   16      S       0.1636700000     0.9280780000    -1.4868090000
   17      C       0.5792350000     3.2845740000     1.8146090000
   18      H       0.5053230000     2.8654040000     2.8366760000
   19      H      -0.1859800000     4.0838900000     1.7262390000
   20      H       1.5716980000     3.7739370000     1.7262280000
   21      H       0.5935150000     3.3654480000    -1.1615750000
   22      H       1.4177790000    -4.3927130000    -0.2168430000
   23      H       0.5201360000    -4.3923470000     1.3376520000
   24      H      -0.5401000000    -1.4403910000     0.9352500000
 ----------------------------------------------------------------
 Nuclear Repulsion Energy =         872.72570748 hartrees
 There are       52 alpha and       52 beta electrons

 Q-Chem warning in module forms1/BasisType.C, line 2236:

 You are not using the predefined 5D/6D in this basis set.

 Requested basis set is cc-pVTZ
 There are 196 shells and 536 basis functions

 Total QAlloc Memory Limit 110000 MB
 Mega-Array Size       188 MB
 MEM_STATIC part       192 MB
 Discretize the solute cavity surface with Lebedev spheres
	Using 110 Lebedev grid points for each H atom
	Using 194 Lebedev grid points for other atoms
	Atomic van der Waals radii will be scaled by 1.20
 Remove points where switching function is < 1.0e-08
 Keep 1615 surface tesserae and discard 2033 interior tesserae
 Molecular Surface Area = 237.341 Angst**2
 Requested basis set is rimp2-cc-pVTZ
 There are 414 shells and 1414 basis functions
 A cutoff of  1.0D-10 yielded  13857 shell pairs
 There are    100381 function pairs (    128756 Cartesian)
 Smallest overlap matrix eigenvalue = 6.77E-05

 Scale SEOQF with 1.000000e-01/1.000000e-01/1.000000e-01

 Standard Electronic Orientation quadrupole field applied
 Nucleus-field energy     =     0.0000000331 hartrees
 Guess from superposition of atomic densities
 Warning:  Energy on first SCF cycle will be non-variational
 SAD guess density has 104.000000 electrons

 -----------------------------------------------------------------------
  General SCF calculation program by
  Eric Jon Sundstrom, Paul Horn, Yuezhi Mao, Dmitri Zuev, Alec White,
  David Stuck, Shaama M.S., Shane Yost, Joonho Lee, David Small,
  Daniel Levine, Susi Lehtola, Hugh Burton, Evgeny Epifanovsky,
  Bang C. Huynh
 -----------------------------------------------------------------------
 Hartree-Fock
 A restricted SCF calculation will be
 performed using DIIS
 SCF converges when DIIS error is below 1.0e-06
 ---------------------------------------
  Cycle       Energy         DIIS error
 ---------------------------------------
    1   -1186.0190149289      2.39e-02  
    2   -1180.6191784868      1.55e-03  
    3   -1180.7427761476      5.97e-04  
    4   -1180.7565376367      3.35e-04  
    5   -1180.7615818392      5.81e-05  
    6   -1180.7618204611      2.41e-05  
    7   -1180.7618780165      8.83e-06  
    8   -1180.7618916334      4.31e-06  
    9   -1180.7618947600      1.49e-06  
   10   -1180.7618952390      5.06e-07  Convergence criterion met
 ---------------------------------------
 SCF time:   CPU 563.96s  wall 567.00s 

************** Final PCM Free Energy Summary **************
 G_electrostatic  =      -0.00889395 hartree =      -5.58103583 kcal/mol
 G_cavitation     =       0.00000000 hartree =       0.00000000 kcal/mol
 G_dispersion     =       0.00000000 hartree =       0.00000000 kcal/mol
 G_repulsion      =       0.00000000 hartree =       0.00000000 kcal/mol
 --------------------------------------------------
 Non-electrostatic Free Energy =       0.00000000 hartree =       0.00000000 kcal/mol
 Total                         =      -0.00889395 hartree =      -5.58103583 kcal/mol
 --------------------------------------------------
 SCF Energy (H0 + V/2)                       =   -1180.76189524 
 Solute Internal Energy (H0)                 =   -1180.75300129 
 Total Free Energy (H0 + V/2 + non-elec)     =   -1180.76189524 hartree
                                             = -740939.27225835 kcal/mol
***********************************************************

 SCF   energy in the final basis set =    -1180.7618952390
 Total energy in the final basis set =    -1180.7618952390


 --------------------------------------------------------------
  Generalized many-body perturbation theory program
  by Joonho Lee, Fazle Rob, Xintian Feng, Evgeny Epifanovsky

 No regularization used 
 (reg. param. = 0.0000e+00)
  (P|Q)^-1/2 Time:  CPU 1.91 s  wall 1.92 s

 In RI-MP2 calculation: 
 # of frozen core orbitals: 20

 Components of the RIMP2 correlation energy:
        aaaa    correlation energy =        -0.2512316086 a.u.
        abab    correlation energy =        -1.5027301021 a.u.
        bbbb    correlation energy =        -0.2512316086 a.u.
        non-Brillouin singles      =        -0.0000000000 a.u.
        total same-spin energy     =        -0.5024632173 a.u.
        total opposite-spin energy =        -1.5027301021 a.u.

 Total  RIMP2   correlation energy =        -2.0051933194 a.u.
        RIMP2         total energy =     -1182.7670885583 a.u.

 RI-MP2 Energy Time:  CPU 79.83 s  wall 80.21 s
 
 --------------------------------------------------------------
 
                    Orbital Energies (a.u.)
 --------------------------------------------------------------
 
 Alpha MOs
 -- Occupied --
-91.9808 -91.9424 -11.2829 -11.2630 -11.2625 -11.2562 -11.2509 -11.2413
-11.2412 -11.2319 -11.2289 -11.2201  -8.9807  -8.9471  -6.6616  -6.6611
 -6.6605  -6.6284  -6.6274  -6.6261  -1.1988  -1.1534  -1.0585  -1.0262
 -1.0069  -0.9581  -0.9132  -0.9010  -0.8151  -0.7658  -0.7307  -0.7001
 -0.6614  -0.6420  -0.6106  -0.5878  -0.5804  -0.5728  -0.5670  -0.5514
 -0.5416  -0.5325  -0.5136  -0.5065  -0.4907  -0.4819  -0.4589  -0.4494
 -0.3559  -0.3425  -0.3166  -0.2752
 -- Virtual --
  0.0948   0.1320   0.1430   0.1484   0.1575   0.1697   0.1766   0.1818
  0.1918   0.1995   0.2046   0.2084   0.2288   0.2332   0.2371   0.2440
  0.2542   0.2588   0.2750   0.2951   0.3195   0.3368   0.3463   0.3525
  0.3643   0.3717   0.3804   0.3921   0.3970   0.4037   0.4149   0.4216
  0.4304   0.4488   0.4554   0.4622   0.4682   0.4720   0.4782   0.4945
  0.4981   0.5140   0.5198   0.5276   0.5318   0.5409   0.5501   0.5530
  0.5615   0.5734   0.5840   0.5910   0.6036   0.6052   0.6134   0.6175
  0.6238   0.6252   0.6351   0.6405   0.6422   0.6454   0.6487   0.6541
  0.6678   0.6710   0.6766   0.6894   0.6920   0.7011   0.7096   0.7289
  0.7303   0.7508   0.7544   0.7774   0.7930   0.7993   0.8119   0.8207
  0.8239   0.8360   0.8458   0.8525   0.8768   0.8813   0.8993   0.9099
  0.9240   0.9507   0.9548   0.9690   0.9768   0.9971   0.9993   1.0072
  1.0083   1.0304   1.0412   1.0485   1.0583   1.0689   1.0778   1.0813
  1.0905   1.0954   1.1046   1.1167   1.1391   1.1422   1.1573   1.1621
  1.1729   1.1847   1.2000   1.2107   1.2234   1.2321   1.2365   1.2398
  1.2506   1.2579   1.2686   1.2752   1.2860   1.2921   1.3019   1.3176
  1.3242   1.3333   1.3404   1.3542   1.3701   1.3950   1.4024   1.4210
  1.4234   1.4393   1.4483   1.4497   1.4709   1.4832   1.4894   1.4986
  1.5048   1.5155   1.5265   1.5319   1.5342   1.5388   1.5473   1.5578
  1.5680   1.5791   1.5873   1.5987   1.6066   1.6097   1.6177   1.6355
  1.6411   1.6636   1.6728   1.6892   1.7019   1.7206   1.7259   1.7402
  1.7471   1.7521   1.7764   1.7821   1.8061   1.8197   1.8307   1.8635
  1.8727   1.9046   1.9232   1.9395   1.9648   1.9672   1.9931   1.9971
  2.0167   2.0264   2.0316   2.0613   2.0778   2.1191   2.1411   2.1589
  2.1826   2.1927   2.2124   2.2192   2.2342   2.2589   2.2675   2.2788
  2.3163   2.3255   2.3321   2.3615   2.4103   2.4308   2.4471   2.4717
  2.4805   2.5198   2.5315   2.5494   2.5569   2.5786   2.6062   2.6176
  2.6291   2.6493   2.6581   2.6639   2.6734   2.6916   2.6935   2.7296
  2.7395   2.7479   2.7551   2.7671   2.7731   2.7859   2.7941   2.8162
  2.8395   2.8468   2.8548   2.8818   2.8844   2.8953   2.9110   2.9139
  2.9275   2.9587   2.9768   2.9883   3.0109   3.0133   3.0260   3.0386
  3.0466   3.0683   3.0874   3.0907   3.1119   3.1177   3.1307   3.1390
  3.1409   3.1557   3.1666   3.1757   3.1781   3.1811   3.2031   3.2094
  3.2276   3.2422   3.2566   3.2587   3.2809   3.2916   3.2995   3.3019
  3.3076   3.3202   3.3288   3.3334   3.3382   3.3498   3.3614   3.3761
  3.3823   3.3841   3.3881   3.3981   3.4064   3.4129   3.4236   3.4357
  3.4421   3.4485   3.4555   3.4631   3.4673   3.4917   3.5016   3.5104
  3.5189   3.5221   3.5308   3.5321   3.5400   3.5631   3.5681   3.5751
  3.5982   3.5992   3.6071   3.6169   3.6306   3.6399   3.6476   3.6605
  3.6781   3.6853   3.6926   3.6968   3.7132   3.7265   3.7293   3.7378
  3.7399   3.7628   3.7715   3.7783   3.7889   3.7943   3.8012   3.8037
  3.8293   3.8480   3.8521   3.8639   3.8769   3.8844   3.9021   3.9077
  3.9362   3.9477   3.9565   3.9633   3.9704   3.9886   4.0061   4.0093
  4.0184   4.0338   4.0442   4.0582   4.0747   4.0877   4.0999   4.1163
  4.1217   4.1264   4.1384   4.1499   4.1648   4.1716   4.1785   4.1917
  4.2087   4.2219   4.2350   4.2433   4.2492   4.2677   4.2713   4.2798
  4.2959   4.3043   4.3091   4.3280   4.3377   4.3553   4.3570   4.3669
  4.3758   4.3829   4.4012   4.4083   4.4165   4.4184   4.4295   4.4441
  4.4561   4.4638   4.4723   4.4829   4.5053   4.5197   4.5413   4.5469
  4.5644   4.6002   4.6129   4.6161   4.6336   4.6515   4.6540   4.6687
  4.7059   4.7273   4.7337   4.7576   4.7812   4.8081   4.8241   4.8401
  4.8564   4.8583   4.8868   4.8966   4.9430   4.9562   4.9660   4.9823
  5.0163   5.0433   5.0839   5.0946   5.1113   5.1238   5.1530   5.1681
  5.1898   5.2176   5.2341   5.2700   5.2787   5.2846   5.3104   5.3148
  5.3390   5.3707   5.3830   5.3976   5.4071   5.4266   5.4405   5.4542
  5.4771   5.5112   5.5227   5.5429   5.5472   5.5637   5.5728   5.5830
  5.6224   5.6313   5.6503   5.6753   5.6892   5.7018   5.7167   5.7177
  5.7669   5.7893   5.8328   5.9807   6.0065   6.0965   6.1186   6.1493
  6.2063   6.2191   6.2271   6.2413   6.2459   6.2781   6.3084   6.3222
  6.3783   6.4995   9.5462  10.6932  11.9914  12.9463  13.1906  13.9403
 14.1273  14.2365  14.3074  14.6549
 --------------------------------------------------------------
 
          Ground-State Mulliken Net Atomic Charges

     Atom                 Charge (a.u.)
  ----------------------------------------
      1 C                    -0.078732
      2 C                    -0.323790
      3 C                    -0.035173
      4 H                     0.176955
      5 C                     0.105157
      6 S                    -0.174349
      7 C                    -0.269462
      8 H                     0.113574
      9 H                     0.105760
     10 H                     0.104622
     11 C                    -0.069226
     12 C                    -0.268340
     13 C                     0.029753
     14 H                     0.184337
     15 C                    -0.244680
     16 S                     0.005227
     17 C                    -0.271855
     18 H                     0.102376
     19 H                     0.107724
     20 H                     0.108896
     21 H                     0.196293
     22 H                     0.113061
     23 H                     0.110533
     24 H                     0.171337
  ----------------------------------------
  Sum of atomic charges =     0.000000

 -----------------------------------------------------------------
                    Cartesian Multipole Moments
 -----------------------------------------------------------------
    Charge (ESU x 10^10)
                -0.0000
    Dipole Moment (Debye)
         X      -2.1924      Y       0.3543      Z       1.0161
       Tot       2.4422
    Quadrupole Moments (Debye-Ang)
        XX     -91.5945     XY       5.6934     YY     -73.8762
        XZ       0.4879     YZ       1.7275     ZZ     -85.7414
    Octopole Moments (Debye-Ang^2)
       XXX     -40.1598    XXY      43.8666    XYY      -5.8194
       YYY     124.7169    XXZ      -4.7406    XYZ      -2.9855
       YYZ      -0.8338    XZZ     -11.6324    YZZ      54.3283
       ZZZ       5.0352
    Hexadecapole Moments (Debye-Ang^3)
      XXXX    -599.8527   XXXY     -64.7799   XXYY    -600.5593
      XYYY     -63.5734   YYYY   -2760.4516   XXXZ    -133.9152
      XXYZ     -15.3590   XYYZ     -34.3409   YYYZ    -109.7598
      XXZZ    -217.1695   XYZZ     -16.6527   YYZZ    -607.8990
      XZZZ    -141.7539   YZZZ     -93.2667   ZZZZ    -682.9717
 -----------------------------------------------------------------
 Total job time:  648.87s(wall), 644.70s(cpu) 
 Sun Jul 10 05:13:22 2022

        *************************************************************
        *                                                           *
        *  Thank you very much for using Q-Chem.  Have a nice day.  *
        *                                                           *
        *************************************************************


remove work dirs ./qchem1356417.0 -- ./qchem1356417.-1
rm -rf ./qchem1356417
