You are running Q-Chem version: 5.4.0

#
# job setting
#
local host:  exp-1-17
current dir: /expanse/lustre/scratch/theleonzhang/temp_project/Hydrogenated_Rotation_Test
input file:  Methylthiophene_Phi_0_Theta_320_Methylthiophene_Hydrogenated.qcin
output file: 
nprocs     : 0
nthreads   : 1
#
# qchem installation setting
#
QC:          /cm/shared/apps/spack/cpu/opt/spack/linux-centos8-zen2/gcc-10.2.0/qchem-5.4-akfmr7b3t57bfs6qan3padb2wnb2i7cl
QCAUX:       /cm/shared/apps/spack/cpu/opt/spack/linux-centos8-zen2/gcc-10.2.0/qchem-5.4-akfmr7b3t57bfs6qan3padb2wnb2i7cl/qcaux
QCPROG:      /cm/shared/apps/spack/cpu/opt/spack/linux-centos8-zen2/gcc-10.2.0/qchem-5.4-akfmr7b3t57bfs6qan3padb2wnb2i7cl/exe/qcprog.exe_s
QCPROG_S:    /cm/shared/apps/spack/cpu/opt/spack/linux-centos8-zen2/gcc-10.2.0/qchem-5.4-akfmr7b3t57bfs6qan3padb2wnb2i7cl/exe/qcprog.exe_s
PARALLEL:    -DSERIAL
QCMPI:       mpich
#
# qchem directory setting
#
qcrun:       qchem3588876
QCSCRATCH:   .
QCLOCALSCR:  
QCTMPDIR:    .
QCFILEPREF:  ./qchem3588876
QCSAVEDIR:   
workdirs:    ./qchem3588876
workdir0:    ./qchem3588876
partmpdirs =  
#
# parallel setting
#
QCRSH:           ssh
QCMPI:           mpich
QCMPIRUN:        /cm/shared/apps/spack/cpu/opt/spack/linux-centos8-zen2/gcc-10.2.0/qchem-5.4-akfmr7b3t57bfs6qan3padb2wnb2i7cl/bin/mpi/mpirun_qchem
QCMACHINEFILE:   ./qchem3588876/hostfile

#
# env setting
#
exported envs:   QC QCAUX QCSCRATCH QCRUNNAME QCFILEPREF QCPROG QCPROG_S GUIFILE

Running Job 1 of 1 Methylthiophene_Phi_0_Theta_320_Methylthiophene_Hydrogenated.qcin
qchem Methylthiophene_Phi_0_Theta_320_Methylthiophene_Hydrogenated.qcin_3588876.0 ./qchem3588876/ 0
/cm/shared/apps/spack/cpu/opt/spack/linux-centos8-zen2/gcc-10.2.0/qchem-5.4-akfmr7b3t57bfs6qan3padb2wnb2i7cl/exe/qcprog.exe_s Methylthiophene_Phi_0_Theta_320_Methylthiophene_Hydrogenated.qcin_3588876.0 ./qchem3588876/
                  Welcome to Q-Chem
     A Quantum Leap Into The Future Of Chemistry


 Q-Chem 5.4, Q-Chem, Inc., Pleasanton, CA (2021)

 License issued to: University of California, San Diego (site)

 E. Epifanovsky,  A. T. B. Gilbert,  Xintian Feng,  Joonho Lee,  Yuezhi Mao,  
 N. Mardirossian,  P. Pokhilko,  A. White,  M. Wormit,  M. P. Coons,  
 A. L. Dempwolff,  Zhengting Gan,  D. Hait,  P. R. Horn,  L. D. Jacobson,  
 I. Kaliman,  J. Kussmann,  A. W. Lange,  Ka Un Lao,  D. S. Levine,  Jie Liu,  
 S. C. McKenzie,  A. F. Morrison,  K. Nanda,  F. Plasser,  D. R. Rehn,  
 M. L. Vidal,  Zhi-Qiang You,  Ying Zhu,  B. Alam,  B. Albrecht,  
 A. Aldossary,  E. Alguire,  J. H. Andersen,  D. Barton,  K. Begam,  A. Behn,  
 Y. A. Bernard,  E. J. Berquist,  H. Burton,  A. Carreras,  K. Carter-Fenk,  
 R. Chakraborty,  A. D. Chien,  K. D. Closser,  V. Cofer-Shabica,  
 S. Dasgupta,  Jia Deng,  M. de Wergifosse,  M. Diedenhofen,  Hainam Do,  
 S. Ehlert,  Po-Tung Fang,  S. Fatehi,  Qingguo Feng,  J. Gayvert,  
 Qinghui Ge,  G. Gidofalvi,  M. Goldey,  J. Gomes,  C. Gonzalez-Espinoza,  
 S. Gulania,  A. Gunina,  M. W. D. Hanson-Heine,  P. H. P. Harbach,  
 A. W. Hauser,  M. F. Herbst,  M. Hernandez Vera,  M. Hodecker,  
 Z. C. Holden,  S. Houck,  Xunkun Huang,  Kerwin Hui,  B. C. Huynh,  
 M. Ivanov,  Hyunjun Ji,  Hanjie Jiang,  B. Kaduk,  S. Kaehler,  
 K. Khistyaev,  Jaehoon Kim,  P. Klunzinger,  Z. Koczor-Benda,  
 Joong Hoon Koh,  D. Kosenkov,  L. Koulias,  T. Kowalczyk,  C. M. Krauter,  
 K. Kue,  A. Kunitsa,  T. Kus,  A. Landau,  K. V. Lawler,  D. Lefrancois,  
 S. Lehtola,  Rain Li,  Yi-Pei Li,  Jiashu Liang,  M. Liebenthal,  
 Hung-Hsuan Lin,  You-Sheng Lin,  Fenglai Liu,  Kuan-Yu Liu,  
 M. Loipersberger,  A. Luenser,  A. Manjanath,  P. Manohar,  E. Mansoor,  
 S. F. Manzer,  Shan-Ping Mao,  A. V. Marenich,  T. Markovich,  S. Mason,  
 S. A. Maurer,  P. F. McLaughlin,  M. F. S. J. Menger,  J.-M. Mewes,  
 S. A. Mewes,  P. Morgante,  J. W. Mullinax,  T. S. Nguyen-Beck,  
 K. J. Oosterbaan,  G. Paran,  Alexander C. Paul,  Suranjan K. Paul,  
 F. Pavosevic,  Zheng Pei,  S. Prager,  E. I. Proynov,  E. Ramos,  B. Rana,  
 A. E. Rask,  A. Rettig,  R. M. Richard,  F. Rob,  E. Rossomme,  T. Scheele,  
 M. Scheurer,  M. Schneider,  N. Sergueev,  S. M. Sharada,  W. Skomorowski,  
 D. W. Small,  C. J. Stein,  Yu-Chuan Su,  E. J. Sundstrom,  Zhen Tao,  
 J. Thirman,  T. Tsuchimochi,  N. M. Tubman,  S. P. Veccham,  O. Vydrov,  
 J. Wenzel,  J. Witte,  A. Yamada,  Kun Yao,  S. Yeganeh,  S. R. Yost,  
 A. Zech,  Igor Ying Zhang,  Xing Zhang,  Yu Zhang,  D. Zuev,  
 A. Aspuru-Guzik,  A. T. Bell,  N. A. Besley,  K. B. Bravaya,  B. R. Brooks,  
 D. Casanova,  Jeng-Da Chai,  S. Coriani,  C. J. Cramer,  
 A. E. DePrince, III,  R. A. DiStasio Jr.,  A. Dreuw,  B. D. Dunietz,  
 T. R. Furlani,  W. A. Goddard III,  S. Grimme,  S. Hammes-Schiffer,  
 T. Head-Gordon,  W. J. Hehre,  Chao-Ping Hsu,  T.-C. Jagau,  Yousung Jung,  
 A. Klamt,  Jing Kong,  D. S. Lambrecht,  WanZhen Liang,  N. J. Mayhall,  
 C. W. McCurdy,  J. B. Neaton,  C. Ochsenfeld,  J. A. Parkhill,  R. Peverati,  
 V. A. Rassolov,  Yihan Shao,  L. V. Slipchenko,  T. Stauch,  R. P. Steele,  
 J. E. Subotnik,  A. J. W. Thom,  A. Tkatchenko,  D. G. Truhlar,  
 T. Van Voorhis,  T. A. Wesolowski,  K. B. Whaley,  H. L. Woodcock III,  
 P. M. Zimmerman,  S. Faraji,  P. M. W. Gill,  M. Head-Gordon,  
 J. M. Herbert,  A. I. Krylov

 Contributors to earlier versions of Q-Chem not listed above: 
 R. D. Adamson,  B. Austin,  R. Baer,  J. Baker,  G. J. O. Beran,  
 K. Brandhorst,  S. T. Brown,  E. F. C. Byrd,  A. K. Chakraborty,  
 G. K. L. Chan,  Chun-Min Chang,  Yunqing Chen,  C.-L. Cheng,  
 Siu Hung Chien,  D. M. Chipman,  D. L. Crittenden,  H. Dachsel,  
 R. J. Doerksen,  A. D. Dutoi,  R. G. Edgar,  J. Fosso-Tande,  
 L. Fusti-Molnar,  D. Ghosh,  A. Ghysels,  A. Golubeva-Zadorozhnaya,  
 J. Gonthier,  M. S. Gordon,  S. R. Gwaltney,  G. Hawkins,  J. E. Herr,  
 A. Heyden,  S. Hirata,  E. G. Hohenstein,  G. Kedziora,  F. J. Keil,  
 C. Kelley,  Jihan Kim,  R. A. King,  R. Z. Khaliullin,  P. P. Korambath,  
 W. Kurlancheek,  A. Laurent,  A. M. Lee,  M. S. Lee,  S. V. Levchenko,  
 Ching Yeh Lin,  D. Liotard,  E. Livshits,  R. C. Lochan,  I. Lotan,  
 L. A. Martinez-Martinez,  P. E. Maslen,  N. Nair,  D. P. O'Neill,  
 D. Neuhauser,  E. Neuscamman,  C. M. Oana,  R. Olivares-Amaya,  R. Olson,  
 T. M. Perrine,  B. Peters,  P. A. Pieniazek,  A. Prociuk,  Y. M. Rhee,  
 J. Ritchie,  M. A. Rohrdanz,  E. Rosta,  N. J. Russ,  H. F. Schaefer III,  
 M. W. Schmidt,  N. E. Schultz,  S. Sharma,  N. Shenvi,  C. D. Sherrill,  
 A. C. Simmonett,  A. Sodt,  T. Stein,  D. Stuck,  K. S. Thanthiriwatte,  
 V. Vanovschi,  L. Vogt,  Tao Wang,  A. Warshel,  M. A. Watson,  
 C. F. Williams,  Q. Wu,  X. Xu,  Jun Yang,  W. Zhang,  Yan Zhao

 Please cite Q-Chem as follows:
 Y. Shao et al., Mol. Phys. 113, 184-215 (2015)
 DOI: 10.1080/00268976.2014.952696

 Q-Chem 5.4.0 for Intel X86 EM64T Linux

 Parts of Q-Chem use Armadillo 9.800.1 (Horizon Scraper).
 http://arma.sourceforge.net/

 Q-Chem begins on Sun Jul 10 04:42:47 2022  

 Host: 
0

     Scratch files written to ./qchem3588876//
 May1621 |scratch|qcdevops|jenkins|workspace|build_RNUM    
 Processing $rem in /cm/shared/apps/spack/cpu/opt/spack/linux-centos8-zen2/gcc-10.2.0/qchem-5.4-akfmr7b3t57bfs6qan3padb2wnb2i7cl/config/preferences:
 Processing $rem in /home/theleonzhang/.qchemrc:
 Symmetry turned off for PCM/SM12/SMD calculation
 Core orbitals will be frozen

 Checking the input file for inconsistencies... 	...done.

--------------------------------------------------------------
User input:
--------------------------------------------------------------
$molecule
0 1
C	0.497696	-3.866725	0.594240
C	-0.393981	-3.703963	-0.469057
C	-0.685571	-2.357056	-0.817136
H	-0.837848	-4.561092	-0.997777
C	0.000000	-1.440664	0.000000
S	0.992782	-2.286957	1.183137
C	-1.620802	-1.978743	-1.932056
H	-2.035506	-2.878678	-2.426166
H	-1.109943	-1.376015	-2.711806
H	-2.477350	-1.375728	-1.564678
C	0.000000	0.000000	0.000000
C	0.000033	0.863600	1.099446
C	0.000052	2.247508	0.776721
H	0.000026	0.494801	2.136088
C	0.000074	2.468165	-0.612546
S	0.000024	0.942399	-1.486809
C	0.000075	3.335257	1.814609
H	0.000074	2.909620	2.836676
H	-0.892314	3.989552	1.726239
H	0.892483	3.989525	1.726228
H	0.000094	3.417382	-1.161575
H	1.406441	-4.392713	0.281143
H	0.031265	-4.392347	1.434879
H	-0.827402	-1.440391	0.694122
$end

$rem
JOBTYPE		SP
EXCHANGE	HF
CORRELATION	pRIMP2
BASIS		cc-pvtz
METHOD		rimp2
AUX_BASIS	rimp2-cc-pvtz
SOLVENT_METHOD	PCM
PURECART	11111
SYMMETRY	false
MEM_TOTAL	110000
SCF_CONVERGENCE = 6
THRESH=10
$end



$solvent
dielectric 4.90
$end
--------------------------------------------------------------
 ----------------------------------------------------------------
             Standard Nuclear Orientation (Angstroms)
    I     Atom           X                Y                Z
 ----------------------------------------------------------------
    1      C       0.4976960000    -3.8667250000     0.5942400000
    2      C      -0.3939810000    -3.7039630000    -0.4690570000
    3      C      -0.6855710000    -2.3570560000    -0.8171360000
    4      H      -0.8378480000    -4.5610920000    -0.9977770000
    5      C       0.0000000000    -1.4406640000     0.0000000000
    6      S       0.9927820000    -2.2869570000     1.1831370000
    7      C      -1.6208020000    -1.9787430000    -1.9320560000
    8      H      -2.0355060000    -2.8786780000    -2.4261660000
    9      H      -1.1099430000    -1.3760150000    -2.7118060000
   10      H      -2.4773500000    -1.3757280000    -1.5646780000
   11      C       0.0000000000     0.0000000000     0.0000000000
   12      C       0.0000330000     0.8636000000     1.0994460000
   13      C       0.0000520000     2.2475080000     0.7767210000
   14      H       0.0000260000     0.4948010000     2.1360880000
   15      C       0.0000740000     2.4681650000    -0.6125460000
   16      S       0.0000240000     0.9423990000    -1.4868090000
   17      C       0.0000750000     3.3352570000     1.8146090000
   18      H       0.0000740000     2.9096200000     2.8366760000
   19      H      -0.8923140000     3.9895520000     1.7262390000
   20      H       0.8924830000     3.9895250000     1.7262280000
   21      H       0.0000940000     3.4173820000    -1.1615750000
   22      H       1.4064410000    -4.3927130000     0.2811430000
   23      H       0.0312650000    -4.3923470000     1.4348790000
   24      H      -0.8274020000    -1.4403910000     0.6941220000
 ----------------------------------------------------------------
 Nuclear Repulsion Energy =         873.90379000 hartrees
 There are       52 alpha and       52 beta electrons

 Q-Chem warning in module forms1/BasisType.C, line 2236:

 You are not using the predefined 5D/6D in this basis set.

 Requested basis set is cc-pVTZ
 There are 196 shells and 536 basis functions

 Total QAlloc Memory Limit 110000 MB
 Mega-Array Size       188 MB
 MEM_STATIC part       192 MB
 Discretize the solute cavity surface with Lebedev spheres
	Using 110 Lebedev grid points for each H atom
	Using 194 Lebedev grid points for other atoms
	Atomic van der Waals radii will be scaled by 1.20
 Remove points where switching function is < 1.0e-08
 Keep 1597 surface tesserae and discard 2051 interior tesserae
 Molecular Surface Area = 234.734 Angst**2
 Requested basis set is rimp2-cc-pVTZ
 There are 414 shells and 1414 basis functions
 A cutoff of  1.0D-10 yielded  13864 shell pairs
 There are    100616 function pairs (    129083 Cartesian)
 Smallest overlap matrix eigenvalue = 5.51E-05

 Scale SEOQF with 1.000000e-01/1.000000e-01/1.000000e-01

 Standard Electronic Orientation quadrupole field applied
 Nucleus-field energy     =     0.0000000279 hartrees
 Guess from superposition of atomic densities
 Warning:  Energy on first SCF cycle will be non-variational
 SAD guess density has 104.000000 electrons

 -----------------------------------------------------------------------
  General SCF calculation program by
  Eric Jon Sundstrom, Paul Horn, Yuezhi Mao, Dmitri Zuev, Alec White,
  David Stuck, Shaama M.S., Shane Yost, Joonho Lee, David Small,
  Daniel Levine, Susi Lehtola, Hugh Burton, Evgeny Epifanovsky,
  Bang C. Huynh
 -----------------------------------------------------------------------
 Hartree-Fock
 A restricted SCF calculation will be
 performed using DIIS
 SCF converges when DIIS error is below 1.0e-06
 ---------------------------------------
  Cycle       Energy         DIIS error
 ---------------------------------------
    1   -1186.0299783382      2.39e-02  
    2   -1180.6148125712      1.57e-03  
    3   -1180.7394761607      6.35e-04  
    4   -1180.7545462441      3.48e-04  
    5   -1180.7600798041      5.82e-05  
    6   -1180.7603209853      2.43e-05  
    7   -1180.7603774044      8.56e-06  
    8   -1180.7603897673      4.16e-06  
    9   -1180.7603925130      1.41e-06  
   10   -1180.7603929398      4.94e-07  Convergence criterion met
 ---------------------------------------
 SCF time:   CPU 562.54s  wall 564.00s 

************** Final PCM Free Energy Summary **************
 G_electrostatic  =      -0.00846400 hartree =      -5.31123989 kcal/mol
 G_cavitation     =       0.00000000 hartree =       0.00000000 kcal/mol
 G_dispersion     =       0.00000000 hartree =       0.00000000 kcal/mol
 G_repulsion      =       0.00000000 hartree =       0.00000000 kcal/mol
 --------------------------------------------------
 Non-electrostatic Free Energy =       0.00000000 hartree =       0.00000000 kcal/mol
 Total                         =      -0.00846400 hartree =      -5.31123989 kcal/mol
 --------------------------------------------------
 SCF Energy (H0 + V/2)                       =   -1180.76039294 
 Solute Internal Energy (H0)                 =   -1180.75192894 
 Total Free Energy (H0 + V/2 + non-elec)     =   -1180.76039294 hartree
                                             = -740938.32955138 kcal/mol
***********************************************************

 SCF   energy in the final basis set =    -1180.7603929398
 Total energy in the final basis set =    -1180.7603929398


 --------------------------------------------------------------
  Generalized many-body perturbation theory program
  by Joonho Lee, Fazle Rob, Xintian Feng, Evgeny Epifanovsky

 No regularization used 
 (reg. param. = 0.0000e+00)
  (P|Q)^-1/2 Time:  CPU 1.90 s  wall 1.91 s

 In RI-MP2 calculation: 
 # of frozen core orbitals: 20

 Components of the RIMP2 correlation energy:
        aaaa    correlation energy =        -0.2514066949 a.u.
        abab    correlation energy =        -1.5027545623 a.u.
        bbbb    correlation energy =        -0.2514066949 a.u.
        non-Brillouin singles      =        -0.0000000000 a.u.
        total same-spin energy     =        -0.5028133897 a.u.
        total opposite-spin energy =        -1.5027545623 a.u.

 Total  RIMP2   correlation energy =        -2.0055679520 a.u.
        RIMP2         total energy =     -1182.7659608918 a.u.

 RI-MP2 Energy Time:  CPU 79.52 s  wall 79.82 s
 
 --------------------------------------------------------------
 
                    Orbital Energies (a.u.)
 --------------------------------------------------------------
 
 Alpha MOs
 -- Occupied --
-91.9821 -91.9443 -11.2877 -11.2649 -11.2587 -11.2568 -11.2506 -11.2427
-11.2349 -11.2324 -11.2282 -11.2218  -8.9819  -8.9489  -6.6629  -6.6623
 -6.6617  -6.6303  -6.6292  -6.6279  -1.2006  -1.1527  -1.0597  -1.0270
 -1.0074  -0.9570  -0.9146  -0.9012  -0.8151  -0.7692  -0.7247  -0.7008
 -0.6625  -0.6445  -0.6107  -0.5875  -0.5812  -0.5736  -0.5679  -0.5533
 -0.5423  -0.5333  -0.5146  -0.5074  -0.4905  -0.4831  -0.4582  -0.4490
 -0.3569  -0.3431  -0.3212  -0.2686
 -- Virtual --
  0.1011   0.1320   0.1440   0.1491   0.1580   0.1693   0.1769   0.1817
  0.1956   0.1981   0.2017   0.2055   0.2257   0.2352   0.2381   0.2419
  0.2544   0.2641   0.2757   0.2992   0.3293   0.3356   0.3554   0.3566
  0.3637   0.3716   0.3804   0.3934   0.3962   0.4062   0.4116   0.4264
  0.4398   0.4533   0.4573   0.4672   0.4715   0.4761   0.4812   0.4991
  0.5088   0.5169   0.5229   0.5316   0.5332   0.5406   0.5441   0.5503
  0.5590   0.5779   0.5794   0.5947   0.5969   0.6127   0.6151   0.6193
  0.6234   0.6279   0.6337   0.6395   0.6428   0.6439   0.6486   0.6556
  0.6688   0.6735   0.6877   0.6940   0.6991   0.7016   0.7148   0.7220
  0.7331   0.7465   0.7574   0.7872   0.7900   0.7991   0.8047   0.8242
  0.8297   0.8475   0.8538   0.8682   0.8747   0.8895   0.8942   0.9151
  0.9240   0.9526   0.9584   0.9613   0.9755   0.9932   1.0004   1.0098
  1.0192   1.0269   1.0388   1.0415   1.0595   1.0649   1.0771   1.0829
  1.0847   1.0929   1.1077   1.1197   1.1462   1.1514   1.1535   1.1624
  1.1709   1.1856   1.2005   1.2150   1.2215   1.2275   1.2311   1.2473
  1.2487   1.2667   1.2710   1.2794   1.2810   1.2847   1.2962   1.3057
  1.3316   1.3374   1.3519   1.3673   1.3851   1.3951   1.4019   1.4127
  1.4252   1.4401   1.4421   1.4713   1.4727   1.4766   1.4812   1.4951
  1.5043   1.5155   1.5242   1.5312   1.5316   1.5410   1.5504   1.5617
  1.5646   1.5796   1.5917   1.6003   1.6101   1.6174   1.6277   1.6364
  1.6472   1.6592   1.6714   1.6911   1.7009   1.7200   1.7221   1.7296
  1.7420   1.7556   1.7960   1.8043   1.8086   1.8144   1.8437   1.8569
  1.8886   1.8973   1.9327   1.9439   1.9548   1.9738   1.9916   2.0059
  2.0191   2.0300   2.0424   2.0566   2.0655   2.0849   2.1472   2.1650
  2.1868   2.1960   2.2141   2.2208   2.2391   2.2645   2.2734   2.2775
  2.3174   2.3341   2.3467   2.3535   2.4128   2.4278   2.4551   2.4713
  2.4930   2.5121   2.5397   2.5585   2.5701   2.5877   2.6027   2.6266
  2.6368   2.6455   2.6557   2.6690   2.6847   2.6909   2.7106   2.7241
  2.7284   2.7491   2.7564   2.7657   2.7720   2.7799   2.8026   2.8087
  2.8250   2.8491   2.8556   2.8820   2.8934   2.9037   2.9178   2.9223
  2.9365   2.9476   2.9516   2.9683   2.9970   3.0113   3.0299   3.0350
  3.0568   3.0666   3.0886   3.0972   3.1137   3.1178   3.1289   3.1440
  3.1459   3.1529   3.1648   3.1736   3.1869   3.1942   3.2120   3.2251
  3.2313   3.2404   3.2503   3.2685   3.2787   3.2840   3.2924   3.3072
  3.3094   3.3229   3.3274   3.3352   3.3428   3.3456   3.3507   3.3698
  3.3769   3.3849   3.3905   3.3938   3.3980   3.4121   3.4226   3.4306
  3.4385   3.4492   3.4518   3.4586   3.4718   3.4791   3.4937   3.4996
  3.5157   3.5175   3.5306   3.5366   3.5446   3.5550   3.5622   3.5781
  3.5843   3.5988   3.6123   3.6207   3.6281   3.6424   3.6460   3.6503
  3.6630   3.6876   3.6973   3.7024   3.7180   3.7202   3.7291   3.7381
  3.7413   3.7619   3.7743   3.7779   3.7828   3.7972   3.8037   3.8107
  3.8258   3.8334   3.8528   3.8655   3.8682   3.9006   3.9102   3.9170
  3.9315   3.9460   3.9582   3.9740   3.9765   3.9886   4.0001   4.0167
  4.0236   4.0379   4.0493   4.0610   4.0748   4.0924   4.1037   4.1106
  4.1197   4.1365   4.1456   4.1484   4.1562   4.1722   4.1776   4.1914
  4.2044   4.2139   4.2301   4.2434   4.2534   4.2707   4.2758   4.2847
  4.2889   4.3014   4.3158   4.3330   4.3412   4.3471   4.3592   4.3631
  4.3818   4.3896   4.4021   4.4069   4.4122   4.4248   4.4305   4.4523
  4.4653   4.4737   4.4793   4.4879   4.5112   4.5323   4.5445   4.5539
  4.5777   4.5962   4.6132   4.6162   4.6380   4.6427   4.6579   4.6733
  4.7048   4.7218   4.7321   4.7512   4.7773   4.8088   4.8331   4.8391
  4.8586   4.8650   4.8813   4.9002   4.9353   4.9617   4.9807   4.9998
  5.0174   5.0434   5.0785   5.0952   5.1193   5.1257   5.1631   5.1726
  5.1928   5.2239   5.2462   5.2676   5.2817   5.2892   5.3073   5.3181
  5.3428   5.3713   5.3826   5.3913   5.4060   5.4256   5.4399   5.4500
  5.4737   5.5139   5.5211   5.5448   5.5483   5.5607   5.5715   5.5833
  5.6237   5.6345   5.6478   5.6749   5.6794   5.6994   5.7103   5.7165
  5.7634   5.7866   5.8385   5.9906   6.0028   6.1257   6.1398   6.1514
  6.2195   6.2200   6.2275   6.2481   6.2627   6.2833   6.3152   6.3239
  6.3972   6.5109   9.5249  10.7008  12.0225  12.9798  13.1892  13.9686
 14.1381  14.2828  14.3303  14.7247
 --------------------------------------------------------------
 
          Ground-State Mulliken Net Atomic Charges

     Atom                 Charge (a.u.)
  ----------------------------------------
      1 C                    -0.077029
      2 C                    -0.323355
      3 C                    -0.034766
      4 H                     0.178010
      5 C                     0.108190
      6 S                    -0.176139
      7 C                    -0.285848
      8 H                     0.116131
      9 H                     0.109687
     10 H                     0.110562
     11 C                    -0.046901
     12 C                    -0.285636
     13 C                     0.031066
     14 H                     0.182963
     15 C                    -0.262029
     16 S                     0.007370
     17 C                    -0.272580
     18 H                     0.102619
     19 H                     0.107792
     20 H                     0.108671
     21 H                     0.195553
     22 H                     0.114009
     23 H                     0.110808
     24 H                     0.180852
  ----------------------------------------
  Sum of atomic charges =     0.000000

 -----------------------------------------------------------------
                    Cartesian Multipole Moments
 -----------------------------------------------------------------
    Charge (ESU x 10^10)
                -0.0000
    Dipole Moment (Debye)
         X      -2.2277      Y      -0.0834      Z       0.1125
       Tot       2.2321
    Quadrupole Moments (Debye-Ang)
        XX     -91.9454     XY       3.4297     YY     -73.4697
        XZ       0.1260     YZ       2.9777     ZZ     -85.5528
    Octopole Moments (Debye-Ang^2)
       XXX       0.9452    XXY      42.5428    XYY      -0.7128
       YYY     118.3675    XXZ      -3.5410    XYZ      -2.5778
       YYZ      -0.6290    XZZ      -3.2486    YZZ      51.0030
       ZZZ       1.9316
    Hexadecapole Moments (Debye-Ang^3)
      XXXX    -379.3917   XXXY       6.8249   XXYY    -583.3147
      XYYY       2.1626   YYYY   -2775.7721   XXXZ    -140.9554
      XXYZ     -18.2569   XYYZ     -30.9660   YYYZ    -110.1168
      XXZZ    -211.5836   XYZZ      14.8871   YYZZ    -632.3721
      XZZZ    -136.4324   YZZZ     -83.5377   ZZZZ    -871.8962
 -----------------------------------------------------------------
 Total job time:  646.46s(wall), 642.97s(cpu) 
 Sun Jul 10 04:53:34 2022

        *************************************************************
        *                                                           *
        *  Thank you very much for using Q-Chem.  Have a nice day.  *
        *                                                           *
        *************************************************************


remove work dirs ./qchem3588876.0 -- ./qchem3588876.-1
rm -rf ./qchem3588876
You are running Q-Chem version: 5.4.0

#
# job setting
#
local host:  exp-2-18
current dir: /expanse/lustre/scratch/theleonzhang/temp_project/Hydrogenated_Rotation_Test
input file:  Methylthiophene_Phi_0_Theta_320_Methylthiophene_Hydrogenated.qcin
output file: 
nprocs     : 0
nthreads   : 1
#
# qchem installation setting
#
QC:          /cm/shared/apps/spack/cpu/opt/spack/linux-centos8-zen2/gcc-10.2.0/qchem-5.4-akfmr7b3t57bfs6qan3padb2wnb2i7cl
QCAUX:       /cm/shared/apps/spack/cpu/opt/spack/linux-centos8-zen2/gcc-10.2.0/qchem-5.4-akfmr7b3t57bfs6qan3padb2wnb2i7cl/qcaux
QCPROG:      /cm/shared/apps/spack/cpu/opt/spack/linux-centos8-zen2/gcc-10.2.0/qchem-5.4-akfmr7b3t57bfs6qan3padb2wnb2i7cl/exe/qcprog.exe_s
QCPROG_S:    /cm/shared/apps/spack/cpu/opt/spack/linux-centos8-zen2/gcc-10.2.0/qchem-5.4-akfmr7b3t57bfs6qan3padb2wnb2i7cl/exe/qcprog.exe_s
PARALLEL:    -DSERIAL
QCMPI:       mpich
#
# qchem directory setting
#
qcrun:       qchem1967530
QCSCRATCH:   .
QCLOCALSCR:  
QCTMPDIR:    .
QCFILEPREF:  ./qchem1967530
QCSAVEDIR:   
workdirs:    ./qchem1967530
workdir0:    ./qchem1967530
partmpdirs =  
#
# parallel setting
#
QCRSH:           ssh
QCMPI:           mpich
QCMPIRUN:        /cm/shared/apps/spack/cpu/opt/spack/linux-centos8-zen2/gcc-10.2.0/qchem-5.4-akfmr7b3t57bfs6qan3padb2wnb2i7cl/bin/mpi/mpirun_qchem
QCMACHINEFILE:   ./qchem1967530/hostfile

#
# env setting
#
exported envs:   QC QCAUX QCSCRATCH QCRUNNAME QCFILEPREF QCPROG QCPROG_S GUIFILE

Running Job 1 of 1 Methylthiophene_Phi_0_Theta_320_Methylthiophene_Hydrogenated.qcin
qchem Methylthiophene_Phi_0_Theta_320_Methylthiophene_Hydrogenated.qcin_1967530.0 ./qchem1967530/ 0
/cm/shared/apps/spack/cpu/opt/spack/linux-centos8-zen2/gcc-10.2.0/qchem-5.4-akfmr7b3t57bfs6qan3padb2wnb2i7cl/exe/qcprog.exe_s Methylthiophene_Phi_0_Theta_320_Methylthiophene_Hydrogenated.qcin_1967530.0 ./qchem1967530/
                  Welcome to Q-Chem
     A Quantum Leap Into The Future Of Chemistry


 Q-Chem 5.4, Q-Chem, Inc., Pleasanton, CA (2021)

 License issued to: University of California, San Diego (site)

 E. Epifanovsky,  A. T. B. Gilbert,  Xintian Feng,  Joonho Lee,  Yuezhi Mao,  
 N. Mardirossian,  P. Pokhilko,  A. White,  M. Wormit,  M. P. Coons,  
 A. L. Dempwolff,  Zhengting Gan,  D. Hait,  P. R. Horn,  L. D. Jacobson,  
 I. Kaliman,  J. Kussmann,  A. W. Lange,  Ka Un Lao,  D. S. Levine,  Jie Liu,  
 S. C. McKenzie,  A. F. Morrison,  K. Nanda,  F. Plasser,  D. R. Rehn,  
 M. L. Vidal,  Zhi-Qiang You,  Ying Zhu,  B. Alam,  B. Albrecht,  
 A. Aldossary,  E. Alguire,  J. H. Andersen,  D. Barton,  K. Begam,  A. Behn,  
 Y. A. Bernard,  E. J. Berquist,  H. Burton,  A. Carreras,  K. Carter-Fenk,  
 R. Chakraborty,  A. D. Chien,  K. D. Closser,  V. Cofer-Shabica,  
 S. Dasgupta,  Jia Deng,  M. de Wergifosse,  M. Diedenhofen,  Hainam Do,  
 S. Ehlert,  Po-Tung Fang,  S. Fatehi,  Qingguo Feng,  J. Gayvert,  
 Qinghui Ge,  G. Gidofalvi,  M. Goldey,  J. Gomes,  C. Gonzalez-Espinoza,  
 S. Gulania,  A. Gunina,  M. W. D. Hanson-Heine,  P. H. P. Harbach,  
 A. W. Hauser,  M. F. Herbst,  M. Hernandez Vera,  M. Hodecker,  
 Z. C. Holden,  S. Houck,  Xunkun Huang,  Kerwin Hui,  B. C. Huynh,  
 M. Ivanov,  Hyunjun Ji,  Hanjie Jiang,  B. Kaduk,  S. Kaehler,  
 K. Khistyaev,  Jaehoon Kim,  P. Klunzinger,  Z. Koczor-Benda,  
 Joong Hoon Koh,  D. Kosenkov,  L. Koulias,  T. Kowalczyk,  C. M. Krauter,  
 K. Kue,  A. Kunitsa,  T. Kus,  A. Landau,  K. V. Lawler,  D. Lefrancois,  
 S. Lehtola,  Rain Li,  Yi-Pei Li,  Jiashu Liang,  M. Liebenthal,  
 Hung-Hsuan Lin,  You-Sheng Lin,  Fenglai Liu,  Kuan-Yu Liu,  
 M. Loipersberger,  A. Luenser,  A. Manjanath,  P. Manohar,  E. Mansoor,  
 S. F. Manzer,  Shan-Ping Mao,  A. V. Marenich,  T. Markovich,  S. Mason,  
 S. A. Maurer,  P. F. McLaughlin,  M. F. S. J. Menger,  J.-M. Mewes,  
 S. A. Mewes,  P. Morgante,  J. W. Mullinax,  T. S. Nguyen-Beck,  
 K. J. Oosterbaan,  G. Paran,  Alexander C. Paul,  Suranjan K. Paul,  
 F. Pavosevic,  Zheng Pei,  S. Prager,  E. I. Proynov,  E. Ramos,  B. Rana,  
 A. E. Rask,  A. Rettig,  R. M. Richard,  F. Rob,  E. Rossomme,  T. Scheele,  
 M. Scheurer,  M. Schneider,  N. Sergueev,  S. M. Sharada,  W. Skomorowski,  
 D. W. Small,  C. J. Stein,  Yu-Chuan Su,  E. J. Sundstrom,  Zhen Tao,  
 J. Thirman,  T. Tsuchimochi,  N. M. Tubman,  S. P. Veccham,  O. Vydrov,  
 J. Wenzel,  J. Witte,  A. Yamada,  Kun Yao,  S. Yeganeh,  S. R. Yost,  
 A. Zech,  Igor Ying Zhang,  Xing Zhang,  Yu Zhang,  D. Zuev,  
 A. Aspuru-Guzik,  A. T. Bell,  N. A. Besley,  K. B. Bravaya,  B. R. Brooks,  
 D. Casanova,  Jeng-Da Chai,  S. Coriani,  C. J. Cramer,  
 A. E. DePrince, III,  R. A. DiStasio Jr.,  A. Dreuw,  B. D. Dunietz,  
 T. R. Furlani,  W. A. Goddard III,  S. Grimme,  S. Hammes-Schiffer,  
 T. Head-Gordon,  W. J. Hehre,  Chao-Ping Hsu,  T.-C. Jagau,  Yousung Jung,  
 A. Klamt,  Jing Kong,  D. S. Lambrecht,  WanZhen Liang,  N. J. Mayhall,  
 C. W. McCurdy,  J. B. Neaton,  C. Ochsenfeld,  J. A. Parkhill,  R. Peverati,  
 V. A. Rassolov,  Yihan Shao,  L. V. Slipchenko,  T. Stauch,  R. P. Steele,  
 J. E. Subotnik,  A. J. W. Thom,  A. Tkatchenko,  D. G. Truhlar,  
 T. Van Voorhis,  T. A. Wesolowski,  K. B. Whaley,  H. L. Woodcock III,  
 P. M. Zimmerman,  S. Faraji,  P. M. W. Gill,  M. Head-Gordon,  
 J. M. Herbert,  A. I. Krylov

 Contributors to earlier versions of Q-Chem not listed above: 
 R. D. Adamson,  B. Austin,  R. Baer,  J. Baker,  G. J. O. Beran,  
 K. Brandhorst,  S. T. Brown,  E. F. C. Byrd,  A. K. Chakraborty,  
 G. K. L. Chan,  Chun-Min Chang,  Yunqing Chen,  C.-L. Cheng,  
 Siu Hung Chien,  D. M. Chipman,  D. L. Crittenden,  H. Dachsel,  
 R. J. Doerksen,  A. D. Dutoi,  R. G. Edgar,  J. Fosso-Tande,  
 L. Fusti-Molnar,  D. Ghosh,  A. Ghysels,  A. Golubeva-Zadorozhnaya,  
 J. Gonthier,  M. S. Gordon,  S. R. Gwaltney,  G. Hawkins,  J. E. Herr,  
 A. Heyden,  S. Hirata,  E. G. Hohenstein,  G. Kedziora,  F. J. Keil,  
 C. Kelley,  Jihan Kim,  R. A. King,  R. Z. Khaliullin,  P. P. Korambath,  
 W. Kurlancheek,  A. Laurent,  A. M. Lee,  M. S. Lee,  S. V. Levchenko,  
 Ching Yeh Lin,  D. Liotard,  E. Livshits,  R. C. Lochan,  I. Lotan,  
 L. A. Martinez-Martinez,  P. E. Maslen,  N. Nair,  D. P. O'Neill,  
 D. Neuhauser,  E. Neuscamman,  C. M. Oana,  R. Olivares-Amaya,  R. Olson,  
 T. M. Perrine,  B. Peters,  P. A. Pieniazek,  A. Prociuk,  Y. M. Rhee,  
 J. Ritchie,  M. A. Rohrdanz,  E. Rosta,  N. J. Russ,  H. F. Schaefer III,  
 M. W. Schmidt,  N. E. Schultz,  S. Sharma,  N. Shenvi,  C. D. Sherrill,  
 A. C. Simmonett,  A. Sodt,  T. Stein,  D. Stuck,  K. S. Thanthiriwatte,  
 V. Vanovschi,  L. Vogt,  Tao Wang,  A. Warshel,  M. A. Watson,  
 C. F. Williams,  Q. Wu,  X. Xu,  Jun Yang,  W. Zhang,  Yan Zhao

 Please cite Q-Chem as follows:
 Y. Shao et al., Mol. Phys. 113, 184-215 (2015)
 DOI: 10.1080/00268976.2014.952696

 Q-Chem 5.4.0 for Intel X86 EM64T Linux

 Parts of Q-Chem use Armadillo 9.800.1 (Horizon Scraper).
 http://arma.sourceforge.net/

 Q-Chem begins on Sun Jul 10 05:15:51 2022  

 Host: 
0

     Scratch files written to ./qchem1967530//
 May1621 |scratch|qcdevops|jenkins|workspace|build_RNUM    
 Processing $rem in /cm/shared/apps/spack/cpu/opt/spack/linux-centos8-zen2/gcc-10.2.0/qchem-5.4-akfmr7b3t57bfs6qan3padb2wnb2i7cl/config/preferences:
 Processing $rem in /home/theleonzhang/.qchemrc:
 Symmetry turned off for PCM/SM12/SMD calculation
 Core orbitals will be frozen

 Checking the input file for inconsistencies... 	...done.

--------------------------------------------------------------
User input:
--------------------------------------------------------------
$molecule
0 1
C	0.497696	-3.866725	0.594240
C	-0.393981	-3.703963	-0.469057
C	-0.685571	-2.357056	-0.817136
H	-0.837848	-4.561092	-0.997777
C	0.000000	-1.440664	0.000000
S	0.992782	-2.286957	1.183137
C	-1.620802	-1.978743	-1.932056
H	-2.035506	-2.878678	-2.426166
H	-1.109943	-1.376015	-2.711806
H	-2.477350	-1.375728	-1.564678
C	0.000000	0.000000	0.000000
C	0.000033	0.863600	1.099446
C	0.000052	2.247508	0.776721
H	0.000026	0.494801	2.136088
C	0.000074	2.468165	-0.612546
S	0.000024	0.942399	-1.486809
C	0.000075	3.335257	1.814609
H	0.000074	2.909620	2.836676
H	-0.892314	3.989552	1.726239
H	0.892483	3.989525	1.726228
H	0.000094	3.417382	-1.161575
H	1.406441	-4.392713	0.281143
H	0.031265	-4.392347	1.434879
H	-0.827402	-1.440391	0.694122
$end

$rem
JOBTYPE		SP
EXCHANGE	HF
CORRELATION	pRIMP2
BASIS		cc-pvtz
METHOD		rimp2
AUX_BASIS	rimp2-cc-pvtz
SOLVENT_METHOD	PCM
PURECART	11111
SYMMETRY	false
MEM_TOTAL	110000
SCF_CONVERGENCE = 6
THRESH=10
$end



$solvent
dielectric 4.90
$end
--------------------------------------------------------------
 ----------------------------------------------------------------
             Standard Nuclear Orientation (Angstroms)
    I     Atom           X                Y                Z
 ----------------------------------------------------------------
    1      C       0.4976960000    -3.8667250000     0.5942400000
    2      C      -0.3939810000    -3.7039630000    -0.4690570000
    3      C      -0.6855710000    -2.3570560000    -0.8171360000
    4      H      -0.8378480000    -4.5610920000    -0.9977770000
    5      C       0.0000000000    -1.4406640000     0.0000000000
    6      S       0.9927820000    -2.2869570000     1.1831370000
    7      C      -1.6208020000    -1.9787430000    -1.9320560000
    8      H      -2.0355060000    -2.8786780000    -2.4261660000
    9      H      -1.1099430000    -1.3760150000    -2.7118060000
   10      H      -2.4773500000    -1.3757280000    -1.5646780000
   11      C       0.0000000000     0.0000000000     0.0000000000
   12      C       0.0000330000     0.8636000000     1.0994460000
   13      C       0.0000520000     2.2475080000     0.7767210000
   14      H       0.0000260000     0.4948010000     2.1360880000
   15      C       0.0000740000     2.4681650000    -0.6125460000
   16      S       0.0000240000     0.9423990000    -1.4868090000
   17      C       0.0000750000     3.3352570000     1.8146090000
   18      H       0.0000740000     2.9096200000     2.8366760000
   19      H      -0.8923140000     3.9895520000     1.7262390000
   20      H       0.8924830000     3.9895250000     1.7262280000
   21      H       0.0000940000     3.4173820000    -1.1615750000
   22      H       1.4064410000    -4.3927130000     0.2811430000
   23      H       0.0312650000    -4.3923470000     1.4348790000
   24      H      -0.8274020000    -1.4403910000     0.6941220000
 ----------------------------------------------------------------
 Nuclear Repulsion Energy =         873.90379000 hartrees
 There are       52 alpha and       52 beta electrons

 Q-Chem warning in module forms1/BasisType.C, line 2236:

 You are not using the predefined 5D/6D in this basis set.

 Requested basis set is cc-pVTZ
 There are 196 shells and 536 basis functions

 Total QAlloc Memory Limit 110000 MB
 Mega-Array Size       188 MB
 MEM_STATIC part       192 MB
 Discretize the solute cavity surface with Lebedev spheres
	Using 110 Lebedev grid points for each H atom
	Using 194 Lebedev grid points for other atoms
	Atomic van der Waals radii will be scaled by 1.20
 Remove points where switching function is < 1.0e-08
 Keep 1597 surface tesserae and discard 2051 interior tesserae
 Molecular Surface Area = 234.734 Angst**2
 Requested basis set is rimp2-cc-pVTZ
 There are 414 shells and 1414 basis functions
 A cutoff of  1.0D-10 yielded  13864 shell pairs
 There are    100616 function pairs (    129083 Cartesian)
 Smallest overlap matrix eigenvalue = 5.51E-05

 Scale SEOQF with 1.000000e-01/1.000000e-01/1.000000e-01

 Standard Electronic Orientation quadrupole field applied
 Nucleus-field energy     =     0.0000000279 hartrees
 Guess from superposition of atomic densities
 Warning:  Energy on first SCF cycle will be non-variational
 SAD guess density has 104.000000 electrons

 -----------------------------------------------------------------------
  General SCF calculation program by
  Eric Jon Sundstrom, Paul Horn, Yuezhi Mao, Dmitri Zuev, Alec White,
  David Stuck, Shaama M.S., Shane Yost, Joonho Lee, David Small,
  Daniel Levine, Susi Lehtola, Hugh Burton, Evgeny Epifanovsky,
  Bang C. Huynh
 -----------------------------------------------------------------------
 Hartree-Fock
 A restricted SCF calculation will be
 performed using DIIS
 SCF converges when DIIS error is below 1.0e-06
 ---------------------------------------
  Cycle       Energy         DIIS error
 ---------------------------------------
    1   -1186.0299783382      2.39e-02  
    2   -1180.6148125712      1.57e-03  
    3   -1180.7394761607      6.35e-04  
    4   -1180.7545462441      3.48e-04  
    5   -1180.7600798041      5.82e-05  
    6   -1180.7603209853      2.43e-05  
    7   -1180.7603774044      8.56e-06  
    8   -1180.7603897673      4.16e-06  
    9   -1180.7603925130      1.41e-06  
   10   -1180.7603929398      4.94e-07  Convergence criterion met
 ---------------------------------------
 SCF time:   CPU 567.81s  wall 571.00s 

************** Final PCM Free Energy Summary **************
 G_electrostatic  =      -0.00846400 hartree =      -5.31123989 kcal/mol
 G_cavitation     =       0.00000000 hartree =       0.00000000 kcal/mol
 G_dispersion     =       0.00000000 hartree =       0.00000000 kcal/mol
 G_repulsion      =       0.00000000 hartree =       0.00000000 kcal/mol
 --------------------------------------------------
 Non-electrostatic Free Energy =       0.00000000 hartree =       0.00000000 kcal/mol
 Total                         =      -0.00846400 hartree =      -5.31123989 kcal/mol
 --------------------------------------------------
 SCF Energy (H0 + V/2)                       =   -1180.76039294 
 Solute Internal Energy (H0)                 =   -1180.75192894 
 Total Free Energy (H0 + V/2 + non-elec)     =   -1180.76039294 hartree
                                             = -740938.32955138 kcal/mol
***********************************************************

 SCF   energy in the final basis set =    -1180.7603929398
 Total energy in the final basis set =    -1180.7603929398


 --------------------------------------------------------------
  Generalized many-body perturbation theory program
  by Joonho Lee, Fazle Rob, Xintian Feng, Evgeny Epifanovsky

 No regularization used 
 (reg. param. = 0.0000e+00)
  (P|Q)^-1/2 Time:  CPU 1.90 s  wall 1.91 s

 In RI-MP2 calculation: 
 # of frozen core orbitals: 20

 Components of the RIMP2 correlation energy:
        aaaa    correlation energy =        -0.2514066949 a.u.
        abab    correlation energy =        -1.5027545623 a.u.
        bbbb    correlation energy =        -0.2514066949 a.u.
        non-Brillouin singles      =        -0.0000000000 a.u.
        total same-spin energy     =        -0.5028133897 a.u.
        total opposite-spin energy =        -1.5027545623 a.u.

 Total  RIMP2   correlation energy =        -2.0055679520 a.u.
        RIMP2         total energy =     -1182.7659608918 a.u.

 RI-MP2 Energy Time:  CPU 80.52 s  wall 80.81 s
 
 --------------------------------------------------------------
 
                    Orbital Energies (a.u.)
 --------------------------------------------------------------
 
 Alpha MOs
 -- Occupied --
-91.9821 -91.9443 -11.2877 -11.2649 -11.2587 -11.2568 -11.2506 -11.2427
-11.2349 -11.2324 -11.2282 -11.2218  -8.9819  -8.9489  -6.6629  -6.6623
 -6.6617  -6.6303  -6.6292  -6.6279  -1.2006  -1.1527  -1.0597  -1.0270
 -1.0074  -0.9570  -0.9146  -0.9012  -0.8151  -0.7692  -0.7247  -0.7008
 -0.6625  -0.6445  -0.6107  -0.5875  -0.5812  -0.5736  -0.5679  -0.5533
 -0.5423  -0.5333  -0.5146  -0.5074  -0.4905  -0.4831  -0.4582  -0.4490
 -0.3569  -0.3431  -0.3212  -0.2686
 -- Virtual --
  0.1011   0.1320   0.1440   0.1491   0.1580   0.1693   0.1769   0.1817
  0.1956   0.1981   0.2017   0.2055   0.2257   0.2352   0.2381   0.2419
  0.2544   0.2641   0.2757   0.2992   0.3293   0.3356   0.3554   0.3566
  0.3637   0.3716   0.3804   0.3934   0.3962   0.4062   0.4116   0.4264
  0.4398   0.4533   0.4573   0.4672   0.4715   0.4761   0.4812   0.4991
  0.5088   0.5169   0.5229   0.5316   0.5332   0.5406   0.5441   0.5503
  0.5590   0.5779   0.5794   0.5947   0.5969   0.6127   0.6151   0.6193
  0.6234   0.6279   0.6337   0.6395   0.6428   0.6439   0.6486   0.6556
  0.6688   0.6735   0.6877   0.6940   0.6991   0.7016   0.7148   0.7220
  0.7331   0.7465   0.7574   0.7872   0.7900   0.7991   0.8047   0.8242
  0.8297   0.8475   0.8538   0.8682   0.8747   0.8895   0.8942   0.9151
  0.9240   0.9526   0.9584   0.9613   0.9755   0.9932   1.0004   1.0098
  1.0192   1.0269   1.0388   1.0415   1.0595   1.0649   1.0771   1.0829
  1.0847   1.0929   1.1077   1.1197   1.1462   1.1514   1.1535   1.1624
  1.1709   1.1856   1.2005   1.2150   1.2215   1.2275   1.2311   1.2473
  1.2487   1.2667   1.2710   1.2794   1.2810   1.2847   1.2962   1.3057
  1.3316   1.3374   1.3519   1.3673   1.3851   1.3951   1.4019   1.4127
  1.4252   1.4401   1.4421   1.4713   1.4727   1.4766   1.4812   1.4951
  1.5043   1.5155   1.5242   1.5312   1.5316   1.5410   1.5504   1.5617
  1.5646   1.5796   1.5917   1.6003   1.6101   1.6174   1.6277   1.6364
  1.6472   1.6592   1.6714   1.6911   1.7009   1.7200   1.7221   1.7296
  1.7420   1.7556   1.7960   1.8043   1.8086   1.8144   1.8437   1.8569
  1.8886   1.8973   1.9327   1.9439   1.9548   1.9738   1.9916   2.0059
  2.0191   2.0300   2.0424   2.0566   2.0655   2.0849   2.1472   2.1650
  2.1868   2.1960   2.2141   2.2208   2.2391   2.2645   2.2734   2.2775
  2.3174   2.3341   2.3467   2.3535   2.4128   2.4278   2.4551   2.4713
  2.4930   2.5121   2.5397   2.5585   2.5701   2.5877   2.6027   2.6266
  2.6368   2.6455   2.6557   2.6690   2.6847   2.6909   2.7106   2.7241
  2.7284   2.7491   2.7564   2.7657   2.7720   2.7799   2.8026   2.8087
  2.8250   2.8491   2.8556   2.8820   2.8934   2.9037   2.9178   2.9223
  2.9365   2.9476   2.9516   2.9683   2.9970   3.0113   3.0299   3.0350
  3.0568   3.0666   3.0886   3.0972   3.1137   3.1178   3.1289   3.1440
  3.1459   3.1529   3.1648   3.1736   3.1869   3.1942   3.2120   3.2251
  3.2313   3.2404   3.2503   3.2685   3.2787   3.2840   3.2924   3.3072
  3.3094   3.3229   3.3274   3.3352   3.3428   3.3456   3.3507   3.3698
  3.3769   3.3849   3.3905   3.3938   3.3980   3.4121   3.4226   3.4306
  3.4385   3.4492   3.4518   3.4586   3.4718   3.4791   3.4937   3.4996
  3.5157   3.5175   3.5306   3.5366   3.5446   3.5550   3.5622   3.5781
  3.5843   3.5988   3.6123   3.6207   3.6281   3.6424   3.6460   3.6503
  3.6630   3.6876   3.6973   3.7024   3.7180   3.7202   3.7291   3.7381
  3.7413   3.7619   3.7743   3.7779   3.7828   3.7972   3.8037   3.8107
  3.8258   3.8334   3.8528   3.8655   3.8682   3.9006   3.9102   3.9170
  3.9315   3.9460   3.9582   3.9740   3.9765   3.9886   4.0001   4.0167
  4.0236   4.0379   4.0493   4.0610   4.0748   4.0924   4.1037   4.1106
  4.1197   4.1365   4.1456   4.1484   4.1562   4.1722   4.1776   4.1914
  4.2044   4.2139   4.2301   4.2434   4.2534   4.2707   4.2758   4.2847
  4.2889   4.3014   4.3158   4.3330   4.3412   4.3471   4.3592   4.3631
  4.3818   4.3896   4.4021   4.4069   4.4122   4.4248   4.4305   4.4523
  4.4653   4.4737   4.4793   4.4879   4.5112   4.5323   4.5445   4.5539
  4.5777   4.5962   4.6132   4.6162   4.6380   4.6427   4.6579   4.6733
  4.7048   4.7218   4.7321   4.7512   4.7773   4.8088   4.8331   4.8391
  4.8586   4.8650   4.8813   4.9002   4.9353   4.9617   4.9807   4.9998
  5.0174   5.0434   5.0785   5.0952   5.1193   5.1257   5.1631   5.1726
  5.1928   5.2239   5.2462   5.2676   5.2817   5.2892   5.3073   5.3181
  5.3428   5.3713   5.3826   5.3913   5.4060   5.4256   5.4399   5.4500
  5.4737   5.5139   5.5211   5.5448   5.5483   5.5607   5.5715   5.5833
  5.6237   5.6345   5.6478   5.6749   5.6794   5.6994   5.7103   5.7165
  5.7634   5.7866   5.8385   5.9906   6.0028   6.1257   6.1398   6.1514
  6.2195   6.2200   6.2275   6.2481   6.2627   6.2833   6.3152   6.3239
  6.3972   6.5109   9.5249  10.7008  12.0225  12.9798  13.1892  13.9686
 14.1381  14.2828  14.3303  14.7247
 --------------------------------------------------------------
 
          Ground-State Mulliken Net Atomic Charges

     Atom                 Charge (a.u.)
  ----------------------------------------
      1 C                    -0.077029
      2 C                    -0.323355
      3 C                    -0.034766
      4 H                     0.178010
      5 C                     0.108190
      6 S                    -0.176139
      7 C                    -0.285848
      8 H                     0.116131
      9 H                     0.109687
     10 H                     0.110562
     11 C                    -0.046901
     12 C                    -0.285636
     13 C                     0.031066
     14 H                     0.182963
     15 C                    -0.262029
     16 S                     0.007370
     17 C                    -0.272580
     18 H                     0.102619
     19 H                     0.107792
     20 H                     0.108671
     21 H                     0.195553
     22 H                     0.114009
     23 H                     0.110808
     24 H                     0.180852
  ----------------------------------------
  Sum of atomic charges =     0.000000

 -----------------------------------------------------------------
                    Cartesian Multipole Moments
 -----------------------------------------------------------------
    Charge (ESU x 10^10)
                -0.0000
    Dipole Moment (Debye)
         X      -2.2277      Y      -0.0834      Z       0.1125
       Tot       2.2321
    Quadrupole Moments (Debye-Ang)
        XX     -91.9454     XY       3.4297     YY     -73.4697
        XZ       0.1260     YZ       2.9777     ZZ     -85.5528
    Octopole Moments (Debye-Ang^2)
       XXX       0.9452    XXY      42.5428    XYY      -0.7128
       YYY     118.3675    XXZ      -3.5410    XYZ      -2.5778
       YYZ      -0.6290    XZZ      -3.2486    YZZ      51.0030
       ZZZ       1.9316
    Hexadecapole Moments (Debye-Ang^3)
      XXXX    -379.3917   XXXY       6.8249   XXYY    -583.3147
      XYYY       2.1626   YYYY   -2775.7721   XXXZ    -140.9554
      XXYZ     -18.2569   XYYZ     -30.9660   YYYZ    -110.1168
      XXZZ    -211.5836   XYZZ      14.8871   YYZZ    -632.3721
      XZZZ    -136.4324   YZZZ     -83.5377   ZZZZ    -871.8962
 -----------------------------------------------------------------
 Total job time:  653.67s(wall), 649.25s(cpu) 
 Sun Jul 10 05:26:44 2022

        *************************************************************
        *                                                           *
        *  Thank you very much for using Q-Chem.  Have a nice day.  *
        *                                                           *
        *************************************************************


remove work dirs ./qchem1967530.0 -- ./qchem1967530.-1
rm -rf ./qchem1967530
