You are running Q-Chem version: 5.4.0

#
# job setting
#
local host:  exp-1-30
current dir: /expanse/lustre/scratch/theleonzhang/temp_project/Hydrogenated_Rotation_Test
input file:  Methylthiophene_Phi_60_Theta_320_Methylthiophene_Hydrogenated.qcin
output file: 
nprocs     : 0
nthreads   : 1
#
# qchem installation setting
#
QC:          /cm/shared/apps/spack/cpu/opt/spack/linux-centos8-zen2/gcc-10.2.0/qchem-5.4-akfmr7b3t57bfs6qan3padb2wnb2i7cl
QCAUX:       /cm/shared/apps/spack/cpu/opt/spack/linux-centos8-zen2/gcc-10.2.0/qchem-5.4-akfmr7b3t57bfs6qan3padb2wnb2i7cl/qcaux
QCPROG:      /cm/shared/apps/spack/cpu/opt/spack/linux-centos8-zen2/gcc-10.2.0/qchem-5.4-akfmr7b3t57bfs6qan3padb2wnb2i7cl/exe/qcprog.exe_s
QCPROG_S:    /cm/shared/apps/spack/cpu/opt/spack/linux-centos8-zen2/gcc-10.2.0/qchem-5.4-akfmr7b3t57bfs6qan3padb2wnb2i7cl/exe/qcprog.exe_s
PARALLEL:    -DSERIAL
QCMPI:       mpich
#
# qchem directory setting
#
qcrun:       qchem832766
QCSCRATCH:   .
QCLOCALSCR:  
QCTMPDIR:    .
QCFILEPREF:  ./qchem832766
QCSAVEDIR:   
workdirs:    ./qchem832766
workdir0:    ./qchem832766
partmpdirs =  
#
# parallel setting
#
QCRSH:           ssh
QCMPI:           mpich
QCMPIRUN:        /cm/shared/apps/spack/cpu/opt/spack/linux-centos8-zen2/gcc-10.2.0/qchem-5.4-akfmr7b3t57bfs6qan3padb2wnb2i7cl/bin/mpi/mpirun_qchem
QCMACHINEFILE:   ./qchem832766/hostfile

#
# env setting
#
exported envs:   QC QCAUX QCSCRATCH QCRUNNAME QCFILEPREF QCPROG QCPROG_S GUIFILE

Running Job 1 of 1 Methylthiophene_Phi_60_Theta_320_Methylthiophene_Hydrogenated.qcin
qchem Methylthiophene_Phi_60_Theta_320_Methylthiophene_Hydrogenated.qcin_832766.0 ./qchem832766/ 0
/cm/shared/apps/spack/cpu/opt/spack/linux-centos8-zen2/gcc-10.2.0/qchem-5.4-akfmr7b3t57bfs6qan3padb2wnb2i7cl/exe/qcprog.exe_s Methylthiophene_Phi_60_Theta_320_Methylthiophene_Hydrogenated.qcin_832766.0 ./qchem832766/
                  Welcome to Q-Chem
     A Quantum Leap Into The Future Of Chemistry


 Q-Chem 5.4, Q-Chem, Inc., Pleasanton, CA (2021)

 License issued to: University of California, San Diego (site)

 E. Epifanovsky,  A. T. B. Gilbert,  Xintian Feng,  Joonho Lee,  Yuezhi Mao,  
 N. Mardirossian,  P. Pokhilko,  A. White,  M. Wormit,  M. P. Coons,  
 A. L. Dempwolff,  Zhengting Gan,  D. Hait,  P. R. Horn,  L. D. Jacobson,  
 I. Kaliman,  J. Kussmann,  A. W. Lange,  Ka Un Lao,  D. S. Levine,  Jie Liu,  
 S. C. McKenzie,  A. F. Morrison,  K. Nanda,  F. Plasser,  D. R. Rehn,  
 M. L. Vidal,  Zhi-Qiang You,  Ying Zhu,  B. Alam,  B. Albrecht,  
 A. Aldossary,  E. Alguire,  J. H. Andersen,  D. Barton,  K. Begam,  A. Behn,  
 Y. A. Bernard,  E. J. Berquist,  H. Burton,  A. Carreras,  K. Carter-Fenk,  
 R. Chakraborty,  A. D. Chien,  K. D. Closser,  V. Cofer-Shabica,  
 S. Dasgupta,  Jia Deng,  M. de Wergifosse,  M. Diedenhofen,  Hainam Do,  
 S. Ehlert,  Po-Tung Fang,  S. Fatehi,  Qingguo Feng,  J. Gayvert,  
 Qinghui Ge,  G. Gidofalvi,  M. Goldey,  J. Gomes,  C. Gonzalez-Espinoza,  
 S. Gulania,  A. Gunina,  M. W. D. Hanson-Heine,  P. H. P. Harbach,  
 A. W. Hauser,  M. F. Herbst,  M. Hernandez Vera,  M. Hodecker,  
 Z. C. Holden,  S. Houck,  Xunkun Huang,  Kerwin Hui,  B. C. Huynh,  
 M. Ivanov,  Hyunjun Ji,  Hanjie Jiang,  B. Kaduk,  S. Kaehler,  
 K. Khistyaev,  Jaehoon Kim,  P. Klunzinger,  Z. Koczor-Benda,  
 Joong Hoon Koh,  D. Kosenkov,  L. Koulias,  T. Kowalczyk,  C. M. Krauter,  
 K. Kue,  A. Kunitsa,  T. Kus,  A. Landau,  K. V. Lawler,  D. Lefrancois,  
 S. Lehtola,  Rain Li,  Yi-Pei Li,  Jiashu Liang,  M. Liebenthal,  
 Hung-Hsuan Lin,  You-Sheng Lin,  Fenglai Liu,  Kuan-Yu Liu,  
 M. Loipersberger,  A. Luenser,  A. Manjanath,  P. Manohar,  E. Mansoor,  
 S. F. Manzer,  Shan-Ping Mao,  A. V. Marenich,  T. Markovich,  S. Mason,  
 S. A. Maurer,  P. F. McLaughlin,  M. F. S. J. Menger,  J.-M. Mewes,  
 S. A. Mewes,  P. Morgante,  J. W. Mullinax,  T. S. Nguyen-Beck,  
 K. J. Oosterbaan,  G. Paran,  Alexander C. Paul,  Suranjan K. Paul,  
 F. Pavosevic,  Zheng Pei,  S. Prager,  E. I. Proynov,  E. Ramos,  B. Rana,  
 A. E. Rask,  A. Rettig,  R. M. Richard,  F. Rob,  E. Rossomme,  T. Scheele,  
 M. Scheurer,  M. Schneider,  N. Sergueev,  S. M. Sharada,  W. Skomorowski,  
 D. W. Small,  C. J. Stein,  Yu-Chuan Su,  E. J. Sundstrom,  Zhen Tao,  
 J. Thirman,  T. Tsuchimochi,  N. M. Tubman,  S. P. Veccham,  O. Vydrov,  
 J. Wenzel,  J. Witte,  A. Yamada,  Kun Yao,  S. Yeganeh,  S. R. Yost,  
 A. Zech,  Igor Ying Zhang,  Xing Zhang,  Yu Zhang,  D. Zuev,  
 A. Aspuru-Guzik,  A. T. Bell,  N. A. Besley,  K. B. Bravaya,  B. R. Brooks,  
 D. Casanova,  Jeng-Da Chai,  S. Coriani,  C. J. Cramer,  
 A. E. DePrince, III,  R. A. DiStasio Jr.,  A. Dreuw,  B. D. Dunietz,  
 T. R. Furlani,  W. A. Goddard III,  S. Grimme,  S. Hammes-Schiffer,  
 T. Head-Gordon,  W. J. Hehre,  Chao-Ping Hsu,  T.-C. Jagau,  Yousung Jung,  
 A. Klamt,  Jing Kong,  D. S. Lambrecht,  WanZhen Liang,  N. J. Mayhall,  
 C. W. McCurdy,  J. B. Neaton,  C. Ochsenfeld,  J. A. Parkhill,  R. Peverati,  
 V. A. Rassolov,  Yihan Shao,  L. V. Slipchenko,  T. Stauch,  R. P. Steele,  
 J. E. Subotnik,  A. J. W. Thom,  A. Tkatchenko,  D. G. Truhlar,  
 T. Van Voorhis,  T. A. Wesolowski,  K. B. Whaley,  H. L. Woodcock III,  
 P. M. Zimmerman,  S. Faraji,  P. M. W. Gill,  M. Head-Gordon,  
 J. M. Herbert,  A. I. Krylov

 Contributors to earlier versions of Q-Chem not listed above: 
 R. D. Adamson,  B. Austin,  R. Baer,  J. Baker,  G. J. O. Beran,  
 K. Brandhorst,  S. T. Brown,  E. F. C. Byrd,  A. K. Chakraborty,  
 G. K. L. Chan,  Chun-Min Chang,  Yunqing Chen,  C.-L. Cheng,  
 Siu Hung Chien,  D. M. Chipman,  D. L. Crittenden,  H. Dachsel,  
 R. J. Doerksen,  A. D. Dutoi,  R. G. Edgar,  J. Fosso-Tande,  
 L. Fusti-Molnar,  D. Ghosh,  A. Ghysels,  A. Golubeva-Zadorozhnaya,  
 J. Gonthier,  M. S. Gordon,  S. R. Gwaltney,  G. Hawkins,  J. E. Herr,  
 A. Heyden,  S. Hirata,  E. G. Hohenstein,  G. Kedziora,  F. J. Keil,  
 C. Kelley,  Jihan Kim,  R. A. King,  R. Z. Khaliullin,  P. P. Korambath,  
 W. Kurlancheek,  A. Laurent,  A. M. Lee,  M. S. Lee,  S. V. Levchenko,  
 Ching Yeh Lin,  D. Liotard,  E. Livshits,  R. C. Lochan,  I. Lotan,  
 L. A. Martinez-Martinez,  P. E. Maslen,  N. Nair,  D. P. O'Neill,  
 D. Neuhauser,  E. Neuscamman,  C. M. Oana,  R. Olivares-Amaya,  R. Olson,  
 T. M. Perrine,  B. Peters,  P. A. Pieniazek,  A. Prociuk,  Y. M. Rhee,  
 J. Ritchie,  M. A. Rohrdanz,  E. Rosta,  N. J. Russ,  H. F. Schaefer III,  
 M. W. Schmidt,  N. E. Schultz,  S. Sharma,  N. Shenvi,  C. D. Sherrill,  
 A. C. Simmonett,  A. Sodt,  T. Stein,  D. Stuck,  K. S. Thanthiriwatte,  
 V. Vanovschi,  L. Vogt,  Tao Wang,  A. Warshel,  M. A. Watson,  
 C. F. Williams,  Q. Wu,  X. Xu,  Jun Yang,  W. Zhang,  Yan Zhao

 Please cite Q-Chem as follows:
 Y. Shao et al., Mol. Phys. 113, 184-215 (2015)
 DOI: 10.1080/00268976.2014.952696

 Q-Chem 5.4.0 for Intel X86 EM64T Linux

 Parts of Q-Chem use Armadillo 9.800.1 (Horizon Scraper).
 http://arma.sourceforge.net/

 Q-Chem begins on Sun Jul 10 06:06:04 2022  

 Host: 
0

     Scratch files written to ./qchem832766//
 May1621 |scratch|qcdevops|jenkins|workspace|build_RNUM    
 Processing $rem in /cm/shared/apps/spack/cpu/opt/spack/linux-centos8-zen2/gcc-10.2.0/qchem-5.4-akfmr7b3t57bfs6qan3padb2wnb2i7cl/config/preferences:
 Processing $rem in /home/theleonzhang/.qchemrc:
 Symmetry turned off for PCM/SM12/SMD calculation
 Core orbitals will be frozen

 Checking the input file for inconsistencies... 	...done.

--------------------------------------------------------------
User input:
--------------------------------------------------------------
$molecule
0 1
C	0.497696	-3.866725	0.594240
C	-0.393981	-3.703963	-0.469057
C	-0.685571	-2.357056	-0.817136
H	-0.837848	-4.561092	-0.997777
C	0.000000	-1.440664	0.000000
S	0.992782	-2.286957	1.183137
C	-1.620802	-1.978743	-1.932056
H	-2.035506	-2.878678	-2.426166
H	-1.109943	-1.376015	-2.711806
H	-2.477350	-1.375728	-1.564678
C	0.000000	0.000000	0.000000
C	0.747916	0.431772	1.099446
C	1.946425	1.123709	0.776721
H	0.428523	0.247378	2.136088
C	2.137531	1.234018	-0.612546
S	0.816154	0.471179	-1.486809
C	2.888455	1.667564	1.814609
H	2.519842	1.454746	2.836676
H	3.008896	2.767543	1.726239
H	3.901271	1.221850	1.726228
H	2.959587	1.708609	-1.161575
H	1.406441	-4.392713	0.281143
H	0.031265	-4.392347	1.434879
H	-0.827402	-1.440391	0.694122
$end

$rem
JOBTYPE		SP
EXCHANGE	HF
CORRELATION	pRIMP2
BASIS		cc-pvtz
METHOD		rimp2
AUX_BASIS	rimp2-cc-pvtz
SOLVENT_METHOD	PCM
PURECART	11111
SYMMETRY	false
MEM_TOTAL	110000
SCF_CONVERGENCE = 6
THRESH=10
$end



$solvent
dielectric 4.90
$end
--------------------------------------------------------------
 ----------------------------------------------------------------
             Standard Nuclear Orientation (Angstroms)
    I     Atom           X                Y                Z
 ----------------------------------------------------------------
    1      C       0.4976960000    -3.8667250000     0.5942400000
    2      C      -0.3939810000    -3.7039630000    -0.4690570000
    3      C      -0.6855710000    -2.3570560000    -0.8171360000
    4      H      -0.8378480000    -4.5610920000    -0.9977770000
    5      C       0.0000000000    -1.4406640000     0.0000000000
    6      S       0.9927820000    -2.2869570000     1.1831370000
    7      C      -1.6208020000    -1.9787430000    -1.9320560000
    8      H      -2.0355060000    -2.8786780000    -2.4261660000
    9      H      -1.1099430000    -1.3760150000    -2.7118060000
   10      H      -2.4773500000    -1.3757280000    -1.5646780000
   11      C       0.0000000000     0.0000000000     0.0000000000
   12      C       0.7479160000     0.4317720000     1.0994460000
   13      C       1.9464250000     1.1237090000     0.7767210000
   14      H       0.4285230000     0.2473780000     2.1360880000
   15      C       2.1375310000     1.2340180000    -0.6125460000
   16      S       0.8161540000     0.4711790000    -1.4868090000
   17      C       2.8884550000     1.6675640000     1.8146090000
   18      H       2.5198420000     1.4547460000     2.8366760000
   19      H       3.0088960000     2.7675430000     1.7262390000
   20      H       3.9012710000     1.2218500000     1.7262280000
   21      H       2.9595870000     1.7086090000    -1.1615750000
   22      H       1.4064410000    -4.3927130000     0.2811430000
   23      H       0.0312650000    -4.3923470000     1.4348790000
   24      H      -0.8274020000    -1.4403910000     0.6941220000
 ----------------------------------------------------------------
 Nuclear Repulsion Energy =         902.43052198 hartrees
 There are       52 alpha and       52 beta electrons

 Q-Chem warning in module forms1/BasisType.C, line 2236:

 You are not using the predefined 5D/6D in this basis set.

 Requested basis set is cc-pVTZ
 There are 196 shells and 536 basis functions

 Total QAlloc Memory Limit 110000 MB
 Mega-Array Size       188 MB
 MEM_STATIC part       192 MB
 Discretize the solute cavity surface with Lebedev spheres
	Using 110 Lebedev grid points for each H atom
	Using 194 Lebedev grid points for other atoms
	Atomic van der Waals radii will be scaled by 1.20
 Remove points where switching function is < 1.0e-08
 Keep 1565 surface tesserae and discard 2083 interior tesserae
 Molecular Surface Area = 229.961 Angst**2
 Requested basis set is rimp2-cc-pVTZ
 There are 414 shells and 1414 basis functions
 A cutoff of  1.0D-10 yielded  14428 shell pairs
 There are    104674 function pairs (    134230 Cartesian)
 Smallest overlap matrix eigenvalue = 6.33E-05

 Scale SEOQF with 1.000000e-01/1.000000e-01/1.000000e-01

 Standard Electronic Orientation quadrupole field applied
 Nucleus-field energy     =     0.0000000224 hartrees
 Guess from superposition of atomic densities
 Warning:  Energy on first SCF cycle will be non-variational
 SAD guess density has 104.000000 electrons

 -----------------------------------------------------------------------
  General SCF calculation program by
  Eric Jon Sundstrom, Paul Horn, Yuezhi Mao, Dmitri Zuev, Alec White,
  David Stuck, Shaama M.S., Shane Yost, Joonho Lee, David Small,
  Daniel Levine, Susi Lehtola, Hugh Burton, Evgeny Epifanovsky,
  Bang C. Huynh
 -----------------------------------------------------------------------
 Hartree-Fock
 A restricted SCF calculation will be
 performed using DIIS
 SCF converges when DIIS error is below 1.0e-06
 ---------------------------------------
  Cycle       Energy         DIIS error
 ---------------------------------------
    1   -1186.1650412708      2.41e-02  
    2   -1180.5406483073      1.52e-03  
    3   -1180.6662124689      5.12e-04  
    4   -1180.6791653849      2.62e-04  
    5   -1180.6824010339      5.21e-05  
    6   -1180.6826402211      2.27e-05  
    7   -1180.6827058782      1.16e-05  
    8   -1180.6827275634      5.35e-06  
    9   -1180.6827343035      2.63e-06  
   10   -1180.6827356861      9.69e-07  Convergence criterion met
 ---------------------------------------
 SCF time:   CPU 606.93s  wall 610.00s 

************** Final PCM Free Energy Summary **************
 G_electrostatic  =      -0.00901590 hartree =      -5.65755973 kcal/mol
 G_cavitation     =       0.00000000 hartree =       0.00000000 kcal/mol
 G_dispersion     =       0.00000000 hartree =       0.00000000 kcal/mol
 G_repulsion      =       0.00000000 hartree =       0.00000000 kcal/mol
 --------------------------------------------------
 Non-electrostatic Free Energy =       0.00000000 hartree =       0.00000000 kcal/mol
 Total                         =      -0.00901590 hartree =      -5.65755973 kcal/mol
 --------------------------------------------------
 SCF Energy (H0 + V/2)                       =   -1180.68273569 
 Solute Internal Energy (H0)                 =   -1180.67371979 
 Total Free Energy (H0 + V/2 + non-elec)     =   -1180.68273569 hartree
                                             = -740889.59888919 kcal/mol
***********************************************************

 SCF   energy in the final basis set =    -1180.6827356861
 Total energy in the final basis set =    -1180.6827356861


 --------------------------------------------------------------
  Generalized many-body perturbation theory program
  by Joonho Lee, Fazle Rob, Xintian Feng, Evgeny Epifanovsky

 No regularization used 
 (reg. param. = 0.0000e+00)
  (P|Q)^-1/2 Time:  CPU 1.92 s  wall 1.93 s

 In RI-MP2 calculation: 
 # of frozen core orbitals: 20

 Components of the RIMP2 correlation energy:
        aaaa    correlation energy =        -0.2550446636 a.u.
        abab    correlation energy =        -1.5141338819 a.u.
        bbbb    correlation energy =        -0.2550446636 a.u.
        non-Brillouin singles      =        -0.0000000000 a.u.
        total same-spin energy     =        -0.5100893272 a.u.
        total opposite-spin energy =        -1.5141338819 a.u.

 Total  RIMP2   correlation energy =        -2.0242232091 a.u.
        RIMP2         total energy =     -1182.7069588951 a.u.

 RI-MP2 Energy Time:  CPU 82.40 s  wall 82.75 s
 
 --------------------------------------------------------------
 
                    Orbital Energies (a.u.)
 --------------------------------------------------------------
 
 Alpha MOs
 -- Occupied --
-91.9765 -91.9359 -11.2871 -11.2617 -11.2568 -11.2543 -11.2513 -11.2477
-11.2356 -11.2305 -11.2299 -11.2131  -8.9777  -8.9410  -6.6585  -6.6575
 -6.6573  -6.6223  -6.6213  -6.6199  -1.2052  -1.1539  -1.0584  -1.0253
 -1.0094  -0.9556  -0.9125  -0.9024  -0.8107  -0.7696  -0.7337  -0.6953
 -0.6551  -0.6383  -0.6151  -0.5900  -0.5821  -0.5778  -0.5657  -0.5507
 -0.5392  -0.5361  -0.5159  -0.5069  -0.4887  -0.4619  -0.4500  -0.4394
 -0.3525  -0.3397  -0.3255  -0.2588
 -- Virtual --
  0.0544   0.1341   0.1414   0.1508   0.1605   0.1706   0.1782   0.1822
  0.1917   0.2024   0.2067   0.2108   0.2244   0.2334   0.2403   0.2410
  0.2559   0.2572   0.2704   0.2984   0.3020   0.3227   0.3449   0.3597
  0.3651   0.3736   0.3821   0.3835   0.4059   0.4113   0.4140   0.4255
  0.4328   0.4382   0.4450   0.4649   0.4734   0.4771   0.4822   0.4927
  0.5012   0.5046   0.5189   0.5231   0.5361   0.5419   0.5519   0.5605
  0.5713   0.5828   0.5843   0.5959   0.5966   0.6109   0.6135   0.6194
  0.6252   0.6257   0.6331   0.6371   0.6427   0.6485   0.6524   0.6568
  0.6597   0.6794   0.6850   0.6900   0.7015   0.7096   0.7213   0.7318
  0.7408   0.7509   0.7593   0.7720   0.7880   0.7989   0.8141   0.8255
  0.8366   0.8386   0.8510   0.8650   0.8797   0.8826   0.9080   0.9146
  0.9262   0.9443   0.9535   0.9631   0.9882   0.9964   1.0114   1.0236
  1.0338   1.0391   1.0428   1.0456   1.0624   1.0680   1.0740   1.0843
  1.1007   1.1086   1.1182   1.1388   1.1436   1.1565   1.1645   1.1707
  1.1946   1.1967   1.2091   1.2230   1.2269   1.2291   1.2330   1.2509
  1.2591   1.2616   1.2721   1.2751   1.2841   1.2908   1.3022   1.3190
  1.3283   1.3453   1.3540   1.3701   1.3807   1.3851   1.3952   1.4195
  1.4279   1.4299   1.4453   1.4657   1.4717   1.4734   1.4897   1.4980
  1.5037   1.5112   1.5213   1.5291   1.5410   1.5476   1.5513   1.5559
  1.5652   1.5824   1.5899   1.5954   1.5995   1.6218   1.6346   1.6386
  1.6539   1.6625   1.6742   1.6779   1.7019   1.7241   1.7264   1.7356
  1.7498   1.7651   1.7764   1.7907   1.8017   1.8274   1.8468   1.8701
  1.8859   1.9170   1.9307   1.9497   1.9699   1.9770   1.9892   2.0021
  2.0194   2.0472   2.0545   2.0758   2.0848   2.0996   2.1387   2.1622
  2.1809   2.1945   2.2006   2.2169   2.2235   2.2520   2.2766   2.2847
  2.2983   2.3182   2.3420   2.3805   2.4162   2.4329   2.4433   2.4717
  2.4833   2.5056   2.5249   2.5532   2.5554   2.5852   2.6026   2.6295
  2.6493   2.6639   2.6686   2.6782   2.7005   2.7053   2.7207   2.7366
  2.7462   2.7532   2.7734   2.7865   2.7994   2.8073   2.8137   2.8257
  2.8520   2.8567   2.8793   2.8928   2.9038   2.9046   2.9236   2.9345
  2.9505   2.9569   2.9800   2.9928   3.0009   3.0223   3.0243   3.0342
  3.0506   3.0719   3.1012   3.1107   3.1183   3.1300   3.1356   3.1479
  3.1529   3.1578   3.1750   3.1840   3.1926   3.2031   3.2091   3.2115
  3.2297   3.2344   3.2419   3.2638   3.2671   3.2846   3.2889   3.2969
  3.3139   3.3240   3.3317   3.3410   3.3493   3.3561   3.3684   3.3701
  3.3784   3.3845   3.3894   3.3973   3.4085   3.4117   3.4246   3.4257
  3.4387   3.4544   3.4691   3.4816   3.4933   3.4955   3.5059   3.5153
  3.5245   3.5285   3.5423   3.5581   3.5612   3.5682   3.5787   3.5902
  3.5959   3.6156   3.6213   3.6288   3.6393   3.6430   3.6558   3.6742
  3.6944   3.7024   3.7059   3.7196   3.7250   3.7326   3.7438   3.7545
  3.7592   3.7704   3.7862   3.7886   3.8059   3.8090   3.8222   3.8322
  3.8370   3.8481   3.8646   3.8750   3.8900   3.8940   3.9112   3.9293
  3.9361   3.9497   3.9663   3.9774   3.9909   4.0004   4.0126   4.0278
  4.0291   4.0388   4.0637   4.0763   4.0865   4.0941   4.0997   4.1360
  4.1382   4.1483   4.1565   4.1721   4.1762   4.1892   4.2017   4.2070
  4.2147   4.2273   4.2356   4.2535   4.2589   4.2645   4.2806   4.2871
  4.3006   4.3090   4.3306   4.3415   4.3503   4.3527   4.3604   4.3764
  4.3791   4.4039   4.4088   4.4127   4.4236   4.4372   4.4398   4.4510
  4.4614   4.4778   4.4834   4.4941   4.5053   4.5310   4.5590   4.5765
  4.5928   4.5968   4.6088   4.6280   4.6435   4.6561   4.6651   4.6755
  4.6885   4.7203   4.7338   4.7672   4.7745   4.8097   4.8335   4.8453
  4.8707   4.8787   4.8957   4.9131   4.9308   4.9406   4.9565   5.0084
  5.0402   5.0487   5.0954   5.1070   5.1235   5.1326   5.1475   5.1605
  5.1777   5.2206   5.2270   5.2766   5.2805   5.2999   5.3058   5.3139
  5.3422   5.3639   5.3875   5.3956   5.4055   5.4114   5.4434   5.4511
  5.4652   5.5124   5.5208   5.5398   5.5520   5.5684   5.5726   5.6019
  5.6233   5.6306   5.6367   5.6664   5.6800   5.7021   5.7149   5.7341
  5.7777   5.7984   5.8166   5.9646   6.0229   6.0555   6.0967   6.1290
  6.2060   6.2168   6.2267   6.2317   6.2513   6.2716   6.2930   6.3185
  6.3951   6.4026   9.4798  10.5758  12.6460  12.8507  13.2059  13.8712
 14.1363  14.2579  14.2898  14.7561
 --------------------------------------------------------------
 
          Ground-State Mulliken Net Atomic Charges

     Atom                 Charge (a.u.)
  ----------------------------------------
      1 C                    -0.090023
      2 C                    -0.327275
      3 C                    -0.071619
      4 H                     0.174208
      5 C                     0.101171
      6 S                    -0.196968
      7 C                    -0.283627
      8 H                     0.115231
      9 H                     0.108061
     10 H                     0.105033
     11 C                    -0.159044
     12 C                    -0.148759
     13 C                    -0.004302
     14 H                     0.200178
     15 C                    -0.175798
     16 S                     0.013648
     17 C                    -0.268350
     18 H                     0.104264
     19 H                     0.110311
     20 H                     0.107927
     21 H                     0.200420
     22 H                     0.107634
     23 H                     0.105703
     24 H                     0.171977
  ----------------------------------------
  Sum of atomic charges =     0.000000

 -----------------------------------------------------------------
                    Cartesian Multipole Moments
 -----------------------------------------------------------------
    Charge (ESU x 10^10)
                -0.0000
    Dipole Moment (Debye)
         X       0.5336      Y       0.7862      Z       0.5084
       Tot       1.0776
    Quadrupole Moments (Debye-Ang)
        XX     -82.5146     XY       9.0976     YY     -83.5595
        XZ       0.8696     YZ       2.4972     ZZ     -85.0042
    Octopole Moments (Debye-Ang^2)
       XXX    -154.6840    XXY      99.0772    XYY     -53.9624
       YYY     211.6036    XXZ      -6.1103    XYZ      -3.7583
       YYZ      -0.2090    XZZ     -56.6223    YZZ      84.4896
       ZZZ       5.3799
    Hexadecapole Moments (Debye-Ang^3)
      XXXX   -1055.0463   XXXY    -164.2267   XXYY    -559.8161
      XYYY    -200.1170   YYYY   -2189.9126   XXXZ    -236.3053
      XXYZ     -11.1822   XYYZ     -64.1880   YYYZ     -50.4914
      XXZZ    -314.6978   XYZZ     -44.9442   YYZZ    -533.1433
      XZZZ    -219.3611   YZZZ     -32.2971   ZZZZ    -870.0903
 -----------------------------------------------------------------
 Total job time:  694.64s(wall), 690.26s(cpu) 
 Sun Jul 10 06:17:39 2022

        *************************************************************
        *                                                           *
        *  Thank you very much for using Q-Chem.  Have a nice day.  *
        *                                                           *
        *************************************************************


remove work dirs ./qchem832766.0 -- ./qchem832766.-1
rm -rf ./qchem832766
