You are running Q-Chem version: 5.4.0

#
# job setting
#
local host:  exp-1-30
current dir: /expanse/lustre/scratch/theleonzhang/temp_project/Hydrogenated_Rotation_Test
input file:  Methylthiophene_Phi_60_Theta_220_Methylthiophene_Hydrogenated.qcin
output file: 
nprocs     : 0
nthreads   : 1
#
# qchem installation setting
#
QC:          /cm/shared/apps/spack/cpu/opt/spack/linux-centos8-zen2/gcc-10.2.0/qchem-5.4-akfmr7b3t57bfs6qan3padb2wnb2i7cl
QCAUX:       /cm/shared/apps/spack/cpu/opt/spack/linux-centos8-zen2/gcc-10.2.0/qchem-5.4-akfmr7b3t57bfs6qan3padb2wnb2i7cl/qcaux
QCPROG:      /cm/shared/apps/spack/cpu/opt/spack/linux-centos8-zen2/gcc-10.2.0/qchem-5.4-akfmr7b3t57bfs6qan3padb2wnb2i7cl/exe/qcprog.exe_s
QCPROG_S:    /cm/shared/apps/spack/cpu/opt/spack/linux-centos8-zen2/gcc-10.2.0/qchem-5.4-akfmr7b3t57bfs6qan3padb2wnb2i7cl/exe/qcprog.exe_s
PARALLEL:    -DSERIAL
QCMPI:       mpich
#
# qchem directory setting
#
qcrun:       qchem782611
QCSCRATCH:   .
QCLOCALSCR:  
QCTMPDIR:    .
QCFILEPREF:  ./qchem782611
QCSAVEDIR:   
workdirs:    ./qchem782611
workdir0:    ./qchem782611
partmpdirs =  
#
# parallel setting
#
QCRSH:           ssh
QCMPI:           mpich
QCMPIRUN:        /cm/shared/apps/spack/cpu/opt/spack/linux-centos8-zen2/gcc-10.2.0/qchem-5.4-akfmr7b3t57bfs6qan3padb2wnb2i7cl/bin/mpi/mpirun_qchem
QCMACHINEFILE:   ./qchem782611/hostfile

#
# env setting
#
exported envs:   QC QCAUX QCSCRATCH QCRUNNAME QCFILEPREF QCPROG QCPROG_S GUIFILE

Running Job 1 of 1 Methylthiophene_Phi_60_Theta_220_Methylthiophene_Hydrogenated.qcin
qchem Methylthiophene_Phi_60_Theta_220_Methylthiophene_Hydrogenated.qcin_782611.0 ./qchem782611/ 0
/cm/shared/apps/spack/cpu/opt/spack/linux-centos8-zen2/gcc-10.2.0/qchem-5.4-akfmr7b3t57bfs6qan3padb2wnb2i7cl/exe/qcprog.exe_s Methylthiophene_Phi_60_Theta_220_Methylthiophene_Hydrogenated.qcin_782611.0 ./qchem782611/
                  Welcome to Q-Chem
     A Quantum Leap Into The Future Of Chemistry


 Q-Chem 5.4, Q-Chem, Inc., Pleasanton, CA (2021)

 License issued to: University of California, San Diego (site)

 E. Epifanovsky,  A. T. B. Gilbert,  Xintian Feng,  Joonho Lee,  Yuezhi Mao,  
 N. Mardirossian,  P. Pokhilko,  A. White,  M. Wormit,  M. P. Coons,  
 A. L. Dempwolff,  Zhengting Gan,  D. Hait,  P. R. Horn,  L. D. Jacobson,  
 I. Kaliman,  J. Kussmann,  A. W. Lange,  Ka Un Lao,  D. S. Levine,  Jie Liu,  
 S. C. McKenzie,  A. F. Morrison,  K. Nanda,  F. Plasser,  D. R. Rehn,  
 M. L. Vidal,  Zhi-Qiang You,  Ying Zhu,  B. Alam,  B. Albrecht,  
 A. Aldossary,  E. Alguire,  J. H. Andersen,  D. Barton,  K. Begam,  A. Behn,  
 Y. A. Bernard,  E. J. Berquist,  H. Burton,  A. Carreras,  K. Carter-Fenk,  
 R. Chakraborty,  A. D. Chien,  K. D. Closser,  V. Cofer-Shabica,  
 S. Dasgupta,  Jia Deng,  M. de Wergifosse,  M. Diedenhofen,  Hainam Do,  
 S. Ehlert,  Po-Tung Fang,  S. Fatehi,  Qingguo Feng,  J. Gayvert,  
 Qinghui Ge,  G. Gidofalvi,  M. Goldey,  J. Gomes,  C. Gonzalez-Espinoza,  
 S. Gulania,  A. Gunina,  M. W. D. Hanson-Heine,  P. H. P. Harbach,  
 A. W. Hauser,  M. F. Herbst,  M. Hernandez Vera,  M. Hodecker,  
 Z. C. Holden,  S. Houck,  Xunkun Huang,  Kerwin Hui,  B. C. Huynh,  
 M. Ivanov,  Hyunjun Ji,  Hanjie Jiang,  B. Kaduk,  S. Kaehler,  
 K. Khistyaev,  Jaehoon Kim,  P. Klunzinger,  Z. Koczor-Benda,  
 Joong Hoon Koh,  D. Kosenkov,  L. Koulias,  T. Kowalczyk,  C. M. Krauter,  
 K. Kue,  A. Kunitsa,  T. Kus,  A. Landau,  K. V. Lawler,  D. Lefrancois,  
 S. Lehtola,  Rain Li,  Yi-Pei Li,  Jiashu Liang,  M. Liebenthal,  
 Hung-Hsuan Lin,  You-Sheng Lin,  Fenglai Liu,  Kuan-Yu Liu,  
 M. Loipersberger,  A. Luenser,  A. Manjanath,  P. Manohar,  E. Mansoor,  
 S. F. Manzer,  Shan-Ping Mao,  A. V. Marenich,  T. Markovich,  S. Mason,  
 S. A. Maurer,  P. F. McLaughlin,  M. F. S. J. Menger,  J.-M. Mewes,  
 S. A. Mewes,  P. Morgante,  J. W. Mullinax,  T. S. Nguyen-Beck,  
 K. J. Oosterbaan,  G. Paran,  Alexander C. Paul,  Suranjan K. Paul,  
 F. Pavosevic,  Zheng Pei,  S. Prager,  E. I. Proynov,  E. Ramos,  B. Rana,  
 A. E. Rask,  A. Rettig,  R. M. Richard,  F. Rob,  E. Rossomme,  T. Scheele,  
 M. Scheurer,  M. Schneider,  N. Sergueev,  S. M. Sharada,  W. Skomorowski,  
 D. W. Small,  C. J. Stein,  Yu-Chuan Su,  E. J. Sundstrom,  Zhen Tao,  
 J. Thirman,  T. Tsuchimochi,  N. M. Tubman,  S. P. Veccham,  O. Vydrov,  
 J. Wenzel,  J. Witte,  A. Yamada,  Kun Yao,  S. Yeganeh,  S. R. Yost,  
 A. Zech,  Igor Ying Zhang,  Xing Zhang,  Yu Zhang,  D. Zuev,  
 A. Aspuru-Guzik,  A. T. Bell,  N. A. Besley,  K. B. Bravaya,  B. R. Brooks,  
 D. Casanova,  Jeng-Da Chai,  S. Coriani,  C. J. Cramer,  
 A. E. DePrince, III,  R. A. DiStasio Jr.,  A. Dreuw,  B. D. Dunietz,  
 T. R. Furlani,  W. A. Goddard III,  S. Grimme,  S. Hammes-Schiffer,  
 T. Head-Gordon,  W. J. Hehre,  Chao-Ping Hsu,  T.-C. Jagau,  Yousung Jung,  
 A. Klamt,  Jing Kong,  D. S. Lambrecht,  WanZhen Liang,  N. J. Mayhall,  
 C. W. McCurdy,  J. B. Neaton,  C. Ochsenfeld,  J. A. Parkhill,  R. Peverati,  
 V. A. Rassolov,  Yihan Shao,  L. V. Slipchenko,  T. Stauch,  R. P. Steele,  
 J. E. Subotnik,  A. J. W. Thom,  A. Tkatchenko,  D. G. Truhlar,  
 T. Van Voorhis,  T. A. Wesolowski,  K. B. Whaley,  H. L. Woodcock III,  
 P. M. Zimmerman,  S. Faraji,  P. M. W. Gill,  M. Head-Gordon,  
 J. M. Herbert,  A. I. Krylov

 Contributors to earlier versions of Q-Chem not listed above: 
 R. D. Adamson,  B. Austin,  R. Baer,  J. Baker,  G. J. O. Beran,  
 K. Brandhorst,  S. T. Brown,  E. F. C. Byrd,  A. K. Chakraborty,  
 G. K. L. Chan,  Chun-Min Chang,  Yunqing Chen,  C.-L. Cheng,  
 Siu Hung Chien,  D. M. Chipman,  D. L. Crittenden,  H. Dachsel,  
 R. J. Doerksen,  A. D. Dutoi,  R. G. Edgar,  J. Fosso-Tande,  
 L. Fusti-Molnar,  D. Ghosh,  A. Ghysels,  A. Golubeva-Zadorozhnaya,  
 J. Gonthier,  M. S. Gordon,  S. R. Gwaltney,  G. Hawkins,  J. E. Herr,  
 A. Heyden,  S. Hirata,  E. G. Hohenstein,  G. Kedziora,  F. J. Keil,  
 C. Kelley,  Jihan Kim,  R. A. King,  R. Z. Khaliullin,  P. P. Korambath,  
 W. Kurlancheek,  A. Laurent,  A. M. Lee,  M. S. Lee,  S. V. Levchenko,  
 Ching Yeh Lin,  D. Liotard,  E. Livshits,  R. C. Lochan,  I. Lotan,  
 L. A. Martinez-Martinez,  P. E. Maslen,  N. Nair,  D. P. O'Neill,  
 D. Neuhauser,  E. Neuscamman,  C. M. Oana,  R. Olivares-Amaya,  R. Olson,  
 T. M. Perrine,  B. Peters,  P. A. Pieniazek,  A. Prociuk,  Y. M. Rhee,  
 J. Ritchie,  M. A. Rohrdanz,  E. Rosta,  N. J. Russ,  H. F. Schaefer III,  
 M. W. Schmidt,  N. E. Schultz,  S. Sharma,  N. Shenvi,  C. D. Sherrill,  
 A. C. Simmonett,  A. Sodt,  T. Stein,  D. Stuck,  K. S. Thanthiriwatte,  
 V. Vanovschi,  L. Vogt,  Tao Wang,  A. Warshel,  M. A. Watson,  
 C. F. Williams,  Q. Wu,  X. Xu,  Jun Yang,  W. Zhang,  Yan Zhao

 Please cite Q-Chem as follows:
 Y. Shao et al., Mol. Phys. 113, 184-215 (2015)
 DOI: 10.1080/00268976.2014.952696

 Q-Chem 5.4.0 for Intel X86 EM64T Linux

 Parts of Q-Chem use Armadillo 9.800.1 (Horizon Scraper).
 http://arma.sourceforge.net/

 Q-Chem begins on Sun Jul 10 04:08:48 2022  

 Host: 
0

     Scratch files written to ./qchem782611//
 May1621 |scratch|qcdevops|jenkins|workspace|build_RNUM    
 Processing $rem in /cm/shared/apps/spack/cpu/opt/spack/linux-centos8-zen2/gcc-10.2.0/qchem-5.4-akfmr7b3t57bfs6qan3padb2wnb2i7cl/config/preferences:
 Processing $rem in /home/theleonzhang/.qchemrc:
 Symmetry turned off for PCM/SM12/SMD calculation
 Core orbitals will be frozen

 Checking the input file for inconsistencies... 	...done.

--------------------------------------------------------------
User input:
--------------------------------------------------------------
$molecule
0 1
C	0.498788	-3.866725	-0.593324
C	-0.393517	-3.703963	0.469446
C	-0.685674	-2.357056	0.817050
H	-0.837128	-4.561092	0.998381
C	0.000000	-1.440664	0.000000
S	0.992768	-2.286957	-1.183149
C	-1.621254	-1.978743	1.931676
H	-2.035845	-2.878678	2.425882
H	-2.477868	-1.376015	1.563980
H	-1.110719	-1.375728	2.711417
C	0.000000	0.000000	0.000000
C	0.747916	0.431772	1.099446
C	1.946425	1.123709	0.776721
H	0.428523	0.247378	2.136088
C	2.137531	1.234018	-0.612546
S	0.816154	0.471179	-1.486809
C	2.888455	1.667564	1.814609
H	2.519842	1.454746	2.836676
H	3.008896	2.767543	1.726239
H	3.901271	1.221850	1.726228
H	2.959587	1.708609	-1.161575
H	0.032646	-4.392713	-1.433894
H	1.407651	-4.392347	-0.279954
H	-0.827254	-1.440937	-0.694299
$end

$rem
JOBTYPE		SP
EXCHANGE	HF
CORRELATION	pRIMP2
BASIS		cc-pvtz
METHOD		rimp2
AUX_BASIS	rimp2-cc-pvtz
SOLVENT_METHOD	PCM
PURECART	11111
SYMMETRY	false
MEM_TOTAL	110000
SCF_CONVERGENCE = 6
THRESH=10
$end



$solvent
dielectric 4.90
$end
--------------------------------------------------------------
 ----------------------------------------------------------------
             Standard Nuclear Orientation (Angstroms)
    I     Atom           X                Y                Z
 ----------------------------------------------------------------
    1      C       0.4987880000    -3.8667250000    -0.5933240000
    2      C      -0.3935170000    -3.7039630000     0.4694460000
    3      C      -0.6856740000    -2.3570560000     0.8170500000
    4      H      -0.8371280000    -4.5610920000     0.9983810000
    5      C       0.0000000000    -1.4406640000     0.0000000000
    6      S       0.9927680000    -2.2869570000    -1.1831490000
    7      C      -1.6212540000    -1.9787430000     1.9316760000
    8      H      -2.0358450000    -2.8786780000     2.4258820000
    9      H      -2.4778680000    -1.3760150000     1.5639800000
   10      H      -1.1107190000    -1.3757280000     2.7114170000
   11      C       0.0000000000     0.0000000000     0.0000000000
   12      C       0.7479160000     0.4317720000     1.0994460000
   13      C       1.9464250000     1.1237090000     0.7767210000
   14      H       0.4285230000     0.2473780000     2.1360880000
   15      C       2.1375310000     1.2340180000    -0.6125460000
   16      S       0.8161540000     0.4711790000    -1.4868090000
   17      C       2.8884550000     1.6675640000     1.8146090000
   18      H       2.5198420000     1.4547460000     2.8366760000
   19      H       3.0088960000     2.7675430000     1.7262390000
   20      H       3.9012710000     1.2218500000     1.7262280000
   21      H       2.9595870000     1.7086090000    -1.1615750000
   22      H       0.0326460000    -4.3927130000    -1.4338940000
   23      H       1.4076510000    -4.3923470000    -0.2799540000
   24      H      -0.8272540000    -1.4409370000    -0.6942990000
 ----------------------------------------------------------------
 Nuclear Repulsion Energy =         904.38477808 hartrees
 There are       52 alpha and       52 beta electrons

 Q-Chem warning in module forms1/BasisType.C, line 2236:

 You are not using the predefined 5D/6D in this basis set.

 Requested basis set is cc-pVTZ
 There are 196 shells and 536 basis functions

 Total QAlloc Memory Limit 110000 MB
 Mega-Array Size       188 MB
 MEM_STATIC part       192 MB
 Discretize the solute cavity surface with Lebedev spheres
	Using 110 Lebedev grid points for each H atom
	Using 194 Lebedev grid points for other atoms
	Atomic van der Waals radii will be scaled by 1.20
 Remove points where switching function is < 1.0e-08
 Keep 1569 surface tesserae and discard 2079 interior tesserae
 Molecular Surface Area = 229.478 Angst**2
 Requested basis set is rimp2-cc-pVTZ
 There are 414 shells and 1414 basis functions
 A cutoff of  1.0D-10 yielded  14468 shell pairs
 There are    104806 function pairs (    134384 Cartesian)
 Smallest overlap matrix eigenvalue = 6.75E-05

 Scale SEOQF with 1.000000e-01/1.000000e-01/1.000000e-01

 Standard Electronic Orientation quadrupole field applied
 Nucleus-field energy     =     0.0000000224 hartrees
 Guess from superposition of atomic densities
 Warning:  Energy on first SCF cycle will be non-variational
 SAD guess density has 104.000000 electrons

 -----------------------------------------------------------------------
  General SCF calculation program by
  Eric Jon Sundstrom, Paul Horn, Yuezhi Mao, Dmitri Zuev, Alec White,
  David Stuck, Shaama M.S., Shane Yost, Joonho Lee, David Small,
  Daniel Levine, Susi Lehtola, Hugh Burton, Evgeny Epifanovsky,
  Bang C. Huynh
 -----------------------------------------------------------------------
 Hartree-Fock
 A restricted SCF calculation will be
 performed using DIIS
 SCF converges when DIIS error is below 1.0e-06
 ---------------------------------------
  Cycle       Energy         DIIS error
 ---------------------------------------
    1   -1186.1893464895      2.41e-02  
    2   -1180.5256080270      1.54e-03  
    3   -1180.6533340710      5.41e-04  
    4   -1180.6670301327      2.74e-04  
    5   -1180.6706763876      5.41e-05  
    6   -1180.6709388025      2.37e-05  
    7   -1180.6710158948      1.25e-05  
    8   -1180.6710417741      5.87e-06  
    9   -1180.6710498089      2.63e-06  
   10   -1180.6710512528      9.02e-07  Convergence criterion met
 ---------------------------------------
 SCF time:   CPU 618.30s  wall 621.00s 

************** Final PCM Free Energy Summary **************
 G_electrostatic  =      -0.01024214 hartree =      -6.42704139 kcal/mol
 G_cavitation     =       0.00000000 hartree =       0.00000000 kcal/mol
 G_dispersion     =       0.00000000 hartree =       0.00000000 kcal/mol
 G_repulsion      =       0.00000000 hartree =       0.00000000 kcal/mol
 --------------------------------------------------
 Non-electrostatic Free Energy =       0.00000000 hartree =       0.00000000 kcal/mol
 Total                         =      -0.01024214 hartree =      -6.42704139 kcal/mol
 --------------------------------------------------
 SCF Energy (H0 + V/2)                       =   -1180.67105125 
 Solute Internal Energy (H0)                 =   -1180.66080911 
 Total Free Energy (H0 + V/2 + non-elec)     =   -1180.67105125 hartree
                                             = -740882.26679664 kcal/mol
***********************************************************

 SCF   energy in the final basis set =    -1180.6710512528
 Total energy in the final basis set =    -1180.6710512528


 --------------------------------------------------------------
  Generalized many-body perturbation theory program
  by Joonho Lee, Fazle Rob, Xintian Feng, Evgeny Epifanovsky

 No regularization used 
 (reg. param. = 0.0000e+00)
  (P|Q)^-1/2 Time:  CPU 1.95 s  wall 1.95 s

 In RI-MP2 calculation: 
 # of frozen core orbitals: 20

 Components of the RIMP2 correlation energy:
        aaaa    correlation energy =        -0.2549537228 a.u.
        abab    correlation energy =        -1.5141437913 a.u.
        bbbb    correlation energy =        -0.2549537228 a.u.
        non-Brillouin singles      =        -0.0000000000 a.u.
        total same-spin energy     =        -0.5099074456 a.u.
        total opposite-spin energy =        -1.5141437913 a.u.

 Total  RIMP2   correlation energy =        -2.0240512369 a.u.
        RIMP2         total energy =     -1182.6951024897 a.u.

 RI-MP2 Energy Time:  CPU 82.81 s  wall 83.13 s
 
 --------------------------------------------------------------
 
                    Orbital Energies (a.u.)
 --------------------------------------------------------------
 
 Alpha MOs
 -- Occupied --
-91.9817 -91.9333 -11.2889 -11.2593 -11.2567 -11.2529 -11.2465 -11.2453
-11.2307 -11.2304 -11.2302 -11.2103  -8.9828  -8.9382  -6.6635  -6.6627
 -6.6625  -6.6194  -6.6183  -6.6170  -1.2041  -1.1528  -1.0572  -1.0289
 -0.9978  -0.9668  -0.9073  -0.9018  -0.8125  -0.7557  -0.7450  -0.7054
 -0.6486  -0.6302  -0.6139  -0.5918  -0.5825  -0.5699  -0.5653  -0.5511
 -0.5419  -0.5344  -0.5131  -0.5052  -0.4845  -0.4795  -0.4497  -0.4336
 -0.3499  -0.3367  -0.3237  -0.2559
 -- Virtual --
  0.0558   0.1332   0.1388   0.1552   0.1618   0.1684   0.1767   0.1824
  0.1902   0.2057   0.2090   0.2175   0.2226   0.2384   0.2412   0.2429
  0.2496   0.2626   0.2805   0.2944   0.3035   0.3363   0.3466   0.3531
  0.3591   0.3730   0.3776   0.3886   0.3941   0.4003   0.4195   0.4266
  0.4305   0.4443   0.4463   0.4628   0.4737   0.4743   0.4888   0.4930
  0.4997   0.5081   0.5198   0.5278   0.5304   0.5352   0.5623   0.5634
  0.5753   0.5765   0.5802   0.5940   0.5985   0.6074   0.6108   0.6184
  0.6212   0.6295   0.6317   0.6356   0.6374   0.6479   0.6520   0.6696
  0.6747   0.6771   0.6902   0.7026   0.7065   0.7130   0.7160   0.7226
  0.7370   0.7577   0.7626   0.7723   0.7902   0.7914   0.8075   0.8224
  0.8380   0.8465   0.8562   0.8725   0.8835   0.8917   0.9049   0.9157
  0.9249   0.9321   0.9423   0.9644   0.9808   0.9864   1.0195   1.0247
  1.0314   1.0356   1.0455   1.0573   1.0625   1.0720   1.0828   1.0862
  1.1064   1.1166   1.1222   1.1355   1.1451   1.1633   1.1696   1.1713
  1.1839   1.1982   1.2025   1.2097   1.2216   1.2283   1.2371   1.2415
  1.2464   1.2567   1.2681   1.2743   1.2854   1.2938   1.2979   1.3084
  1.3187   1.3328   1.3566   1.3722   1.3778   1.3894   1.4042   1.4134
  1.4257   1.4273   1.4490   1.4513   1.4711   1.4773   1.4908   1.5052
  1.5144   1.5186   1.5273   1.5332   1.5370   1.5456   1.5531   1.5563
  1.5616   1.5796   1.5834   1.5927   1.6268   1.6294   1.6428   1.6500
  1.6637   1.6670   1.6777   1.6859   1.7052   1.7073   1.7219   1.7309
  1.7437   1.7513   1.7637   1.7692   1.8210   1.8307   1.8412   1.8657
  1.8729   1.8973   1.8996   1.9350   1.9459   1.9809   1.9926   2.0071
  2.0293   2.0464   2.0593   2.0791   2.0844   2.1073   2.1473   2.1682
  2.1916   2.2031   2.2080   2.2211   2.2367   2.2499   2.2571   2.2864
  2.3099   2.3161   2.3578   2.3872   2.4307   2.4418   2.4663   2.4836
  2.4900   2.5216   2.5468   2.5546   2.5761   2.6058   2.6183   2.6315
  2.6375   2.6554   2.6585   2.6779   2.6870   2.7013   2.7105   2.7314
  2.7359   2.7572   2.7702   2.7842   2.7970   2.8021   2.8155   2.8294
  2.8393   2.8446   2.8530   2.8838   2.8981   2.9049   2.9103   2.9190
  2.9434   2.9647   2.9709   2.9942   2.9997   3.0178   3.0388   3.0429
  3.0493   3.0804   3.1041   3.1081   3.1112   3.1302   3.1323   3.1522
  3.1622   3.1690   3.1727   3.1861   3.1926   3.1978   3.2175   3.2242
  3.2267   3.2418   3.2446   3.2511   3.2663   3.2757   3.2955   3.3067
  3.3277   3.3308   3.3404   3.3431   3.3546   3.3607   3.3711   3.3745
  3.3793   3.3848   3.3914   3.3994   3.4027   3.4119   3.4253   3.4315
  3.4394   3.4498   3.4547   3.4670   3.4890   3.4975   3.5154   3.5207
  3.5275   3.5298   3.5379   3.5554   3.5609   3.5721   3.5784   3.5862
  3.6009   3.6071   3.6205   3.6286   3.6467   3.6480   3.6538   3.6740
  3.6747   3.6993   3.7004   3.7179   3.7196   3.7303   3.7488   3.7514
  3.7580   3.7651   3.7780   3.7873   3.7997   3.8152   3.8246   3.8327
  3.8414   3.8421   3.8645   3.8815   3.8924   3.9120   3.9161   3.9339
  3.9416   3.9481   3.9602   3.9717   3.9898   3.9991   4.0213   4.0306
  4.0386   4.0555   4.0616   4.0683   4.0845   4.0944   4.0974   4.1192
  4.1251   4.1422   4.1499   4.1561   4.1671   4.1764   4.2038   4.2105
  4.2125   4.2180   4.2431   4.2565   4.2641   4.2725   4.2773   4.2963
  4.2999   4.3049   4.3184   4.3357   4.3466   4.3643   4.3765   4.3844
  4.3919   4.4007   4.4066   4.4148   4.4174   4.4259   4.4465   4.4577
  4.4615   4.4714   4.4765   4.4795   4.4978   4.5238   4.5390   4.5659
  4.5773   4.5894   4.6109   4.6157   4.6440   4.6601   4.6657   4.6727
  4.7031   4.7228   4.7410   4.7568   4.7703   4.8209   4.8388   4.8585
  4.8806   4.9012   4.9052   4.9246   4.9383   4.9514   4.9767   4.9878
  5.0292   5.0466   5.0726   5.0912   5.1127   5.1278   5.1490   5.1579
  5.1855   5.2004   5.2283   5.2627   5.2833   5.3043   5.3091   5.3261
  5.3417   5.3603   5.3836   5.3958   5.4102   5.4294   5.4461   5.4513
  5.4734   5.5140   5.5313   5.5380   5.5511   5.5658   5.5678   5.5884
  5.6198   5.6220   5.6370   5.6654   5.6857   5.6945   5.7186   5.7303
  5.7785   5.7941   5.8149   5.9852   6.0377   6.0950   6.0984   6.1662
  6.2130   6.2256   6.2330   6.2448   6.2640   6.2688   6.2977   6.3316
  6.3684   6.3908   9.4083  10.4637  12.6529  12.8653  13.1822  13.9671
 14.1168  14.2174  14.3005  14.6212
 --------------------------------------------------------------
 
          Ground-State Mulliken Net Atomic Charges

     Atom                 Charge (a.u.)
  ----------------------------------------
      1 C                    -0.090026
      2 C                    -0.334806
      3 C                    -0.070359
      4 H                     0.170831
      5 C                     0.075030
      6 S                    -0.183170
      7 C                    -0.279626
      8 H                     0.114061
      9 H                     0.105401
     10 H                     0.100304
     11 C                    -0.178561
     12 C                    -0.092037
     13 C                    -0.029350
     14 H                     0.202468
     15 C                    -0.162371
     16 S                     0.022249
     17 C                    -0.269631
     18 H                     0.101623
     19 H                     0.107748
     20 H                     0.106611
     21 H                     0.203513
     22 H                     0.102850
     23 H                     0.105082
     24 H                     0.172167
  ----------------------------------------
  Sum of atomic charges =     0.000000

 -----------------------------------------------------------------
                    Cartesian Multipole Moments
 -----------------------------------------------------------------
    Charge (ESU x 10^10)
                -0.0000
    Dipole Moment (Debye)
         X       0.8196      Y       1.2024      Z       2.7793
       Tot       3.1372
    Quadrupole Moments (Debye-Ang)
        XX     -82.4163     XY       9.0887     YY     -85.2311
        XZ       0.2776     YZ      -1.4396     ZZ     -84.5601
    Octopole Moments (Debye-Ang^2)
       XXX    -154.1017    XXY      99.8236    XYY     -53.8574
       YYY     219.5087    XXZ      -3.0728    XYZ      -0.2128
       YYZ      -3.9306    XZZ     -55.4240    YZZ      85.2012
       ZZZ       3.8598
    Hexadecapole Moments (Debye-Ang^3)
      XXXX   -1055.6000   XXXY    -163.9191   XXYY    -562.4663
      XYYY    -198.7834   YYYY   -2224.0240   XXXZ      43.7753
      XXYZ     -37.5279   XYYZ       1.4731   YYYZ     -47.4312
      XXZZ    -314.2638   XYZZ     -45.8335   YYZZ    -535.9283
      XZZZ      52.4430   YZZZ     -58.9454   ZZZZ    -867.3070
 -----------------------------------------------------------------
 Total job time:  706.23s(wall), 702.05s(cpu) 
 Sun Jul 10 04:20:34 2022

        *************************************************************
        *                                                           *
        *  Thank you very much for using Q-Chem.  Have a nice day.  *
        *                                                           *
        *************************************************************


remove work dirs ./qchem782611.0 -- ./qchem782611.-1
rm -rf ./qchem782611
