You are running Q-Chem version: 5.4.0

#
# job setting
#
local host:  exp-1-30
current dir: /expanse/lustre/scratch/theleonzhang/temp_project/Hydrogenated_Rotation_Test
input file:  Methylthiophene_Phi_60_Theta_180_Methylthiophene_Hydrogenated.qcin
output file: 
nprocs     : 0
nthreads   : 1
#
# qchem installation setting
#
QC:          /cm/shared/apps/spack/cpu/opt/spack/linux-centos8-zen2/gcc-10.2.0/qchem-5.4-akfmr7b3t57bfs6qan3padb2wnb2i7cl
QCAUX:       /cm/shared/apps/spack/cpu/opt/spack/linux-centos8-zen2/gcc-10.2.0/qchem-5.4-akfmr7b3t57bfs6qan3padb2wnb2i7cl/qcaux
QCPROG:      /cm/shared/apps/spack/cpu/opt/spack/linux-centos8-zen2/gcc-10.2.0/qchem-5.4-akfmr7b3t57bfs6qan3padb2wnb2i7cl/exe/qcprog.exe_s
QCPROG_S:    /cm/shared/apps/spack/cpu/opt/spack/linux-centos8-zen2/gcc-10.2.0/qchem-5.4-akfmr7b3t57bfs6qan3padb2wnb2i7cl/exe/qcprog.exe_s
PARALLEL:    -DSERIAL
QCMPI:       mpich
#
# qchem directory setting
#
qcrun:       qchem759040
QCSCRATCH:   .
QCLOCALSCR:  
QCTMPDIR:    .
QCFILEPREF:  ./qchem759040
QCSAVEDIR:   
workdirs:    ./qchem759040
workdir0:    ./qchem759040
partmpdirs =  
#
# parallel setting
#
QCRSH:           ssh
QCMPI:           mpich
QCMPIRUN:        /cm/shared/apps/spack/cpu/opt/spack/linux-centos8-zen2/gcc-10.2.0/qchem-5.4-akfmr7b3t57bfs6qan3padb2wnb2i7cl/bin/mpi/mpirun_qchem
QCMACHINEFILE:   ./qchem759040/hostfile

#
# env setting
#
exported envs:   QC QCAUX QCSCRATCH QCRUNNAME QCFILEPREF QCPROG QCPROG_S GUIFILE

Running Job 1 of 1 Methylthiophene_Phi_60_Theta_180_Methylthiophene_Hydrogenated.qcin
qchem Methylthiophene_Phi_60_Theta_180_Methylthiophene_Hydrogenated.qcin_759040.0 ./qchem759040/ 0
/cm/shared/apps/spack/cpu/opt/spack/linux-centos8-zen2/gcc-10.2.0/qchem-5.4-akfmr7b3t57bfs6qan3padb2wnb2i7cl/exe/qcprog.exe_s Methylthiophene_Phi_60_Theta_180_Methylthiophene_Hydrogenated.qcin_759040.0 ./qchem759040/
                  Welcome to Q-Chem
     A Quantum Leap Into The Future Of Chemistry


 Q-Chem 5.4, Q-Chem, Inc., Pleasanton, CA (2021)

 License issued to: University of California, San Diego (site)

 E. Epifanovsky,  A. T. B. Gilbert,  Xintian Feng,  Joonho Lee,  Yuezhi Mao,  
 N. Mardirossian,  P. Pokhilko,  A. White,  M. Wormit,  M. P. Coons,  
 A. L. Dempwolff,  Zhengting Gan,  D. Hait,  P. R. Horn,  L. D. Jacobson,  
 I. Kaliman,  J. Kussmann,  A. W. Lange,  Ka Un Lao,  D. S. Levine,  Jie Liu,  
 S. C. McKenzie,  A. F. Morrison,  K. Nanda,  F. Plasser,  D. R. Rehn,  
 M. L. Vidal,  Zhi-Qiang You,  Ying Zhu,  B. Alam,  B. Albrecht,  
 A. Aldossary,  E. Alguire,  J. H. Andersen,  D. Barton,  K. Begam,  A. Behn,  
 Y. A. Bernard,  E. J. Berquist,  H. Burton,  A. Carreras,  K. Carter-Fenk,  
 R. Chakraborty,  A. D. Chien,  K. D. Closser,  V. Cofer-Shabica,  
 S. Dasgupta,  Jia Deng,  M. de Wergifosse,  M. Diedenhofen,  Hainam Do,  
 S. Ehlert,  Po-Tung Fang,  S. Fatehi,  Qingguo Feng,  J. Gayvert,  
 Qinghui Ge,  G. Gidofalvi,  M. Goldey,  J. Gomes,  C. Gonzalez-Espinoza,  
 S. Gulania,  A. Gunina,  M. W. D. Hanson-Heine,  P. H. P. Harbach,  
 A. W. Hauser,  M. F. Herbst,  M. Hernandez Vera,  M. Hodecker,  
 Z. C. Holden,  S. Houck,  Xunkun Huang,  Kerwin Hui,  B. C. Huynh,  
 M. Ivanov,  Hyunjun Ji,  Hanjie Jiang,  B. Kaduk,  S. Kaehler,  
 K. Khistyaev,  Jaehoon Kim,  P. Klunzinger,  Z. Koczor-Benda,  
 Joong Hoon Koh,  D. Kosenkov,  L. Koulias,  T. Kowalczyk,  C. M. Krauter,  
 K. Kue,  A. Kunitsa,  T. Kus,  A. Landau,  K. V. Lawler,  D. Lefrancois,  
 S. Lehtola,  Rain Li,  Yi-Pei Li,  Jiashu Liang,  M. Liebenthal,  
 Hung-Hsuan Lin,  You-Sheng Lin,  Fenglai Liu,  Kuan-Yu Liu,  
 M. Loipersberger,  A. Luenser,  A. Manjanath,  P. Manohar,  E. Mansoor,  
 S. F. Manzer,  Shan-Ping Mao,  A. V. Marenich,  T. Markovich,  S. Mason,  
 S. A. Maurer,  P. F. McLaughlin,  M. F. S. J. Menger,  J.-M. Mewes,  
 S. A. Mewes,  P. Morgante,  J. W. Mullinax,  T. S. Nguyen-Beck,  
 K. J. Oosterbaan,  G. Paran,  Alexander C. Paul,  Suranjan K. Paul,  
 F. Pavosevic,  Zheng Pei,  S. Prager,  E. I. Proynov,  E. Ramos,  B. Rana,  
 A. E. Rask,  A. Rettig,  R. M. Richard,  F. Rob,  E. Rossomme,  T. Scheele,  
 M. Scheurer,  M. Schneider,  N. Sergueev,  S. M. Sharada,  W. Skomorowski,  
 D. W. Small,  C. J. Stein,  Yu-Chuan Su,  E. J. Sundstrom,  Zhen Tao,  
 J. Thirman,  T. Tsuchimochi,  N. M. Tubman,  S. P. Veccham,  O. Vydrov,  
 J. Wenzel,  J. Witte,  A. Yamada,  Kun Yao,  S. Yeganeh,  S. R. Yost,  
 A. Zech,  Igor Ying Zhang,  Xing Zhang,  Yu Zhang,  D. Zuev,  
 A. Aspuru-Guzik,  A. T. Bell,  N. A. Besley,  K. B. Bravaya,  B. R. Brooks,  
 D. Casanova,  Jeng-Da Chai,  S. Coriani,  C. J. Cramer,  
 A. E. DePrince, III,  R. A. DiStasio Jr.,  A. Dreuw,  B. D. Dunietz,  
 T. R. Furlani,  W. A. Goddard III,  S. Grimme,  S. Hammes-Schiffer,  
 T. Head-Gordon,  W. J. Hehre,  Chao-Ping Hsu,  T.-C. Jagau,  Yousung Jung,  
 A. Klamt,  Jing Kong,  D. S. Lambrecht,  WanZhen Liang,  N. J. Mayhall,  
 C. W. McCurdy,  J. B. Neaton,  C. Ochsenfeld,  J. A. Parkhill,  R. Peverati,  
 V. A. Rassolov,  Yihan Shao,  L. V. Slipchenko,  T. Stauch,  R. P. Steele,  
 J. E. Subotnik,  A. J. W. Thom,  A. Tkatchenko,  D. G. Truhlar,  
 T. Van Voorhis,  T. A. Wesolowski,  K. B. Whaley,  H. L. Woodcock III,  
 P. M. Zimmerman,  S. Faraji,  P. M. W. Gill,  M. Head-Gordon,  
 J. M. Herbert,  A. I. Krylov

 Contributors to earlier versions of Q-Chem not listed above: 
 R. D. Adamson,  B. Austin,  R. Baer,  J. Baker,  G. J. O. Beran,  
 K. Brandhorst,  S. T. Brown,  E. F. C. Byrd,  A. K. Chakraborty,  
 G. K. L. Chan,  Chun-Min Chang,  Yunqing Chen,  C.-L. Cheng,  
 Siu Hung Chien,  D. M. Chipman,  D. L. Crittenden,  H. Dachsel,  
 R. J. Doerksen,  A. D. Dutoi,  R. G. Edgar,  J. Fosso-Tande,  
 L. Fusti-Molnar,  D. Ghosh,  A. Ghysels,  A. Golubeva-Zadorozhnaya,  
 J. Gonthier,  M. S. Gordon,  S. R. Gwaltney,  G. Hawkins,  J. E. Herr,  
 A. Heyden,  S. Hirata,  E. G. Hohenstein,  G. Kedziora,  F. J. Keil,  
 C. Kelley,  Jihan Kim,  R. A. King,  R. Z. Khaliullin,  P. P. Korambath,  
 W. Kurlancheek,  A. Laurent,  A. M. Lee,  M. S. Lee,  S. V. Levchenko,  
 Ching Yeh Lin,  D. Liotard,  E. Livshits,  R. C. Lochan,  I. Lotan,  
 L. A. Martinez-Martinez,  P. E. Maslen,  N. Nair,  D. P. O'Neill,  
 D. Neuhauser,  E. Neuscamman,  C. M. Oana,  R. Olivares-Amaya,  R. Olson,  
 T. M. Perrine,  B. Peters,  P. A. Pieniazek,  A. Prociuk,  Y. M. Rhee,  
 J. Ritchie,  M. A. Rohrdanz,  E. Rosta,  N. J. Russ,  H. F. Schaefer III,  
 M. W. Schmidt,  N. E. Schultz,  S. Sharma,  N. Shenvi,  C. D. Sherrill,  
 A. C. Simmonett,  A. Sodt,  T. Stein,  D. Stuck,  K. S. Thanthiriwatte,  
 V. Vanovschi,  L. Vogt,  Tao Wang,  A. Warshel,  M. A. Watson,  
 C. F. Williams,  Q. Wu,  X. Xu,  Jun Yang,  W. Zhang,  Yan Zhao

 Please cite Q-Chem as follows:
 Y. Shao et al., Mol. Phys. 113, 184-215 (2015)
 DOI: 10.1080/00268976.2014.952696

 Q-Chem 5.4.0 for Intel X86 EM64T Linux

 Parts of Q-Chem use Armadillo 9.800.1 (Horizon Scraper).
 http://arma.sourceforge.net/

 Q-Chem begins on Sun Jul 10 03:16:21 2022  

 Host: 
0

     Scratch files written to ./qchem759040//
 May1621 |scratch|qcdevops|jenkins|workspace|build_RNUM    
 Processing $rem in /cm/shared/apps/spack/cpu/opt/spack/linux-centos8-zen2/gcc-10.2.0/qchem-5.4-akfmr7b3t57bfs6qan3padb2wnb2i7cl/config/preferences:
 Processing $rem in /home/theleonzhang/.qchemrc:
 Symmetry turned off for PCM/SM12/SMD calculation
 Core orbitals will be frozen

 Checking the input file for inconsistencies... 	...done.

--------------------------------------------------------------
User input:
--------------------------------------------------------------
$molecule
0 1
C	0.000713	-3.866725	-0.775127
C	0.000302	-3.703963	0.612565
C	-0.000067	-2.357056	1.066639
H	0.000470	-4.561092	1.302900
C	0.000000	-1.440664	0.000000
S	-0.000009	-2.286957	-1.544483
C	-0.000295	-1.978743	2.521872
H	-0.000221	-2.878678	3.166949
H	-0.892850	-1.376015	2.790821
H	0.892005	-1.375728	2.791023
C	0.000000	0.000000	0.000000
C	0.747916	0.431772	1.099446
C	1.946425	1.123709	0.776721
H	0.428523	0.247378	2.136088
C	2.137531	1.234018	-0.612546
S	0.816154	0.471179	-1.486809
C	2.888455	1.667564	1.814609
H	2.519842	1.454746	2.836676
H	3.008896	2.767543	1.726239
H	3.901271	1.221850	1.726228
H	2.959587	1.708609	-1.161575
H	-0.896681	-4.392713	-1.119411
H	0.898372	-4.392347	-1.119277
H	-1.080000	-1.440937	-0.000115
$end

$rem
JOBTYPE		SP
EXCHANGE	HF
CORRELATION	pRIMP2
BASIS		cc-pvtz
METHOD		rimp2
AUX_BASIS	rimp2-cc-pvtz
SOLVENT_METHOD	PCM
PURECART	11111
SYMMETRY	false
MEM_TOTAL	110000
SCF_CONVERGENCE = 6
THRESH=10
$end



$solvent
dielectric 4.90
$end
--------------------------------------------------------------
 ----------------------------------------------------------------
             Standard Nuclear Orientation (Angstroms)
    I     Atom           X                Y                Z
 ----------------------------------------------------------------
    1      C       0.0007130000    -3.8667250000    -0.7751270000
    2      C       0.0003020000    -3.7039630000     0.6125650000
    3      C      -0.0000670000    -2.3570560000     1.0666390000
    4      H       0.0004700000    -4.5610920000     1.3029000000
    5      C       0.0000000000    -1.4406640000     0.0000000000
    6      S      -0.0000090000    -2.2869570000    -1.5444830000
    7      C      -0.0002950000    -1.9787430000     2.5218720000
    8      H      -0.0002210000    -2.8786780000     3.1669490000
    9      H      -0.8928500000    -1.3760150000     2.7908210000
   10      H       0.8920050000    -1.3757280000     2.7910230000
   11      C       0.0000000000     0.0000000000     0.0000000000
   12      C       0.7479160000     0.4317720000     1.0994460000
   13      C       1.9464250000     1.1237090000     0.7767210000
   14      H       0.4285230000     0.2473780000     2.1360880000
   15      C       2.1375310000     1.2340180000    -0.6125460000
   16      S       0.8161540000     0.4711790000    -1.4868090000
   17      C       2.8884550000     1.6675640000     1.8146090000
   18      H       2.5198420000     1.4547460000     2.8366760000
   19      H       3.0088960000     2.7675430000     1.7262390000
   20      H       3.9012710000     1.2218500000     1.7262280000
   21      H       2.9595870000     1.7086090000    -1.1615750000
   22      H      -0.8966810000    -4.3927130000    -1.1194110000
   23      H       0.8983720000    -4.3923470000    -1.1192770000
   24      H      -1.0800000000    -1.4409370000    -0.0001150000
 ----------------------------------------------------------------
 Nuclear Repulsion Energy =         904.43638674 hartrees
 There are       52 alpha and       52 beta electrons

 Q-Chem warning in module forms1/BasisType.C, line 2236:

 You are not using the predefined 5D/6D in this basis set.

 Requested basis set is cc-pVTZ
 There are 196 shells and 536 basis functions

 Total QAlloc Memory Limit 110000 MB
 Mega-Array Size       188 MB
 MEM_STATIC part       192 MB
 Discretize the solute cavity surface with Lebedev spheres
	Using 110 Lebedev grid points for each H atom
	Using 194 Lebedev grid points for other atoms
	Atomic van der Waals radii will be scaled by 1.20
 Remove points where switching function is < 1.0e-08
 Keep 1537 surface tesserae and discard 2111 interior tesserae
 Molecular Surface Area = 225.942 Angst**2
 Requested basis set is rimp2-cc-pVTZ
 There are 414 shells and 1414 basis functions
 A cutoff of  1.0D-10 yielded  14700 shell pairs
 There are    106656 function pairs (    136710 Cartesian)
 Smallest overlap matrix eigenvalue = 6.50E-05

 Scale SEOQF with 1.000000e-01/1.000000e-01/1.000000e-01

 Standard Electronic Orientation quadrupole field applied
 Nucleus-field energy     =     0.0000000157 hartrees
 Guess from superposition of atomic densities
 Warning:  Energy on first SCF cycle will be non-variational
 SAD guess density has 104.000000 electrons

 -----------------------------------------------------------------------
  General SCF calculation program by
  Eric Jon Sundstrom, Paul Horn, Yuezhi Mao, Dmitri Zuev, Alec White,
  David Stuck, Shaama M.S., Shane Yost, Joonho Lee, David Small,
  Daniel Levine, Susi Lehtola, Hugh Burton, Evgeny Epifanovsky,
  Bang C. Huynh
 -----------------------------------------------------------------------
 Hartree-Fock
 A restricted SCF calculation will be
 performed using DIIS
 SCF converges when DIIS error is below 1.0e-06
 ---------------------------------------
  Cycle       Energy         DIIS error
 ---------------------------------------
    1   -1186.2330109266      2.41e-02  
    2   -1180.5093209852      1.54e-03  
    3   -1180.6372778795      5.50e-04  
    4   -1180.6513077989      2.87e-04  
    5   -1180.6554103918      6.40e-05  
    6   -1180.6557638139      2.90e-05  
    7   -1180.6558903872      1.60e-05  
    8   -1180.6559402877      7.86e-06  
    9   -1180.6559579502      3.66e-06  
   10   -1180.6559611317      1.41e-06  
   11   -1180.6559616284      6.89e-07  Convergence criterion met
 ---------------------------------------
 SCF time:   CPU 709.14s  wall 712.00s 

************** Final PCM Free Energy Summary **************
 G_electrostatic  =      -0.01053553 hartree =      -6.61114321 kcal/mol
 G_cavitation     =       0.00000000 hartree =       0.00000000 kcal/mol
 G_dispersion     =       0.00000000 hartree =       0.00000000 kcal/mol
 G_repulsion      =       0.00000000 hartree =       0.00000000 kcal/mol
 --------------------------------------------------
 Non-electrostatic Free Energy =       0.00000000 hartree =       0.00000000 kcal/mol
 Total                         =      -0.01053553 hartree =      -6.61114321 kcal/mol
 --------------------------------------------------
 SCF Energy (H0 + V/2)                       =   -1180.65596163 
 Solute Internal Energy (H0)                 =   -1180.64542610 
 Total Free Energy (H0 + V/2 + non-elec)     =   -1180.65596163 hartree
                                             = -740872.79791442 kcal/mol
***********************************************************

 SCF   energy in the final basis set =    -1180.6559616284
 Total energy in the final basis set =    -1180.6559616284


 --------------------------------------------------------------
  Generalized many-body perturbation theory program
  by Joonho Lee, Fazle Rob, Xintian Feng, Evgeny Epifanovsky

 No regularization used 
 (reg. param. = 0.0000e+00)
  (P|Q)^-1/2 Time:  CPU 1.95 s  wall 1.96 s

 In RI-MP2 calculation: 
 # of frozen core orbitals: 20

 Components of the RIMP2 correlation energy:
        aaaa    correlation energy =        -0.2562459967 a.u.
        abab    correlation energy =        -1.5178596377 a.u.
        bbbb    correlation energy =        -0.2562459967 a.u.
        non-Brillouin singles      =        -0.0000000000 a.u.
        total same-spin energy     =        -0.5124919934 a.u.
        total opposite-spin energy =        -1.5178596377 a.u.

 Total  RIMP2   correlation energy =        -2.0303516311 a.u.
        RIMP2         total energy =     -1182.6863132595 a.u.

 RI-MP2 Energy Time:  CPU 83.24 s  wall 83.55 s
 
 --------------------------------------------------------------
 
                    Orbital Energies (a.u.)
 --------------------------------------------------------------
 
 Alpha MOs
 -- Occupied --
-91.9772 -91.9378 -11.2832 -11.2605 -11.2539 -11.2509 -11.2501 -11.2458
-11.2363 -11.2324 -11.2302 -11.2113  -8.9783  -8.9426  -6.6591  -6.6581
 -6.6579  -6.6239  -6.6228  -6.6216  -1.2046  -1.1525  -1.0577  -1.0336
 -0.9966  -0.9657  -0.9129  -0.9012  -0.8126  -0.7597  -0.7332  -0.7118
 -0.6483  -0.6419  -0.6118  -0.5977  -0.5884  -0.5685  -0.5643  -0.5476
 -0.5443  -0.5348  -0.5226  -0.5052  -0.4793  -0.4747  -0.4429  -0.4319
 -0.3630  -0.3371  -0.3193  -0.2497
 -- Virtual --
  0.0590   0.1304   0.1427   0.1497   0.1598   0.1704   0.1784   0.1838
  0.1860   0.2055   0.2092   0.2167   0.2238   0.2290   0.2393   0.2425
  0.2479   0.2653   0.2840   0.3071   0.3134   0.3223   0.3294   0.3646
  0.3675   0.3699   0.3830   0.3921   0.4002   0.4123   0.4223   0.4253
  0.4333   0.4429   0.4584   0.4682   0.4769   0.4844   0.4893   0.4968
  0.5098   0.5152   0.5172   0.5205   0.5397   0.5447   0.5542   0.5596
  0.5752   0.5784   0.5881   0.5930   0.5993   0.6109   0.6170   0.6245
  0.6270   0.6279   0.6321   0.6357   0.6433   0.6504   0.6564   0.6605
  0.6749   0.6772   0.6885   0.6898   0.7039   0.7097   0.7178   0.7315
  0.7429   0.7513   0.7609   0.7743   0.7834   0.7907   0.8056   0.8344
  0.8447   0.8568   0.8591   0.8693   0.8823   0.8838   0.9004   0.9095
  0.9258   0.9476   0.9523   0.9689   0.9729   0.9863   1.0020   1.0105
  1.0299   1.0323   1.0425   1.0556   1.0565   1.0768   1.0810   1.0903
  1.1017   1.1105   1.1196   1.1334   1.1509   1.1553   1.1646   1.1777
  1.1824   1.1930   1.2013   1.2182   1.2227   1.2319   1.2415   1.2500
  1.2597   1.2655   1.2713   1.2814   1.2906   1.3079   1.3176   1.3200
  1.3303   1.3430   1.3584   1.3691   1.3908   1.4000   1.4019   1.4145
  1.4213   1.4344   1.4476   1.4518   1.4719   1.4768   1.4945   1.5034
  1.5142   1.5206   1.5334   1.5404   1.5432   1.5526   1.5590   1.5691
  1.5804   1.5901   1.5946   1.6085   1.6177   1.6378   1.6532   1.6562
  1.6598   1.6648   1.6802   1.7037   1.7126   1.7146   1.7307   1.7374
  1.7539   1.7702   1.7982   1.8010   1.8152   1.8332   1.8465   1.8704
  1.8909   1.9031   1.9074   1.9470   1.9665   1.9925   2.0002   2.0159
  2.0237   2.0421   2.0609   2.0874   2.0889   2.1133   2.1252   2.1507
  2.1843   2.1990   2.2091   2.2163   2.2290   2.2422   2.2560   2.2957
  2.3072   2.3175   2.3538   2.3946   2.4213   2.4509   2.4591   2.4671
  2.4923   2.5323   2.5376   2.5546   2.5838   2.6075   2.6271   2.6294
  2.6457   2.6524   2.6688   2.6738   2.6933   2.7021   2.7214   2.7312
  2.7592   2.7714   2.7741   2.7836   2.7928   2.7993   2.8124   2.8314
  2.8487   2.8604   2.8793   2.8894   2.8931   2.9172   2.9225   2.9415
  2.9513   2.9701   2.9957   3.0027   3.0109   3.0243   3.0285   3.0370
  3.0450   3.0732   3.0947   3.1120   3.1194   3.1248   3.1289   3.1436
  3.1529   3.1616   3.1664   3.1822   3.1899   3.1988   3.2103   3.2277
  3.2370   3.2417   3.2562   3.2670   3.2770   3.2871   3.3001   3.3058
  3.3141   3.3258   3.3350   3.3390   3.3507   3.3584   3.3633   3.3723
  3.3756   3.3830   3.4034   3.4104   3.4194   3.4251   3.4316   3.4483
  3.4550   3.4626   3.4678   3.4712   3.4788   3.5058   3.5080   3.5167
  3.5267   3.5389   3.5425   3.5463   3.5593   3.5674   3.5759   3.5822
  3.5909   3.6008   3.6217   3.6364   3.6465   3.6532   3.6686   3.6844
  3.6915   3.6930   3.7110   3.7230   3.7294   3.7345   3.7369   3.7476
  3.7624   3.7759   3.7855   3.7898   3.8056   3.8137   3.8252   3.8336
  3.8511   3.8625   3.8734   3.8918   3.8973   3.9117   3.9226   3.9319
  3.9513   3.9691   3.9741   3.9917   4.0003   4.0109   4.0334   4.0413
  4.0526   4.0591   4.0722   4.0816   4.0868   4.1031   4.1144   4.1375
  4.1415   4.1538   4.1640   4.1676   4.1819   4.1935   4.1982   4.2172
  4.2222   4.2371   4.2459   4.2540   4.2662   4.2720   4.2798   4.2903
  4.3111   4.3215   4.3399   4.3428   4.3505   4.3636   4.3766   4.3893
  4.4009   4.4102   4.4148   4.4260   4.4327   4.4453   4.4577   4.4652
  4.4705   4.4870   4.5030   4.5107   4.5332   4.5597   4.5826   4.5946
  4.6024   4.6211   4.6389   4.6407   4.6512   4.6625   4.6765   4.7143
  4.7232   4.7345   4.7601   4.7958   4.8172   4.8330   4.8425   4.8539
  4.8890   4.9000   4.9283   4.9399   4.9542   4.9781   4.9875   5.0006
  5.0585   5.0615   5.0841   5.0933   5.1156   5.1331   5.1433   5.1727
  5.2031   5.2151   5.2331   5.2636   5.2838   5.2977   5.3183   5.3255
  5.3439   5.3736   5.3834   5.4069   5.4181   5.4357   5.4478   5.4590
  5.4847   5.5066   5.5386   5.5454   5.5547   5.5648   5.5870   5.6036
  5.6182   5.6310   5.6413   5.6713   5.6985   5.7066   5.7145   5.7255
  5.7787   5.8075   5.8237   5.9883   6.0341   6.0441   6.1032   6.1640
  6.2133   6.2355   6.2409   6.2519   6.2684   6.2770   6.3084   6.3274
  6.4024   6.4430   9.5267  10.4903  12.5909  12.8197  13.1904  14.0056
 14.1723  14.2262  14.3270  14.8181
 --------------------------------------------------------------
 
          Ground-State Mulliken Net Atomic Charges

     Atom                 Charge (a.u.)
  ----------------------------------------
      1 C                    -0.078961
      2 C                    -0.346497
      3 C                    -0.030639
      4 H                     0.173643
      5 C                     0.069162
      6 S                    -0.190811
      7 C                    -0.288296
      8 H                     0.119803
      9 H                     0.106125
     10 H                     0.101818
     11 C                    -0.151440
     12 C                    -0.162581
     13 C                    -0.009209
     14 H                     0.199764
     15 C                    -0.188077
     16 S                     0.030864
     17 C                    -0.272668
     18 H                     0.101022
     19 H                     0.110308
     20 H                     0.106091
     21 H                     0.200023
     22 H                     0.107679
     23 H                     0.108994
     24 H                     0.183883
  ----------------------------------------
  Sum of atomic charges =     0.000000

 -----------------------------------------------------------------
                    Cartesian Multipole Moments
 -----------------------------------------------------------------
    Charge (ESU x 10^10)
                -0.0000
    Dipole Moment (Debye)
         X       1.8024      Y       0.5392      Z       3.9193
       Tot       4.3475
    Quadrupole Moments (Debye-Ang)
        XX     -82.6531     XY       6.4481     YY     -84.1253
        XZ       0.5766     YZ      -2.7929     ZZ     -84.8553
    Octopole Moments (Debye-Ang^2)
       XXX    -157.0075    XXY      99.0786    XYY     -54.4654
       YYY     212.1619    XXZ      -6.7182    XYZ      -2.3079
       YYZ      -4.1434    XZZ     -53.2672    YZZ      82.5253
       ZZZ       9.5634
    Hexadecapole Moments (Debye-Ang^3)
      XXXX    -817.1994   XXXY    -175.8082   XXYY    -532.0837
      XYYY    -204.3185   YYYY   -2197.4499   XXXZ     -96.7434
      XXYZ     -21.8962   XYYZ     -30.8594   YYYZ     -43.9471
      XXZZ    -322.9203   XYZZ     -60.5910   YYZZ    -562.7772
      XZZZ     -83.5068   YZZZ     -80.9908   ZZZZ   -1095.0669
 -----------------------------------------------------------------
 Total job time:  797.78s(wall), 793.35s(cpu) 
 Sun Jul 10 03:29:39 2022

        *************************************************************
        *                                                           *
        *  Thank you very much for using Q-Chem.  Have a nice day.  *
        *                                                           *
        *************************************************************


remove work dirs ./qchem759040.0 -- ./qchem759040.-1
rm -rf ./qchem759040
