You are running Q-Chem version: 5.4.0

#
# job setting
#
local host:  exp-1-41
current dir: /expanse/lustre/scratch/theleonzhang/temp_project/Hydrogenated_Rotation_Test
input file:  Methylthiophene_Phi_40_Theta_160_Methylthiophene_Hydrogenated.qcin
output file: 
nprocs     : 0
nthreads   : 1
#
# qchem installation setting
#
QC:          /cm/shared/apps/spack/cpu/opt/spack/linux-centos8-zen2/gcc-10.2.0/qchem-5.4-akfmr7b3t57bfs6qan3padb2wnb2i7cl
QCAUX:       /cm/shared/apps/spack/cpu/opt/spack/linux-centos8-zen2/gcc-10.2.0/qchem-5.4-akfmr7b3t57bfs6qan3padb2wnb2i7cl/qcaux
QCPROG:      /cm/shared/apps/spack/cpu/opt/spack/linux-centos8-zen2/gcc-10.2.0/qchem-5.4-akfmr7b3t57bfs6qan3padb2wnb2i7cl/exe/qcprog.exe_s
QCPROG_S:    /cm/shared/apps/spack/cpu/opt/spack/linux-centos8-zen2/gcc-10.2.0/qchem-5.4-akfmr7b3t57bfs6qan3padb2wnb2i7cl/exe/qcprog.exe_s
PARALLEL:    -DSERIAL
QCMPI:       mpich
#
# qchem directory setting
#
qcrun:       qchem1105667
QCSCRATCH:   .
QCLOCALSCR:  
QCTMPDIR:    .
QCFILEPREF:  ./qchem1105667
QCSAVEDIR:   
workdirs:    ./qchem1105667
workdir0:    ./qchem1105667
partmpdirs =  
#
# parallel setting
#
QCRSH:           ssh
QCMPI:           mpich
QCMPIRUN:        /cm/shared/apps/spack/cpu/opt/spack/linux-centos8-zen2/gcc-10.2.0/qchem-5.4-akfmr7b3t57bfs6qan3padb2wnb2i7cl/bin/mpi/mpirun_qchem
QCMACHINEFILE:   ./qchem1105667/hostfile

#
# env setting
#
exported envs:   QC QCAUX QCSCRATCH QCRUNNAME QCFILEPREF QCPROG QCPROG_S GUIFILE

Running Job 1 of 1 Methylthiophene_Phi_40_Theta_160_Methylthiophene_Hydrogenated.qcin
qchem Methylthiophene_Phi_40_Theta_160_Methylthiophene_Hydrogenated.qcin_1105667.0 ./qchem1105667/ 0
/cm/shared/apps/spack/cpu/opt/spack/linux-centos8-zen2/gcc-10.2.0/qchem-5.4-akfmr7b3t57bfs6qan3padb2wnb2i7cl/exe/qcprog.exe_s Methylthiophene_Phi_40_Theta_160_Methylthiophene_Hydrogenated.qcin_1105667.0 ./qchem1105667/
                  Welcome to Q-Chem
     A Quantum Leap Into The Future Of Chemistry


 Q-Chem 5.4, Q-Chem, Inc., Pleasanton, CA (2021)

 License issued to: University of California, San Diego (site)

 E. Epifanovsky,  A. T. B. Gilbert,  Xintian Feng,  Joonho Lee,  Yuezhi Mao,  
 N. Mardirossian,  P. Pokhilko,  A. White,  M. Wormit,  M. P. Coons,  
 A. L. Dempwolff,  Zhengting Gan,  D. Hait,  P. R. Horn,  L. D. Jacobson,  
 I. Kaliman,  J. Kussmann,  A. W. Lange,  Ka Un Lao,  D. S. Levine,  Jie Liu,  
 S. C. McKenzie,  A. F. Morrison,  K. Nanda,  F. Plasser,  D. R. Rehn,  
 M. L. Vidal,  Zhi-Qiang You,  Ying Zhu,  B. Alam,  B. Albrecht,  
 A. Aldossary,  E. Alguire,  J. H. Andersen,  D. Barton,  K. Begam,  A. Behn,  
 Y. A. Bernard,  E. J. Berquist,  H. Burton,  A. Carreras,  K. Carter-Fenk,  
 R. Chakraborty,  A. D. Chien,  K. D. Closser,  V. Cofer-Shabica,  
 S. Dasgupta,  Jia Deng,  M. de Wergifosse,  M. Diedenhofen,  Hainam Do,  
 S. Ehlert,  Po-Tung Fang,  S. Fatehi,  Qingguo Feng,  J. Gayvert,  
 Qinghui Ge,  G. Gidofalvi,  M. Goldey,  J. Gomes,  C. Gonzalez-Espinoza,  
 S. Gulania,  A. Gunina,  M. W. D. Hanson-Heine,  P. H. P. Harbach,  
 A. W. Hauser,  M. F. Herbst,  M. Hernandez Vera,  M. Hodecker,  
 Z. C. Holden,  S. Houck,  Xunkun Huang,  Kerwin Hui,  B. C. Huynh,  
 M. Ivanov,  Hyunjun Ji,  Hanjie Jiang,  B. Kaduk,  S. Kaehler,  
 K. Khistyaev,  Jaehoon Kim,  P. Klunzinger,  Z. Koczor-Benda,  
 Joong Hoon Koh,  D. Kosenkov,  L. Koulias,  T. Kowalczyk,  C. M. Krauter,  
 K. Kue,  A. Kunitsa,  T. Kus,  A. Landau,  K. V. Lawler,  D. Lefrancois,  
 S. Lehtola,  Rain Li,  Yi-Pei Li,  Jiashu Liang,  M. Liebenthal,  
 Hung-Hsuan Lin,  You-Sheng Lin,  Fenglai Liu,  Kuan-Yu Liu,  
 M. Loipersberger,  A. Luenser,  A. Manjanath,  P. Manohar,  E. Mansoor,  
 S. F. Manzer,  Shan-Ping Mao,  A. V. Marenich,  T. Markovich,  S. Mason,  
 S. A. Maurer,  P. F. McLaughlin,  M. F. S. J. Menger,  J.-M. Mewes,  
 S. A. Mewes,  P. Morgante,  J. W. Mullinax,  T. S. Nguyen-Beck,  
 K. J. Oosterbaan,  G. Paran,  Alexander C. Paul,  Suranjan K. Paul,  
 F. Pavosevic,  Zheng Pei,  S. Prager,  E. I. Proynov,  E. Ramos,  B. Rana,  
 A. E. Rask,  A. Rettig,  R. M. Richard,  F. Rob,  E. Rossomme,  T. Scheele,  
 M. Scheurer,  M. Schneider,  N. Sergueev,  S. M. Sharada,  W. Skomorowski,  
 D. W. Small,  C. J. Stein,  Yu-Chuan Su,  E. J. Sundstrom,  Zhen Tao,  
 J. Thirman,  T. Tsuchimochi,  N. M. Tubman,  S. P. Veccham,  O. Vydrov,  
 J. Wenzel,  J. Witte,  A. Yamada,  Kun Yao,  S. Yeganeh,  S. R. Yost,  
 A. Zech,  Igor Ying Zhang,  Xing Zhang,  Yu Zhang,  D. Zuev,  
 A. Aspuru-Guzik,  A. T. Bell,  N. A. Besley,  K. B. Bravaya,  B. R. Brooks,  
 D. Casanova,  Jeng-Da Chai,  S. Coriani,  C. J. Cramer,  
 A. E. DePrince, III,  R. A. DiStasio Jr.,  A. Dreuw,  B. D. Dunietz,  
 T. R. Furlani,  W. A. Goddard III,  S. Grimme,  S. Hammes-Schiffer,  
 T. Head-Gordon,  W. J. Hehre,  Chao-Ping Hsu,  T.-C. Jagau,  Yousung Jung,  
 A. Klamt,  Jing Kong,  D. S. Lambrecht,  WanZhen Liang,  N. J. Mayhall,  
 C. W. McCurdy,  J. B. Neaton,  C. Ochsenfeld,  J. A. Parkhill,  R. Peverati,  
 V. A. Rassolov,  Yihan Shao,  L. V. Slipchenko,  T. Stauch,  R. P. Steele,  
 J. E. Subotnik,  A. J. W. Thom,  A. Tkatchenko,  D. G. Truhlar,  
 T. Van Voorhis,  T. A. Wesolowski,  K. B. Whaley,  H. L. Woodcock III,  
 P. M. Zimmerman,  S. Faraji,  P. M. W. Gill,  M. Head-Gordon,  
 J. M. Herbert,  A. I. Krylov

 Contributors to earlier versions of Q-Chem not listed above: 
 R. D. Adamson,  B. Austin,  R. Baer,  J. Baker,  G. J. O. Beran,  
 K. Brandhorst,  S. T. Brown,  E. F. C. Byrd,  A. K. Chakraborty,  
 G. K. L. Chan,  Chun-Min Chang,  Yunqing Chen,  C.-L. Cheng,  
 Siu Hung Chien,  D. M. Chipman,  D. L. Crittenden,  H. Dachsel,  
 R. J. Doerksen,  A. D. Dutoi,  R. G. Edgar,  J. Fosso-Tande,  
 L. Fusti-Molnar,  D. Ghosh,  A. Ghysels,  A. Golubeva-Zadorozhnaya,  
 J. Gonthier,  M. S. Gordon,  S. R. Gwaltney,  G. Hawkins,  J. E. Herr,  
 A. Heyden,  S. Hirata,  E. G. Hohenstein,  G. Kedziora,  F. J. Keil,  
 C. Kelley,  Jihan Kim,  R. A. King,  R. Z. Khaliullin,  P. P. Korambath,  
 W. Kurlancheek,  A. Laurent,  A. M. Lee,  M. S. Lee,  S. V. Levchenko,  
 Ching Yeh Lin,  D. Liotard,  E. Livshits,  R. C. Lochan,  I. Lotan,  
 L. A. Martinez-Martinez,  P. E. Maslen,  N. Nair,  D. P. O'Neill,  
 D. Neuhauser,  E. Neuscamman,  C. M. Oana,  R. Olivares-Amaya,  R. Olson,  
 T. M. Perrine,  B. Peters,  P. A. Pieniazek,  A. Prociuk,  Y. M. Rhee,  
 J. Ritchie,  M. A. Rohrdanz,  E. Rosta,  N. J. Russ,  H. F. Schaefer III,  
 M. W. Schmidt,  N. E. Schultz,  S. Sharma,  N. Shenvi,  C. D. Sherrill,  
 A. C. Simmonett,  A. Sodt,  T. Stein,  D. Stuck,  K. S. Thanthiriwatte,  
 V. Vanovschi,  L. Vogt,  Tao Wang,  A. Warshel,  M. A. Watson,  
 C. F. Williams,  Q. Wu,  X. Xu,  Jun Yang,  W. Zhang,  Yan Zhao

 Please cite Q-Chem as follows:
 Y. Shao et al., Mol. Phys. 113, 184-215 (2015)
 DOI: 10.1080/00268976.2014.952696

 Q-Chem 5.4.0 for Intel X86 EM64T Linux

 Parts of Q-Chem use Armadillo 9.800.1 (Horizon Scraper).
 http://arma.sourceforge.net/

 Q-Chem begins on Sun Jul 10 02:15:11 2022  

 Host: 
0

     Scratch files written to ./qchem1105667//
 May1621 |scratch|qcdevops|jenkins|workspace|build_RNUM    
 Processing $rem in /cm/shared/apps/spack/cpu/opt/spack/linux-centos8-zen2/gcc-10.2.0/qchem-5.4-akfmr7b3t57bfs6qan3padb2wnb2i7cl/config/preferences:
 Processing $rem in /home/theleonzhang/.qchemrc:
 Symmetry turned off for PCM/SM12/SMD calculation
 Core orbitals will be frozen

 Checking the input file for inconsistencies... 	...done.

--------------------------------------------------------------
User input:
--------------------------------------------------------------
$molecule
0 1
C	-0.264439	-3.866725	-0.728625
C	0.209794	-3.703963	0.575519
C	0.364749	-2.357056	1.002336
H	0.446060	-4.561092	1.224165
C	-0.000000	-1.440664	-0.000000
S	-0.528253	-2.286957	-1.451336
C	0.862253	-1.978743	2.369885
H	1.082953	-2.878678	2.976034
H	0.115513	-1.376015	2.927887
H	1.792797	-1.375728	2.317620
C	0.000000	0.000000	0.000000
C	0.555137	0.661535	1.099446
C	1.444710	1.721658	0.776721
H	0.318072	0.379023	2.136088
C	1.586563	1.890676	-0.612546
S	0.605781	0.721904	-1.486809
C	2.143920	2.554907	1.814609
H	1.870325	2.228851	2.836676
H	1.880882	3.629742	1.726239
H	3.248098	2.482476	1.726228
H	2.196723	2.617806	-1.161575
H	-1.225465	-4.392713	-0.745219
H	0.461378	-4.392347	-1.359038
H	-1.014907	-1.440937	0.369273
$end

$rem
JOBTYPE		SP
EXCHANGE	HF
CORRELATION	pRIMP2
BASIS		cc-pvtz
METHOD		rimp2
AUX_BASIS	rimp2-cc-pvtz
SOLVENT_METHOD	PCM
PURECART	11111
SYMMETRY	false
MEM_TOTAL	110000
SCF_CONVERGENCE = 6
THRESH=10
$end



$solvent
dielectric 4.90
$end
--------------------------------------------------------------
 ----------------------------------------------------------------
             Standard Nuclear Orientation (Angstroms)
    I     Atom           X                Y                Z
 ----------------------------------------------------------------
    1      C      -0.2644390000    -3.8667250000    -0.7286250000
    2      C       0.2097940000    -3.7039630000     0.5755190000
    3      C       0.3647490000    -2.3570560000     1.0023360000
    4      H       0.4460600000    -4.5610920000     1.2241650000
    5      C       0.0000000000    -1.4406640000     0.0000000000
    6      S      -0.5282530000    -2.2869570000    -1.4513360000
    7      C       0.8622530000    -1.9787430000     2.3698850000
    8      H       1.0829530000    -2.8786780000     2.9760340000
    9      H       0.1155130000    -1.3760150000     2.9278870000
   10      H       1.7927970000    -1.3757280000     2.3176200000
   11      C       0.0000000000     0.0000000000     0.0000000000
   12      C       0.5551370000     0.6615350000     1.0994460000
   13      C       1.4447100000     1.7216580000     0.7767210000
   14      H       0.3180720000     0.3790230000     2.1360880000
   15      C       1.5865630000     1.8906760000    -0.6125460000
   16      S       0.6057810000     0.7219040000    -1.4868090000
   17      C       2.1439200000     2.5549070000     1.8146090000
   18      H       1.8703250000     2.2288510000     2.8366760000
   19      H       1.8808820000     3.6297420000     1.7262390000
   20      H       3.2480980000     2.4824760000     1.7262280000
   21      H       2.1967230000     2.6178060000    -1.1615750000
   22      H      -1.2254650000    -4.3927130000    -0.7452190000
   23      H       0.4613780000    -4.3923470000    -1.3590380000
   24      H      -1.0149070000    -1.4409370000     0.3692730000
 ----------------------------------------------------------------
 Nuclear Repulsion Energy =         887.60252535 hartrees
 There are       52 alpha and       52 beta electrons

 Q-Chem warning in module forms1/BasisType.C, line 2236:

 You are not using the predefined 5D/6D in this basis set.

 Requested basis set is cc-pVTZ
 There are 196 shells and 536 basis functions

 Total QAlloc Memory Limit 110000 MB
 Mega-Array Size       188 MB
 MEM_STATIC part       192 MB
 Discretize the solute cavity surface with Lebedev spheres
	Using 110 Lebedev grid points for each H atom
	Using 194 Lebedev grid points for other atoms
	Atomic van der Waals radii will be scaled by 1.20
 Remove points where switching function is < 1.0e-08
 Keep 1564 surface tesserae and discard 2084 interior tesserae
 Molecular Surface Area = 228.907 Angst**2
 Requested basis set is rimp2-cc-pVTZ
 There are 414 shells and 1414 basis functions
 A cutoff of  1.0D-10 yielded  14425 shell pairs
 There are    104661 function pairs (    134140 Cartesian)
 Smallest overlap matrix eigenvalue = 5.75E-05

 Scale SEOQF with 1.000000e-01/1.000000e-01/1.000000e-01

 Standard Electronic Orientation quadrupole field applied
 Nucleus-field energy     =     0.0000000200 hartrees
 Guess from superposition of atomic densities
 Warning:  Energy on first SCF cycle will be non-variational
 SAD guess density has 104.000000 electrons

 -----------------------------------------------------------------------
  General SCF calculation program by
  Eric Jon Sundstrom, Paul Horn, Yuezhi Mao, Dmitri Zuev, Alec White,
  David Stuck, Shaama M.S., Shane Yost, Joonho Lee, David Small,
  Daniel Levine, Susi Lehtola, Hugh Burton, Evgeny Epifanovsky,
  Bang C. Huynh
 -----------------------------------------------------------------------
 Hartree-Fock
 A restricted SCF calculation will be
 performed using DIIS
 SCF converges when DIIS error is below 1.0e-06
 ---------------------------------------
  Cycle       Energy         DIIS error
 ---------------------------------------
    1   -1186.1139181439      2.40e-02  
    2   -1180.5696849995      1.55e-03  
    3   -1180.6960102505      5.94e-04  
    4   -1180.7102363026      3.24e-04  
    5   -1180.7151601440      6.35e-05  
    6   -1180.7154417006      2.60e-05  
    7   -1180.7155150609      1.08e-05  
    8   -1180.7155340978      5.08e-06  
    9   -1180.7155392628      2.13e-06  
   10   -1180.7155402039      8.10e-07  Convergence criterion met
 ---------------------------------------
 SCF time:   CPU 597.21s  wall 600.00s 

************** Final PCM Free Energy Summary **************
 G_electrostatic  =      -0.01008443 hartree =      -6.32807296 kcal/mol
 G_cavitation     =       0.00000000 hartree =       0.00000000 kcal/mol
 G_dispersion     =       0.00000000 hartree =       0.00000000 kcal/mol
 G_repulsion      =       0.00000000 hartree =       0.00000000 kcal/mol
 --------------------------------------------------
 Non-electrostatic Free Energy =       0.00000000 hartree =       0.00000000 kcal/mol
 Total                         =      -0.01008443 hartree =      -6.32807296 kcal/mol
 --------------------------------------------------
 SCF Energy (H0 + V/2)                       =   -1180.71554020 
 Solute Internal Energy (H0)                 =   -1180.70545578 
 Total Free Energy (H0 + V/2 + non-elec)     =   -1180.71554020 hartree
                                             = -740910.18403483 kcal/mol
***********************************************************

 SCF   energy in the final basis set =    -1180.7155402039
 Total energy in the final basis set =    -1180.7155402039


 --------------------------------------------------------------
  Generalized many-body perturbation theory program
  by Joonho Lee, Fazle Rob, Xintian Feng, Evgeny Epifanovsky

 No regularization used 
 (reg. param. = 0.0000e+00)
  (P|Q)^-1/2 Time:  CPU 1.88 s  wall 1.89 s

 In RI-MP2 calculation: 
 # of frozen core orbitals: 20

 Components of the RIMP2 correlation energy:
        aaaa    correlation energy =        -0.2538335090 a.u.
        abab    correlation energy =        -1.5106799008 a.u.
        bbbb    correlation energy =        -0.2538335090 a.u.
        non-Brillouin singles      =        -0.0000000000 a.u.
        total same-spin energy     =        -0.5076670180 a.u.
        total opposite-spin energy =        -1.5106799008 a.u.

 Total  RIMP2   correlation energy =        -2.0183469188 a.u.
        RIMP2         total energy =     -1182.7338871227 a.u.

 RI-MP2 Energy Time:  CPU 80.70 s  wall 80.98 s
 
 --------------------------------------------------------------
 
                    Orbital Energies (a.u.)
 --------------------------------------------------------------
 
 Alpha MOs
 -- Occupied --
-91.9788 -91.9418 -11.2724 -11.2673 -11.2640 -11.2537 -11.2507 -11.2416
-11.2413 -11.2329 -11.2293 -11.2180  -8.9792  -8.9465  -6.6601  -6.6593
 -6.6588  -6.6279  -6.6269  -6.6257  -1.2013  -1.1529  -1.0586  -1.0311
 -0.9999  -0.9633  -0.9143  -0.9005  -0.8143  -0.7610  -0.7293  -0.7107
 -0.6524  -0.6454  -0.6105  -0.5936  -0.5901  -0.5699  -0.5592  -0.5512
 -0.5423  -0.5351  -0.5241  -0.5058  -0.4799  -0.4709  -0.4611  -0.4413
 -0.3584  -0.3408  -0.3225  -0.2605
 -- Virtual --
  0.0813   0.1289   0.1435   0.1470   0.1576   0.1720   0.1740   0.1853
  0.1889   0.2034   0.2065   0.2157   0.2221   0.2339   0.2360   0.2430
  0.2486   0.2734   0.2877   0.3039   0.3164   0.3294   0.3383   0.3584
  0.3637   0.3742   0.3791   0.3894   0.4075   0.4179   0.4218   0.4270
  0.4351   0.4415   0.4663   0.4704   0.4750   0.4789   0.4887   0.4904
  0.5010   0.5159   0.5192   0.5244   0.5342   0.5427   0.5493   0.5587
  0.5682   0.5781   0.5908   0.5943   0.6048   0.6146   0.6161   0.6175
  0.6216   0.6307   0.6334   0.6353   0.6423   0.6499   0.6597   0.6674
  0.6680   0.6717   0.6815   0.6888   0.7000   0.7106   0.7222   0.7278
  0.7398   0.7490   0.7636   0.7777   0.7879   0.7923   0.8037   0.8075
  0.8376   0.8459   0.8559   0.8624   0.8759   0.8969   0.9042   0.9190
  0.9311   0.9412   0.9513   0.9645   0.9791   0.9810   0.9927   1.0016
  1.0147   1.0362   1.0400   1.0507   1.0631   1.0741   1.0856   1.0874
  1.0991   1.1098   1.1198   1.1285   1.1314   1.1545   1.1668   1.1752
  1.1840   1.1927   1.1970   1.2118   1.2230   1.2310   1.2367   1.2429
  1.2540   1.2673   1.2731   1.2789   1.2856   1.2986   1.3107   1.3230
  1.3294   1.3369   1.3441   1.3626   1.3760   1.3947   1.3993   1.4181
  1.4261   1.4360   1.4457   1.4645   1.4738   1.4883   1.4942   1.4965
  1.5028   1.5204   1.5250   1.5348   1.5389   1.5445   1.5549   1.5613
  1.5659   1.5829   1.5853   1.6022   1.6198   1.6262   1.6394   1.6425
  1.6500   1.6589   1.6880   1.7082   1.7158   1.7285   1.7363   1.7401
  1.7660   1.7716   1.7768   1.8045   1.8131   1.8397   1.8476   1.8619
  1.8896   1.9079   1.9208   1.9468   1.9547   1.9782   1.9939   2.0045
  2.0180   2.0371   2.0456   2.0770   2.1119   2.1171   2.1301   2.1790
  2.1828   2.1914   2.2094   2.2230   2.2379   2.2419   2.2643   2.2721
  2.2821   2.2979   2.3386   2.3532   2.4234   2.4402   2.4528   2.4744
  2.4854   2.5095   2.5406   2.5700   2.5742   2.5927   2.6089   2.6239
  2.6363   2.6406   2.6609   2.6710   2.6820   2.6884   2.7214   2.7353
  2.7466   2.7628   2.7667   2.7743   2.7876   2.7917   2.8169   2.8337
  2.8447   2.8525   2.8630   2.8760   2.8958   2.9168   2.9331   2.9460
  2.9658   2.9673   2.9750   2.9958   3.0067   3.0221   3.0334   3.0413
  3.0580   3.0827   3.1021   3.1072   3.1137   3.1207   3.1432   3.1474
  3.1581   3.1736   3.1772   3.1824   3.1907   3.1937   3.2049   3.2152
  3.2219   3.2394   3.2554   3.2638   3.2692   3.2826   3.2909   3.2975
  3.3202   3.3258   3.3323   3.3349   3.3511   3.3543   3.3612   3.3678
  3.3778   3.3910   3.3928   3.4005   3.4112   3.4260   3.4330   3.4396
  3.4428   3.4480   3.4604   3.4683   3.4818   3.4934   3.4982   3.5158
  3.5183   3.5305   3.5349   3.5448   3.5472   3.5580   3.5636   3.5774
  3.5916   3.6042   3.6169   3.6274   3.6329   3.6499   3.6664   3.6677
  3.6898   3.6956   3.7020   3.7105   3.7181   3.7269   3.7361   3.7447
  3.7566   3.7724   3.7757   3.7911   3.7935   3.8044   3.8166   3.8250
  3.8369   3.8540   3.8685   3.8807   3.8919   3.9121   3.9218   3.9289
  3.9373   3.9522   3.9681   3.9811   3.9991   4.0081   4.0199   4.0253
  4.0370   4.0498   4.0590   4.0682   4.0748   4.0978   4.1118   4.1219
  4.1371   4.1437   4.1529   4.1623   4.1734   4.1865   4.1929   4.1973
  4.2124   4.2228   4.2424   4.2443   4.2618   4.2632   4.2740   4.2860
  4.3031   4.3150   4.3219   4.3319   4.3549   4.3662   4.3682   4.3746
  4.3893   4.3998   4.4032   4.4128   4.4303   4.4367   4.4577   4.4616
  4.4695   4.4865   4.5058   4.5108   4.5189   4.5554   4.5621   4.5785
  4.6003   4.6211   4.6310   4.6429   4.6521   4.6536   4.6831   4.6911
  4.7161   4.7394   4.7513   4.7793   4.8013   4.8086   4.8253   4.8435
  4.8784   4.8871   4.9102   4.9295   4.9424   4.9593   4.9710   4.9886
  5.0566   5.0720   5.0822   5.1060   5.1107   5.1259   5.1338   5.1936
  5.2087   5.2247   5.2348   5.2507   5.2894   5.3047   5.3115   5.3152
  5.3398   5.3739   5.3794   5.4041   5.4161   5.4191   5.4405   5.4460
  5.4833   5.5026   5.5257   5.5453   5.5558   5.5733   5.5820   5.6134
  5.6216   5.6287   5.6376   5.6694   5.6910   5.7027   5.7102   5.7376
  5.7713   5.7981   5.8276   5.9804   6.0211   6.0638   6.1159   6.1550
  6.2217   6.2290   6.2359   6.2415   6.2608   6.2844   6.3046   6.3113
  6.4222   6.4582   9.5346  10.5319  12.3207  12.8879  13.1531  13.9639
 14.1502  14.2144  14.4178  14.8433
 --------------------------------------------------------------
 
          Ground-State Mulliken Net Atomic Charges

     Atom                 Charge (a.u.)
  ----------------------------------------
      1 C                    -0.074475
      2 C                    -0.331581
      3 C                    -0.053217
      4 H                     0.177644
      5 C                     0.104482
      6 S                    -0.186831
      7 C                    -0.296626
      8 H                     0.121177
      9 H                     0.098385
     10 H                     0.115925
     11 C                    -0.059568
     12 C                    -0.287101
     13 C                     0.046599
     14 H                     0.197977
     15 C                    -0.243308
     16 S                     0.021121
     17 C                    -0.272196
     18 H                     0.101232
     19 H                     0.110327
     20 H                     0.107422
     21 H                     0.196487
     22 H                     0.110240
     23 H                     0.111837
     24 H                     0.184050
  ----------------------------------------
  Sum of atomic charges =     0.000000

 -----------------------------------------------------------------
                    Cartesian Multipole Moments
 -----------------------------------------------------------------
    Charge (ESU x 10^10)
                -0.0000
    Dipole Moment (Debye)
         X       1.3907      Y       0.1835      Z       4.1279
       Tot       4.3597
    Quadrupole Moments (Debye-Ang)
        XX     -87.0367     XY       5.4497     YY     -78.3671
        XZ       0.9688     YZ      -2.8850     ZZ     -85.8227
    Octopole Moments (Debye-Ang^2)
       XXX    -129.9778    XXY      74.4989    XYY     -33.2246
       YYY     154.2800    XXZ      -2.6814    XYZ      -3.5700
       YYZ      -3.8263    XZZ     -37.1396    YZZ      65.8497
       ZZZ       7.8089
    Hexadecapole Moments (Debye-Ang^3)
      XXXX    -603.6034   XXXY    -223.6846   XXYY    -529.5158
      XYYY    -211.2237   YYYY   -2456.4220   XXXZ    -158.0681
      XXYZ     -31.8573   XYYZ     -46.2907   YYYZ     -75.5444
      XXZZ    -273.0755   XYZZ     -80.7385   YYZZ    -599.4539
      XZZZ    -148.2729   YZZZ    -101.6754   ZZZZ   -1039.5021
 -----------------------------------------------------------------
 Total job time:  682.98s(wall), 678.83s(cpu) 
 Sun Jul 10 02:26:34 2022

        *************************************************************
        *                                                           *
        *  Thank you very much for using Q-Chem.  Have a nice day.  *
        *                                                           *
        *************************************************************


remove work dirs ./qchem1105667.0 -- ./qchem1105667.-1
rm -rf ./qchem1105667
