You are running Q-Chem version: 5.4.0

#
# job setting
#
local host:  exp-1-17
current dir: /expanse/lustre/scratch/theleonzhang/temp_project/Hydrogenated_Rotation_Test
input file:  Methylthiophene_Phi_0_Theta_210_Methylthiophene_Hydrogenated.qcin
output file: 
nprocs     : 0
nthreads   : 1
#
# qchem installation setting
#
QC:          /cm/shared/apps/spack/cpu/opt/spack/linux-centos8-zen2/gcc-10.2.0/qchem-5.4-akfmr7b3t57bfs6qan3padb2wnb2i7cl
QCAUX:       /cm/shared/apps/spack/cpu/opt/spack/linux-centos8-zen2/gcc-10.2.0/qchem-5.4-akfmr7b3t57bfs6qan3padb2wnb2i7cl/qcaux
QCPROG:      /cm/shared/apps/spack/cpu/opt/spack/linux-centos8-zen2/gcc-10.2.0/qchem-5.4-akfmr7b3t57bfs6qan3padb2wnb2i7cl/exe/qcprog.exe_s
QCPROG_S:    /cm/shared/apps/spack/cpu/opt/spack/linux-centos8-zen2/gcc-10.2.0/qchem-5.4-akfmr7b3t57bfs6qan3padb2wnb2i7cl/exe/qcprog.exe_s
PARALLEL:    -DSERIAL
QCMPI:       mpich
#
# qchem directory setting
#
qcrun:       qchem3533432
QCSCRATCH:   .
QCLOCALSCR:  
QCTMPDIR:    .
QCFILEPREF:  ./qchem3533432
QCSAVEDIR:   
workdirs:    ./qchem3533432
workdir0:    ./qchem3533432
partmpdirs =  
#
# parallel setting
#
QCRSH:           ssh
QCMPI:           mpich
QCMPIRUN:        /cm/shared/apps/spack/cpu/opt/spack/linux-centos8-zen2/gcc-10.2.0/qchem-5.4-akfmr7b3t57bfs6qan3padb2wnb2i7cl/bin/mpi/mpirun_qchem
QCMACHINEFILE:   ./qchem3533432/hostfile

#
# env setting
#
exported envs:   QC QCAUX QCSCRATCH QCRUNNAME QCFILEPREF QCPROG QCPROG_S GUIFILE

Running Job 1 of 1 Methylthiophene_Phi_0_Theta_210_Methylthiophene_Hydrogenated.qcin
qchem Methylthiophene_Phi_0_Theta_210_Methylthiophene_Hydrogenated.qcin_3533432.0 ./qchem3533432/ 0
/cm/shared/apps/spack/cpu/opt/spack/linux-centos8-zen2/gcc-10.2.0/qchem-5.4-akfmr7b3t57bfs6qan3padb2wnb2i7cl/exe/qcprog.exe_s Methylthiophene_Phi_0_Theta_210_Methylthiophene_Hydrogenated.qcin_3533432.0 ./qchem3533432/
                  Welcome to Q-Chem
     A Quantum Leap Into The Future Of Chemistry


 Q-Chem 5.4, Q-Chem, Inc., Pleasanton, CA (2021)

 License issued to: University of California, San Diego (site)

 E. Epifanovsky,  A. T. B. Gilbert,  Xintian Feng,  Joonho Lee,  Yuezhi Mao,  
 N. Mardirossian,  P. Pokhilko,  A. White,  M. Wormit,  M. P. Coons,  
 A. L. Dempwolff,  Zhengting Gan,  D. Hait,  P. R. Horn,  L. D. Jacobson,  
 I. Kaliman,  J. Kussmann,  A. W. Lange,  Ka Un Lao,  D. S. Levine,  Jie Liu,  
 S. C. McKenzie,  A. F. Morrison,  K. Nanda,  F. Plasser,  D. R. Rehn,  
 M. L. Vidal,  Zhi-Qiang You,  Ying Zhu,  B. Alam,  B. Albrecht,  
 A. Aldossary,  E. Alguire,  J. H. Andersen,  D. Barton,  K. Begam,  A. Behn,  
 Y. A. Bernard,  E. J. Berquist,  H. Burton,  A. Carreras,  K. Carter-Fenk,  
 R. Chakraborty,  A. D. Chien,  K. D. Closser,  V. Cofer-Shabica,  
 S. Dasgupta,  Jia Deng,  M. de Wergifosse,  M. Diedenhofen,  Hainam Do,  
 S. Ehlert,  Po-Tung Fang,  S. Fatehi,  Qingguo Feng,  J. Gayvert,  
 Qinghui Ge,  G. Gidofalvi,  M. Goldey,  J. Gomes,  C. Gonzalez-Espinoza,  
 S. Gulania,  A. Gunina,  M. W. D. Hanson-Heine,  P. H. P. Harbach,  
 A. W. Hauser,  M. F. Herbst,  M. Hernandez Vera,  M. Hodecker,  
 Z. C. Holden,  S. Houck,  Xunkun Huang,  Kerwin Hui,  B. C. Huynh,  
 M. Ivanov,  Hyunjun Ji,  Hanjie Jiang,  B. Kaduk,  S. Kaehler,  
 K. Khistyaev,  Jaehoon Kim,  P. Klunzinger,  Z. Koczor-Benda,  
 Joong Hoon Koh,  D. Kosenkov,  L. Koulias,  T. Kowalczyk,  C. M. Krauter,  
 K. Kue,  A. Kunitsa,  T. Kus,  A. Landau,  K. V. Lawler,  D. Lefrancois,  
 S. Lehtola,  Rain Li,  Yi-Pei Li,  Jiashu Liang,  M. Liebenthal,  
 Hung-Hsuan Lin,  You-Sheng Lin,  Fenglai Liu,  Kuan-Yu Liu,  
 M. Loipersberger,  A. Luenser,  A. Manjanath,  P. Manohar,  E. Mansoor,  
 S. F. Manzer,  Shan-Ping Mao,  A. V. Marenich,  T. Markovich,  S. Mason,  
 S. A. Maurer,  P. F. McLaughlin,  M. F. S. J. Menger,  J.-M. Mewes,  
 S. A. Mewes,  P. Morgante,  J. W. Mullinax,  T. S. Nguyen-Beck,  
 K. J. Oosterbaan,  G. Paran,  Alexander C. Paul,  Suranjan K. Paul,  
 F. Pavosevic,  Zheng Pei,  S. Prager,  E. I. Proynov,  E. Ramos,  B. Rana,  
 A. E. Rask,  A. Rettig,  R. M. Richard,  F. Rob,  E. Rossomme,  T. Scheele,  
 M. Scheurer,  M. Schneider,  N. Sergueev,  S. M. Sharada,  W. Skomorowski,  
 D. W. Small,  C. J. Stein,  Yu-Chuan Su,  E. J. Sundstrom,  Zhen Tao,  
 J. Thirman,  T. Tsuchimochi,  N. M. Tubman,  S. P. Veccham,  O. Vydrov,  
 J. Wenzel,  J. Witte,  A. Yamada,  Kun Yao,  S. Yeganeh,  S. R. Yost,  
 A. Zech,  Igor Ying Zhang,  Xing Zhang,  Yu Zhang,  D. Zuev,  
 A. Aspuru-Guzik,  A. T. Bell,  N. A. Besley,  K. B. Bravaya,  B. R. Brooks,  
 D. Casanova,  Jeng-Da Chai,  S. Coriani,  C. J. Cramer,  
 A. E. DePrince, III,  R. A. DiStasio Jr.,  A. Dreuw,  B. D. Dunietz,  
 T. R. Furlani,  W. A. Goddard III,  S. Grimme,  S. Hammes-Schiffer,  
 T. Head-Gordon,  W. J. Hehre,  Chao-Ping Hsu,  T.-C. Jagau,  Yousung Jung,  
 A. Klamt,  Jing Kong,  D. S. Lambrecht,  WanZhen Liang,  N. J. Mayhall,  
 C. W. McCurdy,  J. B. Neaton,  C. Ochsenfeld,  J. A. Parkhill,  R. Peverati,  
 V. A. Rassolov,  Yihan Shao,  L. V. Slipchenko,  T. Stauch,  R. P. Steele,  
 J. E. Subotnik,  A. J. W. Thom,  A. Tkatchenko,  D. G. Truhlar,  
 T. Van Voorhis,  T. A. Wesolowski,  K. B. Whaley,  H. L. Woodcock III,  
 P. M. Zimmerman,  S. Faraji,  P. M. W. Gill,  M. Head-Gordon,  
 J. M. Herbert,  A. I. Krylov

 Contributors to earlier versions of Q-Chem not listed above: 
 R. D. Adamson,  B. Austin,  R. Baer,  J. Baker,  G. J. O. Beran,  
 K. Brandhorst,  S. T. Brown,  E. F. C. Byrd,  A. K. Chakraborty,  
 G. K. L. Chan,  Chun-Min Chang,  Yunqing Chen,  C.-L. Cheng,  
 Siu Hung Chien,  D. M. Chipman,  D. L. Crittenden,  H. Dachsel,  
 R. J. Doerksen,  A. D. Dutoi,  R. G. Edgar,  J. Fosso-Tande,  
 L. Fusti-Molnar,  D. Ghosh,  A. Ghysels,  A. Golubeva-Zadorozhnaya,  
 J. Gonthier,  M. S. Gordon,  S. R. Gwaltney,  G. Hawkins,  J. E. Herr,  
 A. Heyden,  S. Hirata,  E. G. Hohenstein,  G. Kedziora,  F. J. Keil,  
 C. Kelley,  Jihan Kim,  R. A. King,  R. Z. Khaliullin,  P. P. Korambath,  
 W. Kurlancheek,  A. Laurent,  A. M. Lee,  M. S. Lee,  S. V. Levchenko,  
 Ching Yeh Lin,  D. Liotard,  E. Livshits,  R. C. Lochan,  I. Lotan,  
 L. A. Martinez-Martinez,  P. E. Maslen,  N. Nair,  D. P. O'Neill,  
 D. Neuhauser,  E. Neuscamman,  C. M. Oana,  R. Olivares-Amaya,  R. Olson,  
 T. M. Perrine,  B. Peters,  P. A. Pieniazek,  A. Prociuk,  Y. M. Rhee,  
 J. Ritchie,  M. A. Rohrdanz,  E. Rosta,  N. J. Russ,  H. F. Schaefer III,  
 M. W. Schmidt,  N. E. Schultz,  S. Sharma,  N. Shenvi,  C. D. Sherrill,  
 A. C. Simmonett,  A. Sodt,  T. Stein,  D. Stuck,  K. S. Thanthiriwatte,  
 V. Vanovschi,  L. Vogt,  Tao Wang,  A. Warshel,  M. A. Watson,  
 C. F. Williams,  Q. Wu,  X. Xu,  Jun Yang,  W. Zhang,  Yan Zhao

 Please cite Q-Chem as follows:
 Y. Shao et al., Mol. Phys. 113, 184-215 (2015)
 DOI: 10.1080/00268976.2014.952696

 Q-Chem 5.4.0 for Intel X86 EM64T Linux

 Parts of Q-Chem use Armadillo 9.800.1 (Horizon Scraper).
 http://arma.sourceforge.net/

 Q-Chem begins on Sun Jul 10 02:43:58 2022  

 Host: 
0

     Scratch files written to ./qchem3533432//
 May1621 |scratch|qcdevops|jenkins|workspace|build_RNUM    
 Processing $rem in /cm/shared/apps/spack/cpu/opt/spack/linux-centos8-zen2/gcc-10.2.0/qchem-5.4-akfmr7b3t57bfs6qan3padb2wnb2i7cl/config/preferences:
 Processing $rem in /home/theleonzhang/.qchemrc:
 Symmetry turned off for PCM/SM12/SMD calculation
 Core orbitals will be frozen

 Checking the input file for inconsistencies... 	...done.

--------------------------------------------------------------
User input:
--------------------------------------------------------------
$molecule
0 1
C	0.388181	-3.866725	-0.670924
C	-0.306020	-3.703963	0.530648
C	-0.533378	-2.357056	0.923703
H	-0.651043	-4.561092	1.128579
C	0.000000	-1.440664	0.000000
S	0.772234	-2.286957	-1.337567
C	-1.261192	-1.978743	2.183857
H	-1.583666	-2.878678	2.742548
H	-2.168641	-1.376015	1.970497
H	-0.623012	-1.375728	2.863099
C	0.000000	0.000000	0.000000
C	0.000033	0.863600	1.099446
C	0.000052	2.247508	0.776721
H	0.000026	0.494801	2.136088
C	0.000074	2.468165	-0.612546
S	0.000024	0.942399	-1.486809
C	0.000075	3.335257	1.814609
H	0.000074	2.909620	2.836676
H	-0.892314	3.989552	1.726239
H	0.892483	3.989525	1.726228
H	0.000094	3.417382	-1.161575
H	-0.216843	-4.392713	-1.417779
H	1.337652	-4.392347	-0.520136
H	0.935250	-1.440391	0.540100
$end

$rem
JOBTYPE		SP
EXCHANGE	HF
CORRELATION	pRIMP2
BASIS		cc-pvtz
METHOD		rimp2
AUX_BASIS	rimp2-cc-pvtz
SOLVENT_METHOD	PCM
PURECART	11111
SYMMETRY	false
MEM_TOTAL	110000
SCF_CONVERGENCE = 6
THRESH=10
$end



$solvent
dielectric 4.90
$end
--------------------------------------------------------------
 ----------------------------------------------------------------
             Standard Nuclear Orientation (Angstroms)
    I     Atom           X                Y                Z
 ----------------------------------------------------------------
    1      C       0.3881810000    -3.8667250000    -0.6709240000
    2      C      -0.3060200000    -3.7039630000     0.5306480000
    3      C      -0.5333780000    -2.3570560000     0.9237030000
    4      H      -0.6510430000    -4.5610920000     1.1285790000
    5      C       0.0000000000    -1.4406640000     0.0000000000
    6      S       0.7722340000    -2.2869570000    -1.3375670000
    7      C      -1.2611920000    -1.9787430000     2.1838570000
    8      H      -1.5836660000    -2.8786780000     2.7425480000
    9      H      -2.1686410000    -1.3760150000     1.9704970000
   10      H      -0.6230120000    -1.3757280000     2.8630990000
   11      C       0.0000000000     0.0000000000     0.0000000000
   12      C       0.0000330000     0.8636000000     1.0994460000
   13      C       0.0000520000     2.2475080000     0.7767210000
   14      H       0.0000260000     0.4948010000     2.1360880000
   15      C       0.0000740000     2.4681650000    -0.6125460000
   16      S       0.0000240000     0.9423990000    -1.4868090000
   17      C       0.0000750000     3.3352570000     1.8146090000
   18      H       0.0000740000     2.9096200000     2.8366760000
   19      H      -0.8923140000     3.9895520000     1.7262390000
   20      H       0.8924830000     3.9895250000     1.7262280000
   21      H       0.0000940000     3.4173820000    -1.1615750000
   22      H      -0.2168430000    -4.3927130000    -1.4177790000
   23      H       1.3376520000    -4.3923470000    -0.5201360000
   24      H       0.9352500000    -1.4403910000     0.5401000000
 ----------------------------------------------------------------
 Nuclear Repulsion Energy =         874.65120244 hartrees
 There are       52 alpha and       52 beta electrons

 Q-Chem warning in module forms1/BasisType.C, line 2236:

 You are not using the predefined 5D/6D in this basis set.

 Requested basis set is cc-pVTZ
 There are 196 shells and 536 basis functions

 Total QAlloc Memory Limit 110000 MB
 Mega-Array Size       188 MB
 MEM_STATIC part       192 MB
 Discretize the solute cavity surface with Lebedev spheres
	Using 110 Lebedev grid points for each H atom
	Using 194 Lebedev grid points for other atoms
	Atomic van der Waals radii will be scaled by 1.20
 Remove points where switching function is < 1.0e-08
 Keep 1594 surface tesserae and discard 2054 interior tesserae
 Molecular Surface Area = 233.897 Angst**2
 Requested basis set is rimp2-cc-pVTZ
 There are 414 shells and 1414 basis functions
 A cutoff of  1.0D-10 yielded  14021 shell pairs
 There are    101547 function pairs (    130144 Cartesian)
 Smallest overlap matrix eigenvalue = 4.74E-05

 Scale SEOQF with 1.000000e-01/1.000000e-01/1.000000e-01

 Standard Electronic Orientation quadrupole field applied
 Nucleus-field energy     =     0.0000000252 hartrees
 Guess from superposition of atomic densities
 Warning:  Energy on first SCF cycle will be non-variational
 SAD guess density has 104.000000 electrons

 -----------------------------------------------------------------------
  General SCF calculation program by
  Eric Jon Sundstrom, Paul Horn, Yuezhi Mao, Dmitri Zuev, Alec White,
  David Stuck, Shaama M.S., Shane Yost, Joonho Lee, David Small,
  Daniel Levine, Susi Lehtola, Hugh Burton, Evgeny Epifanovsky,
  Bang C. Huynh
 -----------------------------------------------------------------------
 Hartree-Fock
 A restricted SCF calculation will be
 performed using DIIS
 SCF converges when DIIS error is below 1.0e-06
 ---------------------------------------
  Cycle       Energy         DIIS error
 ---------------------------------------
    1   -1186.0393233985      2.39e-02  
    2   -1180.6114981367      1.58e-03  
    3   -1180.7372509358      6.50e-04  
    4   -1180.7529809507      3.48e-04  
    5   -1180.7585776052      5.88e-05  
    6   -1180.7588187435      2.44e-05  
    7   -1180.7588742191      8.45e-06  
    8   -1180.7588858052      4.08e-06  
    9   -1180.7588883478      1.39e-06  
   10   -1180.7588887576      5.01e-07  Convergence criterion met
 ---------------------------------------
 SCF time:   CPU 569.16s  wall 571.00s 

************** Final PCM Free Energy Summary **************
 G_electrostatic  =      -0.00954863 hartree =      -5.99185298 kcal/mol
 G_cavitation     =       0.00000000 hartree =       0.00000000 kcal/mol
 G_dispersion     =       0.00000000 hartree =       0.00000000 kcal/mol
 G_repulsion      =       0.00000000 hartree =       0.00000000 kcal/mol
 --------------------------------------------------
 Non-electrostatic Free Energy =       0.00000000 hartree =       0.00000000 kcal/mol
 Total                         =      -0.00954863 hartree =      -5.99185298 kcal/mol
 --------------------------------------------------
 SCF Energy (H0 + V/2)                       =   -1180.75888876 
 Solute Internal Energy (H0)                 =   -1180.74934013 
 Total Free Energy (H0 + V/2 + non-elec)     =   -1180.75888876 hartree
                                             = -740937.38566286 kcal/mol
***********************************************************

 SCF   energy in the final basis set =    -1180.7588887576
 Total energy in the final basis set =    -1180.7588887576


 --------------------------------------------------------------
  Generalized many-body perturbation theory program
  by Joonho Lee, Fazle Rob, Xintian Feng, Evgeny Epifanovsky

 No regularization used 
 (reg. param. = 0.0000e+00)
  (P|Q)^-1/2 Time:  CPU 1.89 s  wall 1.90 s

 In RI-MP2 calculation: 
 # of frozen core orbitals: 20

 Components of the RIMP2 correlation energy:
        aaaa    correlation energy =        -0.2514619741 a.u.
        abab    correlation energy =        -1.5028389177 a.u.
        bbbb    correlation energy =        -0.2514619741 a.u.
        non-Brillouin singles      =        -0.0000000000 a.u.
        total same-spin energy     =        -0.5029239483 a.u.
        total opposite-spin energy =        -1.5028389177 a.u.

 Total  RIMP2   correlation energy =        -2.0057628660 a.u.
        RIMP2         total energy =     -1182.7646516236 a.u.

 RI-MP2 Energy Time:  CPU 79.80 s  wall 80.10 s
 
 --------------------------------------------------------------
 
                    Orbital Energies (a.u.)
 --------------------------------------------------------------
 
 Alpha MOs
 -- Occupied --
-91.9836 -91.9455 -11.2891 -11.2659 -11.2603 -11.2549 -11.2505 -11.2437
-11.2336 -11.2318 -11.2284 -11.2228  -8.9832  -8.9501  -6.6641  -6.6636
 -6.6630  -6.6315  -6.6305  -6.6292  -1.2016  -1.1525  -1.0600  -1.0307
 -1.0024  -0.9613  -0.9149  -0.9000  -0.8183  -0.7626  -0.7270  -0.7064
 -0.6603  -0.6473  -0.6108  -0.5924  -0.5858  -0.5696  -0.5600  -0.5539
 -0.5431  -0.5341  -0.5202  -0.5037  -0.4864  -0.4829  -0.4674  -0.4450
 -0.3588  -0.3436  -0.3227  -0.2669
 -- Virtual --
  0.1041   0.1304   0.1433   0.1504   0.1564   0.1690   0.1713   0.1869
  0.1963   0.2027   0.2052   0.2128   0.2188   0.2356   0.2375   0.2419
  0.2561   0.2757   0.2806   0.3009   0.3180   0.3297   0.3522   0.3550
  0.3715   0.3787   0.3867   0.3880   0.3981   0.4129   0.4149   0.4237
  0.4383   0.4500   0.4627   0.4675   0.4742   0.4784   0.4836   0.4944
  0.5038   0.5120   0.5268   0.5278   0.5379   0.5430   0.5496   0.5525
  0.5629   0.5796   0.5860   0.5917   0.5954   0.6048   0.6127   0.6216
  0.6252   0.6275   0.6341   0.6371   0.6419   0.6476   0.6508   0.6615
  0.6692   0.6814   0.6830   0.6889   0.6994   0.7209   0.7243   0.7265
  0.7287   0.7437   0.7635   0.7740   0.7800   0.7973   0.8083   0.8249
  0.8320   0.8406   0.8621   0.8656   0.8857   0.8994   0.9038   0.9182
  0.9245   0.9456   0.9511   0.9644   0.9761   0.9881   1.0057   1.0139
  1.0214   1.0297   1.0396   1.0477   1.0572   1.0625   1.0719   1.0868
  1.0888   1.0935   1.1051   1.1280   1.1392   1.1435   1.1586   1.1744
  1.1841   1.1901   1.1995   1.2109   1.2160   1.2227   1.2273   1.2410
  1.2466   1.2626   1.2646   1.2768   1.2829   1.2978   1.3049   1.3201
  1.3205   1.3323   1.3510   1.3588   1.3732   1.3875   1.3962   1.4170
  1.4259   1.4350   1.4424   1.4595   1.4644   1.4778   1.4865   1.4990
  1.5026   1.5085   1.5245   1.5287   1.5452   1.5463   1.5480   1.5523
  1.5777   1.5841   1.5941   1.6050   1.6223   1.6238   1.6420   1.6454
  1.6523   1.6680   1.6755   1.6932   1.7074   1.7212   1.7292   1.7454
  1.7570   1.7650   1.7734   1.7864   1.8109   1.8291   1.8404   1.8606
  1.8847   1.9029   1.9325   1.9338   1.9396   1.9828   1.9847   1.9979
  2.0209   2.0410   2.0547   2.0558   2.0840   2.1203   2.1371   2.1633
  2.1810   2.2035   2.2087   2.2221   2.2307   2.2527   2.2713   2.2861
  2.2926   2.3095   2.3201   2.3721   2.4043   2.4395   2.4682   2.4805
  2.4975   2.5137   2.5412   2.5467   2.5596   2.5810   2.6022   2.6128
  2.6337   2.6467   2.6598   2.6707   2.6764   2.6959   2.7139   2.7289
  2.7413   2.7510   2.7660   2.7725   2.7746   2.7882   2.8001   2.8084
  2.8344   2.8540   2.8568   2.8619   2.8892   2.9021   2.9080   2.9231
  2.9381   2.9546   2.9821   2.9863   3.0038   3.0133   3.0294   3.0418
  3.0426   3.0606   3.0950   3.1035   3.1116   3.1219   3.1287   3.1411
  3.1462   3.1542   3.1638   3.1768   3.1917   3.1949   3.2089   3.2205
  3.2300   3.2428   3.2504   3.2603   3.2646   3.2849   3.2962   3.3088
  3.3116   3.3244   3.3295   3.3379   3.3455   3.3610   3.3629   3.3658
  3.3737   3.3883   3.3941   3.3977   3.4047   3.4188   3.4284   3.4293
  3.4443   3.4475   3.4593   3.4685   3.4734   3.4795   3.4845   3.5029
  3.5090   3.5187   3.5300   3.5374   3.5472   3.5598   3.5665   3.5733
  3.5933   3.6048   3.6162   3.6253   3.6315   3.6377   3.6463   3.6532
  3.6641   3.6721   3.6962   3.7030   3.7135   3.7297   3.7350   3.7389
  3.7456   3.7499   3.7743   3.7815   3.7925   3.8021   3.8082   3.8217
  3.8292   3.8400   3.8518   3.8664   3.8847   3.8875   3.9010   3.9051
  3.9172   3.9314   3.9572   3.9703   3.9905   3.9997   4.0037   4.0135
  4.0376   4.0438   4.0518   4.0551   4.0650   4.0784   4.0834   4.1107
  4.1237   4.1368   4.1451   4.1530   4.1606   4.1660   4.1788   4.1940
  4.2100   4.2224   4.2284   4.2326   4.2529   4.2635   4.2741   4.2972
  4.3023   4.3074   4.3176   4.3345   4.3487   4.3546   4.3652   4.3711
  4.3823   4.3992   4.4022   4.4149   4.4254   4.4353   4.4419   4.4555
  4.4608   4.4766   4.4889   4.4950   4.5143   4.5244   4.5572   4.5607
  4.5766   4.5905   4.5999   4.6265   4.6376   4.6450   4.6572   4.6870
  4.6919   4.7277   4.7395   4.7615   4.7799   4.8124   4.8374   4.8481
  4.8570   4.8830   4.9017   4.9166   4.9424   4.9788   4.9795   4.9973
  5.0490   5.0713   5.0908   5.1094   5.1161   5.1287   5.1581   5.1883
  5.2108   5.2233   5.2579   5.2615   5.2802   5.2947   5.3105   5.3299
  5.3539   5.3561   5.3897   5.3908   5.4142   5.4289   5.4346   5.4400
  5.4708   5.5245   5.5267   5.5406   5.5499   5.5727   5.5771   5.5997
  5.6183   5.6246   5.6338   5.6620   5.6674   5.7021   5.7095   5.7431
  5.7729   5.7960   5.8362   5.9574   6.0483   6.0910   6.1348   6.1800
  6.2088   6.2281   6.2364   6.2568   6.2693   6.2879   6.3083   6.3796
  6.4007   6.5906   9.4340  10.8950  12.0819  12.9781  13.1969  13.8921
 14.0890  14.2058  14.4059  15.1655
 --------------------------------------------------------------
 
          Ground-State Mulliken Net Atomic Charges

     Atom                 Charge (a.u.)
  ----------------------------------------
      1 C                    -0.075561
      2 C                    -0.316960
      3 C                    -0.060493
      4 H                     0.178072
      5 C                     0.129258
      6 S                    -0.178885
      7 C                    -0.287643
      8 H                     0.119272
      9 H                     0.116700
     10 H                     0.099290
     11 C                    -0.063160
     12 C                    -0.267886
     13 C                     0.028658
     14 H                     0.188285
     15 C                    -0.271903
     16 S                     0.011002
     17 C                    -0.273606
     18 H                     0.100867
     19 H                     0.108449
     20 H                     0.108705
     21 H                     0.195762
     22 H                     0.112298
     23 H                     0.113024
     24 H                     0.186455
  ----------------------------------------
  Sum of atomic charges =     0.000000

 -----------------------------------------------------------------
                    Cartesian Multipole Moments
 -----------------------------------------------------------------
    Charge (ESU x 10^10)
                -0.0000
    Dipole Moment (Debye)
         X      -0.4651      Y      -0.2978      Z       3.8733
       Tot       3.9124
    Quadrupole Moments (Debye-Ang)
        XX     -91.4194     XY       0.3817     YY     -73.1084
        XZ      -0.2802     YZ      -2.5907     ZZ     -86.1059
    Octopole Moments (Debye-Ang^2)
       XXX       1.0499    XXY      41.7447    XYY       2.4236
       YYY     115.5515    XXZ      -0.3168    XYZ       2.8574
       YYZ      -3.0131    XZZ      -3.5603    YZZ      51.0915
       ZZZ       4.7181
    Hexadecapole Moments (Debye-Ang^3)
      XXXX    -280.9150   XXXY       1.2064   XXYY    -568.5788
      XYYY      -4.4615   YYYY   -2767.3532   XXXZ     124.5453
      XXYZ     -37.1285   XYYZ      25.4622   YYYZ    -106.4370
      XXZZ    -212.6491   XYZZ      14.6902   YYZZ    -645.5971
      XZZZ     117.7564   YZZZ    -119.3709   ZZZZ    -968.2397
 -----------------------------------------------------------------
 Total job time:  654.01s(wall), 649.87s(cpu) 
 Sun Jul 10 02:54:52 2022

        *************************************************************
        *                                                           *
        *  Thank you very much for using Q-Chem.  Have a nice day.  *
        *                                                           *
        *************************************************************


remove work dirs ./qchem3533432.0 -- ./qchem3533432.-1
rm -rf ./qchem3533432
You are running Q-Chem version: 5.4.0

#
# job setting
#
local host:  exp-2-18
current dir: /expanse/lustre/scratch/theleonzhang/temp_project/Hydrogenated_Rotation_Test
input file:  Methylthiophene_Phi_0_Theta_210_Methylthiophene_Hydrogenated.qcin
output file: 
nprocs     : 0
nthreads   : 1
#
# qchem installation setting
#
QC:          /cm/shared/apps/spack/cpu/opt/spack/linux-centos8-zen2/gcc-10.2.0/qchem-5.4-akfmr7b3t57bfs6qan3padb2wnb2i7cl
QCAUX:       /cm/shared/apps/spack/cpu/opt/spack/linux-centos8-zen2/gcc-10.2.0/qchem-5.4-akfmr7b3t57bfs6qan3padb2wnb2i7cl/qcaux
QCPROG:      /cm/shared/apps/spack/cpu/opt/spack/linux-centos8-zen2/gcc-10.2.0/qchem-5.4-akfmr7b3t57bfs6qan3padb2wnb2i7cl/exe/qcprog.exe_s
QCPROG_S:    /cm/shared/apps/spack/cpu/opt/spack/linux-centos8-zen2/gcc-10.2.0/qchem-5.4-akfmr7b3t57bfs6qan3padb2wnb2i7cl/exe/qcprog.exe_s
PARALLEL:    -DSERIAL
QCMPI:       mpich
#
# qchem directory setting
#
qcrun:       qchem1910483
QCSCRATCH:   .
QCLOCALSCR:  
QCTMPDIR:    .
QCFILEPREF:  ./qchem1910483
QCSAVEDIR:   
workdirs:    ./qchem1910483
workdir0:    ./qchem1910483
partmpdirs =  
#
# parallel setting
#
QCRSH:           ssh
QCMPI:           mpich
QCMPIRUN:        /cm/shared/apps/spack/cpu/opt/spack/linux-centos8-zen2/gcc-10.2.0/qchem-5.4-akfmr7b3t57bfs6qan3padb2wnb2i7cl/bin/mpi/mpirun_qchem
QCMACHINEFILE:   ./qchem1910483/hostfile

#
# env setting
#
exported envs:   QC QCAUX QCSCRATCH QCRUNNAME QCFILEPREF QCPROG QCPROG_S GUIFILE

Running Job 1 of 1 Methylthiophene_Phi_0_Theta_210_Methylthiophene_Hydrogenated.qcin
qchem Methylthiophene_Phi_0_Theta_210_Methylthiophene_Hydrogenated.qcin_1910483.0 ./qchem1910483/ 0
/cm/shared/apps/spack/cpu/opt/spack/linux-centos8-zen2/gcc-10.2.0/qchem-5.4-akfmr7b3t57bfs6qan3padb2wnb2i7cl/exe/qcprog.exe_s Methylthiophene_Phi_0_Theta_210_Methylthiophene_Hydrogenated.qcin_1910483.0 ./qchem1910483/
                  Welcome to Q-Chem
     A Quantum Leap Into The Future Of Chemistry


 Q-Chem 5.4, Q-Chem, Inc., Pleasanton, CA (2021)

 License issued to: University of California, San Diego (site)

 E. Epifanovsky,  A. T. B. Gilbert,  Xintian Feng,  Joonho Lee,  Yuezhi Mao,  
 N. Mardirossian,  P. Pokhilko,  A. White,  M. Wormit,  M. P. Coons,  
 A. L. Dempwolff,  Zhengting Gan,  D. Hait,  P. R. Horn,  L. D. Jacobson,  
 I. Kaliman,  J. Kussmann,  A. W. Lange,  Ka Un Lao,  D. S. Levine,  Jie Liu,  
 S. C. McKenzie,  A. F. Morrison,  K. Nanda,  F. Plasser,  D. R. Rehn,  
 M. L. Vidal,  Zhi-Qiang You,  Ying Zhu,  B. Alam,  B. Albrecht,  
 A. Aldossary,  E. Alguire,  J. H. Andersen,  D. Barton,  K. Begam,  A. Behn,  
 Y. A. Bernard,  E. J. Berquist,  H. Burton,  A. Carreras,  K. Carter-Fenk,  
 R. Chakraborty,  A. D. Chien,  K. D. Closser,  V. Cofer-Shabica,  
 S. Dasgupta,  Jia Deng,  M. de Wergifosse,  M. Diedenhofen,  Hainam Do,  
 S. Ehlert,  Po-Tung Fang,  S. Fatehi,  Qingguo Feng,  J. Gayvert,  
 Qinghui Ge,  G. Gidofalvi,  M. Goldey,  J. Gomes,  C. Gonzalez-Espinoza,  
 S. Gulania,  A. Gunina,  M. W. D. Hanson-Heine,  P. H. P. Harbach,  
 A. W. Hauser,  M. F. Herbst,  M. Hernandez Vera,  M. Hodecker,  
 Z. C. Holden,  S. Houck,  Xunkun Huang,  Kerwin Hui,  B. C. Huynh,  
 M. Ivanov,  Hyunjun Ji,  Hanjie Jiang,  B. Kaduk,  S. Kaehler,  
 K. Khistyaev,  Jaehoon Kim,  P. Klunzinger,  Z. Koczor-Benda,  
 Joong Hoon Koh,  D. Kosenkov,  L. Koulias,  T. Kowalczyk,  C. M. Krauter,  
 K. Kue,  A. Kunitsa,  T. Kus,  A. Landau,  K. V. Lawler,  D. Lefrancois,  
 S. Lehtola,  Rain Li,  Yi-Pei Li,  Jiashu Liang,  M. Liebenthal,  
 Hung-Hsuan Lin,  You-Sheng Lin,  Fenglai Liu,  Kuan-Yu Liu,  
 M. Loipersberger,  A. Luenser,  A. Manjanath,  P. Manohar,  E. Mansoor,  
 S. F. Manzer,  Shan-Ping Mao,  A. V. Marenich,  T. Markovich,  S. Mason,  
 S. A. Maurer,  P. F. McLaughlin,  M. F. S. J. Menger,  J.-M. Mewes,  
 S. A. Mewes,  P. Morgante,  J. W. Mullinax,  T. S. Nguyen-Beck,  
 K. J. Oosterbaan,  G. Paran,  Alexander C. Paul,  Suranjan K. Paul,  
 F. Pavosevic,  Zheng Pei,  S. Prager,  E. I. Proynov,  E. Ramos,  B. Rana,  
 A. E. Rask,  A. Rettig,  R. M. Richard,  F. Rob,  E. Rossomme,  T. Scheele,  
 M. Scheurer,  M. Schneider,  N. Sergueev,  S. M. Sharada,  W. Skomorowski,  
 D. W. Small,  C. J. Stein,  Yu-Chuan Su,  E. J. Sundstrom,  Zhen Tao,  
 J. Thirman,  T. Tsuchimochi,  N. M. Tubman,  S. P. Veccham,  O. Vydrov,  
 J. Wenzel,  J. Witte,  A. Yamada,  Kun Yao,  S. Yeganeh,  S. R. Yost,  
 A. Zech,  Igor Ying Zhang,  Xing Zhang,  Yu Zhang,  D. Zuev,  
 A. Aspuru-Guzik,  A. T. Bell,  N. A. Besley,  K. B. Bravaya,  B. R. Brooks,  
 D. Casanova,  Jeng-Da Chai,  S. Coriani,  C. J. Cramer,  
 A. E. DePrince, III,  R. A. DiStasio Jr.,  A. Dreuw,  B. D. Dunietz,  
 T. R. Furlani,  W. A. Goddard III,  S. Grimme,  S. Hammes-Schiffer,  
 T. Head-Gordon,  W. J. Hehre,  Chao-Ping Hsu,  T.-C. Jagau,  Yousung Jung,  
 A. Klamt,  Jing Kong,  D. S. Lambrecht,  WanZhen Liang,  N. J. Mayhall,  
 C. W. McCurdy,  J. B. Neaton,  C. Ochsenfeld,  J. A. Parkhill,  R. Peverati,  
 V. A. Rassolov,  Yihan Shao,  L. V. Slipchenko,  T. Stauch,  R. P. Steele,  
 J. E. Subotnik,  A. J. W. Thom,  A. Tkatchenko,  D. G. Truhlar,  
 T. Van Voorhis,  T. A. Wesolowski,  K. B. Whaley,  H. L. Woodcock III,  
 P. M. Zimmerman,  S. Faraji,  P. M. W. Gill,  M. Head-Gordon,  
 J. M. Herbert,  A. I. Krylov

 Contributors to earlier versions of Q-Chem not listed above: 
 R. D. Adamson,  B. Austin,  R. Baer,  J. Baker,  G. J. O. Beran,  
 K. Brandhorst,  S. T. Brown,  E. F. C. Byrd,  A. K. Chakraborty,  
 G. K. L. Chan,  Chun-Min Chang,  Yunqing Chen,  C.-L. Cheng,  
 Siu Hung Chien,  D. M. Chipman,  D. L. Crittenden,  H. Dachsel,  
 R. J. Doerksen,  A. D. Dutoi,  R. G. Edgar,  J. Fosso-Tande,  
 L. Fusti-Molnar,  D. Ghosh,  A. Ghysels,  A. Golubeva-Zadorozhnaya,  
 J. Gonthier,  M. S. Gordon,  S. R. Gwaltney,  G. Hawkins,  J. E. Herr,  
 A. Heyden,  S. Hirata,  E. G. Hohenstein,  G. Kedziora,  F. J. Keil,  
 C. Kelley,  Jihan Kim,  R. A. King,  R. Z. Khaliullin,  P. P. Korambath,  
 W. Kurlancheek,  A. Laurent,  A. M. Lee,  M. S. Lee,  S. V. Levchenko,  
 Ching Yeh Lin,  D. Liotard,  E. Livshits,  R. C. Lochan,  I. Lotan,  
 L. A. Martinez-Martinez,  P. E. Maslen,  N. Nair,  D. P. O'Neill,  
 D. Neuhauser,  E. Neuscamman,  C. M. Oana,  R. Olivares-Amaya,  R. Olson,  
 T. M. Perrine,  B. Peters,  P. A. Pieniazek,  A. Prociuk,  Y. M. Rhee,  
 J. Ritchie,  M. A. Rohrdanz,  E. Rosta,  N. J. Russ,  H. F. Schaefer III,  
 M. W. Schmidt,  N. E. Schultz,  S. Sharma,  N. Shenvi,  C. D. Sherrill,  
 A. C. Simmonett,  A. Sodt,  T. Stein,  D. Stuck,  K. S. Thanthiriwatte,  
 V. Vanovschi,  L. Vogt,  Tao Wang,  A. Warshel,  M. A. Watson,  
 C. F. Williams,  Q. Wu,  X. Xu,  Jun Yang,  W. Zhang,  Yan Zhao

 Please cite Q-Chem as follows:
 Y. Shao et al., Mol. Phys. 113, 184-215 (2015)
 DOI: 10.1080/00268976.2014.952696

 Q-Chem 5.4.0 for Intel X86 EM64T Linux

 Parts of Q-Chem use Armadillo 9.800.1 (Horizon Scraper).
 http://arma.sourceforge.net/

 Q-Chem begins on Sun Jul 10 03:16:21 2022  

 Host: 
0

     Scratch files written to ./qchem1910483//
 May1621 |scratch|qcdevops|jenkins|workspace|build_RNUM    
 Processing $rem in /cm/shared/apps/spack/cpu/opt/spack/linux-centos8-zen2/gcc-10.2.0/qchem-5.4-akfmr7b3t57bfs6qan3padb2wnb2i7cl/config/preferences:
 Processing $rem in /home/theleonzhang/.qchemrc:
 Symmetry turned off for PCM/SM12/SMD calculation
 Core orbitals will be frozen

 Checking the input file for inconsistencies... 	...done.

--------------------------------------------------------------
User input:
--------------------------------------------------------------
$molecule
0 1
C	0.388181	-3.866725	-0.670924
C	-0.306020	-3.703963	0.530648
C	-0.533378	-2.357056	0.923703
H	-0.651043	-4.561092	1.128579
C	0.000000	-1.440664	0.000000
S	0.772234	-2.286957	-1.337567
C	-1.261192	-1.978743	2.183857
H	-1.583666	-2.878678	2.742548
H	-2.168641	-1.376015	1.970497
H	-0.623012	-1.375728	2.863099
C	0.000000	0.000000	0.000000
C	0.000033	0.863600	1.099446
C	0.000052	2.247508	0.776721
H	0.000026	0.494801	2.136088
C	0.000074	2.468165	-0.612546
S	0.000024	0.942399	-1.486809
C	0.000075	3.335257	1.814609
H	0.000074	2.909620	2.836676
H	-0.892314	3.989552	1.726239
H	0.892483	3.989525	1.726228
H	0.000094	3.417382	-1.161575
H	-0.216843	-4.392713	-1.417779
H	1.337652	-4.392347	-0.520136
H	0.935250	-1.440391	0.540100
$end

$rem
JOBTYPE		SP
EXCHANGE	HF
CORRELATION	pRIMP2
BASIS		cc-pvtz
METHOD		rimp2
AUX_BASIS	rimp2-cc-pvtz
SOLVENT_METHOD	PCM
PURECART	11111
SYMMETRY	false
MEM_TOTAL	110000
SCF_CONVERGENCE = 6
THRESH=10
$end



$solvent
dielectric 4.90
$end
--------------------------------------------------------------
 ----------------------------------------------------------------
             Standard Nuclear Orientation (Angstroms)
    I     Atom           X                Y                Z
 ----------------------------------------------------------------
    1      C       0.3881810000    -3.8667250000    -0.6709240000
    2      C      -0.3060200000    -3.7039630000     0.5306480000
    3      C      -0.5333780000    -2.3570560000     0.9237030000
    4      H      -0.6510430000    -4.5610920000     1.1285790000
    5      C       0.0000000000    -1.4406640000     0.0000000000
    6      S       0.7722340000    -2.2869570000    -1.3375670000
    7      C      -1.2611920000    -1.9787430000     2.1838570000
    8      H      -1.5836660000    -2.8786780000     2.7425480000
    9      H      -2.1686410000    -1.3760150000     1.9704970000
   10      H      -0.6230120000    -1.3757280000     2.8630990000
   11      C       0.0000000000     0.0000000000     0.0000000000
   12      C       0.0000330000     0.8636000000     1.0994460000
   13      C       0.0000520000     2.2475080000     0.7767210000
   14      H       0.0000260000     0.4948010000     2.1360880000
   15      C       0.0000740000     2.4681650000    -0.6125460000
   16      S       0.0000240000     0.9423990000    -1.4868090000
   17      C       0.0000750000     3.3352570000     1.8146090000
   18      H       0.0000740000     2.9096200000     2.8366760000
   19      H      -0.8923140000     3.9895520000     1.7262390000
   20      H       0.8924830000     3.9895250000     1.7262280000
   21      H       0.0000940000     3.4173820000    -1.1615750000
   22      H      -0.2168430000    -4.3927130000    -1.4177790000
   23      H       1.3376520000    -4.3923470000    -0.5201360000
   24      H       0.9352500000    -1.4403910000     0.5401000000
 ----------------------------------------------------------------
 Nuclear Repulsion Energy =         874.65120244 hartrees
 There are       52 alpha and       52 beta electrons

 Q-Chem warning in module forms1/BasisType.C, line 2236:

 You are not using the predefined 5D/6D in this basis set.

 Requested basis set is cc-pVTZ
 There are 196 shells and 536 basis functions

 Total QAlloc Memory Limit 110000 MB
 Mega-Array Size       188 MB
 MEM_STATIC part       192 MB
 Discretize the solute cavity surface with Lebedev spheres
	Using 110 Lebedev grid points for each H atom
	Using 194 Lebedev grid points for other atoms
	Atomic van der Waals radii will be scaled by 1.20
 Remove points where switching function is < 1.0e-08
 Keep 1594 surface tesserae and discard 2054 interior tesserae
 Molecular Surface Area = 233.897 Angst**2
 Requested basis set is rimp2-cc-pVTZ
 There are 414 shells and 1414 basis functions
 A cutoff of  1.0D-10 yielded  14021 shell pairs
 There are    101547 function pairs (    130144 Cartesian)
 Smallest overlap matrix eigenvalue = 4.74E-05

 Scale SEOQF with 1.000000e-01/1.000000e-01/1.000000e-01

 Standard Electronic Orientation quadrupole field applied
 Nucleus-field energy     =     0.0000000252 hartrees
 Guess from superposition of atomic densities
 Warning:  Energy on first SCF cycle will be non-variational
 SAD guess density has 104.000000 electrons

 -----------------------------------------------------------------------
  General SCF calculation program by
  Eric Jon Sundstrom, Paul Horn, Yuezhi Mao, Dmitri Zuev, Alec White,
  David Stuck, Shaama M.S., Shane Yost, Joonho Lee, David Small,
  Daniel Levine, Susi Lehtola, Hugh Burton, Evgeny Epifanovsky,
  Bang C. Huynh
 -----------------------------------------------------------------------
 Hartree-Fock
 A restricted SCF calculation will be
 performed using DIIS
 SCF converges when DIIS error is below 1.0e-06
 ---------------------------------------
  Cycle       Energy         DIIS error
 ---------------------------------------
    1   -1186.0393233985      2.39e-02  
    2   -1180.6114981367      1.58e-03  
    3   -1180.7372509358      6.50e-04  
    4   -1180.7529809507      3.48e-04  
    5   -1180.7585776052      5.88e-05  
    6   -1180.7588187435      2.44e-05  
    7   -1180.7588742191      8.45e-06  
    8   -1180.7588858052      4.08e-06  
    9   -1180.7588883478      1.39e-06  
   10   -1180.7588887576      5.01e-07  Convergence criterion met
 ---------------------------------------
 SCF time:   CPU 571.30s  wall 573.00s 

************** Final PCM Free Energy Summary **************
 G_electrostatic  =      -0.00954863 hartree =      -5.99185298 kcal/mol
 G_cavitation     =       0.00000000 hartree =       0.00000000 kcal/mol
 G_dispersion     =       0.00000000 hartree =       0.00000000 kcal/mol
 G_repulsion      =       0.00000000 hartree =       0.00000000 kcal/mol
 --------------------------------------------------
 Non-electrostatic Free Energy =       0.00000000 hartree =       0.00000000 kcal/mol
 Total                         =      -0.00954863 hartree =      -5.99185298 kcal/mol
 --------------------------------------------------
 SCF Energy (H0 + V/2)                       =   -1180.75888876 
 Solute Internal Energy (H0)                 =   -1180.74934013 
 Total Free Energy (H0 + V/2 + non-elec)     =   -1180.75888876 hartree
                                             = -740937.38566286 kcal/mol
***********************************************************

 SCF   energy in the final basis set =    -1180.7588887576
 Total energy in the final basis set =    -1180.7588887576


 --------------------------------------------------------------
  Generalized many-body perturbation theory program
  by Joonho Lee, Fazle Rob, Xintian Feng, Evgeny Epifanovsky

 No regularization used 
 (reg. param. = 0.0000e+00)
  (P|Q)^-1/2 Time:  CPU 1.88 s  wall 1.89 s

 In RI-MP2 calculation: 
 # of frozen core orbitals: 20

 Components of the RIMP2 correlation energy:
        aaaa    correlation energy =        -0.2514619741 a.u.
        abab    correlation energy =        -1.5028389177 a.u.
        bbbb    correlation energy =        -0.2514619741 a.u.
        non-Brillouin singles      =        -0.0000000000 a.u.
        total same-spin energy     =        -0.5029239483 a.u.
        total opposite-spin energy =        -1.5028389177 a.u.

 Total  RIMP2   correlation energy =        -2.0057628660 a.u.
        RIMP2         total energy =     -1182.7646516236 a.u.

 RI-MP2 Energy Time:  CPU 79.50 s  wall 79.76 s
 
 --------------------------------------------------------------
 
                    Orbital Energies (a.u.)
 --------------------------------------------------------------
 
 Alpha MOs
 -- Occupied --
-91.9836 -91.9455 -11.2891 -11.2659 -11.2603 -11.2549 -11.2505 -11.2437
-11.2336 -11.2318 -11.2284 -11.2228  -8.9832  -8.9501  -6.6641  -6.6636
 -6.6630  -6.6315  -6.6305  -6.6292  -1.2016  -1.1525  -1.0600  -1.0307
 -1.0024  -0.9613  -0.9149  -0.9000  -0.8183  -0.7626  -0.7270  -0.7064
 -0.6603  -0.6473  -0.6108  -0.5924  -0.5858  -0.5696  -0.5600  -0.5539
 -0.5431  -0.5341  -0.5202  -0.5037  -0.4864  -0.4829  -0.4674  -0.4450
 -0.3588  -0.3436  -0.3227  -0.2669
 -- Virtual --
  0.1041   0.1304   0.1433   0.1504   0.1564   0.1690   0.1713   0.1869
  0.1963   0.2027   0.2052   0.2128   0.2188   0.2356   0.2375   0.2419
  0.2561   0.2757   0.2806   0.3009   0.3180   0.3297   0.3522   0.3550
  0.3715   0.3787   0.3867   0.3880   0.3981   0.4129   0.4149   0.4237
  0.4383   0.4500   0.4627   0.4675   0.4742   0.4784   0.4836   0.4944
  0.5038   0.5120   0.5268   0.5278   0.5379   0.5430   0.5496   0.5525
  0.5629   0.5796   0.5860   0.5917   0.5954   0.6048   0.6127   0.6216
  0.6252   0.6275   0.6341   0.6371   0.6419   0.6476   0.6508   0.6615
  0.6692   0.6814   0.6830   0.6889   0.6994   0.7209   0.7243   0.7265
  0.7287   0.7437   0.7635   0.7740   0.7800   0.7973   0.8083   0.8249
  0.8320   0.8406   0.8621   0.8656   0.8857   0.8994   0.9038   0.9182
  0.9245   0.9456   0.9511   0.9644   0.9761   0.9881   1.0057   1.0139
  1.0214   1.0297   1.0396   1.0477   1.0572   1.0625   1.0719   1.0868
  1.0888   1.0935   1.1051   1.1280   1.1392   1.1435   1.1586   1.1744
  1.1841   1.1901   1.1995   1.2109   1.2160   1.2227   1.2273   1.2410
  1.2466   1.2626   1.2646   1.2768   1.2829   1.2978   1.3049   1.3201
  1.3205   1.3323   1.3510   1.3588   1.3732   1.3875   1.3962   1.4170
  1.4259   1.4350   1.4424   1.4595   1.4644   1.4778   1.4865   1.4990
  1.5026   1.5085   1.5245   1.5287   1.5452   1.5463   1.5480   1.5523
  1.5777   1.5841   1.5941   1.6050   1.6223   1.6238   1.6420   1.6454
  1.6523   1.6680   1.6755   1.6932   1.7074   1.7212   1.7292   1.7454
  1.7570   1.7650   1.7734   1.7864   1.8109   1.8291   1.8404   1.8606
  1.8847   1.9029   1.9325   1.9338   1.9396   1.9828   1.9847   1.9979
  2.0209   2.0410   2.0547   2.0558   2.0840   2.1203   2.1371   2.1633
  2.1810   2.2035   2.2087   2.2221   2.2307   2.2527   2.2713   2.2861
  2.2926   2.3095   2.3201   2.3721   2.4043   2.4395   2.4682   2.4805
  2.4975   2.5137   2.5412   2.5467   2.5596   2.5810   2.6022   2.6128
  2.6337   2.6467   2.6598   2.6707   2.6764   2.6959   2.7139   2.7289
  2.7413   2.7510   2.7660   2.7725   2.7746   2.7882   2.8001   2.8084
  2.8344   2.8540   2.8568   2.8619   2.8892   2.9021   2.9080   2.9231
  2.9381   2.9546   2.9821   2.9863   3.0038   3.0133   3.0294   3.0418
  3.0426   3.0606   3.0950   3.1035   3.1116   3.1219   3.1287   3.1411
  3.1462   3.1542   3.1638   3.1768   3.1917   3.1949   3.2089   3.2205
  3.2300   3.2428   3.2504   3.2603   3.2646   3.2849   3.2962   3.3088
  3.3116   3.3244   3.3295   3.3379   3.3455   3.3610   3.3629   3.3658
  3.3737   3.3883   3.3941   3.3977   3.4047   3.4188   3.4284   3.4293
  3.4443   3.4475   3.4593   3.4685   3.4734   3.4795   3.4845   3.5029
  3.5090   3.5187   3.5300   3.5374   3.5472   3.5598   3.5665   3.5733
  3.5933   3.6048   3.6162   3.6253   3.6315   3.6377   3.6463   3.6532
  3.6641   3.6721   3.6962   3.7030   3.7135   3.7297   3.7350   3.7389
  3.7456   3.7499   3.7743   3.7815   3.7925   3.8021   3.8082   3.8217
  3.8292   3.8400   3.8518   3.8664   3.8847   3.8875   3.9010   3.9051
  3.9172   3.9314   3.9572   3.9703   3.9905   3.9997   4.0037   4.0135
  4.0376   4.0438   4.0518   4.0551   4.0650   4.0784   4.0834   4.1107
  4.1237   4.1368   4.1451   4.1530   4.1606   4.1660   4.1788   4.1940
  4.2100   4.2224   4.2284   4.2326   4.2529   4.2635   4.2741   4.2972
  4.3023   4.3074   4.3176   4.3345   4.3487   4.3546   4.3652   4.3711
  4.3823   4.3992   4.4022   4.4149   4.4254   4.4353   4.4419   4.4555
  4.4608   4.4766   4.4889   4.4950   4.5143   4.5244   4.5572   4.5607
  4.5766   4.5905   4.5999   4.6265   4.6376   4.6450   4.6572   4.6870
  4.6919   4.7277   4.7395   4.7615   4.7799   4.8124   4.8374   4.8481
  4.8570   4.8830   4.9017   4.9166   4.9424   4.9788   4.9795   4.9973
  5.0490   5.0713   5.0908   5.1094   5.1161   5.1287   5.1581   5.1883
  5.2108   5.2233   5.2579   5.2615   5.2802   5.2947   5.3105   5.3299
  5.3539   5.3561   5.3897   5.3908   5.4142   5.4289   5.4346   5.4400
  5.4708   5.5245   5.5267   5.5406   5.5499   5.5727   5.5771   5.5997
  5.6183   5.6246   5.6338   5.6620   5.6674   5.7021   5.7095   5.7431
  5.7729   5.7960   5.8362   5.9574   6.0483   6.0910   6.1348   6.1800
  6.2088   6.2281   6.2364   6.2568   6.2693   6.2879   6.3083   6.3796
  6.4007   6.5906   9.4340  10.8950  12.0819  12.9781  13.1969  13.8921
 14.0890  14.2058  14.4059  15.1655
 --------------------------------------------------------------
 
          Ground-State Mulliken Net Atomic Charges

     Atom                 Charge (a.u.)
  ----------------------------------------
      1 C                    -0.075561
      2 C                    -0.316960
      3 C                    -0.060493
      4 H                     0.178072
      5 C                     0.129258
      6 S                    -0.178885
      7 C                    -0.287643
      8 H                     0.119272
      9 H                     0.116700
     10 H                     0.099290
     11 C                    -0.063160
     12 C                    -0.267886
     13 C                     0.028658
     14 H                     0.188285
     15 C                    -0.271903
     16 S                     0.011002
     17 C                    -0.273606
     18 H                     0.100867
     19 H                     0.108449
     20 H                     0.108705
     21 H                     0.195762
     22 H                     0.112298
     23 H                     0.113024
     24 H                     0.186455
  ----------------------------------------
  Sum of atomic charges =     0.000000

 -----------------------------------------------------------------
                    Cartesian Multipole Moments
 -----------------------------------------------------------------
    Charge (ESU x 10^10)
                -0.0000
    Dipole Moment (Debye)
         X      -0.4651      Y      -0.2978      Z       3.8733
       Tot       3.9124
    Quadrupole Moments (Debye-Ang)
        XX     -91.4194     XY       0.3817     YY     -73.1084
        XZ      -0.2802     YZ      -2.5907     ZZ     -86.1059
    Octopole Moments (Debye-Ang^2)
       XXX       1.0499    XXY      41.7447    XYY       2.4236
       YYY     115.5515    XXZ      -0.3168    XYZ       2.8574
       YYZ      -3.0131    XZZ      -3.5603    YZZ      51.0915
       ZZZ       4.7181
    Hexadecapole Moments (Debye-Ang^3)
      XXXX    -280.9150   XXXY       1.2064   XXYY    -568.5788
      XYYY      -4.4615   YYYY   -2767.3532   XXXZ     124.5453
      XXYZ     -37.1285   XYYZ      25.4622   YYYZ    -106.4370
      XXZZ    -212.6491   XYZZ      14.6902   YYZZ    -645.5971
      XZZZ     117.7564   YZZZ    -119.3709   ZZZZ    -968.2397
 -----------------------------------------------------------------
 Total job time:  655.89s(wall), 651.70s(cpu) 
 Sun Jul 10 03:27:16 2022

        *************************************************************
        *                                                           *
        *  Thank you very much for using Q-Chem.  Have a nice day.  *
        *                                                           *
        *************************************************************


remove work dirs ./qchem1910483.0 -- ./qchem1910483.-1
rm -rf ./qchem1910483
