You are running Q-Chem version: 5.4.0

#
# job setting
#
local host:  exp-2-06
current dir: /expanse/lustre/scratch/theleonzhang/temp_project/Hydrogenated_Rotation_Test
input file:  Methylthiophene_Phi_50_Theta_300_Methylthiophene_Hydrogenated.qcin
output file: 
nprocs     : 0
nthreads   : 1
#
# qchem installation setting
#
QC:          /cm/shared/apps/spack/cpu/opt/spack/linux-centos8-zen2/gcc-10.2.0/qchem-5.4-akfmr7b3t57bfs6qan3padb2wnb2i7cl
QCAUX:       /cm/shared/apps/spack/cpu/opt/spack/linux-centos8-zen2/gcc-10.2.0/qchem-5.4-akfmr7b3t57bfs6qan3padb2wnb2i7cl/qcaux
QCPROG:      /cm/shared/apps/spack/cpu/opt/spack/linux-centos8-zen2/gcc-10.2.0/qchem-5.4-akfmr7b3t57bfs6qan3padb2wnb2i7cl/exe/qcprog.exe_s
QCPROG_S:    /cm/shared/apps/spack/cpu/opt/spack/linux-centos8-zen2/gcc-10.2.0/qchem-5.4-akfmr7b3t57bfs6qan3padb2wnb2i7cl/exe/qcprog.exe_s
PARALLEL:    -DSERIAL
QCMPI:       mpich
#
# qchem directory setting
#
qcrun:       qchem1914120
QCSCRATCH:   .
QCLOCALSCR:  
QCTMPDIR:    .
QCFILEPREF:  ./qchem1914120
QCSAVEDIR:   
workdirs:    ./qchem1914120
workdir0:    ./qchem1914120
partmpdirs =  
#
# parallel setting
#
QCRSH:           ssh
QCMPI:           mpich
QCMPIRUN:        /cm/shared/apps/spack/cpu/opt/spack/linux-centos8-zen2/gcc-10.2.0/qchem-5.4-akfmr7b3t57bfs6qan3padb2wnb2i7cl/bin/mpi/mpirun_qchem
QCMACHINEFILE:   ./qchem1914120/hostfile

#
# env setting
#
exported envs:   QC QCAUX QCSCRATCH QCRUNNAME QCFILEPREF QCPROG QCPROG_S GUIFILE

Running Job 1 of 1 Methylthiophene_Phi_50_Theta_300_Methylthiophene_Hydrogenated.qcin
qchem Methylthiophene_Phi_50_Theta_300_Methylthiophene_Hydrogenated.qcin_1914120.0 ./qchem1914120/ 0
/cm/shared/apps/spack/cpu/opt/spack/linux-centos8-zen2/gcc-10.2.0/qchem-5.4-akfmr7b3t57bfs6qan3padb2wnb2i7cl/exe/qcprog.exe_s Methylthiophene_Phi_50_Theta_300_Methylthiophene_Hydrogenated.qcin_1914120.0 ./qchem1914120/
                  Welcome to Q-Chem
     A Quantum Leap Into The Future Of Chemistry


 Q-Chem 5.4, Q-Chem, Inc., Pleasanton, CA (2021)

 License issued to: University of California, San Diego (site)

 E. Epifanovsky,  A. T. B. Gilbert,  Xintian Feng,  Joonho Lee,  Yuezhi Mao,  
 N. Mardirossian,  P. Pokhilko,  A. White,  M. Wormit,  M. P. Coons,  
 A. L. Dempwolff,  Zhengting Gan,  D. Hait,  P. R. Horn,  L. D. Jacobson,  
 I. Kaliman,  J. Kussmann,  A. W. Lange,  Ka Un Lao,  D. S. Levine,  Jie Liu,  
 S. C. McKenzie,  A. F. Morrison,  K. Nanda,  F. Plasser,  D. R. Rehn,  
 M. L. Vidal,  Zhi-Qiang You,  Ying Zhu,  B. Alam,  B. Albrecht,  
 A. Aldossary,  E. Alguire,  J. H. Andersen,  D. Barton,  K. Begam,  A. Behn,  
 Y. A. Bernard,  E. J. Berquist,  H. Burton,  A. Carreras,  K. Carter-Fenk,  
 R. Chakraborty,  A. D. Chien,  K. D. Closser,  V. Cofer-Shabica,  
 S. Dasgupta,  Jia Deng,  M. de Wergifosse,  M. Diedenhofen,  Hainam Do,  
 S. Ehlert,  Po-Tung Fang,  S. Fatehi,  Qingguo Feng,  J. Gayvert,  
 Qinghui Ge,  G. Gidofalvi,  M. Goldey,  J. Gomes,  C. Gonzalez-Espinoza,  
 S. Gulania,  A. Gunina,  M. W. D. Hanson-Heine,  P. H. P. Harbach,  
 A. W. Hauser,  M. F. Herbst,  M. Hernandez Vera,  M. Hodecker,  
 Z. C. Holden,  S. Houck,  Xunkun Huang,  Kerwin Hui,  B. C. Huynh,  
 M. Ivanov,  Hyunjun Ji,  Hanjie Jiang,  B. Kaduk,  S. Kaehler,  
 K. Khistyaev,  Jaehoon Kim,  P. Klunzinger,  Z. Koczor-Benda,  
 Joong Hoon Koh,  D. Kosenkov,  L. Koulias,  T. Kowalczyk,  C. M. Krauter,  
 K. Kue,  A. Kunitsa,  T. Kus,  A. Landau,  K. V. Lawler,  D. Lefrancois,  
 S. Lehtola,  Rain Li,  Yi-Pei Li,  Jiashu Liang,  M. Liebenthal,  
 Hung-Hsuan Lin,  You-Sheng Lin,  Fenglai Liu,  Kuan-Yu Liu,  
 M. Loipersberger,  A. Luenser,  A. Manjanath,  P. Manohar,  E. Mansoor,  
 S. F. Manzer,  Shan-Ping Mao,  A. V. Marenich,  T. Markovich,  S. Mason,  
 S. A. Maurer,  P. F. McLaughlin,  M. F. S. J. Menger,  J.-M. Mewes,  
 S. A. Mewes,  P. Morgante,  J. W. Mullinax,  T. S. Nguyen-Beck,  
 K. J. Oosterbaan,  G. Paran,  Alexander C. Paul,  Suranjan K. Paul,  
 F. Pavosevic,  Zheng Pei,  S. Prager,  E. I. Proynov,  E. Ramos,  B. Rana,  
 A. E. Rask,  A. Rettig,  R. M. Richard,  F. Rob,  E. Rossomme,  T. Scheele,  
 M. Scheurer,  M. Schneider,  N. Sergueev,  S. M. Sharada,  W. Skomorowski,  
 D. W. Small,  C. J. Stein,  Yu-Chuan Su,  E. J. Sundstrom,  Zhen Tao,  
 J. Thirman,  T. Tsuchimochi,  N. M. Tubman,  S. P. Veccham,  O. Vydrov,  
 J. Wenzel,  J. Witte,  A. Yamada,  Kun Yao,  S. Yeganeh,  S. R. Yost,  
 A. Zech,  Igor Ying Zhang,  Xing Zhang,  Yu Zhang,  D. Zuev,  
 A. Aspuru-Guzik,  A. T. Bell,  N. A. Besley,  K. B. Bravaya,  B. R. Brooks,  
 D. Casanova,  Jeng-Da Chai,  S. Coriani,  C. J. Cramer,  
 A. E. DePrince, III,  R. A. DiStasio Jr.,  A. Dreuw,  B. D. Dunietz,  
 T. R. Furlani,  W. A. Goddard III,  S. Grimme,  S. Hammes-Schiffer,  
 T. Head-Gordon,  W. J. Hehre,  Chao-Ping Hsu,  T.-C. Jagau,  Yousung Jung,  
 A. Klamt,  Jing Kong,  D. S. Lambrecht,  WanZhen Liang,  N. J. Mayhall,  
 C. W. McCurdy,  J. B. Neaton,  C. Ochsenfeld,  J. A. Parkhill,  R. Peverati,  
 V. A. Rassolov,  Yihan Shao,  L. V. Slipchenko,  T. Stauch,  R. P. Steele,  
 J. E. Subotnik,  A. J. W. Thom,  A. Tkatchenko,  D. G. Truhlar,  
 T. Van Voorhis,  T. A. Wesolowski,  K. B. Whaley,  H. L. Woodcock III,  
 P. M. Zimmerman,  S. Faraji,  P. M. W. Gill,  M. Head-Gordon,  
 J. M. Herbert,  A. I. Krylov

 Contributors to earlier versions of Q-Chem not listed above: 
 R. D. Adamson,  B. Austin,  R. Baer,  J. Baker,  G. J. O. Beran,  
 K. Brandhorst,  S. T. Brown,  E. F. C. Byrd,  A. K. Chakraborty,  
 G. K. L. Chan,  Chun-Min Chang,  Yunqing Chen,  C.-L. Cheng,  
 Siu Hung Chien,  D. M. Chipman,  D. L. Crittenden,  H. Dachsel,  
 R. J. Doerksen,  A. D. Dutoi,  R. G. Edgar,  J. Fosso-Tande,  
 L. Fusti-Molnar,  D. Ghosh,  A. Ghysels,  A. Golubeva-Zadorozhnaya,  
 J. Gonthier,  M. S. Gordon,  S. R. Gwaltney,  G. Hawkins,  J. E. Herr,  
 A. Heyden,  S. Hirata,  E. G. Hohenstein,  G. Kedziora,  F. J. Keil,  
 C. Kelley,  Jihan Kim,  R. A. King,  R. Z. Khaliullin,  P. P. Korambath,  
 W. Kurlancheek,  A. Laurent,  A. M. Lee,  M. S. Lee,  S. V. Levchenko,  
 Ching Yeh Lin,  D. Liotard,  E. Livshits,  R. C. Lochan,  I. Lotan,  
 L. A. Martinez-Martinez,  P. E. Maslen,  N. Nair,  D. P. O'Neill,  
 D. Neuhauser,  E. Neuscamman,  C. M. Oana,  R. Olivares-Amaya,  R. Olson,  
 T. M. Perrine,  B. Peters,  P. A. Pieniazek,  A. Prociuk,  Y. M. Rhee,  
 J. Ritchie,  M. A. Rohrdanz,  E. Rosta,  N. J. Russ,  H. F. Schaefer III,  
 M. W. Schmidt,  N. E. Schultz,  S. Sharma,  N. Shenvi,  C. D. Sherrill,  
 A. C. Simmonett,  A. Sodt,  T. Stein,  D. Stuck,  K. S. Thanthiriwatte,  
 V. Vanovschi,  L. Vogt,  Tao Wang,  A. Warshel,  M. A. Watson,  
 C. F. Williams,  Q. Wu,  X. Xu,  Jun Yang,  W. Zhang,  Yan Zhao

 Please cite Q-Chem as follows:
 Y. Shao et al., Mol. Phys. 113, 184-215 (2015)
 DOI: 10.1080/00268976.2014.952696

 Q-Chem 5.4.0 for Intel X86 EM64T Linux

 Parts of Q-Chem use Armadillo 9.800.1 (Horizon Scraper).
 http://arma.sourceforge.net/

 Q-Chem begins on Sun Jul 10 05:09:40 2022  

 Host: 
0

     Scratch files written to ./qchem1914120//
 May1621 |scratch|qcdevops|jenkins|workspace|build_RNUM    
 Processing $rem in /cm/shared/apps/spack/cpu/opt/spack/linux-centos8-zen2/gcc-10.2.0/qchem-5.4-akfmr7b3t57bfs6qan3padb2wnb2i7cl/config/preferences:
 Processing $rem in /home/theleonzhang/.qchemrc:
 Symmetry turned off for PCM/SM12/SMD calculation
 Core orbitals will be frozen

 Checking the input file for inconsistencies... 	...done.

--------------------------------------------------------------
User input:
--------------------------------------------------------------
$molecule
0 1
C	0.670924	-3.866725	0.388181
C	-0.530648	-3.703963	-0.306020
C	-0.923703	-2.357056	-0.533378
H	-1.128579	-4.561092	-0.651043
C	0.000000	-1.440664	0.000000
S	1.337567	-2.286957	0.772234
C	-2.183857	-1.978743	-1.261192
H	-2.742548	-2.878678	-1.583666
H	-1.970497	-1.376015	-2.168641
H	-2.863099	-1.375728	-0.623012
C	0.000000	0.000000	0.000000
C	0.661577	0.555087	1.099446
C	1.721724	1.444630	0.776721
H	0.379056	0.318032	2.136088
C	1.890772	1.586449	-0.612546
S	0.721935	0.605744	-1.486809
C	2.555004	2.143805	1.814609
H	2.228946	1.870211	2.836676
H	2.482605	3.247987	1.726239
H	3.629830	1.880735	1.726228
H	2.617927	2.196579	-1.161575
H	1.417779	-4.392713	-0.216843
H	0.520136	-4.392347	1.337652
H	-0.540100	-1.440391	0.935250
$end

$rem
JOBTYPE		SP
EXCHANGE	HF
CORRELATION	pRIMP2
BASIS		cc-pvtz
METHOD		rimp2
AUX_BASIS	rimp2-cc-pvtz
SOLVENT_METHOD	PCM
PURECART	11111
SYMMETRY	false
MEM_TOTAL	110000
SCF_CONVERGENCE = 6
THRESH=10
$end



$solvent
dielectric 4.90
$end
--------------------------------------------------------------
 ----------------------------------------------------------------
             Standard Nuclear Orientation (Angstroms)
    I     Atom           X                Y                Z
 ----------------------------------------------------------------
    1      C       0.6709240000    -3.8667250000     0.3881810000
    2      C      -0.5306480000    -3.7039630000    -0.3060200000
    3      C      -0.9237030000    -2.3570560000    -0.5333780000
    4      H      -1.1285790000    -4.5610920000    -0.6510430000
    5      C       0.0000000000    -1.4406640000     0.0000000000
    6      S       1.3375670000    -2.2869570000     0.7722340000
    7      C      -2.1838570000    -1.9787430000    -1.2611920000
    8      H      -2.7425480000    -2.8786780000    -1.5836660000
    9      H      -1.9704970000    -1.3760150000    -2.1686410000
   10      H      -2.8630990000    -1.3757280000    -0.6230120000
   11      C       0.0000000000     0.0000000000     0.0000000000
   12      C       0.6615770000     0.5550870000     1.0994460000
   13      C       1.7217240000     1.4446300000     0.7767210000
   14      H       0.3790560000     0.3180320000     2.1360880000
   15      C       1.8907720000     1.5864490000    -0.6125460000
   16      S       0.7219350000     0.6057440000    -1.4868090000
   17      C       2.5550040000     2.1438050000     1.8146090000
   18      H       2.2289460000     1.8702110000     2.8366760000
   19      H       2.4826050000     3.2479870000     1.7262390000
   20      H       3.6298300000     1.8807350000     1.7262280000
   21      H       2.6179270000     2.1965790000    -1.1615750000
   22      H       1.4177790000    -4.3927130000    -0.2168430000
   23      H       0.5201360000    -4.3923470000     1.3376520000
   24      H      -0.5401000000    -1.4403910000     0.9352500000
 ----------------------------------------------------------------
 Nuclear Repulsion Energy =         892.29798395 hartrees
 There are       52 alpha and       52 beta electrons

 Q-Chem warning in module forms1/BasisType.C, line 2236:

 You are not using the predefined 5D/6D in this basis set.

 Requested basis set is cc-pVTZ
 There are 196 shells and 536 basis functions

 Total QAlloc Memory Limit 110000 MB
 Mega-Array Size       188 MB
 MEM_STATIC part       192 MB
 Discretize the solute cavity surface with Lebedev spheres
	Using 110 Lebedev grid points for each H atom
	Using 194 Lebedev grid points for other atoms
	Atomic van der Waals radii will be scaled by 1.20
 Remove points where switching function is < 1.0e-08
 Keep 1599 surface tesserae and discard 2049 interior tesserae
 Molecular Surface Area = 234.292 Angst**2
 Requested basis set is rimp2-cc-pVTZ
 There are 414 shells and 1414 basis functions
 A cutoff of  1.0D-10 yielded  14259 shell pairs
 There are    103505 function pairs (    132796 Cartesian)
 Smallest overlap matrix eigenvalue = 7.10E-05

 Scale SEOQF with 1.000000e-01/1.000000e-01/1.000000e-01

 Standard Electronic Orientation quadrupole field applied
 Nucleus-field energy     =     0.0000000291 hartrees
 Guess from superposition of atomic densities
 Warning:  Energy on first SCF cycle will be non-variational
 SAD guess density has 104.000000 electrons

 -----------------------------------------------------------------------
  General SCF calculation program by
  Eric Jon Sundstrom, Paul Horn, Yuezhi Mao, Dmitri Zuev, Alec White,
  David Stuck, Shaama M.S., Shane Yost, Joonho Lee, David Small,
  Daniel Levine, Susi Lehtola, Hugh Burton, Evgeny Epifanovsky,
  Bang C. Huynh
 -----------------------------------------------------------------------
 Hartree-Fock
 A restricted SCF calculation will be
 performed using DIIS
 SCF converges when DIIS error is below 1.0e-06
 ---------------------------------------
  Cycle       Energy         DIIS error
 ---------------------------------------
    1   -1186.0993874461      2.40e-02  
    2   -1180.5750655387      1.52e-03  
    3   -1180.6994396080      5.16e-04  
    4   -1180.7120677173      2.69e-04  
    5   -1180.7153884738      5.47e-05  
    6   -1180.7156191343      2.37e-05  
    7   -1180.7156828769      1.08e-05  
    8   -1180.7157024863      5.08e-06  
    9   -1180.7157080155      2.13e-06  
   10   -1180.7157089981      7.38e-07  Convergence criterion met
 ---------------------------------------
 SCF time:   CPU 578.74s  wall 581.00s 

************** Final PCM Free Energy Summary **************
 G_electrostatic  =      -0.00934787 hartree =      -5.86587997 kcal/mol
 G_cavitation     =       0.00000000 hartree =       0.00000000 kcal/mol
 G_dispersion     =       0.00000000 hartree =       0.00000000 kcal/mol
 G_repulsion      =       0.00000000 hartree =       0.00000000 kcal/mol
 --------------------------------------------------
 Non-electrostatic Free Energy =       0.00000000 hartree =       0.00000000 kcal/mol
 Total                         =      -0.00934787 hartree =      -5.86587997 kcal/mol
 --------------------------------------------------
 SCF Energy (H0 + V/2)                       =   -1180.71570900 
 Solute Internal Energy (H0)                 =   -1180.70636112 
 Total Free Energy (H0 + V/2 + non-elec)     =   -1180.71570900 hartree
                                             = -740910.28995481 kcal/mol
***********************************************************

 SCF   energy in the final basis set =    -1180.7157089981
 Total energy in the final basis set =    -1180.7157089981


 --------------------------------------------------------------
  Generalized many-body perturbation theory program
  by Joonho Lee, Fazle Rob, Xintian Feng, Evgeny Epifanovsky

 No regularization used 
 (reg. param. = 0.0000e+00)
  (P|Q)^-1/2 Time:  CPU 1.89 s  wall 1.90 s

 In RI-MP2 calculation: 
 # of frozen core orbitals: 20

 Components of the RIMP2 correlation energy:
        aaaa    correlation energy =        -0.2535165589 a.u.
        abab    correlation energy =        -1.5098876542 a.u.
        bbbb    correlation energy =        -0.2535165589 a.u.
        non-Brillouin singles      =        -0.0000000000 a.u.
        total same-spin energy     =        -0.5070331178 a.u.
        total opposite-spin energy =        -1.5098876542 a.u.

 Total  RIMP2   correlation energy =        -2.0169207720 a.u.
        RIMP2         total energy =     -1182.7326297701 a.u.

 RI-MP2 Energy Time:  CPU 79.77 s  wall 80.03 s
 
 --------------------------------------------------------------
 
                    Orbital Energies (a.u.)
 --------------------------------------------------------------
 
 Alpha MOs
 -- Occupied --
-91.9772 -91.9372 -11.2811 -11.2605 -11.2568 -11.2562 -11.2532 -11.2504
-11.2373 -11.2302 -11.2299 -11.2146  -8.9780  -8.9421  -6.6588  -6.6580
 -6.6577  -6.6234  -6.6224  -6.6211  -1.2015  -1.1541  -1.0577  -1.0247
 -1.0076  -0.9567  -0.9114  -0.9019  -0.8116  -0.7648  -0.7367  -0.6958
 -0.6567  -0.6382  -0.6127  -0.5897  -0.5797  -0.5758  -0.5653  -0.5498
 -0.5392  -0.5351  -0.5121  -0.5069  -0.4898  -0.4648  -0.4542  -0.4465
 -0.3543  -0.3392  -0.3186  -0.2706
 -- Virtual --
  0.0633   0.1346   0.1397   0.1510   0.1588   0.1705   0.1763   0.1827
  0.1900   0.2022   0.2074   0.2097   0.2265   0.2337   0.2380   0.2442
  0.2492   0.2589   0.2765   0.2993   0.3085   0.3211   0.3402   0.3483
  0.3621   0.3741   0.3780   0.3811   0.4010   0.4134   0.4179   0.4215
  0.4281   0.4360   0.4469   0.4636   0.4673   0.4726   0.4812   0.4900
  0.4950   0.5080   0.5171   0.5290   0.5363   0.5421   0.5500   0.5601
  0.5669   0.5787   0.5880   0.5909   0.6005   0.6093   0.6164   0.6218
  0.6261   0.6295   0.6338   0.6363   0.6413   0.6468   0.6498   0.6577
  0.6674   0.6761   0.6808   0.6902   0.6988   0.7125   0.7166   0.7301
  0.7324   0.7517   0.7579   0.7694   0.7771   0.7958   0.8020   0.8181
  0.8336   0.8419   0.8484   0.8592   0.8698   0.8967   0.9025   0.9162
  0.9343   0.9380   0.9594   0.9738   0.9845   0.9977   1.0082   1.0087
  1.0207   1.0323   1.0427   1.0476   1.0500   1.0706   1.0800   1.0851
  1.0893   1.0978   1.1088   1.1331   1.1419   1.1531   1.1640   1.1720
  1.1779   1.1891   1.1942   1.2082   1.2196   1.2353   1.2427   1.2477
  1.2613   1.2684   1.2727   1.2780   1.2811   1.2921   1.3052   1.3097
  1.3181   1.3325   1.3546   1.3717   1.3796   1.3868   1.3978   1.4119
  1.4229   1.4304   1.4426   1.4513   1.4708   1.4825   1.4841   1.4960
  1.5079   1.5180   1.5281   1.5302   1.5380   1.5469   1.5528   1.5547
  1.5687   1.5746   1.5865   1.5929   1.6024   1.6218   1.6302   1.6397
  1.6544   1.6584   1.6758   1.6901   1.6919   1.7217   1.7233   1.7319
  1.7391   1.7521   1.7679   1.7755   1.8020   1.8393   1.8528   1.8613
  1.8748   1.9063   1.9424   1.9463   1.9624   1.9890   1.9978   2.0076
  2.0189   2.0361   2.0429   2.0736   2.0849   2.1119   2.1277   2.1623
  2.1775   2.1910   2.1992   2.2200   2.2253   2.2546   2.2680   2.2715
  2.2899   2.3381   2.3455   2.3682   2.4078   2.4272   2.4577   2.4685
  2.4803   2.5100   2.5287   2.5468   2.5661   2.5898   2.6077   2.6284
  2.6338   2.6470   2.6629   2.6717   2.6825   2.6978   2.7250   2.7262
  2.7393   2.7550   2.7715   2.7825   2.7964   2.8025   2.8048   2.8195
  2.8458   2.8520   2.8764   2.8820   2.8942   2.9137   2.9263   2.9370
  2.9438   2.9526   2.9786   2.9946   3.0009   3.0202   3.0281   3.0358
  3.0485   3.0632   3.1033   3.1104   3.1118   3.1294   3.1351   3.1395
  3.1560   3.1678   3.1703   3.1771   3.1899   3.1952   3.2041   3.2155
  3.2279   3.2382   3.2499   3.2547   3.2606   3.2685   3.2895   3.3054
  3.3161   3.3301   3.3329   3.3368   3.3422   3.3484   3.3581   3.3668
  3.3753   3.3908   3.3940   3.3979   3.4058   3.4077   3.4239   3.4315
  3.4463   3.4569   3.4593   3.4667   3.4929   3.5000   3.5082   3.5153
  3.5200   3.5330   3.5413   3.5528   3.5566   3.5655   3.5756   3.5869
  3.5917   3.6112   3.6225   3.6227   3.6376   3.6397   3.6542   3.6648
  3.6755   3.6956   3.7033   3.7101   3.7166   3.7319   3.7367   3.7430
  3.7548   3.7651   3.7749   3.7762   3.8010   3.8105   3.8160   3.8213
  3.8343   3.8518   3.8631   3.8686   3.8789   3.8976   3.9041   3.9141
  3.9366   3.9491   3.9679   3.9753   3.9792   4.0016   4.0109   4.0133
  4.0327   4.0346   4.0479   4.0614   4.0777   4.0866   4.0929   4.1200
  4.1277   4.1403   4.1454   4.1570   4.1674   4.1778   4.1938   4.2072
  4.2079   4.2251   4.2360   4.2508   4.2608   4.2643   4.2701   4.2796
  4.2915   4.2988   4.3159   4.3409   4.3464   4.3557   4.3596   4.3725
  4.3810   4.3959   4.4024   4.4133   4.4208   4.4241   4.4279   4.4505
  4.4602   4.4678   4.4750   4.4793   4.5153   4.5322   4.5433   4.5558
  4.5757   4.5985   4.6125   4.6257   4.6381   4.6501   4.6724   4.6767
  4.6825   4.7200   4.7263   4.7490   4.7697   4.8194   4.8364   4.8380
  4.8675   4.8849   4.8898   4.9203   4.9249   4.9492   4.9559   4.9959
  5.0122   5.0492   5.0963   5.1055   5.1188   5.1303   5.1404   5.1530
  5.1701   5.2176   5.2269   5.2761   5.2896   5.2965   5.3072   5.3145
  5.3401   5.3685   5.3869   5.3976   5.4057   5.4220   5.4415   5.4552
  5.4766   5.5072   5.5309   5.5423   5.5529   5.5614   5.5638   5.5983
  5.6269   5.6341   5.6404   5.6802   5.6847   5.6971   5.7140   5.7421
  5.7650   5.7911   5.8144   5.9752   6.0213   6.0415   6.0960   6.1272
  6.2017   6.2160   6.2239   6.2302   6.2488   6.2764   6.2913   6.3237
  6.3887   6.4216   9.4727  10.5210  12.5363  12.8325  13.1771  13.9057
 14.1302  14.2518  14.2827  14.6652
 --------------------------------------------------------------
 
          Ground-State Mulliken Net Atomic Charges

     Atom                 Charge (a.u.)
  ----------------------------------------
      1 C                    -0.082150
      2 C                    -0.324014
      3 C                    -0.053394
      4 H                     0.174037
      5 C                     0.076592
      6 S                    -0.185160
      7 C                    -0.276079
      8 H                     0.113528
      9 H                     0.105345
     10 H                     0.103722
     11 C                    -0.100311
     12 C                    -0.225975
     13 C                     0.029588
     14 H                     0.192095
     15 C                    -0.192954
     16 S                     0.010811
     17 C                    -0.265972
     18 H                     0.103109
     19 H                     0.108337
     20 H                     0.108082
     21 H                     0.199689
     22 H                     0.110111
     23 H                     0.106067
     24 H                     0.164897
  ----------------------------------------
  Sum of atomic charges =     0.000000

 -----------------------------------------------------------------
                    Cartesian Multipole Moments
 -----------------------------------------------------------------
    Charge (ESU x 10^10)
                -0.0000
    Dipole Moment (Debye)
         X      -0.3469      Y       0.8624      Z       1.2141
       Tot       1.5291
    Quadrupole Moments (Debye-Ang)
        XX     -84.8897     XY       9.9277     YY     -81.0125
        XZ       0.9843     YZ       1.2791     ZZ     -85.3642
    Octopole Moments (Debye-Ang^2)
       XXX    -146.9604    XXY      86.7244    XYY     -41.5638
       YYY     183.1534    XXZ      -6.4289    XYZ      -4.0454
       YYZ      -0.0557    XZZ     -48.1457    YZZ      76.9367
       ZZZ       6.7680
    Hexadecapole Moments (Debye-Ang^3)
      XXXX   -1115.7968   XXXY    -185.3689   XXYY    -573.3879
      XYYY    -220.5529   YYYY   -2327.8565   XXXZ    -198.9577
      XXYZ     -12.9405   XYYZ     -57.5637   YYYZ     -68.4182
      XXZZ    -293.6835   XYZZ     -61.2539   YYZZ    -533.0083
      XZZZ    -198.2590   YZZZ     -58.5785   ZZZZ    -681.1640
 -----------------------------------------------------------------
 Total job time:  662.33s(wall), 659.41s(cpu) 
 Sun Jul 10 05:20:42 2022

        *************************************************************
        *                                                           *
        *  Thank you very much for using Q-Chem.  Have a nice day.  *
        *                                                           *
        *************************************************************


remove work dirs ./qchem1914120.0 -- ./qchem1914120.-1
rm -rf ./qchem1914120
