You are running Q-Chem version: 5.4.0

#
# job setting
#
local host:  exp-2-06
current dir: /expanse/lustre/scratch/theleonzhang/temp_project/Hydrogenated_Rotation_Test
input file:  Methylthiophene_Phi_50_Theta_270_Methylthiophene_Hydrogenated.qcin
output file: 
nprocs     : 0
nthreads   : 1
#
# qchem installation setting
#
QC:          /cm/shared/apps/spack/cpu/opt/spack/linux-centos8-zen2/gcc-10.2.0/qchem-5.4-akfmr7b3t57bfs6qan3padb2wnb2i7cl
QCAUX:       /cm/shared/apps/spack/cpu/opt/spack/linux-centos8-zen2/gcc-10.2.0/qchem-5.4-akfmr7b3t57bfs6qan3padb2wnb2i7cl/qcaux
QCPROG:      /cm/shared/apps/spack/cpu/opt/spack/linux-centos8-zen2/gcc-10.2.0/qchem-5.4-akfmr7b3t57bfs6qan3padb2wnb2i7cl/exe/qcprog.exe_s
QCPROG_S:    /cm/shared/apps/spack/cpu/opt/spack/linux-centos8-zen2/gcc-10.2.0/qchem-5.4-akfmr7b3t57bfs6qan3padb2wnb2i7cl/exe/qcprog.exe_s
PARALLEL:    -DSERIAL
QCMPI:       mpich
#
# qchem directory setting
#
qcrun:       qchem1901100
QCSCRATCH:   .
QCLOCALSCR:  
QCTMPDIR:    .
QCFILEPREF:  ./qchem1901100
QCSAVEDIR:   
workdirs:    ./qchem1901100
workdir0:    ./qchem1901100
partmpdirs =  
#
# parallel setting
#
QCRSH:           ssh
QCMPI:           mpich
QCMPIRUN:        /cm/shared/apps/spack/cpu/opt/spack/linux-centos8-zen2/gcc-10.2.0/qchem-5.4-akfmr7b3t57bfs6qan3padb2wnb2i7cl/bin/mpi/mpirun_qchem
QCMACHINEFILE:   ./qchem1901100/hostfile

#
# env setting
#
exported envs:   QC QCAUX QCSCRATCH QCRUNNAME QCFILEPREF QCPROG QCPROG_S GUIFILE

Running Job 1 of 1 Methylthiophene_Phi_50_Theta_270_Methylthiophene_Hydrogenated.qcin
qchem Methylthiophene_Phi_50_Theta_270_Methylthiophene_Hydrogenated.qcin_1901100.0 ./qchem1901100/ 0
/cm/shared/apps/spack/cpu/opt/spack/linux-centos8-zen2/gcc-10.2.0/qchem-5.4-akfmr7b3t57bfs6qan3padb2wnb2i7cl/exe/qcprog.exe_s Methylthiophene_Phi_50_Theta_270_Methylthiophene_Hydrogenated.qcin_1901100.0 ./qchem1901100/
                  Welcome to Q-Chem
     A Quantum Leap Into The Future Of Chemistry


 Q-Chem 5.4, Q-Chem, Inc., Pleasanton, CA (2021)

 License issued to: University of California, San Diego (site)

 E. Epifanovsky,  A. T. B. Gilbert,  Xintian Feng,  Joonho Lee,  Yuezhi Mao,  
 N. Mardirossian,  P. Pokhilko,  A. White,  M. Wormit,  M. P. Coons,  
 A. L. Dempwolff,  Zhengting Gan,  D. Hait,  P. R. Horn,  L. D. Jacobson,  
 I. Kaliman,  J. Kussmann,  A. W. Lange,  Ka Un Lao,  D. S. Levine,  Jie Liu,  
 S. C. McKenzie,  A. F. Morrison,  K. Nanda,  F. Plasser,  D. R. Rehn,  
 M. L. Vidal,  Zhi-Qiang You,  Ying Zhu,  B. Alam,  B. Albrecht,  
 A. Aldossary,  E. Alguire,  J. H. Andersen,  D. Barton,  K. Begam,  A. Behn,  
 Y. A. Bernard,  E. J. Berquist,  H. Burton,  A. Carreras,  K. Carter-Fenk,  
 R. Chakraborty,  A. D. Chien,  K. D. Closser,  V. Cofer-Shabica,  
 S. Dasgupta,  Jia Deng,  M. de Wergifosse,  M. Diedenhofen,  Hainam Do,  
 S. Ehlert,  Po-Tung Fang,  S. Fatehi,  Qingguo Feng,  J. Gayvert,  
 Qinghui Ge,  G. Gidofalvi,  M. Goldey,  J. Gomes,  C. Gonzalez-Espinoza,  
 S. Gulania,  A. Gunina,  M. W. D. Hanson-Heine,  P. H. P. Harbach,  
 A. W. Hauser,  M. F. Herbst,  M. Hernandez Vera,  M. Hodecker,  
 Z. C. Holden,  S. Houck,  Xunkun Huang,  Kerwin Hui,  B. C. Huynh,  
 M. Ivanov,  Hyunjun Ji,  Hanjie Jiang,  B. Kaduk,  S. Kaehler,  
 K. Khistyaev,  Jaehoon Kim,  P. Klunzinger,  Z. Koczor-Benda,  
 Joong Hoon Koh,  D. Kosenkov,  L. Koulias,  T. Kowalczyk,  C. M. Krauter,  
 K. Kue,  A. Kunitsa,  T. Kus,  A. Landau,  K. V. Lawler,  D. Lefrancois,  
 S. Lehtola,  Rain Li,  Yi-Pei Li,  Jiashu Liang,  M. Liebenthal,  
 Hung-Hsuan Lin,  You-Sheng Lin,  Fenglai Liu,  Kuan-Yu Liu,  
 M. Loipersberger,  A. Luenser,  A. Manjanath,  P. Manohar,  E. Mansoor,  
 S. F. Manzer,  Shan-Ping Mao,  A. V. Marenich,  T. Markovich,  S. Mason,  
 S. A. Maurer,  P. F. McLaughlin,  M. F. S. J. Menger,  J.-M. Mewes,  
 S. A. Mewes,  P. Morgante,  J. W. Mullinax,  T. S. Nguyen-Beck,  
 K. J. Oosterbaan,  G. Paran,  Alexander C. Paul,  Suranjan K. Paul,  
 F. Pavosevic,  Zheng Pei,  S. Prager,  E. I. Proynov,  E. Ramos,  B. Rana,  
 A. E. Rask,  A. Rettig,  R. M. Richard,  F. Rob,  E. Rossomme,  T. Scheele,  
 M. Scheurer,  M. Schneider,  N. Sergueev,  S. M. Sharada,  W. Skomorowski,  
 D. W. Small,  C. J. Stein,  Yu-Chuan Su,  E. J. Sundstrom,  Zhen Tao,  
 J. Thirman,  T. Tsuchimochi,  N. M. Tubman,  S. P. Veccham,  O. Vydrov,  
 J. Wenzel,  J. Witte,  A. Yamada,  Kun Yao,  S. Yeganeh,  S. R. Yost,  
 A. Zech,  Igor Ying Zhang,  Xing Zhang,  Yu Zhang,  D. Zuev,  
 A. Aspuru-Guzik,  A. T. Bell,  N. A. Besley,  K. B. Bravaya,  B. R. Brooks,  
 D. Casanova,  Jeng-Da Chai,  S. Coriani,  C. J. Cramer,  
 A. E. DePrince, III,  R. A. DiStasio Jr.,  A. Dreuw,  B. D. Dunietz,  
 T. R. Furlani,  W. A. Goddard III,  S. Grimme,  S. Hammes-Schiffer,  
 T. Head-Gordon,  W. J. Hehre,  Chao-Ping Hsu,  T.-C. Jagau,  Yousung Jung,  
 A. Klamt,  Jing Kong,  D. S. Lambrecht,  WanZhen Liang,  N. J. Mayhall,  
 C. W. McCurdy,  J. B. Neaton,  C. Ochsenfeld,  J. A. Parkhill,  R. Peverati,  
 V. A. Rassolov,  Yihan Shao,  L. V. Slipchenko,  T. Stauch,  R. P. Steele,  
 J. E. Subotnik,  A. J. W. Thom,  A. Tkatchenko,  D. G. Truhlar,  
 T. Van Voorhis,  T. A. Wesolowski,  K. B. Whaley,  H. L. Woodcock III,  
 P. M. Zimmerman,  S. Faraji,  P. M. W. Gill,  M. Head-Gordon,  
 J. M. Herbert,  A. I. Krylov

 Contributors to earlier versions of Q-Chem not listed above: 
 R. D. Adamson,  B. Austin,  R. Baer,  J. Baker,  G. J. O. Beran,  
 K. Brandhorst,  S. T. Brown,  E. F. C. Byrd,  A. K. Chakraborty,  
 G. K. L. Chan,  Chun-Min Chang,  Yunqing Chen,  C.-L. Cheng,  
 Siu Hung Chien,  D. M. Chipman,  D. L. Crittenden,  H. Dachsel,  
 R. J. Doerksen,  A. D. Dutoi,  R. G. Edgar,  J. Fosso-Tande,  
 L. Fusti-Molnar,  D. Ghosh,  A. Ghysels,  A. Golubeva-Zadorozhnaya,  
 J. Gonthier,  M. S. Gordon,  S. R. Gwaltney,  G. Hawkins,  J. E. Herr,  
 A. Heyden,  S. Hirata,  E. G. Hohenstein,  G. Kedziora,  F. J. Keil,  
 C. Kelley,  Jihan Kim,  R. A. King,  R. Z. Khaliullin,  P. P. Korambath,  
 W. Kurlancheek,  A. Laurent,  A. M. Lee,  M. S. Lee,  S. V. Levchenko,  
 Ching Yeh Lin,  D. Liotard,  E. Livshits,  R. C. Lochan,  I. Lotan,  
 L. A. Martinez-Martinez,  P. E. Maslen,  N. Nair,  D. P. O'Neill,  
 D. Neuhauser,  E. Neuscamman,  C. M. Oana,  R. Olivares-Amaya,  R. Olson,  
 T. M. Perrine,  B. Peters,  P. A. Pieniazek,  A. Prociuk,  Y. M. Rhee,  
 J. Ritchie,  M. A. Rohrdanz,  E. Rosta,  N. J. Russ,  H. F. Schaefer III,  
 M. W. Schmidt,  N. E. Schultz,  S. Sharma,  N. Shenvi,  C. D. Sherrill,  
 A. C. Simmonett,  A. Sodt,  T. Stein,  D. Stuck,  K. S. Thanthiriwatte,  
 V. Vanovschi,  L. Vogt,  Tao Wang,  A. Warshel,  M. A. Watson,  
 C. F. Williams,  Q. Wu,  X. Xu,  Jun Yang,  W. Zhang,  Yan Zhao

 Please cite Q-Chem as follows:
 Y. Shao et al., Mol. Phys. 113, 184-215 (2015)
 DOI: 10.1080/00268976.2014.952696

 Q-Chem 5.4.0 for Intel X86 EM64T Linux

 Parts of Q-Chem use Armadillo 9.800.1 (Horizon Scraper).
 http://arma.sourceforge.net/

 Q-Chem begins on Sun Jul 10 04:36:19 2022  

 Host: 
0

     Scratch files written to ./qchem1901100//
 May1621 |scratch|qcdevops|jenkins|workspace|build_RNUM    
 Processing $rem in /cm/shared/apps/spack/cpu/opt/spack/linux-centos8-zen2/gcc-10.2.0/qchem-5.4-akfmr7b3t57bfs6qan3padb2wnb2i7cl/config/preferences:
 Processing $rem in /home/theleonzhang/.qchemrc:
 Symmetry turned off for PCM/SM12/SMD calculation
 Core orbitals will be frozen

 Checking the input file for inconsistencies... 	...done.

--------------------------------------------------------------
User input:
--------------------------------------------------------------
$molecule
0 1
C	0.775127	-3.866725	0.000713
C	-0.612565	-3.703963	0.000302
C	-1.066639	-2.357056	-0.000067
H	-1.302900	-4.561092	0.000470
C	0.000000	-1.440664	0.000000
S	1.544483	-2.286957	-0.000009
C	-2.521872	-1.978743	-0.000295
H	-3.166949	-2.878678	-0.000221
H	-2.790821	-1.376015	-0.892850
H	-2.791023	-1.375728	0.892005
C	0.000000	0.000000	0.000000
C	0.661577	0.555087	1.099446
C	1.721724	1.444630	0.776721
H	0.379056	0.318032	2.136088
C	1.890772	1.586449	-0.612546
S	0.721935	0.605744	-1.486809
C	2.555004	2.143805	1.814609
H	2.228946	1.870211	2.836676
H	2.482605	3.247987	1.726239
H	3.629830	1.880735	1.726228
H	2.617927	2.196579	-1.161575
H	1.119411	-4.392713	-0.896681
H	1.119277	-4.392347	0.898372
H	-0.000115	-1.440391	1.080000
$end

$rem
JOBTYPE		SP
EXCHANGE	HF
CORRELATION	pRIMP2
BASIS		cc-pvtz
METHOD		rimp2
AUX_BASIS	rimp2-cc-pvtz
SOLVENT_METHOD	PCM
PURECART	11111
SYMMETRY	false
MEM_TOTAL	110000
SCF_CONVERGENCE = 6
THRESH=10
$end



$solvent
dielectric 4.90
$end
--------------------------------------------------------------
 ----------------------------------------------------------------
             Standard Nuclear Orientation (Angstroms)
    I     Atom           X                Y                Z
 ----------------------------------------------------------------
    1      C       0.7751270000    -3.8667250000     0.0007130000
    2      C      -0.6125650000    -3.7039630000     0.0003020000
    3      C      -1.0666390000    -2.3570560000    -0.0000670000
    4      H      -1.3029000000    -4.5610920000     0.0004700000
    5      C       0.0000000000    -1.4406640000     0.0000000000
    6      S       1.5444830000    -2.2869570000    -0.0000090000
    7      C      -2.5218720000    -1.9787430000    -0.0002950000
    8      H      -3.1669490000    -2.8786780000    -0.0002210000
    9      H      -2.7908210000    -1.3760150000    -0.8928500000
   10      H      -2.7910230000    -1.3757280000     0.8920050000
   11      C       0.0000000000     0.0000000000     0.0000000000
   12      C       0.6615770000     0.5550870000     1.0994460000
   13      C       1.7217240000     1.4446300000     0.7767210000
   14      H       0.3790560000     0.3180320000     2.1360880000
   15      C       1.8907720000     1.5864490000    -0.6125460000
   16      S       0.7219350000     0.6057440000    -1.4868090000
   17      C       2.5550040000     2.1438050000     1.8146090000
   18      H       2.2289460000     1.8702110000     2.8366760000
   19      H       2.4826050000     3.2479870000     1.7262390000
   20      H       3.6298300000     1.8807350000     1.7262280000
   21      H       2.6179270000     2.1965790000    -1.1615750000
   22      H       1.1194110000    -4.3927130000    -0.8966810000
   23      H       1.1192770000    -4.3923470000     0.8983720000
   24      H      -0.0001150000    -1.4403910000     1.0800000000
 ----------------------------------------------------------------
 Nuclear Repulsion Energy =         892.58344491 hartrees
 There are       52 alpha and       52 beta electrons

 Q-Chem warning in module forms1/BasisType.C, line 2236:

 You are not using the predefined 5D/6D in this basis set.

 Requested basis set is cc-pVTZ
 There are 196 shells and 536 basis functions

 Total QAlloc Memory Limit 110000 MB
 Mega-Array Size       188 MB
 MEM_STATIC part       192 MB
 Discretize the solute cavity surface with Lebedev spheres
	Using 110 Lebedev grid points for each H atom
	Using 194 Lebedev grid points for other atoms
	Atomic van der Waals radii will be scaled by 1.20
 Remove points where switching function is < 1.0e-08
 Keep 1588 surface tesserae and discard 2060 interior tesserae
 Molecular Surface Area = 234.531 Angst**2
 Requested basis set is rimp2-cc-pVTZ
 There are 414 shells and 1414 basis functions
 A cutoff of  1.0D-10 yielded  14263 shell pairs
 There are    103335 function pairs (    132534 Cartesian)
 Smallest overlap matrix eigenvalue = 6.63E-05

 Scale SEOQF with 1.000000e-01/1.000000e-01/1.000000e-01

 Standard Electronic Orientation quadrupole field applied
 Nucleus-field energy     =     0.0000000332 hartrees
 Guess from superposition of atomic densities
 Warning:  Energy on first SCF cycle will be non-variational
 SAD guess density has 104.000000 electrons

 -----------------------------------------------------------------------
  General SCF calculation program by
  Eric Jon Sundstrom, Paul Horn, Yuezhi Mao, Dmitri Zuev, Alec White,
  David Stuck, Shaama M.S., Shane Yost, Joonho Lee, David Small,
  Daniel Levine, Susi Lehtola, Hugh Burton, Evgeny Epifanovsky,
  Bang C. Huynh
 -----------------------------------------------------------------------
 Hartree-Fock
 A restricted SCF calculation will be
 performed using DIIS
 SCF converges when DIIS error is below 1.0e-06
 ---------------------------------------
  Cycle       Energy         DIIS error
 ---------------------------------------
    1   -1186.1123183090      2.40e-02  
    2   -1180.5728257353      1.53e-03  
    3   -1180.6977535057      5.19e-04  
    4   -1180.7104923061      2.67e-04  
    5   -1180.7138137603      5.56e-05  
    6   -1180.7140504645      2.39e-05  
    7   -1180.7141166040      1.11e-05  
    8   -1180.7141371336      5.18e-06  
    9   -1180.7141429171      2.15e-06  
   10   -1180.7141439316      7.20e-07  Convergence criterion met
 ---------------------------------------
 SCF time:   CPU 583.42s  wall 586.00s 

************** Final PCM Free Energy Summary **************
 G_electrostatic  =      -0.01000206 hartree =      -6.27638505 kcal/mol
 G_cavitation     =       0.00000000 hartree =       0.00000000 kcal/mol
 G_dispersion     =       0.00000000 hartree =       0.00000000 kcal/mol
 G_repulsion      =       0.00000000 hartree =       0.00000000 kcal/mol
 --------------------------------------------------
 Non-electrostatic Free Energy =       0.00000000 hartree =       0.00000000 kcal/mol
 Total                         =      -0.01000206 hartree =      -6.27638505 kcal/mol
 --------------------------------------------------
 SCF Energy (H0 + V/2)                       =   -1180.71414393 
 Solute Internal Energy (H0)                 =   -1180.70414188 
 Total Free Energy (H0 + V/2 + non-elec)     =   -1180.71414393 hartree
                                             = -740909.30786073 kcal/mol
***********************************************************

 SCF   energy in the final basis set =    -1180.7141439316
 Total energy in the final basis set =    -1180.7141439316


 --------------------------------------------------------------
  Generalized many-body perturbation theory program
  by Joonho Lee, Fazle Rob, Xintian Feng, Evgeny Epifanovsky

 No regularization used 
 (reg. param. = 0.0000e+00)
  (P|Q)^-1/2 Time:  CPU 1.89 s  wall 1.90 s

 In RI-MP2 calculation: 
 # of frozen core orbitals: 20

 Components of the RIMP2 correlation energy:
        aaaa    correlation energy =        -0.2533786377 a.u.
        abab    correlation energy =        -1.5095012935 a.u.
        bbbb    correlation energy =        -0.2533786377 a.u.
        non-Brillouin singles      =        -0.0000000000 a.u.
        total same-spin energy     =        -0.5067572755 a.u.
        total opposite-spin energy =        -1.5095012935 a.u.

 Total  RIMP2   correlation energy =        -2.0162585690 a.u.
        RIMP2         total energy =     -1182.7304025006 a.u.

 RI-MP2 Energy Time:  CPU 80.26 s  wall 80.54 s
 
 --------------------------------------------------------------
 
                    Orbital Energies (a.u.)
 --------------------------------------------------------------
 
 Alpha MOs
 -- Occupied --
-91.9776 -91.9364 -11.2815 -11.2602 -11.2564 -11.2553 -11.2519 -11.2492
-11.2375 -11.2302 -11.2293 -11.2122  -8.9782  -8.9414  -6.6591  -6.6583
 -6.6580  -6.6227  -6.6217  -6.6204  -1.2020  -1.1535  -1.0576  -1.0248
 -1.0057  -0.9579  -0.9091  -0.9022  -0.8117  -0.7581  -0.7430  -0.6966
 -0.6577  -0.6375  -0.6115  -0.5904  -0.5802  -0.5724  -0.5644  -0.5494
 -0.5391  -0.5330  -0.5065  -0.5059  -0.4931  -0.4667  -0.4549  -0.4454
 -0.3601  -0.3316  -0.3134  -0.2773
 -- Virtual --
  0.0637   0.1352   0.1397   0.1560   0.1596   0.1693   0.1760   0.1810
  0.1876   0.1987   0.2070   0.2164   0.2243   0.2287   0.2347   0.2446
  0.2480   0.2573   0.2670   0.2978   0.3087   0.3169   0.3414   0.3509
  0.3633   0.3748   0.3783   0.3847   0.3926   0.3964   0.4115   0.4234
  0.4266   0.4352   0.4472   0.4533   0.4708   0.4777   0.4912   0.4945
  0.4969   0.5036   0.5093   0.5268   0.5288   0.5410   0.5524   0.5613
  0.5665   0.5708   0.5879   0.5962   0.6048   0.6120   0.6173   0.6233
  0.6260   0.6288   0.6318   0.6414   0.6426   0.6448   0.6548   0.6623
  0.6656   0.6716   0.6833   0.6856   0.6965   0.7063   0.7133   0.7325
  0.7371   0.7496   0.7541   0.7700   0.7842   0.7934   0.8092   0.8240
  0.8295   0.8392   0.8500   0.8609   0.8683   0.8933   0.9079   0.9169
  0.9224   0.9456   0.9488   0.9620   0.9718   0.9869   0.9901   1.0191
  1.0258   1.0358   1.0427   1.0450   1.0632   1.0675   1.0827   1.0879
  1.0924   1.1020   1.1160   1.1391   1.1448   1.1526   1.1601   1.1670
  1.1775   1.1824   1.1939   1.2111   1.2175   1.2235   1.2405   1.2507
  1.2547   1.2609   1.2651   1.2769   1.2805   1.2866   1.3015   1.3104
  1.3252   1.3434   1.3543   1.3664   1.3839   1.3878   1.4107   1.4147
  1.4211   1.4313   1.4451   1.4576   1.4585   1.4744   1.4851   1.4993
  1.5031   1.5159   1.5222   1.5365   1.5406   1.5466   1.5503   1.5590
  1.5669   1.5749   1.5820   1.5917   1.6042   1.6174   1.6202   1.6375
  1.6441   1.6574   1.6707   1.6859   1.7079   1.7124   1.7236   1.7409
  1.7422   1.7603   1.7756   1.7796   1.8055   1.8267   1.8390   1.8632
  1.8726   1.9057   1.9425   1.9491   1.9593   1.9752   1.9875   2.0031
  2.0211   2.0339   2.0373   2.0778   2.0880   2.1003   2.1188   2.1651
  2.1741   2.1947   2.2015   2.2205   2.2344   2.2422   2.2518   2.2744
  2.2846   2.3284   2.3539   2.3669   2.3878   2.4414   2.4671   2.4797
  2.4863   2.5223   2.5315   2.5420   2.5796   2.5950   2.6146   2.6172
  2.6412   2.6495   2.6629   2.6786   2.6882   2.6936   2.7141   2.7202
  2.7446   2.7569   2.7743   2.7823   2.7882   2.7987   2.8082   2.8218
  2.8414   2.8518   2.8697   2.8839   2.8904   2.9000   2.9184   2.9413
  2.9505   2.9697   2.9731   2.9919   3.0011   3.0194   3.0315   3.0471
  3.0592   3.0725   3.0975   3.1103   3.1130   3.1236   3.1355   3.1520
  3.1570   3.1662   3.1687   3.1743   3.1915   3.1957   3.2088   3.2207
  3.2302   3.2399   3.2495   3.2508   3.2700   3.2798   3.2916   3.3031
  3.3142   3.3284   3.3335   3.3384   3.3499   3.3537   3.3587   3.3620
  3.3730   3.3767   3.3835   3.3976   3.4068   3.4116   3.4267   3.4286
  3.4413   3.4509   3.4572   3.4658   3.4883   3.4956   3.5107   3.5151
  3.5232   3.5322   3.5344   3.5541   3.5566   3.5689   3.5771   3.5789
  3.5850   3.6063   3.6276   3.6326   3.6401   3.6565   3.6698   3.6741
  3.6823   3.6937   3.7010   3.7129   3.7188   3.7313   3.7344   3.7439
  3.7514   3.7554   3.7590   3.7857   3.7917   3.8051   3.8103   3.8150
  3.8300   3.8458   3.8519   3.8702   3.8834   3.8945   3.9120   3.9196
  3.9378   3.9564   3.9607   3.9683   3.9766   3.9909   4.0100   4.0188
  4.0285   4.0354   4.0535   4.0605   4.0782   4.0886   4.1068   4.1127
  4.1221   4.1333   4.1448   4.1596   4.1797   4.1842   4.1930   4.2102
  4.2134   4.2227   4.2281   4.2547   4.2611   4.2615   4.2766   4.2863
  4.2931   4.3031   4.3249   4.3364   4.3414   4.3546   4.3629   4.3721
  4.3834   4.3869   4.3997   4.4053   4.4126   4.4249   4.4312   4.4457
  4.4589   4.4664   4.4800   4.4926   4.5058   4.5318   4.5377   4.5609
  4.5846   4.5885   4.6179   4.6194   4.6354   4.6556   4.6751   4.6796
  4.6846   4.7255   4.7369   4.7631   4.7934   4.8276   4.8373   4.8644
  4.8701   4.8778   4.9059   4.9137   4.9369   4.9643   4.9691   4.9968
  5.0258   5.0485   5.0840   5.1142   5.1214   5.1301   5.1406   5.1650
  5.1797   5.2126   5.2238   5.2697   5.2834   5.2997   5.3089   5.3160
  5.3340   5.3669   5.3887   5.3974   5.4070   5.4267   5.4445   5.4596
  5.4776   5.5052   5.5198   5.5431   5.5492   5.5576   5.5675   5.5897
  5.6294   5.6310   5.6421   5.6708   5.6854   5.7076   5.7171   5.7333
  5.7652   5.7946   5.8121   5.9654   6.0068   6.0238   6.1011   6.1363
  6.2047   6.2174   6.2231   6.2300   6.2450   6.2738   6.2875   6.3236
  6.3894   6.4059   9.4705  10.5096  12.5652  12.8325  13.1600  13.8721
 14.1256  14.2405  14.2777  14.6189
 --------------------------------------------------------------
 
          Ground-State Mulliken Net Atomic Charges

     Atom                 Charge (a.u.)
  ----------------------------------------
      1 C                    -0.079222
      2 C                    -0.331500
      3 C                    -0.055109
      4 H                     0.173210
      5 C                     0.060358
      6 S                    -0.180943
      7 C                    -0.272737
      8 H                     0.112544
      9 H                     0.106177
     10 H                     0.099739
     11 C                    -0.105631
     12 C                    -0.190548
     13 C                     0.020774
     14 H                     0.181622
     15 C                    -0.190434
     16 S                     0.015992
     17 C                    -0.267205
     18 H                     0.102236
     19 H                     0.107650
     20 H                     0.107754
     21 H                     0.199515
     22 H                     0.110707
     23 H                     0.107168
     24 H                     0.167881
  ----------------------------------------
  Sum of atomic charges =     0.000000

 -----------------------------------------------------------------
                    Cartesian Multipole Moments
 -----------------------------------------------------------------
    Charge (ESU x 10^10)
                -0.0000
    Dipole Moment (Debye)
         X      -0.2204      Y       0.9433      Z       2.3717
       Tot       2.5619
    Quadrupole Moments (Debye-Ang)
        XX     -84.7183     XY       9.4655     YY     -81.5811
        XZ       0.9155     YZ      -0.5841     ZZ     -85.5137
    Octopole Moments (Debye-Ang^2)
       XXX    -150.1071    XXY      85.2049    XYY     -39.5492
       YYY     185.6163    XXZ      -3.7308    XYZ      -2.5539
       YYZ      -0.6070    XZZ     -45.4913    YZZ      78.5959
       ZZZ       4.4027
    Hexadecapole Moments (Debye-Ang^3)
      XXXX   -1250.0366   XXXY    -173.1376   XXYY    -589.1486
      XYYY    -225.7878   YYYY   -2338.5468   XXXZ     -78.8780
      XXYZ     -28.5130   XYYZ     -28.6652   YYYZ     -67.5488
      XXZZ    -300.6815   XYZZ     -70.7886   YYZZ    -519.1259
      XZZZ     -73.1812   YZZZ     -59.5674   ZZZZ    -534.4880
 -----------------------------------------------------------------
 Total job time:  667.30s(wall), 664.58s(cpu) 
 Sun Jul 10 04:47:27 2022

        *************************************************************
        *                                                           *
        *  Thank you very much for using Q-Chem.  Have a nice day.  *
        *                                                           *
        *************************************************************


remove work dirs ./qchem1901100.0 -- ./qchem1901100.-1
rm -rf ./qchem1901100
