You are running Q-Chem version: 5.4.0

#
# job setting
#
local host:  exp-1-46
current dir: /expanse/lustre/scratch/theleonzhang/temp_project/Hydrogenated_Rotation_Test
input file:  Methylthiophene_Phi_20_Theta_220_Methylthiophene_Hydrogenated.qcin
output file: 
nprocs     : 0
nthreads   : 1
#
# qchem installation setting
#
QC:          /cm/shared/apps/spack/cpu/opt/spack/linux-centos8-zen2/gcc-10.2.0/qchem-5.4-akfmr7b3t57bfs6qan3padb2wnb2i7cl
QCAUX:       /cm/shared/apps/spack/cpu/opt/spack/linux-centos8-zen2/gcc-10.2.0/qchem-5.4-akfmr7b3t57bfs6qan3padb2wnb2i7cl/qcaux
QCPROG:      /cm/shared/apps/spack/cpu/opt/spack/linux-centos8-zen2/gcc-10.2.0/qchem-5.4-akfmr7b3t57bfs6qan3padb2wnb2i7cl/exe/qcprog.exe_s
QCPROG_S:    /cm/shared/apps/spack/cpu/opt/spack/linux-centos8-zen2/gcc-10.2.0/qchem-5.4-akfmr7b3t57bfs6qan3padb2wnb2i7cl/exe/qcprog.exe_s
PARALLEL:    -DSERIAL
QCMPI:       mpich
#
# qchem directory setting
#
qcrun:       qchem4025216
QCSCRATCH:   .
QCLOCALSCR:  
QCTMPDIR:    .
QCFILEPREF:  ./qchem4025216
QCSAVEDIR:   
workdirs:    ./qchem4025216
workdir0:    ./qchem4025216
partmpdirs =  
#
# parallel setting
#
QCRSH:           ssh
QCMPI:           mpich
QCMPIRUN:        /cm/shared/apps/spack/cpu/opt/spack/linux-centos8-zen2/gcc-10.2.0/qchem-5.4-akfmr7b3t57bfs6qan3padb2wnb2i7cl/bin/mpi/mpirun_qchem
QCMACHINEFILE:   ./qchem4025216/hostfile

#
# env setting
#
exported envs:   QC QCAUX QCSCRATCH QCRUNNAME QCFILEPREF QCPROG QCPROG_S GUIFILE

Running Job 1 of 1 Methylthiophene_Phi_20_Theta_220_Methylthiophene_Hydrogenated.qcin
qchem Methylthiophene_Phi_20_Theta_220_Methylthiophene_Hydrogenated.qcin_4025216.0 ./qchem4025216/ 0
/cm/shared/apps/spack/cpu/opt/spack/linux-centos8-zen2/gcc-10.2.0/qchem-5.4-akfmr7b3t57bfs6qan3padb2wnb2i7cl/exe/qcprog.exe_s Methylthiophene_Phi_20_Theta_220_Methylthiophene_Hydrogenated.qcin_4025216.0 ./qchem4025216/
                  Welcome to Q-Chem
     A Quantum Leap Into The Future Of Chemistry


 Q-Chem 5.4, Q-Chem, Inc., Pleasanton, CA (2021)

 License issued to: University of California, San Diego (site)

 E. Epifanovsky,  A. T. B. Gilbert,  Xintian Feng,  Joonho Lee,  Yuezhi Mao,  
 N. Mardirossian,  P. Pokhilko,  A. White,  M. Wormit,  M. P. Coons,  
 A. L. Dempwolff,  Zhengting Gan,  D. Hait,  P. R. Horn,  L. D. Jacobson,  
 I. Kaliman,  J. Kussmann,  A. W. Lange,  Ka Un Lao,  D. S. Levine,  Jie Liu,  
 S. C. McKenzie,  A. F. Morrison,  K. Nanda,  F. Plasser,  D. R. Rehn,  
 M. L. Vidal,  Zhi-Qiang You,  Ying Zhu,  B. Alam,  B. Albrecht,  
 A. Aldossary,  E. Alguire,  J. H. Andersen,  D. Barton,  K. Begam,  A. Behn,  
 Y. A. Bernard,  E. J. Berquist,  H. Burton,  A. Carreras,  K. Carter-Fenk,  
 R. Chakraborty,  A. D. Chien,  K. D. Closser,  V. Cofer-Shabica,  
 S. Dasgupta,  Jia Deng,  M. de Wergifosse,  M. Diedenhofen,  Hainam Do,  
 S. Ehlert,  Po-Tung Fang,  S. Fatehi,  Qingguo Feng,  J. Gayvert,  
 Qinghui Ge,  G. Gidofalvi,  M. Goldey,  J. Gomes,  C. Gonzalez-Espinoza,  
 S. Gulania,  A. Gunina,  M. W. D. Hanson-Heine,  P. H. P. Harbach,  
 A. W. Hauser,  M. F. Herbst,  M. Hernandez Vera,  M. Hodecker,  
 Z. C. Holden,  S. Houck,  Xunkun Huang,  Kerwin Hui,  B. C. Huynh,  
 M. Ivanov,  Hyunjun Ji,  Hanjie Jiang,  B. Kaduk,  S. Kaehler,  
 K. Khistyaev,  Jaehoon Kim,  P. Klunzinger,  Z. Koczor-Benda,  
 Joong Hoon Koh,  D. Kosenkov,  L. Koulias,  T. Kowalczyk,  C. M. Krauter,  
 K. Kue,  A. Kunitsa,  T. Kus,  A. Landau,  K. V. Lawler,  D. Lefrancois,  
 S. Lehtola,  Rain Li,  Yi-Pei Li,  Jiashu Liang,  M. Liebenthal,  
 Hung-Hsuan Lin,  You-Sheng Lin,  Fenglai Liu,  Kuan-Yu Liu,  
 M. Loipersberger,  A. Luenser,  A. Manjanath,  P. Manohar,  E. Mansoor,  
 S. F. Manzer,  Shan-Ping Mao,  A. V. Marenich,  T. Markovich,  S. Mason,  
 S. A. Maurer,  P. F. McLaughlin,  M. F. S. J. Menger,  J.-M. Mewes,  
 S. A. Mewes,  P. Morgante,  J. W. Mullinax,  T. S. Nguyen-Beck,  
 K. J. Oosterbaan,  G. Paran,  Alexander C. Paul,  Suranjan K. Paul,  
 F. Pavosevic,  Zheng Pei,  S. Prager,  E. I. Proynov,  E. Ramos,  B. Rana,  
 A. E. Rask,  A. Rettig,  R. M. Richard,  F. Rob,  E. Rossomme,  T. Scheele,  
 M. Scheurer,  M. Schneider,  N. Sergueev,  S. M. Sharada,  W. Skomorowski,  
 D. W. Small,  C. J. Stein,  Yu-Chuan Su,  E. J. Sundstrom,  Zhen Tao,  
 J. Thirman,  T. Tsuchimochi,  N. M. Tubman,  S. P. Veccham,  O. Vydrov,  
 J. Wenzel,  J. Witte,  A. Yamada,  Kun Yao,  S. Yeganeh,  S. R. Yost,  
 A. Zech,  Igor Ying Zhang,  Xing Zhang,  Yu Zhang,  D. Zuev,  
 A. Aspuru-Guzik,  A. T. Bell,  N. A. Besley,  K. B. Bravaya,  B. R. Brooks,  
 D. Casanova,  Jeng-Da Chai,  S. Coriani,  C. J. Cramer,  
 A. E. DePrince, III,  R. A. DiStasio Jr.,  A. Dreuw,  B. D. Dunietz,  
 T. R. Furlani,  W. A. Goddard III,  S. Grimme,  S. Hammes-Schiffer,  
 T. Head-Gordon,  W. J. Hehre,  Chao-Ping Hsu,  T.-C. Jagau,  Yousung Jung,  
 A. Klamt,  Jing Kong,  D. S. Lambrecht,  WanZhen Liang,  N. J. Mayhall,  
 C. W. McCurdy,  J. B. Neaton,  C. Ochsenfeld,  J. A. Parkhill,  R. Peverati,  
 V. A. Rassolov,  Yihan Shao,  L. V. Slipchenko,  T. Stauch,  R. P. Steele,  
 J. E. Subotnik,  A. J. W. Thom,  A. Tkatchenko,  D. G. Truhlar,  
 T. Van Voorhis,  T. A. Wesolowski,  K. B. Whaley,  H. L. Woodcock III,  
 P. M. Zimmerman,  S. Faraji,  P. M. W. Gill,  M. Head-Gordon,  
 J. M. Herbert,  A. I. Krylov

 Contributors to earlier versions of Q-Chem not listed above: 
 R. D. Adamson,  B. Austin,  R. Baer,  J. Baker,  G. J. O. Beran,  
 K. Brandhorst,  S. T. Brown,  E. F. C. Byrd,  A. K. Chakraborty,  
 G. K. L. Chan,  Chun-Min Chang,  Yunqing Chen,  C.-L. Cheng,  
 Siu Hung Chien,  D. M. Chipman,  D. L. Crittenden,  H. Dachsel,  
 R. J. Doerksen,  A. D. Dutoi,  R. G. Edgar,  J. Fosso-Tande,  
 L. Fusti-Molnar,  D. Ghosh,  A. Ghysels,  A. Golubeva-Zadorozhnaya,  
 J. Gonthier,  M. S. Gordon,  S. R. Gwaltney,  G. Hawkins,  J. E. Herr,  
 A. Heyden,  S. Hirata,  E. G. Hohenstein,  G. Kedziora,  F. J. Keil,  
 C. Kelley,  Jihan Kim,  R. A. King,  R. Z. Khaliullin,  P. P. Korambath,  
 W. Kurlancheek,  A. Laurent,  A. M. Lee,  M. S. Lee,  S. V. Levchenko,  
 Ching Yeh Lin,  D. Liotard,  E. Livshits,  R. C. Lochan,  I. Lotan,  
 L. A. Martinez-Martinez,  P. E. Maslen,  N. Nair,  D. P. O'Neill,  
 D. Neuhauser,  E. Neuscamman,  C. M. Oana,  R. Olivares-Amaya,  R. Olson,  
 T. M. Perrine,  B. Peters,  P. A. Pieniazek,  A. Prociuk,  Y. M. Rhee,  
 J. Ritchie,  M. A. Rohrdanz,  E. Rosta,  N. J. Russ,  H. F. Schaefer III,  
 M. W. Schmidt,  N. E. Schultz,  S. Sharma,  N. Shenvi,  C. D. Sherrill,  
 A. C. Simmonett,  A. Sodt,  T. Stein,  D. Stuck,  K. S. Thanthiriwatte,  
 V. Vanovschi,  L. Vogt,  Tao Wang,  A. Warshel,  M. A. Watson,  
 C. F. Williams,  Q. Wu,  X. Xu,  Jun Yang,  W. Zhang,  Yan Zhao

 Please cite Q-Chem as follows:
 Y. Shao et al., Mol. Phys. 113, 184-215 (2015)
 DOI: 10.1080/00268976.2014.952696

 Q-Chem 5.4.0 for Intel X86 EM64T Linux

 Parts of Q-Chem use Armadillo 9.800.1 (Horizon Scraper).
 http://arma.sourceforge.net/

 Q-Chem begins on Sun Jul 10 03:21:06 2022  

 Host: 
0

     Scratch files written to ./qchem4025216//
 May1621 |scratch|qcdevops|jenkins|workspace|build_RNUM    
 Processing $rem in /cm/shared/apps/spack/cpu/opt/spack/linux-centos8-zen2/gcc-10.2.0/qchem-5.4-akfmr7b3t57bfs6qan3padb2wnb2i7cl/config/preferences:
 Processing $rem in /home/theleonzhang/.qchemrc:
 Symmetry turned off for PCM/SM12/SMD calculation
 Core orbitals will be frozen

 Checking the input file for inconsistencies... 	...done.

--------------------------------------------------------------
User input:
--------------------------------------------------------------
$molecule
0 1
C	0.498788	-3.866725	-0.593324
C	-0.393517	-3.703963	0.469446
C	-0.685674	-2.357056	0.817050
H	-0.837128	-4.561092	0.998381
C	0.000000	-1.440664	0.000000
S	0.992768	-2.286957	-1.183149
C	-1.621254	-1.978743	1.931676
H	-2.035845	-2.878678	2.425882
H	-2.477868	-1.376015	1.563980
H	-1.110719	-1.375728	2.711417
C	0.000000	0.000000	0.000000
C	0.295399	0.811508	1.099446
C	0.768742	2.111949	0.776721
H	0.169256	0.464952	2.136088
C	0.844232	2.319291	-0.612546
S	0.322342	0.885558	-1.486809
C	1.140796	3.134091	1.814609
H	0.995218	2.734123	2.836676
H	0.526006	4.054142	1.726239
H	2.203157	3.443680	1.726228
H	1.168902	3.211257	-1.161575
H	0.032646	-4.392713	-1.433894
H	1.407651	-4.392347	-0.279954
H	-0.827254	-1.440937	-0.694299
$end

$rem
JOBTYPE		SP
EXCHANGE	HF
CORRELATION	pRIMP2
BASIS		cc-pvtz
METHOD		rimp2
AUX_BASIS	rimp2-cc-pvtz
SOLVENT_METHOD	PCM
PURECART	11111
SYMMETRY	false
MEM_TOTAL	110000
SCF_CONVERGENCE = 6
THRESH=10
$end



$solvent
dielectric 4.90
$end
--------------------------------------------------------------
 ----------------------------------------------------------------
             Standard Nuclear Orientation (Angstroms)
    I     Atom           X                Y                Z
 ----------------------------------------------------------------
    1      C       0.4987880000    -3.8667250000    -0.5933240000
    2      C      -0.3935170000    -3.7039630000     0.4694460000
    3      C      -0.6856740000    -2.3570560000     0.8170500000
    4      H      -0.8371280000    -4.5610920000     0.9983810000
    5      C       0.0000000000    -1.4406640000     0.0000000000
    6      S       0.9927680000    -2.2869570000    -1.1831490000
    7      C      -1.6212540000    -1.9787430000     1.9316760000
    8      H      -2.0358450000    -2.8786780000     2.4258820000
    9      H      -2.4778680000    -1.3760150000     1.5639800000
   10      H      -1.1107190000    -1.3757280000     2.7114170000
   11      C       0.0000000000     0.0000000000     0.0000000000
   12      C       0.2953990000     0.8115080000     1.0994460000
   13      C       0.7687420000     2.1119490000     0.7767210000
   14      H       0.1692560000     0.4649520000     2.1360880000
   15      C       0.8442320000     2.3192910000    -0.6125460000
   16      S       0.3223420000     0.8855580000    -1.4868090000
   17      C       1.1407960000     3.1340910000     1.8146090000
   18      H       0.9952180000     2.7341230000     2.8366760000
   19      H       0.5260060000     4.0541420000     1.7262390000
   20      H       2.2031570000     3.4436800000     1.7262280000
   21      H       1.1689020000     3.2112570000    -1.1615750000
   22      H       0.0326460000    -4.3927130000    -1.4338940000
   23      H       1.4076510000    -4.3923470000    -0.2799540000
   24      H      -0.8272540000    -1.4409370000    -0.6942990000
 ----------------------------------------------------------------
 Nuclear Repulsion Energy =         877.05352020 hartrees
 There are       52 alpha and       52 beta electrons

 Q-Chem warning in module forms1/BasisType.C, line 2236:

 You are not using the predefined 5D/6D in this basis set.

 Requested basis set is cc-pVTZ
 There are 196 shells and 536 basis functions

 Total QAlloc Memory Limit 110000 MB
 Mega-Array Size       188 MB
 MEM_STATIC part       192 MB
 Discretize the solute cavity surface with Lebedev spheres
	Using 110 Lebedev grid points for each H atom
	Using 194 Lebedev grid points for other atoms
	Atomic van der Waals radii will be scaled by 1.20
 Remove points where switching function is < 1.0e-08
 Keep 1608 surface tesserae and discard 2040 interior tesserae
 Molecular Surface Area = 233.710 Angst**2
 Requested basis set is rimp2-cc-pVTZ
 There are 414 shells and 1414 basis functions
 A cutoff of  1.0D-10 yielded  14005 shell pairs
 There are    101401 function pairs (    130009 Cartesian)
 Smallest overlap matrix eigenvalue = 7.27E-05

 Scale SEOQF with 1.000000e-01/1.000000e-01/1.000000e-01

 Standard Electronic Orientation quadrupole field applied
 Nucleus-field energy     =     0.0000000270 hartrees
 Guess from superposition of atomic densities
 Warning:  Energy on first SCF cycle will be non-variational
 SAD guess density has 104.000000 electrons

 -----------------------------------------------------------------------
  General SCF calculation program by
  Eric Jon Sundstrom, Paul Horn, Yuezhi Mao, Dmitri Zuev, Alec White,
  David Stuck, Shaama M.S., Shane Yost, Joonho Lee, David Small,
  Daniel Levine, Susi Lehtola, Hugh Burton, Evgeny Epifanovsky,
  Bang C. Huynh
 -----------------------------------------------------------------------
 Hartree-Fock
 A restricted SCF calculation will be
 performed using DIIS
 SCF converges when DIIS error is below 1.0e-06
 ---------------------------------------
  Cycle       Energy         DIIS error
 ---------------------------------------
    1   -1186.0383426568      2.39e-02  
    2   -1180.6037639974      1.57e-03  
    3   -1180.7293034419      6.19e-04  
    4   -1180.7440504753      3.34e-04  
    5   -1180.7492083446      6.07e-05  
    6   -1180.7494651270      2.50e-05  
    7   -1180.7495280617      9.32e-06  
    8   -1180.7495426306      4.51e-06  
    9   -1180.7495459674      1.51e-06  
   10   -1180.7495464657      5.15e-07  Convergence criterion met
 ---------------------------------------
 SCF time:   CPU 565.40s  wall 568.00s 

************** Final PCM Free Energy Summary **************
 G_electrostatic  =      -0.00949814 hartree =      -5.96017594 kcal/mol
 G_cavitation     =       0.00000000 hartree =       0.00000000 kcal/mol
 G_dispersion     =       0.00000000 hartree =       0.00000000 kcal/mol
 G_repulsion      =       0.00000000 hartree =       0.00000000 kcal/mol
 --------------------------------------------------
 Non-electrostatic Free Energy =       0.00000000 hartree =       0.00000000 kcal/mol
 Total                         =      -0.00949814 hartree =      -5.96017594 kcal/mol
 --------------------------------------------------
 SCF Energy (H0 + V/2)                       =   -1180.74954647 
 Solute Internal Energy (H0)                 =   -1180.74004832 
 Total Free Energy (H0 + V/2 + non-elec)     =   -1180.74954647 hartree
                                             = -740931.52328620 kcal/mol
***********************************************************

 SCF   energy in the final basis set =    -1180.7495464657
 Total energy in the final basis set =    -1180.7495464657


 --------------------------------------------------------------
  Generalized many-body perturbation theory program
  by Joonho Lee, Fazle Rob, Xintian Feng, Evgeny Epifanovsky

 No regularization used 
 (reg. param. = 0.0000e+00)
  (P|Q)^-1/2 Time:  CPU 2.31 s  wall 2.32 s

 In RI-MP2 calculation: 
 # of frozen core orbitals: 20

 Components of the RIMP2 correlation energy:
        aaaa    correlation energy =        -0.2514719205 a.u.
        abab    correlation energy =        -1.5039760917 a.u.
        bbbb    correlation energy =        -0.2514719205 a.u.
        non-Brillouin singles      =        -0.0000000000 a.u.
        total same-spin energy     =        -0.5029438409 a.u.
        total opposite-spin energy =        -1.5039760917 a.u.

 Total  RIMP2   correlation energy =        -2.0069199326 a.u.
        RIMP2         total energy =     -1182.7564663983 a.u.

 RI-MP2 Energy Time:  CPU 118.04 s  wall 118.41 s
 
 --------------------------------------------------------------
 
                    Orbital Energies (a.u.)
 --------------------------------------------------------------
 
 Alpha MOs
 -- Occupied --
-91.9843 -91.9434 -11.2813 -11.2641 -11.2622 -11.2561 -11.2505 -11.2415
-11.2362 -11.2329 -11.2285 -11.2202  -8.9841  -8.9480  -6.6650  -6.6645
 -6.6639  -6.6294  -6.6283  -6.6270  -1.1999  -1.1532  -1.0588  -1.0298
 -1.0005  -0.9634  -0.9133  -0.9001  -0.8161  -0.7601  -0.7392  -0.7031
 -0.6541  -0.6389  -0.6101  -0.5908  -0.5820  -0.5684  -0.5664  -0.5535
 -0.5446  -0.5329  -0.5163  -0.5053  -0.4890  -0.4787  -0.4666  -0.4466
 -0.3560  -0.3427  -0.3221  -0.2678
 -- Virtual --
  0.0919   0.1311   0.1411   0.1504   0.1591   0.1689   0.1787   0.1864
  0.1917   0.2031   0.2050   0.2182   0.2240   0.2334   0.2389   0.2416
  0.2516   0.2601   0.2809   0.2983   0.3190   0.3341   0.3501   0.3590
  0.3664   0.3761   0.3796   0.3871   0.4009   0.4082   0.4126   0.4218
  0.4409   0.4449   0.4522   0.4657   0.4749   0.4804   0.4854   0.4871
  0.4983   0.5064   0.5142   0.5281   0.5406   0.5469   0.5526   0.5557
  0.5706   0.5754   0.5865   0.5886   0.5979   0.6080   0.6146   0.6183
  0.6251   0.6265   0.6332   0.6342   0.6407   0.6452   0.6504   0.6615
  0.6658   0.6701   0.6851   0.6889   0.7043   0.7082   0.7174   0.7243
  0.7295   0.7476   0.7595   0.7729   0.7806   0.7893   0.8043   0.8186
  0.8332   0.8557   0.8579   0.8635   0.8846   0.9000   0.9034   0.9075
  0.9246   0.9366   0.9487   0.9612   0.9685   0.9868   1.0081   1.0101
  1.0226   1.0276   1.0342   1.0397   1.0528   1.0679   1.0691   1.0822
  1.0890   1.0986   1.1190   1.1237   1.1427   1.1471   1.1642   1.1670
  1.1773   1.1880   1.1970   1.2045   1.2088   1.2263   1.2319   1.2477
  1.2482   1.2616   1.2682   1.2759   1.2783   1.2926   1.2964   1.3089
  1.3178   1.3291   1.3399   1.3513   1.3757   1.3842   1.4044   1.4155
  1.4245   1.4326   1.4397   1.4554   1.4644   1.4786   1.4884   1.4977
  1.5096   1.5156   1.5223   1.5258   1.5376   1.5440   1.5456   1.5559
  1.5643   1.5771   1.5838   1.5922   1.6258   1.6283   1.6358   1.6448
  1.6508   1.6621   1.6755   1.6883   1.6993   1.7168   1.7276   1.7384
  1.7425   1.7564   1.7645   1.7903   1.8162   1.8246   1.8328   1.8668
  1.8902   1.9028   1.9163   1.9212   1.9352   1.9658   1.9849   2.0028
  2.0240   2.0324   2.0573   2.0599   2.1032   2.1104   2.1449   2.1561
  2.1757   2.1952   2.2125   2.2293   2.2350   2.2401   2.2626   2.2803
  2.2911   2.3123   2.3231   2.3774   2.4095   2.4340   2.4564   2.4716
  2.4852   2.5140   2.5336   2.5485   2.5712   2.5764   2.5855   2.5987
  2.6201   2.6322   2.6596   2.6711   2.6755   2.6858   2.6992   2.7342
  2.7457   2.7523   2.7670   2.7779   2.7827   2.7943   2.8087   2.8137
  2.8389   2.8439   2.8617   2.8788   2.8908   2.9027   2.9177   2.9227
  2.9416   2.9589   2.9699   3.0047   3.0082   3.0305   3.0347   3.0373
  3.0620   3.0699   3.0828   3.1048   3.1095   3.1165   3.1217   3.1390
  3.1444   3.1544   3.1610   3.1681   3.1778   3.1861   3.1982   3.2159
  3.2268   3.2442   3.2556   3.2636   3.2721   3.2833   3.2900   3.3116
  3.3235   3.3239   3.3338   3.3396   3.3447   3.3537   3.3593   3.3621
  3.3684   3.3841   3.3938   3.4012   3.4090   3.4138   3.4273   3.4340
  3.4376   3.4482   3.4632   3.4683   3.4775   3.4823   3.4955   3.5086
  3.5176   3.5210   3.5340   3.5412   3.5474   3.5622   3.5761   3.5786
  3.5969   3.6080   3.6092   3.6242   3.6279   3.6360   3.6506   3.6533
  3.6625   3.6718   3.6872   3.7056   3.7076   3.7253   3.7389   3.7436
  3.7504   3.7533   3.7680   3.7757   3.7857   3.7886   3.7961   3.8081
  3.8303   3.8440   3.8509   3.8627   3.8751   3.8857   3.8973   3.9123
  3.9261   3.9375   3.9585   3.9633   3.9713   3.9835   3.9970   4.0200
  4.0260   4.0427   4.0482   4.0559   4.0592   4.0799   4.0929   4.0966
  4.1194   4.1243   4.1503   4.1525   4.1646   4.1675   4.1839   4.2031
  4.2145   4.2230   4.2299   4.2392   4.2543   4.2605   4.2748   4.2828
  4.2953   4.3021   4.3150   4.3186   4.3411   4.3541   4.3670   4.3781
  4.3795   4.3900   4.4020   4.4076   4.4173   4.4260   4.4412   4.4538
  4.4633   4.4713   4.4837   4.4883   4.4935   4.4968   4.5427   4.5456
  4.5813   4.5918   4.6021   4.6163   4.6246   4.6438   4.6566   4.6783
  4.6986   4.7071   4.7437   4.7574   4.7748   4.8164   4.8297   4.8490
  4.8636   4.8686   4.8900   4.9027   4.9293   4.9610   4.9823   4.9878
  5.0226   5.0376   5.0937   5.0981   5.1193   5.1325   5.1678   5.1747
  5.1875   5.1983   5.2412   5.2658   5.2736   5.2987   5.3072   5.3303
  5.3461   5.3684   5.3763   5.4023   5.4159   5.4193   5.4343   5.4432
  5.4808   5.5157   5.5311   5.5382   5.5501   5.5571   5.5721   5.5965
  5.6123   5.6252   5.6286   5.6681   5.6841   5.6971   5.7113   5.7414
  5.7685   5.7873   5.8311   5.9847   6.0265   6.0786   6.1137   6.1605
  6.2105   6.2260   6.2326   6.2400   6.2564   6.2928   6.3003   6.3410
  6.3836   6.4936   9.3963  10.8135  12.1087  12.9459  13.2049  13.9891
 14.0752  14.1949  14.3264  14.6341
 --------------------------------------------------------------
 
          Ground-State Mulliken Net Atomic Charges

     Atom                 Charge (a.u.)
  ----------------------------------------
      1 C                    -0.078429
      2 C                    -0.324678
      3 C                    -0.038635
      4 H                     0.176615
      5 C                     0.103244
      6 S                    -0.170391
      7 C                    -0.279908
      8 H                     0.115869
      9 H                     0.107274
     10 H                     0.103826
     11 C                    -0.099268
     12 C                    -0.225257
     13 C                     0.016099
     14 H                     0.192314
     15 C                    -0.237625
     16 S                     0.000782
     17 C                    -0.273469
     18 H                     0.101273
     19 H                     0.107983
     20 H                     0.108449
     21 H                     0.197890
     22 H                     0.110342
     23 H                     0.113774
     24 H                     0.171924
  ----------------------------------------
  Sum of atomic charges =     0.000000

 -----------------------------------------------------------------
                    Cartesian Multipole Moments
 -----------------------------------------------------------------
    Charge (ESU x 10^10)
                -0.0000
    Dipole Moment (Debye)
         X      -1.5474      Y       0.2562      Z       2.7082
       Tot       3.1296
    Quadrupole Moments (Debye-Ang)
        XX     -90.7629     XY       6.7409     YY     -74.5649
        XZ       0.2083     YZ      -0.8411     ZZ     -85.5249
    Octopole Moments (Debye-Ang^2)
       XXX     -72.1047    XXY      52.1853    XYY     -12.9881
       YYY     128.5105    XXZ       0.8598    XYZ       1.7729
       YYZ      -5.7870    XZZ     -24.2004    YZZ      55.4101
       ZZZ       3.8905
    Hexadecapole Moments (Debye-Ang^3)
      XXXX    -498.3102   XXXY    -153.1954   XXYY    -568.9339
      XYYY    -125.5803   YYYY   -2689.4433   XXXZ     109.1743
      XXYZ     -42.6150   XYYZ      14.8686   YYYZ     -98.3558
      XXZZ    -228.1048   XYZZ     -30.2164   YYZZ    -616.3837
      XZZZ     103.1065   YZZZ    -104.7020   ZZZZ    -872.2169
 -----------------------------------------------------------------
 Total job time:  689.09s(wall), 684.51s(cpu) 
 Sun Jul 10 03:32:35 2022

        *************************************************************
        *                                                           *
        *  Thank you very much for using Q-Chem.  Have a nice day.  *
        *                                                           *
        *************************************************************


remove work dirs ./qchem4025216.0 -- ./qchem4025216.-1
rm -rf ./qchem4025216
You are running Q-Chem version: 5.4.0

#
# job setting
#
local host:  exp-3-09
current dir: /expanse/lustre/scratch/theleonzhang/temp_project/Hydrogenated_Rotation_Test
input file:  Methylthiophene_Phi_20_Theta_220_Methylthiophene_Hydrogenated.qcin
output file: 
nprocs     : 0
nthreads   : 1
#
# qchem installation setting
#
QC:          /cm/shared/apps/spack/cpu/opt/spack/linux-centos8-zen2/gcc-10.2.0/qchem-5.4-akfmr7b3t57bfs6qan3padb2wnb2i7cl
QCAUX:       /cm/shared/apps/spack/cpu/opt/spack/linux-centos8-zen2/gcc-10.2.0/qchem-5.4-akfmr7b3t57bfs6qan3padb2wnb2i7cl/qcaux
QCPROG:      /cm/shared/apps/spack/cpu/opt/spack/linux-centos8-zen2/gcc-10.2.0/qchem-5.4-akfmr7b3t57bfs6qan3padb2wnb2i7cl/exe/qcprog.exe_s
QCPROG_S:    /cm/shared/apps/spack/cpu/opt/spack/linux-centos8-zen2/gcc-10.2.0/qchem-5.4-akfmr7b3t57bfs6qan3padb2wnb2i7cl/exe/qcprog.exe_s
PARALLEL:    -DSERIAL
QCMPI:       mpich
#
# qchem directory setting
#
qcrun:       qchem927684
QCSCRATCH:   .
QCLOCALSCR:  
QCTMPDIR:    .
QCFILEPREF:  ./qchem927684
QCSAVEDIR:   
workdirs:    ./qchem927684
workdir0:    ./qchem927684
partmpdirs =  
#
# parallel setting
#
QCRSH:           ssh
QCMPI:           mpich
QCMPIRUN:        /cm/shared/apps/spack/cpu/opt/spack/linux-centos8-zen2/gcc-10.2.0/qchem-5.4-akfmr7b3t57bfs6qan3padb2wnb2i7cl/bin/mpi/mpirun_qchem
QCMACHINEFILE:   ./qchem927684/hostfile

#
# env setting
#
exported envs:   QC QCAUX QCSCRATCH QCRUNNAME QCFILEPREF QCPROG QCPROG_S GUIFILE

Running Job 1 of 1 Methylthiophene_Phi_20_Theta_220_Methylthiophene_Hydrogenated.qcin
qchem Methylthiophene_Phi_20_Theta_220_Methylthiophene_Hydrogenated.qcin_927684.0 ./qchem927684/ 0
/cm/shared/apps/spack/cpu/opt/spack/linux-centos8-zen2/gcc-10.2.0/qchem-5.4-akfmr7b3t57bfs6qan3padb2wnb2i7cl/exe/qcprog.exe_s Methylthiophene_Phi_20_Theta_220_Methylthiophene_Hydrogenated.qcin_927684.0 ./qchem927684/
                  Welcome to Q-Chem
     A Quantum Leap Into The Future Of Chemistry


 Q-Chem 5.4, Q-Chem, Inc., Pleasanton, CA (2021)

 License issued to: University of California, San Diego (site)

 E. Epifanovsky,  A. T. B. Gilbert,  Xintian Feng,  Joonho Lee,  Yuezhi Mao,  
 N. Mardirossian,  P. Pokhilko,  A. White,  M. Wormit,  M. P. Coons,  
 A. L. Dempwolff,  Zhengting Gan,  D. Hait,  P. R. Horn,  L. D. Jacobson,  
 I. Kaliman,  J. Kussmann,  A. W. Lange,  Ka Un Lao,  D. S. Levine,  Jie Liu,  
 S. C. McKenzie,  A. F. Morrison,  K. Nanda,  F. Plasser,  D. R. Rehn,  
 M. L. Vidal,  Zhi-Qiang You,  Ying Zhu,  B. Alam,  B. Albrecht,  
 A. Aldossary,  E. Alguire,  J. H. Andersen,  D. Barton,  K. Begam,  A. Behn,  
 Y. A. Bernard,  E. J. Berquist,  H. Burton,  A. Carreras,  K. Carter-Fenk,  
 R. Chakraborty,  A. D. Chien,  K. D. Closser,  V. Cofer-Shabica,  
 S. Dasgupta,  Jia Deng,  M. de Wergifosse,  M. Diedenhofen,  Hainam Do,  
 S. Ehlert,  Po-Tung Fang,  S. Fatehi,  Qingguo Feng,  J. Gayvert,  
 Qinghui Ge,  G. Gidofalvi,  M. Goldey,  J. Gomes,  C. Gonzalez-Espinoza,  
 S. Gulania,  A. Gunina,  M. W. D. Hanson-Heine,  P. H. P. Harbach,  
 A. W. Hauser,  M. F. Herbst,  M. Hernandez Vera,  M. Hodecker,  
 Z. C. Holden,  S. Houck,  Xunkun Huang,  Kerwin Hui,  B. C. Huynh,  
 M. Ivanov,  Hyunjun Ji,  Hanjie Jiang,  B. Kaduk,  S. Kaehler,  
 K. Khistyaev,  Jaehoon Kim,  P. Klunzinger,  Z. Koczor-Benda,  
 Joong Hoon Koh,  D. Kosenkov,  L. Koulias,  T. Kowalczyk,  C. M. Krauter,  
 K. Kue,  A. Kunitsa,  T. Kus,  A. Landau,  K. V. Lawler,  D. Lefrancois,  
 S. Lehtola,  Rain Li,  Yi-Pei Li,  Jiashu Liang,  M. Liebenthal,  
 Hung-Hsuan Lin,  You-Sheng Lin,  Fenglai Liu,  Kuan-Yu Liu,  
 M. Loipersberger,  A. Luenser,  A. Manjanath,  P. Manohar,  E. Mansoor,  
 S. F. Manzer,  Shan-Ping Mao,  A. V. Marenich,  T. Markovich,  S. Mason,  
 S. A. Maurer,  P. F. McLaughlin,  M. F. S. J. Menger,  J.-M. Mewes,  
 S. A. Mewes,  P. Morgante,  J. W. Mullinax,  T. S. Nguyen-Beck,  
 K. J. Oosterbaan,  G. Paran,  Alexander C. Paul,  Suranjan K. Paul,  
 F. Pavosevic,  Zheng Pei,  S. Prager,  E. I. Proynov,  E. Ramos,  B. Rana,  
 A. E. Rask,  A. Rettig,  R. M. Richard,  F. Rob,  E. Rossomme,  T. Scheele,  
 M. Scheurer,  M. Schneider,  N. Sergueev,  S. M. Sharada,  W. Skomorowski,  
 D. W. Small,  C. J. Stein,  Yu-Chuan Su,  E. J. Sundstrom,  Zhen Tao,  
 J. Thirman,  T. Tsuchimochi,  N. M. Tubman,  S. P. Veccham,  O. Vydrov,  
 J. Wenzel,  J. Witte,  A. Yamada,  Kun Yao,  S. Yeganeh,  S. R. Yost,  
 A. Zech,  Igor Ying Zhang,  Xing Zhang,  Yu Zhang,  D. Zuev,  
 A. Aspuru-Guzik,  A. T. Bell,  N. A. Besley,  K. B. Bravaya,  B. R. Brooks,  
 D. Casanova,  Jeng-Da Chai,  S. Coriani,  C. J. Cramer,  
 A. E. DePrince, III,  R. A. DiStasio Jr.,  A. Dreuw,  B. D. Dunietz,  
 T. R. Furlani,  W. A. Goddard III,  S. Grimme,  S. Hammes-Schiffer,  
 T. Head-Gordon,  W. J. Hehre,  Chao-Ping Hsu,  T.-C. Jagau,  Yousung Jung,  
 A. Klamt,  Jing Kong,  D. S. Lambrecht,  WanZhen Liang,  N. J. Mayhall,  
 C. W. McCurdy,  J. B. Neaton,  C. Ochsenfeld,  J. A. Parkhill,  R. Peverati,  
 V. A. Rassolov,  Yihan Shao,  L. V. Slipchenko,  T. Stauch,  R. P. Steele,  
 J. E. Subotnik,  A. J. W. Thom,  A. Tkatchenko,  D. G. Truhlar,  
 T. Van Voorhis,  T. A. Wesolowski,  K. B. Whaley,  H. L. Woodcock III,  
 P. M. Zimmerman,  S. Faraji,  P. M. W. Gill,  M. Head-Gordon,  
 J. M. Herbert,  A. I. Krylov

 Contributors to earlier versions of Q-Chem not listed above: 
 R. D. Adamson,  B. Austin,  R. Baer,  J. Baker,  G. J. O. Beran,  
 K. Brandhorst,  S. T. Brown,  E. F. C. Byrd,  A. K. Chakraborty,  
 G. K. L. Chan,  Chun-Min Chang,  Yunqing Chen,  C.-L. Cheng,  
 Siu Hung Chien,  D. M. Chipman,  D. L. Crittenden,  H. Dachsel,  
 R. J. Doerksen,  A. D. Dutoi,  R. G. Edgar,  J. Fosso-Tande,  
 L. Fusti-Molnar,  D. Ghosh,  A. Ghysels,  A. Golubeva-Zadorozhnaya,  
 J. Gonthier,  M. S. Gordon,  S. R. Gwaltney,  G. Hawkins,  J. E. Herr,  
 A. Heyden,  S. Hirata,  E. G. Hohenstein,  G. Kedziora,  F. J. Keil,  
 C. Kelley,  Jihan Kim,  R. A. King,  R. Z. Khaliullin,  P. P. Korambath,  
 W. Kurlancheek,  A. Laurent,  A. M. Lee,  M. S. Lee,  S. V. Levchenko,  
 Ching Yeh Lin,  D. Liotard,  E. Livshits,  R. C. Lochan,  I. Lotan,  
 L. A. Martinez-Martinez,  P. E. Maslen,  N. Nair,  D. P. O'Neill,  
 D. Neuhauser,  E. Neuscamman,  C. M. Oana,  R. Olivares-Amaya,  R. Olson,  
 T. M. Perrine,  B. Peters,  P. A. Pieniazek,  A. Prociuk,  Y. M. Rhee,  
 J. Ritchie,  M. A. Rohrdanz,  E. Rosta,  N. J. Russ,  H. F. Schaefer III,  
 M. W. Schmidt,  N. E. Schultz,  S. Sharma,  N. Shenvi,  C. D. Sherrill,  
 A. C. Simmonett,  A. Sodt,  T. Stein,  D. Stuck,  K. S. Thanthiriwatte,  
 V. Vanovschi,  L. Vogt,  Tao Wang,  A. Warshel,  M. A. Watson,  
 C. F. Williams,  Q. Wu,  X. Xu,  Jun Yang,  W. Zhang,  Yan Zhao

 Please cite Q-Chem as follows:
 Y. Shao et al., Mol. Phys. 113, 184-215 (2015)
 DOI: 10.1080/00268976.2014.952696

 Q-Chem 5.4.0 for Intel X86 EM64T Linux

 Parts of Q-Chem use Armadillo 9.800.1 (Horizon Scraper).
 http://arma.sourceforge.net/

 Q-Chem begins on Sun Jul 10 03:48:48 2022  

 Host: 
0

     Scratch files written to ./qchem927684//
 May1621 |scratch|qcdevops|jenkins|workspace|build_RNUM    
 Processing $rem in /cm/shared/apps/spack/cpu/opt/spack/linux-centos8-zen2/gcc-10.2.0/qchem-5.4-akfmr7b3t57bfs6qan3padb2wnb2i7cl/config/preferences:
 Processing $rem in /home/theleonzhang/.qchemrc:
 Symmetry turned off for PCM/SM12/SMD calculation
 Core orbitals will be frozen

 Checking the input file for inconsistencies... 	...done.

--------------------------------------------------------------
User input:
--------------------------------------------------------------
$molecule
0 1
C	0.498788	-3.866725	-0.593324
C	-0.393517	-3.703963	0.469446
C	-0.685674	-2.357056	0.817050
H	-0.837128	-4.561092	0.998381
C	0.000000	-1.440664	0.000000
S	0.992768	-2.286957	-1.183149
C	-1.621254	-1.978743	1.931676
H	-2.035845	-2.878678	2.425882
H	-2.477868	-1.376015	1.563980
H	-1.110719	-1.375728	2.711417
C	0.000000	0.000000	0.000000
C	0.295399	0.811508	1.099446
C	0.768742	2.111949	0.776721
H	0.169256	0.464952	2.136088
C	0.844232	2.319291	-0.612546
S	0.322342	0.885558	-1.486809
C	1.140796	3.134091	1.814609
H	0.995218	2.734123	2.836676
H	0.526006	4.054142	1.726239
H	2.203157	3.443680	1.726228
H	1.168902	3.211257	-1.161575
H	0.032646	-4.392713	-1.433894
H	1.407651	-4.392347	-0.279954
H	-0.827254	-1.440937	-0.694299
$end

$rem
JOBTYPE		SP
EXCHANGE	HF
CORRELATION	pRIMP2
BASIS		cc-pvtz
METHOD		rimp2
AUX_BASIS	rimp2-cc-pvtz
SOLVENT_METHOD	PCM
PURECART	11111
SYMMETRY	false
MEM_TOTAL	110000
SCF_CONVERGENCE = 6
THRESH=10
$end



$solvent
dielectric 4.90
$end
--------------------------------------------------------------
 ----------------------------------------------------------------
             Standard Nuclear Orientation (Angstroms)
    I     Atom           X                Y                Z
 ----------------------------------------------------------------
    1      C       0.4987880000    -3.8667250000    -0.5933240000
    2      C      -0.3935170000    -3.7039630000     0.4694460000
    3      C      -0.6856740000    -2.3570560000     0.8170500000
    4      H      -0.8371280000    -4.5610920000     0.9983810000
    5      C       0.0000000000    -1.4406640000     0.0000000000
    6      S       0.9927680000    -2.2869570000    -1.1831490000
    7      C      -1.6212540000    -1.9787430000     1.9316760000
    8      H      -2.0358450000    -2.8786780000     2.4258820000
    9      H      -2.4778680000    -1.3760150000     1.5639800000
   10      H      -1.1107190000    -1.3757280000     2.7114170000
   11      C       0.0000000000     0.0000000000     0.0000000000
   12      C       0.2953990000     0.8115080000     1.0994460000
   13      C       0.7687420000     2.1119490000     0.7767210000
   14      H       0.1692560000     0.4649520000     2.1360880000
   15      C       0.8442320000     2.3192910000    -0.6125460000
   16      S       0.3223420000     0.8855580000    -1.4868090000
   17      C       1.1407960000     3.1340910000     1.8146090000
   18      H       0.9952180000     2.7341230000     2.8366760000
   19      H       0.5260060000     4.0541420000     1.7262390000
   20      H       2.2031570000     3.4436800000     1.7262280000
   21      H       1.1689020000     3.2112570000    -1.1615750000
   22      H       0.0326460000    -4.3927130000    -1.4338940000
   23      H       1.4076510000    -4.3923470000    -0.2799540000
   24      H      -0.8272540000    -1.4409370000    -0.6942990000
 ----------------------------------------------------------------
 Nuclear Repulsion Energy =         877.05352020 hartrees
 There are       52 alpha and       52 beta electrons

 Q-Chem warning in module forms1/BasisType.C, line 2236:

 You are not using the predefined 5D/6D in this basis set.

 Requested basis set is cc-pVTZ
 There are 196 shells and 536 basis functions

 Total QAlloc Memory Limit 110000 MB
 Mega-Array Size       188 MB
 MEM_STATIC part       192 MB
 Discretize the solute cavity surface with Lebedev spheres
	Using 110 Lebedev grid points for each H atom
	Using 194 Lebedev grid points for other atoms
	Atomic van der Waals radii will be scaled by 1.20
 Remove points where switching function is < 1.0e-08
 Keep 1608 surface tesserae and discard 2040 interior tesserae
 Molecular Surface Area = 233.710 Angst**2
 Requested basis set is rimp2-cc-pVTZ
 There are 414 shells and 1414 basis functions
 A cutoff of  1.0D-10 yielded  14005 shell pairs
 There are    101401 function pairs (    130009 Cartesian)
 Smallest overlap matrix eigenvalue = 7.27E-05

 Scale SEOQF with 1.000000e-01/1.000000e-01/1.000000e-01

 Standard Electronic Orientation quadrupole field applied
 Nucleus-field energy     =     0.0000000270 hartrees
 Guess from superposition of atomic densities
 Warning:  Energy on first SCF cycle will be non-variational
 SAD guess density has 104.000000 electrons

 -----------------------------------------------------------------------
  General SCF calculation program by
  Eric Jon Sundstrom, Paul Horn, Yuezhi Mao, Dmitri Zuev, Alec White,
  David Stuck, Shaama M.S., Shane Yost, Joonho Lee, David Small,
  Daniel Levine, Susi Lehtola, Hugh Burton, Evgeny Epifanovsky,
  Bang C. Huynh
 -----------------------------------------------------------------------
 Hartree-Fock
 A restricted SCF calculation will be
 performed using DIIS
 SCF converges when DIIS error is below 1.0e-06
 ---------------------------------------
  Cycle       Energy         DIIS error
 ---------------------------------------
    1   -1186.0383426568      2.39e-02  
    2   -1180.6037639974      1.57e-03  
    3   -1180.7293034419      6.19e-04  
    4   -1180.7440504753      3.34e-04  
    5   -1180.7492083446      6.07e-05  
    6   -1180.7494651270      2.50e-05  
    7   -1180.7495280617      9.32e-06  
    8   -1180.7495426306      4.51e-06  
    9   -1180.7495459674      1.51e-06  
   10   -1180.7495464657      5.15e-07  Convergence criterion met
 ---------------------------------------
 SCF time:   CPU 562.60s  wall 565.00s 

************** Final PCM Free Energy Summary **************
 G_electrostatic  =      -0.00949814 hartree =      -5.96017594 kcal/mol
 G_cavitation     =       0.00000000 hartree =       0.00000000 kcal/mol
 G_dispersion     =       0.00000000 hartree =       0.00000000 kcal/mol
 G_repulsion      =       0.00000000 hartree =       0.00000000 kcal/mol
 --------------------------------------------------
 Non-electrostatic Free Energy =       0.00000000 hartree =       0.00000000 kcal/mol
 Total                         =      -0.00949814 hartree =      -5.96017594 kcal/mol
 --------------------------------------------------
 SCF Energy (H0 + V/2)                       =   -1180.74954647 
 Solute Internal Energy (H0)                 =   -1180.74004832 
 Total Free Energy (H0 + V/2 + non-elec)     =   -1180.74954647 hartree
                                             = -740931.52328620 kcal/mol
***********************************************************

 SCF   energy in the final basis set =    -1180.7495464657
 Total energy in the final basis set =    -1180.7495464657


 --------------------------------------------------------------
  Generalized many-body perturbation theory program
  by Joonho Lee, Fazle Rob, Xintian Feng, Evgeny Epifanovsky

 No regularization used 
 (reg. param. = 0.0000e+00)
  (P|Q)^-1/2 Time:  CPU 1.90 s  wall 1.90 s

 In RI-MP2 calculation: 
 # of frozen core orbitals: 20

 Components of the RIMP2 correlation energy:
        aaaa    correlation energy =        -0.2514719205 a.u.
        abab    correlation energy =        -1.5039760917 a.u.
        bbbb    correlation energy =        -0.2514719205 a.u.
        non-Brillouin singles      =        -0.0000000000 a.u.
        total same-spin energy     =        -0.5029438409 a.u.
        total opposite-spin energy =        -1.5039760917 a.u.

 Total  RIMP2   correlation energy =        -2.0069199326 a.u.
        RIMP2         total energy =     -1182.7564663983 a.u.

 RI-MP2 Energy Time:  CPU 79.41 s  wall 79.67 s
 
 --------------------------------------------------------------
 
                    Orbital Energies (a.u.)
 --------------------------------------------------------------
 
 Alpha MOs
 -- Occupied --
-91.9843 -91.9434 -11.2813 -11.2641 -11.2622 -11.2561 -11.2505 -11.2415
-11.2362 -11.2329 -11.2285 -11.2202  -8.9841  -8.9480  -6.6650  -6.6645
 -6.6639  -6.6294  -6.6283  -6.6270  -1.1999  -1.1532  -1.0588  -1.0298
 -1.0005  -0.9634  -0.9133  -0.9001  -0.8161  -0.7601  -0.7392  -0.7031
 -0.6541  -0.6389  -0.6101  -0.5908  -0.5820  -0.5684  -0.5664  -0.5535
 -0.5446  -0.5329  -0.5163  -0.5053  -0.4890  -0.4787  -0.4666  -0.4466
 -0.3560  -0.3427  -0.3221  -0.2678
 -- Virtual --
  0.0919   0.1311   0.1411   0.1504   0.1591   0.1689   0.1787   0.1864
  0.1917   0.2031   0.2050   0.2182   0.2240   0.2334   0.2389   0.2416
  0.2516   0.2601   0.2809   0.2983   0.3190   0.3341   0.3501   0.3590
  0.3664   0.3761   0.3796   0.3871   0.4009   0.4082   0.4126   0.4218
  0.4409   0.4449   0.4522   0.4657   0.4749   0.4804   0.4854   0.4871
  0.4983   0.5064   0.5142   0.5281   0.5406   0.5469   0.5526   0.5557
  0.5706   0.5754   0.5865   0.5886   0.5979   0.6080   0.6146   0.6183
  0.6251   0.6265   0.6332   0.6342   0.6407   0.6452   0.6504   0.6615
  0.6658   0.6701   0.6851   0.6889   0.7043   0.7082   0.7174   0.7243
  0.7295   0.7476   0.7595   0.7729   0.7806   0.7893   0.8043   0.8186
  0.8332   0.8557   0.8579   0.8635   0.8846   0.9000   0.9034   0.9075
  0.9246   0.9366   0.9487   0.9612   0.9685   0.9868   1.0081   1.0101
  1.0226   1.0276   1.0342   1.0397   1.0528   1.0679   1.0691   1.0822
  1.0890   1.0986   1.1190   1.1237   1.1427   1.1471   1.1642   1.1670
  1.1773   1.1880   1.1970   1.2045   1.2088   1.2263   1.2319   1.2477
  1.2482   1.2616   1.2682   1.2759   1.2783   1.2926   1.2964   1.3089
  1.3178   1.3291   1.3399   1.3513   1.3757   1.3842   1.4044   1.4155
  1.4245   1.4326   1.4397   1.4554   1.4644   1.4786   1.4884   1.4977
  1.5096   1.5156   1.5223   1.5258   1.5376   1.5440   1.5456   1.5559
  1.5643   1.5771   1.5838   1.5922   1.6258   1.6283   1.6358   1.6448
  1.6508   1.6621   1.6755   1.6883   1.6993   1.7168   1.7276   1.7384
  1.7425   1.7564   1.7645   1.7903   1.8162   1.8246   1.8328   1.8668
  1.8902   1.9028   1.9163   1.9212   1.9352   1.9658   1.9849   2.0028
  2.0240   2.0324   2.0573   2.0599   2.1032   2.1104   2.1449   2.1561
  2.1757   2.1952   2.2125   2.2293   2.2350   2.2401   2.2626   2.2803
  2.2911   2.3123   2.3231   2.3774   2.4095   2.4340   2.4564   2.4716
  2.4852   2.5140   2.5336   2.5485   2.5712   2.5764   2.5855   2.5987
  2.6201   2.6322   2.6596   2.6711   2.6755   2.6858   2.6992   2.7342
  2.7457   2.7523   2.7670   2.7779   2.7827   2.7943   2.8087   2.8137
  2.8389   2.8439   2.8617   2.8788   2.8908   2.9027   2.9177   2.9227
  2.9416   2.9589   2.9699   3.0047   3.0082   3.0305   3.0347   3.0373
  3.0620   3.0699   3.0828   3.1048   3.1095   3.1165   3.1217   3.1390
  3.1444   3.1544   3.1610   3.1681   3.1778   3.1861   3.1982   3.2159
  3.2268   3.2442   3.2556   3.2636   3.2721   3.2833   3.2900   3.3116
  3.3235   3.3239   3.3338   3.3396   3.3447   3.3537   3.3593   3.3621
  3.3684   3.3841   3.3938   3.4012   3.4090   3.4138   3.4273   3.4340
  3.4376   3.4482   3.4632   3.4683   3.4775   3.4823   3.4955   3.5086
  3.5176   3.5210   3.5340   3.5412   3.5474   3.5622   3.5761   3.5786
  3.5969   3.6080   3.6092   3.6242   3.6279   3.6360   3.6506   3.6533
  3.6625   3.6718   3.6872   3.7056   3.7076   3.7253   3.7389   3.7436
  3.7504   3.7533   3.7680   3.7757   3.7857   3.7886   3.7961   3.8081
  3.8303   3.8440   3.8509   3.8627   3.8751   3.8857   3.8973   3.9123
  3.9261   3.9375   3.9585   3.9633   3.9713   3.9835   3.9970   4.0200
  4.0260   4.0427   4.0482   4.0559   4.0592   4.0799   4.0929   4.0966
  4.1194   4.1243   4.1503   4.1525   4.1646   4.1675   4.1839   4.2031
  4.2145   4.2230   4.2299   4.2392   4.2543   4.2605   4.2748   4.2828
  4.2953   4.3021   4.3150   4.3186   4.3411   4.3541   4.3670   4.3781
  4.3795   4.3900   4.4020   4.4076   4.4173   4.4260   4.4412   4.4538
  4.4633   4.4713   4.4837   4.4883   4.4935   4.4968   4.5427   4.5456
  4.5813   4.5918   4.6021   4.6163   4.6246   4.6438   4.6566   4.6783
  4.6986   4.7071   4.7437   4.7574   4.7748   4.8164   4.8297   4.8490
  4.8636   4.8686   4.8900   4.9027   4.9293   4.9610   4.9823   4.9878
  5.0226   5.0376   5.0937   5.0981   5.1193   5.1325   5.1678   5.1747
  5.1875   5.1983   5.2412   5.2658   5.2736   5.2987   5.3072   5.3303
  5.3461   5.3684   5.3763   5.4023   5.4159   5.4193   5.4343   5.4432
  5.4808   5.5157   5.5311   5.5382   5.5501   5.5571   5.5721   5.5965
  5.6123   5.6252   5.6286   5.6681   5.6841   5.6971   5.7113   5.7414
  5.7685   5.7873   5.8311   5.9847   6.0265   6.0786   6.1137   6.1605
  6.2105   6.2260   6.2326   6.2400   6.2564   6.2928   6.3003   6.3410
  6.3836   6.4936   9.3963  10.8135  12.1087  12.9459  13.2049  13.9891
 14.0752  14.1949  14.3264  14.6341
 --------------------------------------------------------------
 
          Ground-State Mulliken Net Atomic Charges

     Atom                 Charge (a.u.)
  ----------------------------------------
      1 C                    -0.078429
      2 C                    -0.324678
      3 C                    -0.038635
      4 H                     0.176615
      5 C                     0.103244
      6 S                    -0.170391
      7 C                    -0.279908
      8 H                     0.115869
      9 H                     0.107274
     10 H                     0.103826
     11 C                    -0.099268
     12 C                    -0.225257
     13 C                     0.016099
     14 H                     0.192314
     15 C                    -0.237625
     16 S                     0.000782
     17 C                    -0.273469
     18 H                     0.101273
     19 H                     0.107983
     20 H                     0.108449
     21 H                     0.197890
     22 H                     0.110342
     23 H                     0.113774
     24 H                     0.171924
  ----------------------------------------
  Sum of atomic charges =     0.000000

 -----------------------------------------------------------------
                    Cartesian Multipole Moments
 -----------------------------------------------------------------
    Charge (ESU x 10^10)
                -0.0000
    Dipole Moment (Debye)
         X      -1.5474      Y       0.2562      Z       2.7082
       Tot       3.1296
    Quadrupole Moments (Debye-Ang)
        XX     -90.7629     XY       6.7409     YY     -74.5649
        XZ       0.2083     YZ      -0.8411     ZZ     -85.5249
    Octopole Moments (Debye-Ang^2)
       XXX     -72.1047    XXY      52.1853    XYY     -12.9881
       YYY     128.5105    XXZ       0.8598    XYZ       1.7729
       YYZ      -5.7870    XZZ     -24.2004    YZZ      55.4101
       ZZZ       3.8905
    Hexadecapole Moments (Debye-Ang^3)
      XXXX    -498.3102   XXXY    -153.1954   XXYY    -568.9339
      XYYY    -125.5803   YYYY   -2689.4433   XXXZ     109.1743
      XXYZ     -42.6150   XYYZ      14.8686   YYYZ     -98.3558
      XXZZ    -228.1048   XYZZ     -30.2164   YYZZ    -616.3837
      XZZZ     103.1065   YZZZ    -104.7020   ZZZZ    -872.2169
 -----------------------------------------------------------------
 Total job time:  646.82s(wall), 642.92s(cpu) 
 Sun Jul 10 03:59:35 2022

        *************************************************************
        *                                                           *
        *  Thank you very much for using Q-Chem.  Have a nice day.  *
        *                                                           *
        *************************************************************


remove work dirs ./qchem927684.0 -- ./qchem927684.-1
rm -rf ./qchem927684
