You are running Q-Chem version: 5.4.0

#
# job setting
#
local host:  exp-1-30
current dir: /expanse/lustre/scratch/theleonzhang/temp_project/Hydrogenated_Rotation_Test
input file:  Methylthiophene_Phi_60_Theta_330_Methylthiophene_Hydrogenated.qcin
output file: 
nprocs     : 0
nthreads   : 1
#
# qchem installation setting
#
QC:          /cm/shared/apps/spack/cpu/opt/spack/linux-centos8-zen2/gcc-10.2.0/qchem-5.4-akfmr7b3t57bfs6qan3padb2wnb2i7cl
QCAUX:       /cm/shared/apps/spack/cpu/opt/spack/linux-centos8-zen2/gcc-10.2.0/qchem-5.4-akfmr7b3t57bfs6qan3padb2wnb2i7cl/qcaux
QCPROG:      /cm/shared/apps/spack/cpu/opt/spack/linux-centos8-zen2/gcc-10.2.0/qchem-5.4-akfmr7b3t57bfs6qan3padb2wnb2i7cl/exe/qcprog.exe_s
QCPROG_S:    /cm/shared/apps/spack/cpu/opt/spack/linux-centos8-zen2/gcc-10.2.0/qchem-5.4-akfmr7b3t57bfs6qan3padb2wnb2i7cl/exe/qcprog.exe_s
PARALLEL:    -DSERIAL
QCMPI:       mpich
#
# qchem directory setting
#
qcrun:       qchem834687
QCSCRATCH:   .
QCLOCALSCR:  
QCTMPDIR:    .
QCFILEPREF:  ./qchem834687
QCSAVEDIR:   
workdirs:    ./qchem834687
workdir0:    ./qchem834687
partmpdirs =  
#
# parallel setting
#
QCRSH:           ssh
QCMPI:           mpich
QCMPIRUN:        /cm/shared/apps/spack/cpu/opt/spack/linux-centos8-zen2/gcc-10.2.0/qchem-5.4-akfmr7b3t57bfs6qan3padb2wnb2i7cl/bin/mpi/mpirun_qchem
QCMACHINEFILE:   ./qchem834687/hostfile

#
# env setting
#
exported envs:   QC QCAUX QCSCRATCH QCRUNNAME QCFILEPREF QCPROG QCPROG_S GUIFILE

Running Job 1 of 1 Methylthiophene_Phi_60_Theta_330_Methylthiophene_Hydrogenated.qcin
qchem Methylthiophene_Phi_60_Theta_330_Methylthiophene_Hydrogenated.qcin_834687.0 ./qchem834687/ 0
/cm/shared/apps/spack/cpu/opt/spack/linux-centos8-zen2/gcc-10.2.0/qchem-5.4-akfmr7b3t57bfs6qan3padb2wnb2i7cl/exe/qcprog.exe_s Methylthiophene_Phi_60_Theta_330_Methylthiophene_Hydrogenated.qcin_834687.0 ./qchem834687/
                  Welcome to Q-Chem
     A Quantum Leap Into The Future Of Chemistry


 Q-Chem 5.4, Q-Chem, Inc., Pleasanton, CA (2021)

 License issued to: University of California, San Diego (site)

 E. Epifanovsky,  A. T. B. Gilbert,  Xintian Feng,  Joonho Lee,  Yuezhi Mao,  
 N. Mardirossian,  P. Pokhilko,  A. White,  M. Wormit,  M. P. Coons,  
 A. L. Dempwolff,  Zhengting Gan,  D. Hait,  P. R. Horn,  L. D. Jacobson,  
 I. Kaliman,  J. Kussmann,  A. W. Lange,  Ka Un Lao,  D. S. Levine,  Jie Liu,  
 S. C. McKenzie,  A. F. Morrison,  K. Nanda,  F. Plasser,  D. R. Rehn,  
 M. L. Vidal,  Zhi-Qiang You,  Ying Zhu,  B. Alam,  B. Albrecht,  
 A. Aldossary,  E. Alguire,  J. H. Andersen,  D. Barton,  K. Begam,  A. Behn,  
 Y. A. Bernard,  E. J. Berquist,  H. Burton,  A. Carreras,  K. Carter-Fenk,  
 R. Chakraborty,  A. D. Chien,  K. D. Closser,  V. Cofer-Shabica,  
 S. Dasgupta,  Jia Deng,  M. de Wergifosse,  M. Diedenhofen,  Hainam Do,  
 S. Ehlert,  Po-Tung Fang,  S. Fatehi,  Qingguo Feng,  J. Gayvert,  
 Qinghui Ge,  G. Gidofalvi,  M. Goldey,  J. Gomes,  C. Gonzalez-Espinoza,  
 S. Gulania,  A. Gunina,  M. W. D. Hanson-Heine,  P. H. P. Harbach,  
 A. W. Hauser,  M. F. Herbst,  M. Hernandez Vera,  M. Hodecker,  
 Z. C. Holden,  S. Houck,  Xunkun Huang,  Kerwin Hui,  B. C. Huynh,  
 M. Ivanov,  Hyunjun Ji,  Hanjie Jiang,  B. Kaduk,  S. Kaehler,  
 K. Khistyaev,  Jaehoon Kim,  P. Klunzinger,  Z. Koczor-Benda,  
 Joong Hoon Koh,  D. Kosenkov,  L. Koulias,  T. Kowalczyk,  C. M. Krauter,  
 K. Kue,  A. Kunitsa,  T. Kus,  A. Landau,  K. V. Lawler,  D. Lefrancois,  
 S. Lehtola,  Rain Li,  Yi-Pei Li,  Jiashu Liang,  M. Liebenthal,  
 Hung-Hsuan Lin,  You-Sheng Lin,  Fenglai Liu,  Kuan-Yu Liu,  
 M. Loipersberger,  A. Luenser,  A. Manjanath,  P. Manohar,  E. Mansoor,  
 S. F. Manzer,  Shan-Ping Mao,  A. V. Marenich,  T. Markovich,  S. Mason,  
 S. A. Maurer,  P. F. McLaughlin,  M. F. S. J. Menger,  J.-M. Mewes,  
 S. A. Mewes,  P. Morgante,  J. W. Mullinax,  T. S. Nguyen-Beck,  
 K. J. Oosterbaan,  G. Paran,  Alexander C. Paul,  Suranjan K. Paul,  
 F. Pavosevic,  Zheng Pei,  S. Prager,  E. I. Proynov,  E. Ramos,  B. Rana,  
 A. E. Rask,  A. Rettig,  R. M. Richard,  F. Rob,  E. Rossomme,  T. Scheele,  
 M. Scheurer,  M. Schneider,  N. Sergueev,  S. M. Sharada,  W. Skomorowski,  
 D. W. Small,  C. J. Stein,  Yu-Chuan Su,  E. J. Sundstrom,  Zhen Tao,  
 J. Thirman,  T. Tsuchimochi,  N. M. Tubman,  S. P. Veccham,  O. Vydrov,  
 J. Wenzel,  J. Witte,  A. Yamada,  Kun Yao,  S. Yeganeh,  S. R. Yost,  
 A. Zech,  Igor Ying Zhang,  Xing Zhang,  Yu Zhang,  D. Zuev,  
 A. Aspuru-Guzik,  A. T. Bell,  N. A. Besley,  K. B. Bravaya,  B. R. Brooks,  
 D. Casanova,  Jeng-Da Chai,  S. Coriani,  C. J. Cramer,  
 A. E. DePrince, III,  R. A. DiStasio Jr.,  A. Dreuw,  B. D. Dunietz,  
 T. R. Furlani,  W. A. Goddard III,  S. Grimme,  S. Hammes-Schiffer,  
 T. Head-Gordon,  W. J. Hehre,  Chao-Ping Hsu,  T.-C. Jagau,  Yousung Jung,  
 A. Klamt,  Jing Kong,  D. S. Lambrecht,  WanZhen Liang,  N. J. Mayhall,  
 C. W. McCurdy,  J. B. Neaton,  C. Ochsenfeld,  J. A. Parkhill,  R. Peverati,  
 V. A. Rassolov,  Yihan Shao,  L. V. Slipchenko,  T. Stauch,  R. P. Steele,  
 J. E. Subotnik,  A. J. W. Thom,  A. Tkatchenko,  D. G. Truhlar,  
 T. Van Voorhis,  T. A. Wesolowski,  K. B. Whaley,  H. L. Woodcock III,  
 P. M. Zimmerman,  S. Faraji,  P. M. W. Gill,  M. Head-Gordon,  
 J. M. Herbert,  A. I. Krylov

 Contributors to earlier versions of Q-Chem not listed above: 
 R. D. Adamson,  B. Austin,  R. Baer,  J. Baker,  G. J. O. Beran,  
 K. Brandhorst,  S. T. Brown,  E. F. C. Byrd,  A. K. Chakraborty,  
 G. K. L. Chan,  Chun-Min Chang,  Yunqing Chen,  C.-L. Cheng,  
 Siu Hung Chien,  D. M. Chipman,  D. L. Crittenden,  H. Dachsel,  
 R. J. Doerksen,  A. D. Dutoi,  R. G. Edgar,  J. Fosso-Tande,  
 L. Fusti-Molnar,  D. Ghosh,  A. Ghysels,  A. Golubeva-Zadorozhnaya,  
 J. Gonthier,  M. S. Gordon,  S. R. Gwaltney,  G. Hawkins,  J. E. Herr,  
 A. Heyden,  S. Hirata,  E. G. Hohenstein,  G. Kedziora,  F. J. Keil,  
 C. Kelley,  Jihan Kim,  R. A. King,  R. Z. Khaliullin,  P. P. Korambath,  
 W. Kurlancheek,  A. Laurent,  A. M. Lee,  M. S. Lee,  S. V. Levchenko,  
 Ching Yeh Lin,  D. Liotard,  E. Livshits,  R. C. Lochan,  I. Lotan,  
 L. A. Martinez-Martinez,  P. E. Maslen,  N. Nair,  D. P. O'Neill,  
 D. Neuhauser,  E. Neuscamman,  C. M. Oana,  R. Olivares-Amaya,  R. Olson,  
 T. M. Perrine,  B. Peters,  P. A. Pieniazek,  A. Prociuk,  Y. M. Rhee,  
 J. Ritchie,  M. A. Rohrdanz,  E. Rosta,  N. J. Russ,  H. F. Schaefer III,  
 M. W. Schmidt,  N. E. Schultz,  S. Sharma,  N. Shenvi,  C. D. Sherrill,  
 A. C. Simmonett,  A. Sodt,  T. Stein,  D. Stuck,  K. S. Thanthiriwatte,  
 V. Vanovschi,  L. Vogt,  Tao Wang,  A. Warshel,  M. A. Watson,  
 C. F. Williams,  Q. Wu,  X. Xu,  Jun Yang,  W. Zhang,  Yan Zhao

 Please cite Q-Chem as follows:
 Y. Shao et al., Mol. Phys. 113, 184-215 (2015)
 DOI: 10.1080/00268976.2014.952696

 Q-Chem 5.4.0 for Intel X86 EM64T Linux

 Parts of Q-Chem use Armadillo 9.800.1 (Horizon Scraper).
 http://arma.sourceforge.net/

 Q-Chem begins on Sun Jul 10 06:17:39 2022  

 Host: 
0

     Scratch files written to ./qchem834687//
 May1621 |scratch|qcdevops|jenkins|workspace|build_RNUM    
 Processing $rem in /cm/shared/apps/spack/cpu/opt/spack/linux-centos8-zen2/gcc-10.2.0/qchem-5.4-akfmr7b3t57bfs6qan3padb2wnb2i7cl/config/preferences:
 Processing $rem in /home/theleonzhang/.qchemrc:
 Symmetry turned off for PCM/SM12/SMD calculation
 Core orbitals will be frozen

 Checking the input file for inconsistencies... 	...done.

--------------------------------------------------------------
User input:
--------------------------------------------------------------
$molecule
0 1
C	0.386946	-3.866725	0.671636
C	-0.306544	-3.703963	-0.530345
C	-0.533261	-2.357056	-0.923770
H	-0.651857	-4.561092	-1.128109
C	0.000000	-1.440664	0.000000
S	0.772250	-2.286957	1.337557
C	-1.260680	-1.978743	-2.184153
H	-1.583283	-2.878678	-2.742769
H	-0.622180	-1.376015	-2.863347
H	-2.168011	-1.375728	-1.971094
C	0.000000	0.000000	0.000000
C	0.747916	0.431772	1.099446
C	1.946425	1.123709	0.776721
H	0.428523	0.247378	2.136088
C	2.137531	1.234018	-0.612546
S	0.816154	0.471179	-1.486809
C	2.888455	1.667564	1.814609
H	2.519842	1.454746	2.836676
H	3.008896	2.767543	1.726239
H	3.901271	1.221850	1.726228
H	2.959587	1.708609	-1.161575
H	1.336254	-4.392713	0.521098
H	-0.218374	-4.392347	1.418509
H	-0.935365	-1.440391	0.539900
$end

$rem
JOBTYPE		SP
EXCHANGE	HF
CORRELATION	pRIMP2
BASIS		cc-pvtz
METHOD		rimp2
AUX_BASIS	rimp2-cc-pvtz
SOLVENT_METHOD	PCM
PURECART	11111
SYMMETRY	false
MEM_TOTAL	110000
SCF_CONVERGENCE = 6
THRESH=10
$end



$solvent
dielectric 4.90
$end
--------------------------------------------------------------
 ----------------------------------------------------------------
             Standard Nuclear Orientation (Angstroms)
    I     Atom           X                Y                Z
 ----------------------------------------------------------------
    1      C       0.3869460000    -3.8667250000     0.6716360000
    2      C      -0.3065440000    -3.7039630000    -0.5303450000
    3      C      -0.5332610000    -2.3570560000    -0.9237700000
    4      H      -0.6518570000    -4.5610920000    -1.1281090000
    5      C       0.0000000000    -1.4406640000     0.0000000000
    6      S       0.7722500000    -2.2869570000     1.3375570000
    7      C      -1.2606800000    -1.9787430000    -2.1841530000
    8      H      -1.5832830000    -2.8786780000    -2.7427690000
    9      H      -0.6221800000    -1.3760150000    -2.8633470000
   10      H      -2.1680110000    -1.3757280000    -1.9710940000
   11      C       0.0000000000     0.0000000000     0.0000000000
   12      C       0.7479160000     0.4317720000     1.0994460000
   13      C       1.9464250000     1.1237090000     0.7767210000
   14      H       0.4285230000     0.2473780000     2.1360880000
   15      C       2.1375310000     1.2340180000    -0.6125460000
   16      S       0.8161540000     0.4711790000    -1.4868090000
   17      C       2.8884550000     1.6675640000     1.8146090000
   18      H       2.5198420000     1.4547460000     2.8366760000
   19      H       3.0088960000     2.7675430000     1.7262390000
   20      H       3.9012710000     1.2218500000     1.7262280000
   21      H       2.9595870000     1.7086090000    -1.1615750000
   22      H       1.3362540000    -4.3927130000     0.5210980000
   23      H      -0.2183740000    -4.3923470000     1.4185090000
   24      H      -0.9353650000    -1.4403910000     0.5399000000
 ----------------------------------------------------------------
 Nuclear Repulsion Energy =         902.74207940 hartrees
 There are       52 alpha and       52 beta electrons

 Q-Chem warning in module forms1/BasisType.C, line 2236:

 You are not using the predefined 5D/6D in this basis set.

 Requested basis set is cc-pVTZ
 There are 196 shells and 536 basis functions

 Total QAlloc Memory Limit 110000 MB
 Mega-Array Size       188 MB
 MEM_STATIC part       192 MB
 Discretize the solute cavity surface with Lebedev spheres
	Using 110 Lebedev grid points for each H atom
	Using 194 Lebedev grid points for other atoms
	Atomic van der Waals radii will be scaled by 1.20
 Remove points where switching function is < 1.0e-08
 Keep 1562 surface tesserae and discard 2086 interior tesserae
 Molecular Surface Area = 228.357 Angst**2
 Requested basis set is rimp2-cc-pVTZ
 There are 414 shells and 1414 basis functions
 A cutoff of  1.0D-10 yielded  14433 shell pairs
 There are    104659 function pairs (    134176 Cartesian)
 Smallest overlap matrix eigenvalue = 6.34E-05

 Scale SEOQF with 1.000000e-01/1.000000e-01/1.000000e-01

 Standard Electronic Orientation quadrupole field applied
 Nucleus-field energy     =     0.0000000198 hartrees
 Guess from superposition of atomic densities
 Warning:  Energy on first SCF cycle will be non-variational
 SAD guess density has 104.000000 electrons

 -----------------------------------------------------------------------
  General SCF calculation program by
  Eric Jon Sundstrom, Paul Horn, Yuezhi Mao, Dmitri Zuev, Alec White,
  David Stuck, Shaama M.S., Shane Yost, Joonho Lee, David Small,
  Daniel Levine, Susi Lehtola, Hugh Burton, Evgeny Epifanovsky,
  Bang C. Huynh
 -----------------------------------------------------------------------
 Hartree-Fock
 A restricted SCF calculation will be
 performed using DIIS
 SCF converges when DIIS error is below 1.0e-06
 ---------------------------------------
  Cycle       Energy         DIIS error
 ---------------------------------------
    1   -1186.1762313880      2.41e-02  
    2   -1180.5337722173      1.52e-03  
    3   -1180.6597408168      5.18e-04  
    4   -1180.6728330544      2.71e-04  
    5   -1180.6762682923      5.56e-05  
    6   -1180.6765238089      2.41e-05  
    7   -1180.6765965925      1.22e-05  
    8   -1180.6766202973      5.64e-06  
    9   -1180.6766280186      2.85e-06  
   10   -1180.6766296963      1.13e-06  
   11   -1180.6766299800      5.39e-07  Convergence criterion met
 ---------------------------------------
 SCF time:   CPU 652.04s  wall 655.00s 

************** Final PCM Free Energy Summary **************
 G_electrostatic  =      -0.00871406 hartree =      -5.46815301 kcal/mol
 G_cavitation     =       0.00000000 hartree =       0.00000000 kcal/mol
 G_dispersion     =       0.00000000 hartree =       0.00000000 kcal/mol
 G_repulsion      =       0.00000000 hartree =       0.00000000 kcal/mol
 --------------------------------------------------
 Non-electrostatic Free Energy =       0.00000000 hartree =       0.00000000 kcal/mol
 Total                         =      -0.00871406 hartree =      -5.46815301 kcal/mol
 --------------------------------------------------
 SCF Energy (H0 + V/2)                       =   -1180.67662998 
 Solute Internal Energy (H0)                 =   -1180.66791592 
 Total Free Energy (H0 + V/2 + non-elec)     =   -1180.67662998 hartree
                                             = -740885.76750081 kcal/mol
***********************************************************

 SCF   energy in the final basis set =    -1180.6766299800
 Total energy in the final basis set =    -1180.6766299800


 --------------------------------------------------------------
  Generalized many-body perturbation theory program
  by Joonho Lee, Fazle Rob, Xintian Feng, Evgeny Epifanovsky

 No regularization used 
 (reg. param. = 0.0000e+00)
  (P|Q)^-1/2 Time:  CPU 1.89 s  wall 1.90 s

 In RI-MP2 calculation: 
 # of frozen core orbitals: 20

 Components of the RIMP2 correlation energy:
        aaaa    correlation energy =        -0.2553341681 a.u.
        abab    correlation energy =        -1.5150875357 a.u.
        bbbb    correlation energy =        -0.2553341681 a.u.
        non-Brillouin singles      =        -0.0000000000 a.u.
        total same-spin energy     =        -0.5106683361 a.u.
        total opposite-spin energy =        -1.5150875357 a.u.

 Total  RIMP2   correlation energy =        -2.0257558718 a.u.
        RIMP2         total energy =     -1182.7023858518 a.u.

 RI-MP2 Energy Time:  CPU 80.56 s  wall 80.93 s
 
 --------------------------------------------------------------
 
                    Orbital Energies (a.u.)
 --------------------------------------------------------------
 
 Alpha MOs
 -- Occupied --
-91.9758 -91.9370 -11.2852 -11.2606 -11.2582 -11.2537 -11.2521 -11.2471
-11.2360 -11.2301 -11.2298 -11.2129  -8.9772  -8.9421  -6.6580  -6.6569
 -6.6567  -6.6234  -6.6223  -6.6210  -1.2052  -1.1537  -1.0585  -1.0261
 -1.0088  -0.9558  -0.9126  -0.9029  -0.8103  -0.7715  -0.7305  -0.6966
 -0.6547  -0.6395  -0.6150  -0.5895  -0.5847  -0.5773  -0.5662  -0.5514
 -0.5391  -0.5360  -0.5175  -0.5080  -0.4879  -0.4601  -0.4498  -0.4377
 -0.3554  -0.3371  -0.3273  -0.2554
 -- Virtual --
  0.0557   0.1337   0.1430   0.1508   0.1610   0.1706   0.1802   0.1823
  0.1901   0.2004   0.2066   0.2131   0.2243   0.2325   0.2401   0.2417
  0.2542   0.2610   0.2712   0.2956   0.3038   0.3223   0.3446   0.3576
  0.3689   0.3725   0.3879   0.3917   0.4034   0.4114   0.4153   0.4268
  0.4323   0.4429   0.4440   0.4656   0.4753   0.4788   0.4838   0.4930
  0.5032   0.5092   0.5187   0.5211   0.5364   0.5424   0.5563   0.5586
  0.5724   0.5786   0.5837   0.5947   0.5971   0.6105   0.6130   0.6203
  0.6236   0.6254   0.6320   0.6364   0.6439   0.6490   0.6519   0.6541
  0.6624   0.6757   0.6870   0.6917   0.6983   0.7088   0.7230   0.7402
  0.7440   0.7507   0.7598   0.7714   0.7867   0.7994   0.8205   0.8220
  0.8320   0.8442   0.8552   0.8657   0.8771   0.8808   0.8979   0.9180
  0.9349   0.9421   0.9467   0.9596   0.9789   0.9915   1.0061   1.0183
  1.0273   1.0350   1.0445   1.0491   1.0623   1.0683   1.0797   1.0893
  1.1016   1.1115   1.1215   1.1356   1.1405   1.1572   1.1675   1.1740
  1.1912   1.1969   1.2118   1.2176   1.2266   1.2298   1.2329   1.2436
  1.2604   1.2648   1.2692   1.2765   1.2834   1.2938   1.3014   1.3219
  1.3343   1.3370   1.3450   1.3659   1.3812   1.3846   1.3971   1.4153
  1.4266   1.4355   1.4411   1.4610   1.4674   1.4804   1.4882   1.4942
  1.5085   1.5098   1.5232   1.5297   1.5359   1.5412   1.5501   1.5568
  1.5697   1.5735   1.5856   1.5943   1.6056   1.6220   1.6338   1.6435
  1.6524   1.6636   1.6712   1.6822   1.7007   1.7175   1.7264   1.7472
  1.7533   1.7655   1.7818   1.8006   1.8098   1.8302   1.8533   1.8710
  1.8794   1.9157   1.9348   1.9641   1.9727   1.9783   1.9909   2.0034
  2.0263   2.0474   2.0591   2.0738   2.0911   2.1039   2.1289   2.1648
  2.1741   2.1910   2.2009   2.2071   2.2283   2.2408   2.2702   2.2903
  2.2975   2.3210   2.3340   2.3728   2.4135   2.4287   2.4620   2.4724
  2.4779   2.5041   2.5259   2.5518   2.5657   2.5887   2.6015   2.6291
  2.6494   2.6628   2.6701   2.6838   2.7008   2.7092   2.7222   2.7380
  2.7458   2.7538   2.7680   2.7784   2.7947   2.8064   2.8154   2.8302
  2.8460   2.8560   2.8799   2.8876   2.9007   2.9101   2.9246   2.9333
  2.9477   2.9626   2.9794   2.9960   2.9984   3.0233   3.0256   3.0385
  3.0538   3.0722   3.0996   3.1060   3.1119   3.1263   3.1398   3.1518
  3.1565   3.1628   3.1725   3.1818   3.1931   3.2012   3.2056   3.2139
  3.2235   3.2330   3.2414   3.2609   3.2706   3.2842   3.2879   3.2966
  3.3160   3.3266   3.3333   3.3415   3.3433   3.3579   3.3640   3.3719
  3.3755   3.3812   3.3908   3.3949   3.4083   3.4130   3.4233   3.4273
  3.4440   3.4540   3.4666   3.4857   3.4912   3.4963   3.5021   3.5176
  3.5272   3.5327   3.5414   3.5570   3.5619   3.5686   3.5775   3.5863
  3.5910   3.6142   3.6216   3.6313   3.6409   3.6465   3.6672   3.6707
  3.6982   3.7028   3.7112   3.7186   3.7272   3.7321   3.7431   3.7564
  3.7586   3.7707   3.7862   3.7911   3.8067   3.8113   3.8151   3.8301
  3.8457   3.8526   3.8629   3.8768   3.8831   3.8978   3.9048   3.9307
  3.9416   3.9509   3.9682   3.9750   3.9904   3.9991   4.0116   4.0292
  4.0325   4.0479   4.0609   4.0739   4.0860   4.0975   4.1062   4.1289
  4.1452   4.1472   4.1553   4.1774   4.1815   4.1900   4.1954   4.2078
  4.2089   4.2308   4.2431   4.2551   4.2628   4.2646   4.2813   4.2852
  4.3011   4.3205   4.3321   4.3368   4.3494   4.3521   4.3635   4.3726
  4.3803   4.4037   4.4092   4.4121   4.4279   4.4377   4.4407   4.4562
  4.4640   4.4821   4.4828   4.4945   4.4982   4.5370   4.5600   4.5774
  4.5943   4.5982   4.6129   4.6246   4.6459   4.6601   4.6644   4.6763
  4.6882   4.7297   4.7376   4.7692   4.7825   4.8129   4.8333   4.8388
  4.8686   4.8832   4.9018   4.9082   4.9236   4.9392   4.9497   5.0091
  5.0447   5.0556   5.0897   5.1081   5.1249   5.1323   5.1482   5.1661
  5.1883   5.2213   5.2270   5.2765   5.2805   5.2992   5.3013   5.3146
  5.3428   5.3639   5.3877   5.3979   5.4035   5.4157   5.4443   5.4489
  5.4652   5.5134   5.5177   5.5390   5.5524   5.5719   5.5742   5.6017
  5.6198   5.6248   5.6392   5.6607   5.6795   5.7016   5.7130   5.7266
  5.7744   5.7998   5.8177   5.9622   6.0216   6.0570   6.0938   6.1295
  6.2129   6.2173   6.2300   6.2332   6.2482   6.2694   6.2912   6.3142
  6.3903   6.4015   9.4917  10.5877  12.6306  12.8538  13.2062  13.8428
 14.1337  14.2550  14.2854  14.7579
 --------------------------------------------------------------
 
          Ground-State Mulliken Net Atomic Charges

     Atom                 Charge (a.u.)
  ----------------------------------------
      1 C                    -0.089350
      2 C                    -0.333472
      3 C                    -0.069430
      4 H                     0.174504
      5 C                     0.105687
      6 S                    -0.198664
      7 C                    -0.289208
      8 H                     0.115826
      9 H                     0.109455
     10 H                     0.107997
     11 C                    -0.152703
     12 C                    -0.155856
     13 C                     0.000306
     14 H                     0.199277
     15 C                    -0.182040
     16 S                     0.012839
     17 C                    -0.268781
     18 H                     0.104031
     19 H                     0.109633
     20 H                     0.107695
     21 H                     0.199777
     22 H                     0.107353
     23 H                     0.107087
     24 H                     0.178036
  ----------------------------------------
  Sum of atomic charges =     0.000000

 -----------------------------------------------------------------
                    Cartesian Multipole Moments
 -----------------------------------------------------------------
    Charge (ESU x 10^10)
                -0.0000
    Dipole Moment (Debye)
         X       0.7066      Y       0.6872      Z       0.1324
       Tot       0.9945
    Quadrupole Moments (Debye-Ang)
        XX     -82.6415     XY       8.5315     YY     -83.5868
        XZ       0.7740     YZ       3.0957     ZZ     -84.9772
    Octopole Moments (Debye-Ang^2)
       XXX    -154.4221    XXY      99.2970    XYY     -54.1731
       YYY     210.9762    XXZ      -4.7002    XYZ      -3.2970
       YYZ      -0.4163    XZZ     -57.0587    YZZ      83.5881
       ZZZ       3.0656
    Hexadecapole Moments (Debye-Ang^3)
      XXXX    -961.8049   XXXY    -170.8706   XXYY    -548.9954
      XYYY    -201.3793   YYYY   -2188.9589   XXXZ    -221.7282
      XXYZ     -15.8253   XYYZ     -60.7559   YYYZ     -50.2092
      XXZZ    -317.1836   XYZZ     -44.5962   YYZZ    -544.0706
      XZZZ    -201.4274   YZZZ     -23.6051   ZZZZ    -959.3274
 -----------------------------------------------------------------
 Total job time:  738.50s(wall), 733.55s(cpu) 
 Sun Jul 10 06:29:58 2022

        *************************************************************
        *                                                           *
        *  Thank you very much for using Q-Chem.  Have a nice day.  *
        *                                                           *
        *************************************************************


remove work dirs ./qchem834687.0 -- ./qchem834687.-1
rm -rf ./qchem834687
